../data/cifar-100-fixed/batches.meta
../data/cifar-100-fixed/data_batch_2
../data/cifar-100-fixed/batches.meta
../data/cifar-100-fixed/data_batch_1
Initialized data layer 'data', producing 3072 outputs
Initialized data layer 'labels', producing 1 outputs
Initialized convolutional layer 'conv1', producing 32x32 32-channel output
Initialized max-pooling layer 'pool1', producing 16x16 32-channel output
Initialized convolutional layer 'conv2', producing 16x16 32-channel output
Initialized avg-pooling layer 'pool2', producing 8x8 32-channel output
Initialized convolutional layer 'conv3', producing 8x8 64-channel output
Initialized avg-pooling layer 'pool3', producing 4x4 64-channel output
Initialized fully-connected layer 'fc128', producing 64 outputs
Initialized fully-connected layer 'fc10', producing 100 outputs
Initialized softmax layer 'probs', producing 100 outputs
Initialized logistic regression cost 'logprob'
Initialized neuron layer 'pool1_neuron', producing 8192 outputs
Initialized neuron layer 'conv2_neuron', producing 8192 outputs
Initialized neuron layer 'conv3_neuron', producing 4096 outputs
Initialized neuron layer 'fc128_neuron', producing 64 outputs
=========================
Importing _ConvNet C++ module
============================================
learning rate scale     :  1
Reset Momentum          :  False
Image Rotation & Scaling:  False
============================================
=========================
Training ConvNet
Adaptive Drop Training                              : False [DEFAULT]
Check gradients and quit?                           : 0     [DEFAULT]
Compress checkpoints?                               : 0     [DEFAULT]
Conserve GPU memory (slower)?                       : 1     [DEFAULT]
Convert given conv layers to unshared local         :       
Cropped DP: crop border size                        : 4     [DEFAULT]
Cropped DP: logreg layer name (for --multiview-test):       [DEFAULT]
Cropped DP: test on multiple patches?               : 0     [DEFAULT]
Data batch range: testing                           : 2-2   
Data batch range: training                          : 1-1   
Data path                                           : ../data/cifar-100-fixed/ 
Data provider                                       : cifar 
Enable image rotation and scaling transformation    : False [DEFAULT]
GPU override                                        : -1    [DEFAULT]
Image Size                                          : 0     [DEFAULT]
Layer definition file                               : ./layers-80sec.cfg 
Layer parameter file                                : ./layer-params-80sec.cfg 
Learning Rate Scale Factor                          : 1     [DEFAULT]
Load file                                           :       [DEFAULT]
Maximum save file size (MB)                         : 0     [DEFAULT]
Minibatch size                                      : 128   [DEFAULT]
Model File Name                                     :       [DEFAULT]
Number of GPUs                                      : 1     [DEFAULT]
Number of channels in image                         : 3     [DEFAULT]
Number of epochs                                    : 500   
Reset layer momentum                                : False [DEFAULT]
Save path                                           : ./    
Test and quit?                                      : 0     [DEFAULT]
Test on one batch at a time?                        : 1     [DEFAULT]
Testing frequency                                   : 13    
Unshare weight matrices in given layers             :       
Whether filp training image                         : True  [DEFAULT]
=========================
Running on CUDA device(s) -2
Current time: Thu Oct 30 13:02:07 2014
Saving checkpoints to ./ConvNet__2014-10-30_13.01.53
=========================
1.1... logprob:  4.513025, 0.976280 (11.441 sec)
epoch_cost: 0
2.1... logprob:  4.321991, 0.954820 (10.863 sec)
epoch_cost: 0
3.1... logprob:  4.071473, 0.917900 (11.156 sec)
epoch_cost: 0
4.1... logprob:  3.837909, 0.879140 (10.964 sec)
epoch_cost: 0
5.1... logprob:  3.641896, 0.849280 (10.893 sec)
epoch_cost: 0
6.1... logprob:  3.484976, 0.823920 (10.873 sec)
epoch_cost: 0
7.1... logprob:  3.368955, 0.802240 (10.879 sec)
epoch_cost: 0
8.1... logprob:  3.269224, 0.783160 (11.141 sec)
epoch_cost: 0
9.1... logprob:  3.188281, 0.766160 (11.218 sec)
epoch_cost: 0
10.1... logprob:  3.118503, 0.753540 (11.380 sec)
epoch_cost: 0
11.1... logprob:  3.057689, 0.740900 (11.636 sec)
epoch_cost: 0
12.1... logprob:  3.003426, 0.731060 (11.149 sec)
epoch_cost: 0
13.1... logprob:  2.955247, 0.722740 
======================Test output======================
logprob:  3.060799, 0.732800 
------------------------------------------------------- 
Layer 'conv1' weights[0]: 8.553546e-03 [1.408849e-05] 
Layer 'conv1' biases: 4.590223e-04 [4.092689e-07] 
Layer 'conv2' weights[0]: 8.801757e-03 [7.167235e-06] 
Layer 'conv2' biases: 9.075962e-03 [1.931384e-06] 
Layer 'conv3' weights[0]: 1.187267e-02 [2.694885e-05] 
Layer 'conv3' biases: 3.266327e-02 [3.630000e-06] 
Layer 'fc128' weights[0]: 1.821779e-02 [3.012015e-05] 
Layer 'fc128' biases: 2.569890e-02 [8.809108e-06] 
Layer 'fc10' weights[0]: 2.595069e-02 [9.794168e-05] 
Layer 'fc10' biases: 6.484550e-02 [3.437544e-05] 
-------------------------------------------------------
Saved checkpoint to ./ConvNet__2014-10-30_13.01.53
======================================================= (12.345 sec)
epoch_cost: 0
14.1... logprob:  2.908986, 0.713840 (11.395 sec)
epoch_cost: 0
15.1... logprob:  2.867692, 0.706140 (11.429 sec)
epoch_cost: 0
16.1... logprob:  2.826946, 0.697160 (11.441 sec)
epoch_cost: 0
17.1... logprob:  2.786525, 0.689760 (11.401 sec)
epoch_cost: 0
18.1... logprob:  2.751958, 0.683200 (11.376 sec)
epoch_cost: 0
19.1... logprob:  2.716535, 0.678140 (11.384 sec)
epoch_cost: 0
20.1... logprob:  2.684527, 0.670640 (11.373 sec)
epoch_cost: 0
21.1... logprob:  2.652098, 0.665080 (11.375 sec)
epoch_cost: 0
22.1... logprob:  2.623592, 0.659920 (11.396 sec)
epoch_cost: 0
23.1... logprob:  2.591999, 0.653220 (11.593 sec)
epoch_cost: 0
24.1... logprob:  2.563377, 0.646200 (11.599 sec)
epoch_cost: 0
25.1... logprob:  2.538956, 0.640440 (11.991 sec)
epoch_cost: 0
26.1... logprob:  2.511601, 0.634320 
======================Test output======================
logprob:  2.898013, 0.698400 
------------------------------------------------------- 
Layer 'conv1' weights[0]: 1.255833e-02 [1.604520e-05] 
Layer 'conv1' biases: 1.193383e-03 [4.448349e-07] 
Layer 'conv2' weights[0]: 9.038820e-03 [8.441402e-06] 
Layer 'conv2' biases: 1.273959e-02 [1.200842e-06] 
Layer 'conv3' weights[0]: 1.536500e-02 [3.402082e-05] 
Layer 'conv3' biases: 3.660259e-02 [1.995850e-06] 
Layer 'fc128' weights[0]: 9.863031e-03 [4.828378e-05] 
Layer 'fc128' biases: 3.722090e-02 [8.082791e-06] 
Layer 'fc10' weights[0]: 2.531458e-02 [1.110632e-04] 
Layer 'fc10' biases: 9.742550e-02 [3.083457e-05] 
-------------------------------------------------------
Saved checkpoint to ./ConvNet__2014-10-30_13.01.53
======================================================= (12.017 sec)
epoch_cost: 0
27.1... logprob:  2.484652, 0.627120 (11.441 sec)
epoch_cost: 0
28.1... logprob:  2.458144, 0.622340 (11.403 sec)
epoch_cost: 0
29.1... logprob:  2.432325, 0.616220 (11.696 sec)
epoch_cost: 0
30.1... logprob:  2.409354, 0.611260 (11.601 sec)
epoch_cost: 0
31.1... logprob:  2.384391, 0.606740 (11.620 sec)
epoch_cost: 0
32.1... logprob:  2.359457, 0.599820 (12.052 sec)
epoch_cost: 0
33.1... logprob:  2.335695, 0.595600 (11.532 sec)
epoch_cost: 0
34.1... logprob:  2.315507, 0.590980 (11.625 sec)
epoch_cost: 0
35.1... logprob:  2.291879, 0.585880 (11.383 sec)
epoch_cost: 0
36.1... logprob:  2.276170, 0.582160 (11.482 sec)
epoch_cost: 0
37.1... logprob:  2.259134, 0.578440 (11.719 sec)
epoch_cost: 0
38.1... logprob:  2.242397, 0.575800 (11.826 sec)
epoch_cost: 0
39.1... logprob:  2.225484, 0.571320 
======================Test output======================
logprob:  2.973814, 0.695600 
------------------------------------------------------- 
Layer 'conv1' weights[0]: 1.506239e-02 [1.218572e-05] 
Layer 'conv1' biases: 1.684727e-03 [2.950228e-07] 
Layer 'conv2' weights[0]: 9.054510e-03 [8.699079e-06] 
Layer 'conv2' biases: 1.482024e-02 [1.192761e-06] 
Layer 'conv3' weights[0]: 1.844383e-02 [3.950887e-05] 
Layer 'conv3' biases: 3.846189e-02 [1.537108e-06] 
Layer 'fc128' weights[0]: 1.129395e-02 [5.809618e-05] 
Layer 'fc128' biases: 4.754690e-02 [8.015932e-06] 
Layer 'fc10' weights[0]: 2.764679e-02 [1.180556e-04] 
Layer 'fc10' biases: 1.244326e-01 [3.265326e-05] 
-------------------------------------------------------
Saved checkpoint to ./ConvNet__2014-10-30_13.01.53
======================================================= (12.557 sec)
epoch_cost: 0
40.1... logprob:  2.209742, 0.568400 (11.500 sec)
epoch_cost: 0
41.1... logprob:  2.198496, 0.566820 (11.370 sec)
epoch_cost: 0
42.1... logprob:  2.188190, 0.566620 (11.438 sec)
epoch_cost: 0
43.1... logprob:  2.177833, 0.564800 (11.365 sec)
epoch_cost: 0
44.1... logprob:  2.159729, 0.559000 (11.476 sec)
epoch_cost: 0
45.1... logprob:  2.146499, 0.556420 (11.599 sec)
epoch_cost: 0
46.1... logprob:  2.137771, 0.555180 (11.875 sec)
epoch_cost: 0
47.1... logprob:  2.126820, 0.554380 (11.452 sec)
epoch_cost: 0
48.1... logprob:  2.110669, 0.551180 (11.466 sec)
epoch_cost: 0
49.1... logprob:  2.094297, 0.545780 (11.375 sec)
epoch_cost: 0
50.1... logprob:  2.078191, 0.542140 (11.411 sec)
epoch_cost: 0
51.1... logprob:  2.061717, 0.538600 (11.374 sec)
epoch_cost: 0
52.1... logprob:  2.048435, 0.535900 
======================Test output======================
logprob:  2.996314, 0.685500 
------------------------------------------------------- 
Layer 'conv1' weights[0]: 1.664143e-02 [9.021409e-06] 
Layer 'conv1' biases: 2.042795e-03 [2.773205e-07] 
Layer 'conv2' weights[0]: 9.057004e-03 [8.236767e-06] 
Layer 'conv2' biases: 1.622275e-02 [7.967649e-07] 
Layer 'conv3' weights[0]: 2.120004e-02 [4.124686e-05] 
Layer 'conv3' biases: 3.987916e-02 [1.385445e-06] 
Layer 'fc128' weights[0]: 1.256659e-02 [5.839171e-05] 
Layer 'fc128' biases: 5.689049e-02 [6.432981e-06] 
Layer 'fc10' weights[0]: 2.916773e-02 [1.171545e-04] 
Layer 'fc10' biases: 1.501191e-01 [2.787377e-05] 
-------------------------------------------------------
Saved checkpoint to ./ConvNet__2014-10-30_13.01.53
======================================================= (12.065 sec)
epoch_cost: 0
53.1... logprob:  2.039079, 0.533500 (11.428 sec)
epoch_cost: 0
54.1... logprob:  2.026930, 0.531180 (11.441 sec)
epoch_cost: 0
55.1... logprob:  2.016946, 0.530960 (11.438 sec)
epoch_cost: 0
56.1... logprob:  2.008205, 0.528500 (11.388 sec)
epoch_cost: 0
57.1... logprob:  2.003583, 0.527020 (11.447 sec)
epoch_cost: 0
58.1... logprob:  1.995670, 0.527780 (11.391 sec)
epoch_cost: 0
59.1... logprob:  1.986082, 0.524660 (11.349 sec)
epoch_cost: 0
60.1... logprob:  1.973360, 0.521680 (11.364 sec)
epoch_cost: 0
61.1... logprob:  1.963927, 0.519700 (11.358 sec)
epoch_cost: 0
62.1... logprob:  1.955323, 0.516420 (11.377 sec)
epoch_cost: 0
63.1... logprob:  1.950424, 0.516980 (11.376 sec)
epoch_cost: 0
64.1... logprob:  1.947309, 0.516920 (11.375 sec)
epoch_cost: 0
65.1... logprob:  1.938203, 0.514780 
======================Test output======================
logprob:  3.125459, 0.694500 
------------------------------------------------------- 
Layer 'conv1' weights[0]: 1.787656e-02 [4.412691e-06] 
Layer 'conv1' biases: 2.365847e-03 [2.682194e-07] 
Layer 'conv2' weights[0]: 9.030525e-03 [9.795051e-06] 
Layer 'conv2' biases: 1.721873e-02 [8.876891e-07] 
Layer 'conv3' weights[0]: 2.361934e-02 [4.513261e-05] 
Layer 'conv3' biases: 4.100800e-02 [1.384164e-06] 
Layer 'fc128' weights[0]: 1.341728e-02 [6.332110e-05] 
Layer 'fc128' biases: 6.565573e-02 [8.573325e-06] 
Layer 'fc10' weights[0]: 3.010220e-02 [1.161457e-04] 
Layer 'fc10' biases: 1.746186e-01 [2.912868e-05] 
-------------------------------------------------------
Saved checkpoint to ./ConvNet__2014-10-30_13.01.53
======================================================= (11.970 sec)
epoch_cost: 0
66.1... logprob:  1.926888, 0.512160 (11.400 sec)
epoch_cost: 0
67.1... logprob:  1.921492, 0.510600 (11.364 sec)
epoch_cost: 0
68.1... logprob:  1.909656, 0.507500 (11.458 sec)
epoch_cost: 0
69.1... logprob:  1.896684, 0.504240 (11.394 sec)
epoch_cost: 0
70.1... logprob:  1.891191, 0.503120 (11.418 sec)
epoch_cost: 0
71.1... logprob:  1.890799, 0.503660 (11.356 sec)
epoch_cost: 0
72.1... logprob:  1.888844, 0.504360 (11.432 sec)
epoch_cost: 0
73.1... logprob:  1.888552, 0.504880 (11.346 sec)
epoch_cost: 0
74.1... logprob:  1.876345, 0.501740 (11.417 sec)
epoch_cost: 0
75.1... logprob:  1.864423, 0.497740 (11.341 sec)
epoch_cost: 0
76.1... logprob:  1.848224, 0.492540 (11.378 sec)
epoch_cost: 0
77.1... logprob:  1.836601, 0.490820 (11.368 sec)
epoch_cost: 0
78.1... logprob:  1.826407, 0.487500 
======================Test output======================
logprob:  3.175601, 0.699300 
------------------------------------------------------- 
Layer 'conv1' weights[0]: 1.894349e-02 [2.107153e-05] 
Layer 'conv1' biases: 2.618578e-03 [4.169264e-07] 
Layer 'conv2' weights[0]: 9.010368e-03 [1.018058e-05] 
Layer 'conv2' biases: 1.822023e-02 [7.902451e-07] 
Layer 'conv3' weights[0]: 2.570077e-02 [4.817655e-05] 
Layer 'conv3' biases: 4.198055e-02 [1.217571e-06] 
Layer 'fc128' weights[0]: 1.396681e-02 [6.725255e-05] 
Layer 'fc128' biases: 7.413424e-02 [8.098826e-06] 
Layer 'fc10' weights[0]: 3.084822e-02 [1.133719e-04] 
Layer 'fc10' biases: 1.975909e-01 [2.821594e-05] 
-------------------------------------------------------
Saved checkpoint to ./ConvNet__2014-10-30_13.01.53
======================================================= (11.992 sec)
epoch_cost: 0
79.1... logprob:  1.822303, 0.487100 (11.357 sec)
epoch_cost: 0
80.1... logprob:  1.808492, 0.483860 (11.372 sec)
epoch_cost: 0
81.1... logprob:  1.806068, 0.484520 (11.396 sec)
epoch_cost: 0
82.1... logprob:  1.804917, 0.484080 (11.375 sec)
epoch_cost: 0
83.1... logprob:  1.796154, 0.481880 (11.375 sec)
epoch_cost: 0
84.1... logprob:  1.793355, 0.482740 (11.405 sec)
epoch_cost: 0
85.1... logprob:  1.788693, 0.482820 (11.351 sec)
epoch_cost: 0
86.1... logprob:  1.778669, 0.480700 (11.370 sec)
epoch_cost: 0
87.1... logprob:  1.770466, 0.478380 (11.445 sec)
epoch_cost: 0
88.1... logprob:  1.770508, 0.477020 (11.360 sec)
epoch_cost: 0
89.1... logprob:  1.764554, 0.475840 (11.346 sec)
epoch_cost: 0
90.1... logprob:  1.757173, 0.474740 (11.379 sec)
epoch_cost: 0
91.1... logprob:  1.751634, 0.472340 
======================Test output======================
logprob:  3.260564, 0.698000 
------------------------------------------------------- 
Layer 'conv1' weights[0]: 1.973245e-02 [1.576245e-05] 
Layer 'conv1' biases: 2.781857e-03 [2.764035e-07] 
Layer 'conv2' weights[0]: 9.007419e-03 [8.880629e-06] 
Layer 'conv2' biases: 1.921509e-02 [7.369371e-07] 
Layer 'conv3' weights[0]: 2.750638e-02 [4.876766e-05] 
Layer 'conv3' biases: 4.281879e-02 [1.128522e-06] 
Layer 'fc128' weights[0]: 1.440268e-02 [6.972449e-05] 
Layer 'fc128' biases: 8.175376e-02 [8.929008e-06] 
Layer 'fc10' weights[0]: 3.151679e-02 [1.210258e-04] 
Layer 'fc10' biases: 2.192761e-01 [3.402531e-05] 
-------------------------------------------------------
Saved checkpoint to ./ConvNet__2014-10-30_13.01.53
======================================================= (11.979 sec)
epoch_cost: 0
92.1... logprob:  1.746341, 0.471280 (11.372 sec)
epoch_cost: 0
93.1... logprob:  1.738684, 0.469460 (11.356 sec)
epoch_cost: 0
94.1... logprob:  1.735890, 0.469520 (11.358 sec)
epoch_cost: 0
95.1... logprob:  1.728638, 0.466180 (11.402 sec)
epoch_cost: 0
96.1... logprob:  1.728071, 0.468280 (11.366 sec)
epoch_cost: 0
97.1... logprob:  1.720456, 0.464640 (11.387 sec)
epoch_cost: 0
98.1... logprob:  1.716870, 0.466380 (11.351 sec)
epoch_cost: 0
99.1... logprob:  1.713091, 0.463680 (11.354 sec)
epoch_cost: 0
100.1... logprob:  1.713932, 0.463240 (11.374 sec)
epoch_cost: 0
101.1... logprob:  1.714040, 0.464800 (11.370 sec)
epoch_cost: 0
102.1... logprob:  1.720878, 0.465260 (11.446 sec)
epoch_cost: 0
103.1... logprob:  1.714772, 0.465800 (11.398 sec)
epoch_cost: 0
104.1... logprob:  1.706665, 0.461220 
======================Test output======================
logprob:  3.394177, 0.711600 
------------------------------------------------------- 
Layer 'conv1' weights[0]: 2.043224e-02 [1.600100e-05] 
Layer 'conv1' biases: 2.909493e-03 [1.634648e-07] 
Layer 'conv2' weights[0]: 9.012089e-03 [8.606197e-06] 
Layer 'conv2' biases: 2.007706e-02 [7.567933e-07] 
Layer 'conv3' weights[0]: 2.904602e-02 [5.297316e-05] 
Layer 'conv3' biases: 4.358580e-02 [1.218047e-06] 
Layer 'fc128' weights[0]: 1.473526e-02 [7.183446e-05] 
Layer 'fc128' biases: 8.927794e-02 [7.308067e-06] 
Layer 'fc10' weights[0]: 3.181275e-02 [1.327946e-04] 
Layer 'fc10' biases: 2.397828e-01 [3.451825e-05] 
-------------------------------------------------------
Saved checkpoint to ./ConvNet__2014-10-30_13.01.53
======================================================= (11.984 sec)
epoch_cost: 0
105.1... logprob:  1.701655, 0.461660 (11.438 sec)
epoch_cost: 0
106.1... logprob:  1.696172, 0.460460 (11.371 sec)
epoch_cost: 0
107.1... logprob:  1.688337, 0.457860 (11.394 sec)
epoch_cost: 0
108.1... logprob:  1.675074, 0.454740 (11.468 sec)
epoch_cost: 0
109.1... logprob:  1.671332, 0.454140 (11.338 sec)
epoch_cost: 0
110.1... logprob:  1.666036, 0.453040 (11.469 sec)
epoch_cost: 0
111.1... logprob:  1.661265, 0.452020 (11.450 sec)
epoch_cost: 0
112.1... logprob:  1.659251, 0.452420 (11.364 sec)
epoch_cost: 0
113.1... logprob:  1.652952, 0.450120 (11.422 sec)
epoch_cost: 0
114.1... logprob:  1.647549, 0.445680 (11.385 sec)
epoch_cost: 0
115.1... logprob:  1.652379, 0.450480 (11.391 sec)
epoch_cost: 0
116.1... logprob:  1.656968, 0.453520 (11.369 sec)
epoch_cost: 0
117.1... logprob:  1.654878, 0.451960 
======================Test output======================
logprob:  3.383735, 0.706800 
------------------------------------------------------- 
Layer 'conv1' weights[0]: 2.176858e-02 [1.734114e-05] 
Layer 'conv1' biases: 2.949073e-03 [2.077630e-07] 
Layer 'conv2' weights[0]: 9.319707e-03 [1.196766e-05] 
Layer 'conv2' biases: 2.075302e-02 [7.988550e-07] 
Layer 'conv3' weights[0]: 3.040119e-02 [5.122081e-05] 
Layer 'conv3' biases: 4.426206e-02 [1.084261e-06] 
Layer 'fc128' weights[0]: 1.495359e-02 [6.679285e-05] 
Layer 'fc128' biases: 9.640470e-02 [7.296010e-06] 
Layer 'fc10' weights[0]: 3.215978e-02 [1.212552e-04] 
Layer 'fc10' biases: 2.592359e-01 [3.045167e-05] 
-------------------------------------------------------
Saved checkpoint to ./ConvNet__2014-10-30_13.01.53
======================================================= (11.916 sec)
epoch_cost: 0
118.1... logprob:  1.643644, 0.448980 (11.399 sec)
epoch_cost: 0
119.1... logprob:  1.639724, 0.448760 (11.765 sec)
epoch_cost: 0
120.1... logprob:  1.636701, 0.448140 (11.506 sec)
epoch_cost: 0
121.1... logprob:  1.635375, 0.446080 (11.486 sec)
epoch_cost: 0
122.1... logprob:  1.631054, 0.447120 (11.385 sec)
epoch_cost: 0
123.1... logprob:  1.624369, 0.445080 (11.364 sec)
epoch_cost: 0
124.1... logprob:  1.628557, 0.448080 (11.379 sec)
epoch_cost: 0
125.1... logprob:  1.627581, 0.445960 (11.372 sec)
epoch_cost: 0
126.1... logprob:  1.618891, 0.440080 (11.376 sec)
epoch_cost: 0
127.1... logprob:  1.622100, 0.442160 (11.353 sec)
epoch_cost: 0
128.1... logprob:  1.621781, 0.443140 (11.376 sec)
epoch_cost: 0
129.1... logprob:  1.621742, 0.444360 (11.359 sec)
epoch_cost: 0
130.1... logprob:  1.616771, 0.442820 
======================Test output======================
logprob:  3.484017, 0.709600 
------------------------------------------------------- 
Layer 'conv1' weights[0]: 2.293862e-02 [1.049230e-05] 
Layer 'conv1' biases: 3.006188e-03 [4.798190e-08] 
Layer 'conv2' weights[0]: 9.562952e-03 [1.361416e-05] 
Layer 'conv2' biases: 2.130063e-02 [7.971989e-07] 
Layer 'conv3' weights[0]: 3.152633e-02 [5.160432e-05] 
Layer 'conv3' biases: 4.491133e-02 [9.194559e-07] 
Layer 'fc128' weights[0]: 1.502239e-02 [7.283419e-05] 
Layer 'fc128' biases: 1.029630e-01 [6.682971e-06] 
Layer 'fc10' weights[0]: 3.225872e-02 [1.293222e-04] 
Layer 'fc10' biases: 2.776840e-01 [2.972287e-05] 
-------------------------------------------------------
Saved checkpoint to ./ConvNet__2014-10-30_13.01.53
======================================================= (11.976 sec)
epoch_cost: 0
131.1... logprob:  1.610332, 0.441480 (11.319 sec)
epoch_cost: 0
132.1... logprob:  1.603418, 0.437840 (11.418 sec)
epoch_cost: 0
133.1... logprob:  1.605027, 0.438900 (11.356 sec)
epoch_cost: 0
134.1... logprob:  1.600534, 0.438520 (11.297 sec)
epoch_cost: 0
135.1... logprob:  1.590704, 0.435680 (11.374 sec)
epoch_cost: 0
136.1... logprob:  1.582161, 0.434280 (11.378 sec)
epoch_cost: 0
137.1... logprob:  1.586967, 0.434400 (11.370 sec)
epoch_cost: 0
138.1... logprob:  1.581038, 0.433740 (11.429 sec)
epoch_cost: 0
139.1... logprob:  1.575675, 0.432540 (11.363 sec)
epoch_cost: 0
140.1... logprob:  1.568472, 0.431280 (11.367 sec)
epoch_cost: 0
141.1... logprob:  1.568364, 0.431300 (11.356 sec)
epoch_cost: 0
142.1... logprob:  1.554708, 0.427040 (11.617 sec)
epoch_cost: 0
143.1... logprob:  1.546196, 0.424520 
======================Test output======================
logprob:  3.505775, 0.710900 
------------------------------------------------------- 
Layer 'conv1' weights[0]: 2.400272e-02 [1.014057e-05] 
Layer 'conv1' biases: 3.068900e-03 [2.893962e-07] 
Layer 'conv2' weights[0]: 9.769454e-03 [1.065063e-05] 
Layer 'conv2' biases: 2.182163e-02 [5.573092e-07] 
Layer 'conv3' weights[0]: 3.250630e-02 [5.172880e-05] 
Layer 'conv3' biases: 4.550826e-02 [9.657676e-07] 
Layer 'fc128' weights[0]: 1.515913e-02 [7.048282e-05] 
Layer 'fc128' biases: 1.091527e-01 [6.557662e-06] 
Layer 'fc10' weights[0]: 3.260043e-02 [1.194650e-04] 
Layer 'fc10' biases: 2.954655e-01 [2.785846e-05] 
-------------------------------------------------------
Saved checkpoint to ./ConvNet__2014-10-30_13.01.53
======================================================= (11.933 sec)
epoch_cost: 0
144.1... logprob:  1.543314, 0.423120 (11.418 sec)
epoch_cost: 0
145.1... logprob:  1.532943, 0.420840 (11.244 sec)
epoch_cost: 0
146.1... logprob:  1.533106, 0.420960 (11.417 sec)
epoch_cost: 0
147.1... logprob:  1.534060, 0.422660 (11.353 sec)
epoch_cost: 0
148.1... logprob:  1.531605, 0.422960 (11.375 sec)
epoch_cost: 0
149.1... logprob:  1.529401, 0.424440 (11.370 sec)
epoch_cost: 0
150.1... logprob:  1.517576, 0.420040 (11.369 sec)
epoch_cost: 0
151.1... logprob:  1.516546, 0.417320 (11.365 sec)
epoch_cost: 0
152.1... logprob:  1.514725, 0.418840 (11.402 sec)
epoch_cost: 0
153.1... logprob:  1.513209, 0.421100 (11.369 sec)
epoch_cost: 0
154.1... logprob:  1.507550, 0.417340 (11.371 sec)
epoch_cost: 0
155.1... logprob:  1.506266, 0.415720 (11.359 sec)
epoch_cost: 0
156.1... logprob:  1.494073, 0.410660 
======================Test output======================
logprob:  3.544550, 0.704300 
------------------------------------------------------- 
Layer 'conv1' weights[0]: 2.483691e-02 [2.041378e-05] 
Layer 'conv1' biases: 3.050833e-03 [2.116150e-07] 
Layer 'conv2' weights[0]: 9.965572e-03 [1.260857e-05] 
Layer 'conv2' biases: 2.228032e-02 [6.325695e-07] 
Layer 'conv3' weights[0]: 3.339229e-02 [5.133394e-05] 
Layer 'conv3' biases: 4.608617e-02 [9.798348e-07] 
Layer 'fc128' weights[0]: 1.535087e-02 [6.841383e-05] 
Layer 'fc128' biases: 1.147170e-01 [6.299553e-06] 
Layer 'fc10' weights[0]: 3.295365e-02 [1.120867e-04] 
Layer 'fc10' biases: 3.125299e-01 [2.501448e-05] 
-------------------------------------------------------
Saved checkpoint to ./ConvNet__2014-10-30_13.01.53
======================================================= (12.019 sec)
epoch_cost: 0
157.1... logprob:  1.489981, 0.412720 (11.453 sec)
epoch_cost: 0
158.1... logprob:  1.485578, 0.411060 (11.305 sec)
epoch_cost: 0
159.1... logprob:  1.484029, 0.410810 (11.335 sec)
epoch_cost: 0
160.1... logprob:  1.480316, 0.410660 (11.295 sec)
epoch_cost: 0
161.1... logprob:  1.483479, 0.409940 (11.424 sec)
epoch_cost: 0
162.1... logprob:  1.485389, 0.412160 (11.420 sec)
epoch_cost: 0
163.1... logprob:  1.478978, 0.409080 (11.354 sec)
epoch_cost: 0
164.1... logprob:  1.471631, 0.407900 (11.456 sec)
epoch_cost: 0
165.1... logprob:  1.468420, 0.407460 (11.367 sec)
epoch_cost: 0
166.1... logprob:  1.462744, 0.404700 (11.381 sec)
epoch_cost: 0
167.1... logprob:  1.459547, 0.405720 (11.562 sec)
epoch_cost: 0
168.1... logprob:  1.454431, 0.404460 (11.547 sec)
epoch_cost: 0
169.1... logprob:  1.455784, 0.404900 
======================Test output======================
logprob:  3.614538, 0.705100 
------------------------------------------------------- 
Layer 'conv1' weights[0]: 2.567487e-02 [1.859040e-05] 
Layer 'conv1' biases: 3.028388e-03 [1.171130e-07] 
Layer 'conv2' weights[0]: 1.015056e-02 [1.373993e-05] 
Layer 'conv2' biases: 2.268510e-02 [7.814863e-07] 
Layer 'conv3' weights[0]: 3.419768e-02 [5.262715e-05] 
Layer 'conv3' biases: 4.661441e-02 [9.247623e-07] 
Layer 'fc128' weights[0]: 1.548293e-02 [6.998999e-05] 
Layer 'fc128' biases: 1.202034e-01 [6.426000e-06] 
Layer 'fc10' weights[0]: 3.313616e-02 [1.160601e-04] 
Layer 'fc10' biases: 3.288454e-01 [2.616342e-05] 
-------------------------------------------------------
Saved checkpoint to ./ConvNet__2014-10-30_13.01.53
======================================================= (11.862 sec)
epoch_cost: 0
170.1... logprob:  1.456839, 0.405520 (11.540 sec)
epoch_cost: 0
171.1... logprob:  1.455829, 0.406040 (11.559 sec)
epoch_cost: 0
172.1... logprob:  1.453110, 0.405800 (11.651 sec)
epoch_cost: 0
173.1... logprob:  1.453045, 0.404520 (11.666 sec)
epoch_cost: 0
174.1... logprob:  1.448952, 0.406580 (11.274 sec)
epoch_cost: 0
175.1... logprob:  1.443788, 0.405220 (11.401 sec)
epoch_cost: 0
176.1... logprob:  1.444826, 0.404040 (11.380 sec)
epoch_cost: 0
177.1... logprob:  1.443247, 0.402680 (11.570 sec)
epoch_cost: 0
178.1... logprob:  1.442681, 0.405660 (11.209 sec)
epoch_cost: 0
179.1... logprob:  1.436317, 0.401800 (11.501 sec)
epoch_cost: 0
180.1... logprob:  1.427170, 0.401060 (11.532 sec)
epoch_cost: 0
181.1... logprob:  1.420595, 0.396780 (11.362 sec)
epoch_cost: 0
182.1... logprob:  1.418267, 0.396760 
======================Test output======================
logprob:  3.607138, 0.711900 
------------------------------------------------------- 
Layer 'conv1' weights[0]: 2.647865e-02 [1.632310e-05] 
Layer 'conv1' biases: 3.023481e-03 [2.180473e-07] 
Layer 'conv2' weights[0]: 1.028942e-02 [1.349795e-05] 
Layer 'conv2' biases: 2.305436e-02 [7.581651e-07] 
Layer 'conv3' weights[0]: 3.494334e-02 [5.460540e-05] 
Layer 'conv3' biases: 4.707323e-02 [9.393451e-07] 
Layer 'fc128' weights[0]: 1.563047e-02 [6.855864e-05] 
Layer 'fc128' biases: 1.256339e-01 [6.056999e-06] 
Layer 'fc10' weights[0]: 3.331581e-02 [1.120396e-04] 
Layer 'fc10' biases: 3.441398e-01 [2.483560e-05] 
-------------------------------------------------------
Saved checkpoint to ./ConvNet__2014-10-30_13.01.53
======================================================= (12.021 sec)
epoch_cost: 0
183.1... logprob:  1.421716, 0.396740 (11.376 sec)
epoch_cost: 0
184.1... logprob:  1.419928, 0.397460 (11.360 sec)
epoch_cost: 0
185.1... logprob:  1.413249, 0.394760 (11.362 sec)
epoch_cost: 0
186.1... logprob:  1.406706, 0.393860 (11.471 sec)
epoch_cost: 0
187.1... logprob:  1.403494, 0.392700 (11.265 sec)
epoch_cost: 0
188.1... logprob:  1.410081, 0.398340 (11.403 sec)
epoch_cost: 0
189.1... logprob:  1.412413, 0.396920 (11.209 sec)
epoch_cost: 0
190.1... logprob:  1.405136, 0.395120 (11.271 sec)
epoch_cost: 0
191.1... logprob:  1.399750, 0.394620 (11.308 sec)
epoch_cost: 0
192.1... logprob:  1.403483, 0.394980 (11.507 sec)
epoch_cost: 0
193.1... logprob:  1.394990, 0.394560 (11.302 sec)
epoch_cost: 0
194.1... logprob:  1.390753, 0.391480 (11.365 sec)
epoch_cost: 0
195.1... logprob:  1.392183, 0.392440 
======================Test output======================
logprob:  3.720087, 0.707200 
------------------------------------------------------- 
Layer 'conv1' weights[0]: 2.705710e-02 [1.334780e-05] 
Layer 'conv1' biases: 3.164823e-03 [2.753605e-07] 
Layer 'conv2' weights[0]: 1.043753e-02 [1.361906e-05] 
Layer 'conv2' biases: 2.339863e-02 [6.464556e-07] 
Layer 'conv3' weights[0]: 3.556412e-02 [5.608890e-05] 
Layer 'conv3' biases: 4.754200e-02 [9.314169e-07] 
Layer 'fc128' weights[0]: 1.575202e-02 [7.083485e-05] 
Layer 'fc128' biases: 1.306708e-01 [6.022972e-06] 
Layer 'fc10' weights[0]: 3.357225e-02 [1.238137e-04] 
Layer 'fc10' biases: 3.591580e-01 [2.752156e-05] 
-------------------------------------------------------
Saved checkpoint to ./ConvNet__2014-10-30_13.01.53
======================================================= (11.998 sec)
epoch_cost: 0
196.1... logprob:  1.393989, 0.392660 (11.374 sec)
epoch_cost: 0
197.1... logprob:  1.389979, 0.391900 (11.374 sec)
epoch_cost: 0
198.1... logprob:  1.396056, 0.391780 (11.377 sec)
epoch_cost: 0
199.1... logprob:  1.397581, 0.394400 (11.381 sec)
epoch_cost: 0
200.1... logprob:  1.395591, 0.394400 (11.080 sec)
epoch_cost: 0
201.1... logprob:  1.390342, 0.392860 (11.223 sec)
epoch_cost: 0
202.1... logprob:  1.385441, 0.391060 (11.370 sec)
epoch_cost: 0
203.1... logprob:  1.383668, 0.390560 (11.359 sec)
epoch_cost: 0
204.1... logprob:  1.387558, 0.393000 (11.381 sec)
epoch_cost: 0
205.1... logprob:  1.384080, 0.392100 (11.244 sec)
epoch_cost: 0
206.1... logprob:  1.379514, 0.389160 (11.428 sec)
epoch_cost: 0
207.1... logprob:  1.386166, 0.392400 (11.408 sec)
epoch_cost: 0
208.1... logprob:  1.373827, 0.388400 
======================Test output======================
logprob:  3.763639, 0.709200 
------------------------------------------------------- 
Layer 'conv1' weights[0]: 2.753722e-02 [1.500154e-05] 
Layer 'conv1' biases: 3.366750e-03 [1.791842e-07] 
Layer 'conv2' weights[0]: 1.059118e-02 [1.231188e-05] 
Layer 'conv2' biases: 2.375003e-02 [6.710312e-07] 
Layer 'conv3' weights[0]: 3.610786e-02 [5.518314e-05] 
Layer 'conv3' biases: 4.801116e-02 [8.927300e-07] 
Layer 'fc128' weights[0]: 1.583889e-02 [7.041024e-05] 
Layer 'fc128' biases: 1.356164e-01 [6.631151e-06] 
Layer 'fc10' weights[0]: 3.372933e-02 [1.157501e-04] 
Layer 'fc10' biases: 3.736063e-01 [2.411440e-05] 
-------------------------------------------------------
Saved checkpoint to ./ConvNet__2014-10-30_13.01.53
======================================================= (11.835 sec)
epoch_cost: 0
209.1... logprob:  1.366006, 0.386900 (11.238 sec)
epoch_cost: 0
210.1... logprob:  1.373921, 0.389080 (11.297 sec)
epoch_cost: 0
211.1... logprob:  1.369919, 0.387060 (11.461 sec)
epoch_cost: 0
212.1... logprob:  1.371503, 0.387080 (11.214 sec)
epoch_cost: 0
213.1... logprob:  1.365588, 0.385540 (11.382 sec)
epoch_cost: 0
214.1... logprob:  1.355905, 0.383640 (11.220 sec)
epoch_cost: 0
215.1... logprob:  1.351579, 0.382820 (11.521 sec)
epoch_cost: 0
216.1... logprob:  1.353453, 0.382360 (11.223 sec)
epoch_cost: 0
217.1... logprob:  1.352770, 0.384520 (11.169 sec)
epoch_cost: 0
218.1... logprob:  1.352509, 0.384020 (11.423 sec)
epoch_cost: 0
219.1... logprob:  1.348102, 0.383160 (11.508 sec)
epoch_cost: 0
220.1... logprob:  1.343242, 0.382380 (11.403 sec)
epoch_cost: 0
221.1... logprob:  1.343149, 0.382440 
======================Test output======================
logprob:  3.858072, 0.710300 
------------------------------------------------------- 
Layer 'conv1' weights[0]: 2.829150e-02 [1.112395e-05] 
Layer 'conv1' biases: 3.568464e-03 [9.193076e-08] 
Layer 'conv2' weights[0]: 1.070893e-02 [1.108085e-05] 
Layer 'conv2' biases: 2.409842e-02 [5.473504e-07] 
Layer 'conv3' weights[0]: 3.659010e-02 [5.428909e-05] 
Layer 'conv3' biases: 4.842732e-02 [7.814010e-07] 
Layer 'fc128' weights[0]: 1.589649e-02 [7.131181e-05] 
Layer 'fc128' biases: 1.404213e-01 [7.077224e-06] 
Layer 'fc10' weights[0]: 3.376427e-02 [1.158219e-04] 
Layer 'fc10' biases: 3.877846e-01 [2.512596e-05] 
-------------------------------------------------------
Saved checkpoint to ./ConvNet__2014-10-30_13.01.53
======================================================= (11.842 sec)
epoch_cost: 0
222.1... logprob:  1.331354, 0.377020 (11.548 sec)
epoch_cost: 0
223.1... logprob:  1.331509, 0.377400 (11.355 sec)
epoch_cost: 0
224.1... logprob:  1.338414, 0.381780 (11.554 sec)
epoch_cost: 0
225.1... logprob:  1.337028, 0.379960 (11.504 sec)
epoch_cost: 0
226.1... logprob:  1.332822, 0.379800 (11.271 sec)
epoch_cost: 0
227.1... logprob:  1.326296, 0.376660 (11.457 sec)
epoch_cost: 0
228.1... logprob:  1.324199, 0.374040 (11.224 sec)
epoch_cost: 0
229.1... logprob:  1.320795, 0.374780 (11.371 sec)
epoch_cost: 0
230.1... logprob:  1.326884, 0.375440 (11.380 sec)
epoch_cost: 0
231.1... logprob:  1.320353, 0.375060 (11.460 sec)
epoch_cost: 0
232.1... logprob:  1.320373, 0.374180 (11.206 sec)
epoch_cost: 0
233.1... logprob:  1.322983, 0.374420 (11.338 sec)
epoch_cost: 0
234.1... logprob:  1.329984, 0.376880 
======================Test output======================
logprob:  3.977487, 0.717200 
------------------------------------------------------- 
Layer 'conv1' weights[0]: 2.914968e-02 [2.135987e-05] 
Layer 'conv1' biases: 3.776436e-03 [2.961242e-07] 
Layer 'conv2' weights[0]: 1.082073e-02 [1.091910e-05] 
Layer 'conv2' biases: 2.443418e-02 [5.155975e-07] 
Layer 'conv3' weights[0]: 3.708077e-02 [5.857475e-05] 
Layer 'conv3' biases: 4.883866e-02 [8.564335e-07] 
Layer 'fc128' weights[0]: 1.600794e-02 [7.528162e-05] 
Layer 'fc128' biases: 1.451197e-01 [7.617456e-06] 
Layer 'fc10' weights[0]: 3.397135e-02 [1.244032e-04] 
Layer 'fc10' biases: 4.013989e-01 [2.743406e-05] 
-------------------------------------------------------
Saved checkpoint to ./ConvNet__2014-10-30_13.01.53
======================================================= (12.290 sec)
epoch_cost: 0
235.1... logprob:  1.326427, 0.378420 (11.239 sec)
epoch_cost: 0
236.1... logprob:  1.327300, 0.377680 (11.451 sec)
epoch_cost: 0
237.1... logprob:  1.330937, 0.377340 (11.622 sec)
epoch_cost: 0
238.1... logprob:  1.324503, 0.375980 (11.260 sec)
epoch_cost: 0
239.1... logprob:  1.319544, 0.375100 (11.270 sec)
epoch_cost: 0
240.1... logprob:  1.318520, 0.376520 (11.425 sec)
epoch_cost: 0
241.1... logprob:  1.317580, 0.375380 (11.218 sec)
epoch_cost: 0
242.1... logprob:  1.323373, 0.378240 (11.533 sec)
epoch_cost: 0
243.1... logprob:  1.319491, 0.375860 (11.211 sec)
epoch_cost: 0
244.1... logprob:  1.315813, 0.374320 (11.636 sec)
epoch_cost: 0
245.1... logprob:  1.311904, 0.371780 (11.462 sec)
epoch_cost: 0
246.1... logprob:  1.312646, 0.374060 (11.548 sec)
epoch_cost: 0
247.1... logprob:  1.300529, 0.366550 
======================Test output======================
logprob:  3.991127, 0.721100 
------------------------------------------------------- 
Layer 'conv1' weights[0]: 3.008415e-02 [2.869138e-05] 
Layer 'conv1' biases: 3.983249e-03 [4.594067e-07] 
Layer 'conv2' weights[0]: 1.097108e-02 [1.225790e-05] 
Layer 'conv2' biases: 2.477285e-02 [6.345084e-07] 
Layer 'conv3' weights[0]: 3.747981e-02 [5.626750e-05] 
Layer 'conv3' biases: 4.926800e-02 [8.482431e-07] 
Layer 'fc128' weights[0]: 1.599867e-02 [7.388985e-05] 
Layer 'fc128' biases: 1.497983e-01 [7.369272e-06] 
Layer 'fc10' weights[0]: 3.403299e-02 [1.195366e-04] 
Layer 'fc10' biases: 4.146962e-01 [2.503174e-05] 
-------------------------------------------------------
Saved checkpoint to ./ConvNet__2014-10-30_13.01.53
======================================================= (11.959 sec)
epoch_cost: 0
248.1... logprob:  1.307267, 0.370620 (11.540 sec)
epoch_cost: 0
249.1... logprob:  1.303999, 0.370580 (11.232 sec)
epoch_cost: 0
250.1... logprob:  1.285297, 0.365100 (11.216 sec)
epoch_cost: 0
251.1... logprob:  1.293953, 0.370160 (11.227 sec)
epoch_cost: 0
252.1... logprob:  1.287587, 0.365080 (11.457 sec)
epoch_cost: 0
253.1... logprob:  1.291693, 0.366780 (11.214 sec)
epoch_cost: 0
254.1... logprob:  1.290117, 0.368840 (11.563 sec)
epoch_cost: 0
255.1... logprob:  1.282198, 0.367460 (11.543 sec)
epoch_cost: 0
256.1... logprob:  1.277347, 0.364960 (11.222 sec)
epoch_cost: 0
257.1... logprob:  1.282677, 0.367480 (11.315 sec)
epoch_cost: 0
258.1... logprob:  1.282040, 0.367840 (11.757 sec)
epoch_cost: 0
259.1... logprob:  1.272256, 0.363820 (11.405 sec)
epoch_cost: 0
260.1... logprob:  1.268201, 0.362680 
======================Test output======================
logprob:  3.957586, 0.712200 
------------------------------------------------------- 
Layer 'conv1' weights[0]: 3.136854e-02 [2.191239e-05] 
Layer 'conv1' biases: 4.213887e-03 [4.116065e-07] 
Layer 'conv2' weights[0]: 1.116603e-02 [1.107554e-05] 
Layer 'conv2' biases: 2.507528e-02 [5.283799e-07] 
Layer 'conv3' weights[0]: 3.781844e-02 [5.777851e-05] 
Layer 'conv3' biases: 4.971441e-02 [9.677726e-07] 
Layer 'fc128' weights[0]: 1.604060e-02 [7.347673e-05] 
Layer 'fc128' biases: 1.544798e-01 [7.755013e-06] 
Layer 'fc10' weights[0]: 3.434880e-02 [1.158723e-04] 
Layer 'fc10' biases: 4.275577e-01 [2.466657e-05] 
-------------------------------------------------------
Saved checkpoint to ./ConvNet__2014-10-30_13.01.53
======================================================= (11.910 sec)
epoch_cost: 0
261.1... logprob:  1.273995, 0.364400 (11.491 sec)
epoch_cost: 0
262.1... logprob:  1.276617, 0.368300 (11.643 sec)
epoch_cost: 0
263.1... logprob:  1.267577, 0.364120 (11.264 sec)
epoch_cost: 0
264.1... logprob:  1.261366, 0.362300 (11.427 sec)
epoch_cost: 0
265.1... logprob:  1.273153, 0.367800 (11.353 sec)
epoch_cost: 0
266.1... logprob:  1.273284, 0.364960 (11.275 sec)
epoch_cost: 0
267.1... logprob:  1.276838, 0.366860 (11.494 sec)
epoch_cost: 0
268.1... logprob:  1.267094, 0.364520 (11.596 sec)
epoch_cost: 0
269.1... logprob:  1.264915, 0.362760 (11.234 sec)
epoch_cost: 0
270.1... logprob:  1.262334, 0.362260 (11.511 sec)
epoch_cost: 0
271.1... logprob:  1.266392, 0.364920 (11.530 sec)
epoch_cost: 0
272.1... logprob:  1.266447, 0.364640 (11.563 sec)
epoch_cost: 0
273.1... logprob:  1.260535, 0.359260 
======================Test output======================
logprob:  4.001455, 0.718000 
------------------------------------------------------- 
Layer 'conv1' weights[0]: 3.271562e-02 [2.177775e-05] 
Layer 'conv1' biases: 4.459554e-03 [4.569963e-07] 
Layer 'conv2' weights[0]: 1.137533e-02 [1.569842e-05] 
Layer 'conv2' biases: 2.537853e-02 [7.670451e-07] 
Layer 'conv3' weights[0]: 3.814044e-02 [6.238995e-05] 
Layer 'conv3' biases: 5.016558e-02 [1.038257e-06] 
Layer 'fc128' weights[0]: 1.611276e-02 [7.387262e-05] 
Layer 'fc128' biases: 1.592096e-01 [7.001889e-06] 
Layer 'fc10' weights[0]: 3.437523e-02 [1.168699e-04] 
Layer 'fc10' biases: 4.405526e-01 [2.612665e-05] 
-------------------------------------------------------
Saved checkpoint to ./ConvNet__2014-10-30_13.01.53
======================================================= (11.943 sec)
epoch_cost: 0
274.1... logprob:  1.262040, 0.361360 (11.315 sec)
epoch_cost: 0
275.1... logprob:  1.250946, 0.359940 (11.358 sec)
epoch_cost: 0
276.1... logprob:  1.258038, 0.362160 (11.239 sec)
epoch_cost: 0
277.1... logprob:  1.256746, 0.359060 (11.339 sec)
epoch_cost: 0
278.1... logprob:  1.251956, 0.359300 (11.377 sec)
epoch_cost: 0
279.1... logprob:  1.260702, 0.363340 (11.452 sec)
epoch_cost: 0
280.1... logprob:  1.260472, 0.364040 (11.289 sec)
epoch_cost: 0
281.1... logprob:  1.267079, 0.364340 (11.413 sec)
epoch_cost: 0
282.1... logprob:  1.278752, 0.367220 (11.419 sec)
epoch_cost: 0
283.1... logprob:  1.273521, 0.366140 (11.218 sec)
epoch_cost: 0
284.1... logprob:  1.281399, 0.369640 (11.287 sec)
epoch_cost: 0
285.1... logprob:  1.265758, 0.365840 (11.606 sec)
epoch_cost: 0
286.1... logprob:  1.250483, 0.360140 
======================Test output======================
logprob:  4.021913, 0.713100 
------------------------------------------------------- 
Layer 'conv1' weights[0]: 3.368779e-02 [1.931364e-05] 
Layer 'conv1' biases: 4.623153e-03 [4.092132e-07] 
Layer 'conv2' weights[0]: 1.158134e-02 [1.502574e-05] 
Layer 'conv2' biases: 2.567067e-02 [7.795529e-07] 
Layer 'conv3' weights[0]: 3.841126e-02 [6.122992e-05] 
Layer 'conv3' biases: 5.058100e-02 [1.015351e-06] 
Layer 'fc128' weights[0]: 1.612916e-02 [7.395051e-05] 
Layer 'fc128' biases: 1.638476e-01 [6.920574e-06] 
Layer 'fc10' weights[0]: 3.430708e-02 [1.181525e-04] 
Layer 'fc10' biases: 4.535458e-01 [2.619426e-05] 
-------------------------------------------------------
Saved checkpoint to ./ConvNet__2014-10-30_13.01.53
======================================================= (12.129 sec)
epoch_cost: 0
287.1... logprob:  1.248546, 0.358980 (11.446 sec)
epoch_cost: 0
288.1... logprob:  1.240196, 0.357640 (11.603 sec)
epoch_cost: 0
289.1... logprob:  1.231327, 0.356260 (11.272 sec)
epoch_cost: 0
290.1... logprob:  1.221287, 0.350600 (11.607 sec)
epoch_cost: 0
291.1... logprob:  1.221576, 0.353320 (11.718 sec)
epoch_cost: 0
292.1... logprob:  1.220813, 0.350600 (11.224 sec)
epoch_cost: 0
293.1... logprob:  1.220487, 0.352340 (11.342 sec)
epoch_cost: 0
294.1... logprob:  1.222578, 0.353320 (11.228 sec)
epoch_cost: 0
295.1... logprob:  1.223108, 0.352760 (11.434 sec)
epoch_cost: 0
296.1... logprob:  1.222667, 0.352440 (11.597 sec)
epoch_cost: 0
297.1... logprob:  1.219414, 0.353380 (11.465 sec)
epoch_cost: 0
298.1... logprob:  1.213422, 0.350160 (11.317 sec)
epoch_cost: 0
299.1... logprob:  1.200300, 0.347140 
======================Test output======================
logprob:  3.954034, 0.714200 
------------------------------------------------------- 
Layer 'conv1' weights[0]: 3.457497e-02 [2.331414e-05] 
Layer 'conv1' biases: 4.789976e-03 [3.597789e-07] 
Layer 'conv2' weights[0]: 1.172739e-02 [1.578799e-05] 
Layer 'conv2' biases: 2.596410e-02 [5.946862e-07] 
Layer 'conv3' weights[0]: 3.862539e-02 [6.091451e-05] 
Layer 'conv3' biases: 5.092953e-02 [9.338533e-07] 
Layer 'fc128' weights[0]: 1.616395e-02 [7.548810e-05] 
Layer 'fc128' biases: 1.681741e-01 [7.762636e-06] 
Layer 'fc10' weights[0]: 3.462778e-02 [1.133572e-04] 
Layer 'fc10' biases: 4.659561e-01 [2.450835e-05] 
-------------------------------------------------------
Saved checkpoint to ./ConvNet__2014-10-30_13.01.53
======================================================= (12.256 sec)
epoch_cost: 0
300.1... logprob:  1.202293, 0.346800 (11.495 sec)
epoch_cost: 0
301.1... logprob:  1.203066, 0.347660 (11.346 sec)
epoch_cost: 0
302.1... logprob:  1.196887, 0.345320 (11.468 sec)
epoch_cost: 0
303.1... logprob:  1.214758, 0.351900 (11.263 sec)
epoch_cost: 0
304.1... logprob:  1.201994, 0.348040 (11.440 sec)
epoch_cost: 0
305.1... logprob:  1.206627, 0.349560 (11.320 sec)
epoch_cost: 0
306.1... logprob:  1.217300, 0.354360 (11.853 sec)
epoch_cost: 0
307.1... logprob:  1.220886, 0.354940 (11.502 sec)
epoch_cost: 0
308.1... logprob:  1.219706, 0.354320 (11.272 sec)
epoch_cost: 0
309.1... logprob:  1.220922, 0.354220 (11.518 sec)
epoch_cost: 0
310.1... logprob:  1.222468, 0.354280 (11.707 sec)
epoch_cost: 0
311.1... logprob:  1.230309, 0.357000 (11.311 sec)
epoch_cost: 0
312.1... logprob:  1.239147, 0.357760 
======================Test output======================
logprob:  3.912492, 0.710900 
------------------------------------------------------- 
Layer 'conv1' weights[0]: 3.526238e-02 [2.296592e-05] 
Layer 'conv1' biases: 4.995918e-03 [2.936552e-07] 
Layer 'conv2' weights[0]: 1.187010e-02 [1.503077e-05] 
Layer 'conv2' biases: 2.626497e-02 [7.204475e-07] 
Layer 'conv3' weights[0]: 3.891634e-02 [6.289105e-05] 
Layer 'conv3' biases: 5.129442e-02 [9.590940e-07] 
Layer 'fc128' weights[0]: 1.621706e-02 [7.403862e-05] 
Layer 'fc128' biases: 1.723866e-01 [7.545133e-06] 
Layer 'fc10' weights[0]: 3.446603e-02 [1.185411e-04] 
Layer 'fc10' biases: 4.781997e-01 [2.642690e-05] 
-------------------------------------------------------
Saved checkpoint to ./ConvNet__2014-10-30_13.01.53
======================================================= (12.065 sec)
epoch_cost: 0
313.1... logprob:  1.219867, 0.353800 (11.589 sec)
epoch_cost: 0
314.1... logprob:  1.211659, 0.350880 (11.538 sec)
epoch_cost: 0
315.1... logprob:  1.210992, 0.350940 (11.576 sec)
epoch_cost: 0
316.1... logprob:  1.208186, 0.350340 (11.547 sec)
epoch_cost: 0
317.1... logprob:  1.209166, 0.350560 (11.580 sec)
epoch_cost: 0
318.1... logprob:  1.205445, 0.348800 (11.307 sec)
epoch_cost: 0
319.1... logprob:  1.200430, 0.347100 (11.218 sec)
epoch_cost: 0
320.1... logprob:  1.198991, 0.347140 (11.384 sec)
epoch_cost: 0
321.1... logprob:  1.187082, 0.344320 (11.338 sec)
epoch_cost: 0
322.1... logprob:  1.188789, 0.343280 (11.245 sec)
epoch_cost: 0
323.1... logprob:  1.185302, 0.344980 (11.613 sec)
epoch_cost: 0
324.1... logprob:  1.183336, 0.341100 (11.291 sec)
epoch_cost: 0
325.1... logprob:  1.188665, 0.344920 
======================Test output======================
logprob:  3.907943, 0.707900 
------------------------------------------------------- 
Layer 'conv1' weights[0]: 3.609071e-02 [2.692489e-05] 
Layer 'conv1' biases: 5.161190e-03 [4.618908e-07] 
Layer 'conv2' weights[0]: 1.205034e-02 [1.372641e-05] 
Layer 'conv2' biases: 2.652072e-02 [6.219710e-07] 
Layer 'conv3' weights[0]: 3.911007e-02 [6.144253e-05] 
Layer 'conv3' biases: 5.171801e-02 [8.761828e-07] 
Layer 'fc128' weights[0]: 1.616997e-02 [7.158292e-05] 
Layer 'fc128' biases: 1.765497e-01 [6.478423e-06] 
Layer 'fc10' weights[0]: 3.447742e-02 [1.157093e-04] 
Layer 'fc10' biases: 4.903437e-01 [2.488393e-05] 
-------------------------------------------------------
Saved checkpoint to ./ConvNet__2014-10-30_13.01.53
======================================================= (12.064 sec)
epoch_cost: 0
326.1... logprob:  1.193988, 0.343820 (11.594 sec)
epoch_cost: 0
327.1... logprob:  1.194380, 0.345920 (11.536 sec)
epoch_cost: 0
328.1... logprob:  1.192846, 0.345220 (11.461 sec)
epoch_cost: 0
329.1... logprob:  1.188353, 0.343580 (11.255 sec)
epoch_cost: 0
330.1... logprob:  1.194808, 0.346920 (11.389 sec)
epoch_cost: 0
331.1... logprob:  1.203825, 0.349720 (11.403 sec)
epoch_cost: 0
332.1... logprob:  1.205520, 0.349740 (11.413 sec)
epoch_cost: 0
333.1... logprob:  1.211649, 0.353240 (11.458 sec)
epoch_cost: 0
334.1... logprob:  1.208383, 0.351560 (11.428 sec)
epoch_cost: 0
335.1... logprob:  1.215821, 0.355500 (11.238 sec)
epoch_cost: 0
336.1... logprob:  1.207429, 0.352700 (11.256 sec)
epoch_cost: 0
337.1... logprob:  1.206157, 0.349280 (11.443 sec)
epoch_cost: 0
338.1... logprob:  1.206355, 0.350420 
======================Test output======================
logprob:  4.004741, 0.714500 
------------------------------------------------------- 
Layer 'conv1' weights[0]: 3.682487e-02 [4.288369e-05] 
Layer 'conv1' biases: 5.315221e-03 [5.895618e-07] 
Layer 'conv2' weights[0]: 1.218164e-02 [1.666549e-05] 
Layer 'conv2' biases: 2.676076e-02 [8.010418e-07] 
Layer 'conv3' weights[0]: 3.926627e-02 [6.563828e-05] 
Layer 'conv3' biases: 5.212405e-02 [1.048065e-06] 
Layer 'fc128' weights[0]: 1.618030e-02 [7.993302e-05] 
Layer 'fc128' biases: 1.804256e-01 [9.007709e-06] 
Layer 'fc10' weights[0]: 3.436950e-02 [1.253942e-04] 
Layer 'fc10' biases: 5.014502e-01 [2.716257e-05] 
-------------------------------------------------------
Saved checkpoint to ./ConvNet__2014-10-30_13.01.53
======================================================= (12.000 sec)
epoch_cost: 0
339.1... logprob:  1.200742, 0.347660 (11.483 sec)
epoch_cost: 0
340.1... logprob:  1.199590, 0.348820 (11.290 sec)
epoch_cost: 0
341.1... logprob:  1.193091, 0.347200 (11.507 sec)
epoch_cost: 0
342.1... logprob:  1.191291, 0.346440 (11.423 sec)
epoch_cost: 0
343.1... logprob:  1.187268, 0.344000 (11.288 sec)
epoch_cost: 0
344.1... logprob:  1.186642, 0.343300 (11.369 sec)
epoch_cost: 0
345.1... logprob:  1.200059, 0.350700 (11.384 sec)
epoch_cost: 0
346.1... logprob:  1.193041, 0.347080 (11.348 sec)
epoch_cost: 0
347.1... logprob:  1.190674, 0.346260 (11.322 sec)
epoch_cost: 0
348.1... logprob:  1.189830, 0.346300 (11.225 sec)
epoch_cost: 0
349.1... logprob:  1.187806, 0.345560 (11.285 sec)
epoch_cost: 0
350.1... logprob:  1.177526, 0.342360 (11.408 sec)
epoch_cost: 0
351.1... logprob:  1.181432, 0.341860 
======================Test output======================
logprob:  3.846711, 0.713200 
------------------------------------------------------- 
Layer 'conv1' weights[0]: 3.760425e-02 [3.161585e-05] 
Layer 'conv1' biases: 5.473515e-03 [5.945690e-07] 
Layer 'conv2' weights[0]: 1.234322e-02 [1.624254e-05] 
Layer 'conv2' biases: 2.697791e-02 [7.103935e-07] 
Layer 'conv3' weights[0]: 3.943806e-02 [6.160050e-05] 
Layer 'conv3' biases: 5.252844e-02 [9.266589e-07] 
Layer 'fc128' weights[0]: 1.615472e-02 [7.240193e-05] 
Layer 'fc128' biases: 1.840632e-01 [6.839250e-06] 
Layer 'fc10' weights[0]: 3.454735e-02 [1.181976e-04] 
Layer 'fc10' biases: 5.125846e-01 [2.912965e-05] 
-------------------------------------------------------
Saved checkpoint to ./ConvNet__2014-10-30_13.01.53
======================================================= (11.856 sec)
epoch_cost: 0
352.1... logprob:  1.182972, 0.343500 (11.569 sec)
epoch_cost: 0
353.1... logprob:  1.186535, 0.343640 (11.511 sec)
epoch_cost: 0
354.1... logprob:  1.188679, 0.345020 (11.569 sec)
epoch_cost: 0
355.1... logprob:  1.184218, 0.342080 (11.211 sec)
epoch_cost: 0
356.1... logprob:  1.182522, 0.344460 (11.542 sec)
epoch_cost: 0
357.1... logprob:  1.182740, 0.342480 (11.337 sec)
epoch_cost: 0
358.1... logprob:  1.163241, 0.337240 (11.355 sec)
epoch_cost: 0
359.1... logprob:  1.163909, 0.339300 (11.282 sec)
epoch_cost: 0
360.1... logprob:  1.173044, 0.341680 (11.469 sec)
epoch_cost: 0
361.1... logprob:  1.165104, 0.336660 (11.383 sec)
epoch_cost: 0
362.1... logprob:  1.157870, 0.335300 (11.323 sec)
epoch_cost: 0
363.1... logprob:  1.166036, 0.337920 (11.347 sec)
epoch_cost: 0
364.1... logprob:  1.185776, 0.344580 
======================Test output======================
logprob:  3.931034, 0.711700 
------------------------------------------------------- 
Layer 'conv1' weights[0]: 3.821313e-02 [2.567120e-05] 
Layer 'conv1' biases: 5.622113e-03 [3.475795e-07] 
Layer 'conv2' weights[0]: 1.253983e-02 [1.964787e-05] 
Layer 'conv2' biases: 2.721767e-02 [8.133906e-07] 
Layer 'conv3' weights[0]: 3.965776e-02 [7.053944e-05] 
Layer 'conv3' biases: 5.292317e-02 [1.107483e-06] 
Layer 'fc128' weights[0]: 1.620837e-02 [7.744503e-05] 
Layer 'fc128' biases: 1.879859e-01 [7.081420e-06] 
Layer 'fc10' weights[0]: 3.470966e-02 [1.241883e-04] 
Layer 'fc10' biases: 5.235364e-01 [2.714992e-05] 
-------------------------------------------------------
Saved checkpoint to ./ConvNet__2014-10-30_13.01.53
======================================================= (11.975 sec)
epoch_cost: 0
365.1... logprob:  1.173241, 0.343640 (11.355 sec)
epoch_cost: 0
366.1... logprob:  1.162559, 0.338480 (11.438 sec)
epoch_cost: 0
367.1... logprob:  1.159317, 0.336120 (11.516 sec)
epoch_cost: 0
368.1... logprob:  1.151172, 0.333680 (11.582 sec)
epoch_cost: 0
369.1... logprob:  1.149324, 0.333840 (11.519 sec)
epoch_cost: 0
370.1... logprob:  1.152669, 0.335980 (11.355 sec)
epoch_cost: 0
371.1... logprob:  1.155515, 0.337560 (11.412 sec)
epoch_cost: 0
372.1... logprob:  1.157557, 0.339160 (11.659 sec)
epoch_cost: 0
373.1... logprob:  1.162397, 0.339700 (11.525 sec)
epoch_cost: 0
374.1... logprob:  1.156489, 0.335000 (11.619 sec)
epoch_cost: 0
375.1... logprob:  1.154887, 0.336200 (11.381 sec)
epoch_cost: 0
376.1... logprob:  1.134068, 0.328420 (11.232 sec)
epoch_cost: 0
377.1... logprob:  1.142936, 0.332860 
======================Test output======================
logprob:  3.999102, 0.710100 
------------------------------------------------------- 
Layer 'conv1' weights[0]: 3.891420e-02 [3.492475e-05] 
Layer 'conv1' biases: 5.827405e-03 [3.265278e-07] 
Layer 'conv2' weights[0]: 1.275660e-02 [1.692922e-05] 
Layer 'conv2' biases: 2.747128e-02 [6.981535e-07] 
Layer 'conv3' weights[0]: 3.990476e-02 [6.510813e-05] 
Layer 'conv3' biases: 5.329404e-02 [9.625321e-07] 
Layer 'fc128' weights[0]: 1.619618e-02 [7.696939e-05] 
Layer 'fc128' biases: 1.917489e-01 [6.330266e-06] 
Layer 'fc10' weights[0]: 3.486609e-02 [1.266029e-04] 
Layer 'fc10' biases: 5.341369e-01 [2.587898e-05] 
-------------------------------------------------------
Saved checkpoint to ./ConvNet__2014-10-30_13.01.53
======================================================= (12.012 sec)
epoch_cost: 0
378.1... logprob:  1.132992, 0.329820 (11.606 sec)
epoch_cost: 0
379.1... logprob:  1.134515, 0.329200 (11.271 sec)
epoch_cost: 0
380.1... logprob:  1.133937, 0.330820 (11.349 sec)
epoch_cost: 0
381.1... logprob:  1.143985, 0.334980 (11.558 sec)
epoch_cost: 0
382.1... logprob:  1.137512, 0.332440 (11.442 sec)
epoch_cost: 0
383.1... logprob:  1.131068, 0.331080 (11.448 sec)
epoch_cost: 0
384.1... logprob:  1.139699, 0.333500 (11.454 sec)
epoch_cost: 0
385.1... logprob:  1.141034, 0.336260 (11.305 sec)
epoch_cost: 0
386.1... logprob:  1.136880, 0.332520 (11.770 sec)
epoch_cost: 0
387.1... logprob:  1.135946, 0.332500 (11.643 sec)
epoch_cost: 0
388.1... logprob:  1.146564, 0.337060 (11.489 sec)
epoch_cost: 0
389.1... logprob:  1.145463, 0.335840 (11.414 sec)
epoch_cost: 0
390.1... logprob:  1.136721, 0.332660 
======================Test output======================
logprob:  4.108233, 0.708000 
------------------------------------------------------- 
Layer 'conv1' weights[0]: 3.934133e-02 [2.964721e-05] 
Layer 'conv1' biases: 6.031031e-03 [6.872847e-07] 
Layer 'conv2' weights[0]: 1.296139e-02 [1.588674e-05] 
Layer 'conv2' biases: 2.772633e-02 [6.696283e-07] 
Layer 'conv3' weights[0]: 4.019666e-02 [6.680344e-05] 
Layer 'conv3' biases: 5.367054e-02 [9.904888e-07] 
Layer 'fc128' weights[0]: 1.629958e-02 [7.828372e-05] 
Layer 'fc128' biases: 1.953599e-01 [7.326704e-06] 
Layer 'fc10' weights[0]: 3.489317e-02 [1.281037e-04] 
Layer 'fc10' biases: 5.446654e-01 [2.667953e-05] 
-------------------------------------------------------
Saved checkpoint to ./ConvNet__2014-10-30_13.01.53
======================================================= (11.931 sec)
epoch_cost: 0
391.1... logprob:  1.145480, 0.337540 (11.619 sec)
epoch_cost: 0
392.1... logprob:  1.154835, 0.339880 (11.664 sec)
epoch_cost: 0
393.1... logprob:  1.139839, 0.334420 (11.576 sec)
epoch_cost: 0
394.1... logprob:  1.134602, 0.331500 (11.220 sec)
epoch_cost: 0
395.1... logprob:  1.131294, 0.331240 (11.213 sec)
epoch_cost: 0
396.1... logprob:  1.123349, 0.328040 (11.355 sec)
epoch_cost: 0
397.1... logprob:  1.121279, 0.329140 (11.382 sec)
epoch_cost: 0
398.1... logprob:  1.119518, 0.326500 (11.289 sec)
epoch_cost: 0
399.1... logprob:  1.131553, 0.333140 (11.388 sec)
epoch_cost: 0
400.1... logprob:  1.134177, 0.333740 (11.491 sec)
epoch_cost: 0
401.1... logprob:  1.133872, 0.330900 (11.194 sec)
epoch_cost: 0
402.1... logprob:  1.137906, 0.335400 (11.460 sec)
epoch_cost: 0
403.1... logprob:  1.133870, 0.332780 
======================Test output======================
logprob:  4.054999, 0.710900 
------------------------------------------------------- 
Layer 'conv1' weights[0]: 3.977391e-02 [3.260192e-05] 
Layer 'conv1' biases: 6.279337e-03 [6.217265e-07] 
Layer 'conv2' weights[0]: 1.313944e-02 [1.596352e-05] 
Layer 'conv2' biases: 2.797839e-02 [6.161824e-07] 
Layer 'conv3' weights[0]: 4.042105e-02 [6.364020e-05] 
Layer 'conv3' biases: 5.401643e-02 [9.340422e-07] 
Layer 'fc128' weights[0]: 1.632054e-02 [7.621647e-05] 
Layer 'fc128' biases: 1.988473e-01 [7.427559e-06] 
Layer 'fc10' weights[0]: 3.494857e-02 [1.157876e-04] 
Layer 'fc10' biases: 5.547579e-01 [2.299990e-05] 
-------------------------------------------------------
Saved checkpoint to ./ConvNet__2014-10-30_13.01.53
======================================================= (12.010 sec)
epoch_cost: 0
404.1... logprob:  1.133120, 0.331600 (11.462 sec)
epoch_cost: 0
405.1... logprob:  1.132528, 0.332680 (11.224 sec)
epoch_cost: 0
406.1... logprob:  1.118319, 0.327640 (11.389 sec)
epoch_cost: 0
407.1... logprob:  1.106580, 0.323740 (11.573 sec)
epoch_cost: 0
408.1... logprob:  1.099907, 0.321800 (11.582 sec)
epoch_cost: 0
409.1... logprob:  1.113141, 0.326200 (11.598 sec)
epoch_cost: 0
410.1... logprob:  1.114570, 0.327000 (11.244 sec)
epoch_cost: 0
411.1... logprob:  1.106668, 0.323160 (11.230 sec)
epoch_cost: 0
412.1... logprob:  1.094814, 0.319300 (11.326 sec)
epoch_cost: 0
413.1... logprob:  1.095740, 0.320860 (11.481 sec)
epoch_cost: 0
414.1... logprob:  1.114365, 0.328600 (11.380 sec)
epoch_cost: 0
415.1... logprob:  1.113607, 0.325320 (11.617 sec)
epoch_cost: 0
416.1... logprob:  1.115817, 0.327780 
======================Test output======================
logprob:  4.127321, 0.715400 
------------------------------------------------------- 
Layer 'conv1' weights[0]: 4.033478e-02 [2.013610e-05] 
Layer 'conv1' biases: 6.546147e-03 [4.679899e-07] 
Layer 'conv2' weights[0]: 1.329819e-02 [1.479710e-05] 
Layer 'conv2' biases: 2.823915e-02 [5.738416e-07] 
Layer 'conv3' weights[0]: 4.058956e-02 [6.825567e-05] 
Layer 'conv3' biases: 5.435842e-02 [8.859736e-07] 
Layer 'fc128' weights[0]: 1.632450e-02 [8.396825e-05] 
Layer 'fc128' biases: 2.023227e-01 [8.247582e-06] 
Layer 'fc10' weights[0]: 3.506942e-02 [1.290351e-04] 
Layer 'fc10' biases: 5.651219e-01 [2.540340e-05] 
-------------------------------------------------------
Saved checkpoint to ./ConvNet__2014-10-30_13.01.53
======================================================= (12.053 sec)
epoch_cost: 0
417.1... logprob:  1.124171, 0.331160 (11.660 sec)
epoch_cost: 0
418.1... logprob:  1.118230, 0.329140 (11.273 sec)
epoch_cost: 0
419.1... logprob:  1.111392, 0.326980 (11.518 sec)
epoch_cost: 0
420.1... logprob:  1.106657, 0.324240 (11.616 sec)
epoch_cost: 0
421.1... logprob:  1.103534, 0.322300 (11.247 sec)
epoch_cost: 0
422.1... logprob:  1.088493, 0.320680 (11.385 sec)
epoch_cost: 0
423.1... logprob:  1.089168, 0.320560 (11.627 sec)
epoch_cost: 0
424.1... logprob:  1.097291, 0.321860 (11.429 sec)
epoch_cost: 0
425.1... logprob:  1.110254, 0.328140 (11.397 sec)
epoch_cost: 0
426.1... logprob:  1.101722, 0.323200 (11.285 sec)
epoch_cost: 0
427.1... logprob:  1.105572, 0.327620 (11.235 sec)
epoch_cost: 0
428.1... logprob:  1.101982, 0.325380 (11.563 sec)
epoch_cost: 0
429.1... logprob:  1.100442, 0.325900 
======================Test output======================
logprob:  4.047036, 0.704900 
------------------------------------------------------- 
Layer 'conv1' weights[0]: 4.089550e-02 [5.182078e-05] 
Layer 'conv1' biases: 6.846652e-03 [9.234270e-07] 
Layer 'conv2' weights[0]: 1.344058e-02 [1.892654e-05] 
Layer 'conv2' biases: 2.850538e-02 [7.119112e-07] 
Layer 'conv3' weights[0]: 4.079623e-02 [7.046202e-05] 
Layer 'conv3' biases: 5.469907e-02 [1.017994e-06] 
Layer 'fc128' weights[0]: 1.640178e-02 [8.269337e-05] 
Layer 'fc128' biases: 2.057167e-01 [8.109436e-06] 
Layer 'fc10' weights[0]: 3.514795e-02 [1.227006e-04] 
Layer 'fc10' biases: 5.754378e-01 [2.501207e-05] 
-------------------------------------------------------
Saved checkpoint to ./ConvNet__2014-10-30_13.01.53
======================================================= (11.966 sec)
epoch_cost: 0
430.1... logprob:  1.090293, 0.318640 (11.454 sec)
epoch_cost: 0
431.1... logprob:  1.081948, 0.318020 (11.398 sec)
epoch_cost: 0
432.1... logprob:  1.079740, 0.316920 (11.745 sec)
epoch_cost: 0
433.1... logprob:  1.086738, 0.320160 (11.458 sec)
epoch_cost: 0
434.1... logprob:  1.084694, 0.319520 (11.443 sec)
epoch_cost: 0
435.1... logprob:  1.091401, 0.323020 (11.545 sec)
epoch_cost: 0
436.1... logprob:  1.095658, 0.324860 (11.253 sec)
epoch_cost: 0
437.1... logprob:  1.091288, 0.323380 (11.718 sec)
epoch_cost: 0
438.1... logprob:  1.097104, 0.323680 (11.584 sec)
epoch_cost: 0
439.1... logprob:  1.098793, 0.325840 (11.260 sec)
epoch_cost: 0
440.1... logprob:  1.089741, 0.322200 (11.269 sec)
epoch_cost: 0
441.1... logprob:  1.078811, 0.317800 (11.230 sec)
epoch_cost: 0
442.1... logprob:  1.072069, 0.314540 
======================Test output======================
logprob:  4.126457, 0.708100 
------------------------------------------------------- 
Layer 'conv1' weights[0]: 4.139432e-02 [3.647352e-05] 
Layer 'conv1' biases: 7.132285e-03 [8.390161e-07] 
Layer 'conv2' weights[0]: 1.353340e-02 [1.755322e-05] 
Layer 'conv2' biases: 2.875925e-02 [6.979555e-07] 
Layer 'conv3' weights[0]: 4.097038e-02 [6.969752e-05] 
Layer 'conv3' biases: 5.501303e-02 [9.560835e-07] 
Layer 'fc128' weights[0]: 1.641204e-02 [8.028850e-05] 
Layer 'fc128' biases: 2.091530e-01 [7.546950e-06] 
Layer 'fc10' weights[0]: 3.515906e-02 [1.176377e-04] 
Layer 'fc10' biases: 5.859952e-01 [2.564935e-05] 
-------------------------------------------------------
Saved checkpoint to ./ConvNet__2014-10-30_13.01.53
======================================================= (12.184 sec)
epoch_cost: 0
443.1... logprob:  1.077030, 0.316960 (11.403 sec)
epoch_cost: 0
444.1... logprob:  1.088231, 0.321580 (11.620 sec)
epoch_cost: 0
445.1... logprob:  1.081698, 0.321820 (11.627 sec)
epoch_cost: 0
446.1... logprob:  1.071863, 0.315920 (11.211 sec)
epoch_cost: 0
447.1... logprob:  1.067568, 0.315040 (11.418 sec)
epoch_cost: 0
448.1... logprob:  1.057043, 0.311460 (11.393 sec)
epoch_cost: 0
449.1... logprob:  1.061060, 0.313400 (11.533 sec)
epoch_cost: 0
450.1... logprob:  1.054173, 0.309080 (11.715 sec)
epoch_cost: 0
451.1... logprob:  1.057483, 0.311740 (11.446 sec)
epoch_cost: 0
452.1... logprob:  1.059757, 0.312880 (11.596 sec)
epoch_cost: 0
453.1... logprob:  1.065230, 0.315060 (11.428 sec)
epoch_cost: 0
454.1... logprob:  1.068529, 0.316960 (11.205 sec)
epoch_cost: 0
455.1... logprob:  1.062316, 0.312400 
======================Test output======================
logprob:  4.165709, 0.705500 
------------------------------------------------------- 
Layer 'conv1' weights[0]: 4.172153e-02 [4.793211e-05] 
Layer 'conv1' biases: 7.458577e-03 [6.125383e-07] 
Layer 'conv2' weights[0]: 1.364060e-02 [1.754944e-05] 
Layer 'conv2' biases: 2.898396e-02 [6.484437e-07] 
Layer 'conv3' weights[0]: 4.111262e-02 [6.795349e-05] 
Layer 'conv3' biases: 5.531039e-02 [9.601374e-07] 
Layer 'fc128' weights[0]: 1.644465e-02 [8.096873e-05] 
Layer 'fc128' biases: 2.126284e-01 [6.868798e-06] 
Layer 'fc10' weights[0]: 3.531862e-02 [1.241609e-04] 
Layer 'fc10' biases: 5.959774e-01 [2.422076e-05] 
-------------------------------------------------------
Saved checkpoint to ./ConvNet__2014-10-30_13.01.53
======================================================= (11.985 sec)
epoch_cost: 0
456.1... logprob:  1.068728, 0.316320 (11.398 sec)
epoch_cost: 0
457.1... logprob:  1.069200, 0.318440 (11.414 sec)
epoch_cost: 0
458.1... logprob:  1.059362, 0.311660 (11.488 sec)
epoch_cost: 0
459.1... logprob:  1.061110, 0.311780 (11.410 sec)
epoch_cost: 0
460.1... logprob:  1.065949, 0.315780 (11.425 sec)
epoch_cost: 0
461.1... logprob:  1.054234, 0.313580 (11.225 sec)
epoch_cost: 0
462.1... logprob:  1.060215, 0.315220 (11.500 sec)
epoch_cost: 0
463.1... logprob:  1.051287, 0.311200 (11.528 sec)
epoch_cost: 0
464.1... logprob:  1.053521, 0.313120 (11.365 sec)
epoch_cost: 0
465.1... logprob:  1.055909, 0.311820 (11.226 sec)
epoch_cost: 0
466.1... logprob:  1.061401, 0.313960 (11.231 sec)
epoch_cost: 0
467.1... logprob:  1.050875, 0.312840 (11.416 sec)
epoch_cost: 0
468.1... logprob:  1.047024, 0.309320 
======================Test output======================
logprob:  4.165291, 0.709000 
------------------------------------------------------- 
Layer 'conv1' weights[0]: 4.197548e-02 [1.950816e-05] 
Layer 'conv1' biases: 7.781802e-03 [3.925572e-07] 
Layer 'conv2' weights[0]: 1.373673e-02 [1.854281e-05] 
Layer 'conv2' biases: 2.921648e-02 [7.160173e-07] 
Layer 'conv3' weights[0]: 4.122971e-02 [7.119462e-05] 
Layer 'conv3' biases: 5.560401e-02 [9.887249e-07] 
Layer 'fc128' weights[0]: 1.644234e-02 [8.399774e-05] 
Layer 'fc128' biases: 2.159865e-01 [7.957180e-06] 
Layer 'fc10' weights[0]: 3.541292e-02 [1.252566e-04] 
Layer 'fc10' biases: 6.060037e-01 [2.588044e-05] 
-------------------------------------------------------
Saved checkpoint to ./ConvNet__2014-10-30_13.01.53
======================================================= (12.183 sec)
epoch_cost: 0
469.1... logprob:  1.067647, 0.318520 (11.628 sec)
epoch_cost: 0
470.1... logprob:  1.065080, 0.315480 (11.730 sec)
epoch_cost: 0
471.1... logprob:  1.069305, 0.316460 (11.507 sec)
epoch_cost: 0
472.1... logprob:  1.065632, 0.317000 (11.135 sec)
epoch_cost: 0
473.1... logprob:  1.064980, 0.315740 (11.519 sec)
epoch_cost: 0
474.1... logprob:  1.067975, 0.316380 (11.597 sec)
epoch_cost: 0
475.1... logprob:  1.052277, 0.313540 (11.276 sec)
epoch_cost: 0
476.1... logprob:  1.050819, 0.310600 (11.490 sec)
epoch_cost: 0
477.1... logprob:  1.052556, 0.311500 (11.778 sec)
epoch_cost: 0
478.1... logprob:  1.048134, 0.312240 (11.461 sec)
epoch_cost: 0
479.1... logprob:  1.047026, 0.310400 (11.489 sec)
epoch_cost: 0
480.1... logprob:  1.043406, 0.310640 (11.580 sec)
epoch_cost: 0
481.1... logprob:  1.038481, 0.306980 
======================Test output======================
logprob:  4.231169, 0.710800 
------------------------------------------------------- 
Layer 'conv1' weights[0]: 4.231376e-02 [3.139305e-05] 
Layer 'conv1' biases: 8.029146e-03 [5.521325e-07] 
Layer 'conv2' weights[0]: 1.385797e-02 [1.749333e-05] 
Layer 'conv2' biases: 2.946340e-02 [6.384843e-07] 
Layer 'conv3' weights[0]: 4.139313e-02 [6.647354e-05] 
Layer 'conv3' biases: 5.591638e-02 [9.236539e-07] 
Layer 'fc128' weights[0]: 1.640109e-02 [8.319312e-05] 
Layer 'fc128' biases: 2.194268e-01 [8.911524e-06] 
Layer 'fc10' weights[0]: 3.539206e-02 [1.270105e-04] 
Layer 'fc10' biases: 6.158830e-01 [2.526752e-05] 
-------------------------------------------------------
Saved checkpoint to ./ConvNet__2014-10-30_13.01.53
======================================================= (11.969 sec)
epoch_cost: 0
482.1... logprob:  1.043319, 0.310780 (11.405 sec)
epoch_cost: 0
483.1... logprob:  1.048857, 0.311940 (11.378 sec)
epoch_cost: 0
484.1... logprob:  1.044492, 0.310360 (11.618 sec)
epoch_cost: 0
485.1... logprob:  1.027718, 0.304440 (11.450 sec)
epoch_cost: 0
486.1... logprob:  1.043116, 0.308940 (11.219 sec)
epoch_cost: 0
487.1... logprob:  1.040610, 0.308960 (11.472 sec)
epoch_cost: 0
488.1... logprob:  1.041993, 0.309840 (11.536 sec)
epoch_cost: 0
489.1... logprob:  1.040915, 0.311000 (11.491 sec)
epoch_cost: 0
490.1... logprob:  1.024633, 0.304320 (11.298 sec)
epoch_cost: 0
491.1... logprob:  1.031358, 0.306900 (11.666 sec)
epoch_cost: 0
492.1... logprob:  1.028999, 0.305120 (11.516 sec)
epoch_cost: 0
493.1... logprob:  1.031161, 0.306240 (11.393 sec)
epoch_cost: 0
494.1... logprob:  1.032148, 0.308380 
======================Test output======================
logprob:  4.197827, 0.708700 
------------------------------------------------------- 
Layer 'conv1' weights[0]: 4.276146e-02 [2.387858e-05] 
Layer 'conv1' biases: 8.317907e-03 [4.513055e-07] 
Layer 'conv2' weights[0]: 1.396926e-02 [1.661318e-05] 
Layer 'conv2' biases: 2.970913e-02 [6.058604e-07] 
Layer 'conv3' weights[0]: 4.152960e-02 [6.413979e-05] 
Layer 'conv3' biases: 5.621752e-02 [8.316683e-07] 
Layer 'fc128' weights[0]: 1.646605e-02 [7.627940e-05] 
Layer 'fc128' biases: 2.227293e-01 [7.503644e-06] 
Layer 'fc10' weights[0]: 3.558555e-02 [1.152970e-04] 
Layer 'fc10' biases: 6.257164e-01 [2.365088e-05] 
-------------------------------------------------------
Saved checkpoint to ./ConvNet__2014-10-30_13.01.53
======================================================= (12.321 sec)
epoch_cost: 0
495.1... logprob:  1.033279, 0.306760 (11.688 sec)
epoch_cost: 0
496.1... logprob:  1.039613, 0.310660 (11.361 sec)
epoch_cost: 0
497.1... logprob:  1.036608, 0.310380 (11.468 sec)
epoch_cost: 0
498.1... logprob:  1.037172, 0.309720 (11.613 sec)
epoch_cost: 0
499.1... logprob:  1.024582, 0.301960 (11.419 sec)
epoch_cost: 0
500.1... logprob:  1.032113, 0.309880 (11.650 sec)
epoch_cost: 0
501.1... logprob:  1.026167, 0.304460 (11.255 sec)
