Initialized data layer 'data', producing 3072 outputs
Initialized data layer 'labels', producing 1 outputs
Initialized convolutional layer 'conv1', producing 32x32 32-channel output
Initialized max-pooling layer 'pool1', producing 16x16 32-channel output
Initialized convolutional layer 'conv2', producing 16x16 32-channel output
Initialized avg-pooling layer 'pool2', producing 8x8 32-channel output
Initialized convolutional layer 'conv3', producing 8x8 64-channel output
Initialized avg-pooling layer 'pool3', producing 4x4 64-channel output
Initialized fully-connected layer 'fc128', producing 128 outputs
Output Drop rate:  0.5
Initialized fully-connected layer 'fc10', producing 10 outputs
Initialized softmax layer 'probs', producing 10 outputs
Initialized logistic regression cost 'logprob'
Initialized neuron layer 'pool1_neuron', producing 8192 outputs
Initialized neuron layer 'conv2_neuron', producing 8192 outputs
Initialized neuron layer 'conv3_neuron', producing 4096 outputs
Initialized neuron layer 'fc128_neuron', producing 128 outputs
=========================
Importing _ConvNet C++ module
============================================
learning rate scale     :  1
Reset Momentum          :  False
Image Rotation & Scaling:  False
============================================
=========================
Training ConvNet
Adaptive Drop Training                              : False [DEFAULT]
Check gradients and quit?                           : 0     [DEFAULT]
Compress checkpoints?                               : 0     [DEFAULT]
Conserve GPU memory (slower)?                       : 1     [DEFAULT]
Convert given conv layers to unshared local         :       
Cropped DP: crop border size                        : 4     [DEFAULT]
Cropped DP: logreg layer name (for --multiview-test):       [DEFAULT]
Cropped DP: test on multiple patches?               : 0     [DEFAULT]
Data batch range: testing                           : 6-6   
Data batch range: training                          : 1-5   
Data path                                           : ../data/cifar-10/ 
Data provider                                       : cifar 
Enable image rotation and scaling transformation    : False [DEFAULT]
GPU override                                        : -1    [DEFAULT]
Image Size                                          : 0     [DEFAULT]
Layer definition file                               : ./layers-80sec.cfg 
Layer parameter file                                : ./layer-params-80sec.cfg 
Learning Rate Scale Factor                          : 1     [DEFAULT]
Load file                                           :       [DEFAULT]
Maximum save file size (MB)                         : 0     [DEFAULT]
Minibatch size                                      : 128   [DEFAULT]
Model File Name                                     :       [DEFAULT]
Number of GPUs                                      : 1     [DEFAULT]
Number of channels in image                         : 3     [DEFAULT]
Number of epochs                                    : 150   
Reset layer momentum                                : False [DEFAULT]
Save path                                           : ./    
Test and quit?                                      : 0     [DEFAULT]
Test on one batch at a time?                        : 1     [DEFAULT]
Testing frequency                                   : 15    
Unshare weight matrices in given layers             :       
Whether filp training image                         : True  [DEFAULT]
=========================
Running on CUDA device(s) -2
Current time: Sat Oct 11 14:08:05 2014
Saving checkpoints to ./ConvNet__2014-10-11_14.08.05
=========================
1.1... logprob:  2.054526, 0.753800 (2.585 sec)
1.2... logprob:  1.734610, 0.625500 (2.313 sec)
1.3... logprob:  1.576822, 0.579700 (2.322 sec)
1.4... logprob:  1.535696, 0.548600 (2.310 sec)
1.5... logprob:  1.466086, 0.521500 (2.326 sec)
epoch_cost: 0
2.1... logprob:  1.392960, 0.496800 (2.313 sec)
2.2... logprob:  1.354266, 0.475900 (2.328 sec)
2.3... logprob:  1.277879, 0.457500 (2.311 sec)
2.4... logprob:  1.263672, 0.446700 (2.315 sec)
2.5... logprob:  1.202561, 0.426800 (2.315 sec)
epoch_cost: 0
3.1... logprob:  1.177878, 0.414400 (2.310 sec)
3.2... logprob:  1.181352, 0.412700 (2.311 sec)
3.3... logprob:  1.100772, 0.387600 (2.310 sec)
3.4... logprob:  1.101234, 0.385800 (2.309 sec)
3.5... logprob:  1.062158, 0.372500 
======================Test output======================
logprob:  1.203407, 0.380900 
------------------------------------------------------- 
Layer 'conv1' weights[0]: 1.735780e-02 [1.703584e-04] 
Layer 'conv1' biases: 4.793180e-03 [8.610870e-06] 
Layer 'conv2' weights[0]: 9.971788e-03 [5.149412e-05] 
Layer 'conv2' biases: 8.114131e-03 [1.130472e-05] 
Layer 'conv3' weights[0]: 9.250972e-03 [4.302278e-05] 
Layer 'conv3' biases: 2.315751e-02 [3.308017e-05] 
Layer 'fc128' weights[0]: 5.617592e-02 [1.976244e-05] 
Layer 'fc128' biases: 9.598882e-03 [1.669704e-05] 
Layer 'fc10' weights[0]: 5.950093e-02 [8.424600e-05] 
Layer 'fc10' biases: 6.744125e-02 [1.368686e-04] 
-------------------------------------------------------
Saved checkpoint to ./ConvNet__2014-10-11_14.08.05
======================================================= (3.168 sec)
epoch_cost: 0
4.1... logprob:  1.028512, 0.355800 (2.312 sec)
4.2... logprob:  1.058165, 0.368800 (2.310 sec)
4.3... logprob:  0.992947, 0.342400 (2.311 sec)
4.4... logprob:  0.995100, 0.347100 (2.309 sec)
4.5... logprob:  0.969813, 0.335000 (2.309 sec)
epoch_cost: 0
5.1... logprob:  0.941225, 0.325700 (2.309 sec)
5.2... logprob:  0.989271, 0.341800 (2.309 sec)
5.3... logprob:  0.920217, 0.317800 (2.311 sec)
5.4... logprob:  0.930146, 0.322500 (2.325 sec)
5.5... logprob:  0.902017, 0.308600 (2.311 sec)
epoch_cost: 0
6.1... logprob:  0.876163, 0.304300 (2.310 sec)
6.2... logprob:  0.932871, 0.318700 (2.311 sec)
6.3... logprob:  0.857179, 0.294700 (2.309 sec)
6.4... logprob:  0.881648, 0.304000 (2.309 sec)
6.5... logprob:  0.845885, 0.292700 
======================Test output======================
logprob:  1.023881, 0.310500 
------------------------------------------------------- 
Layer 'conv1' weights[0]: 2.560405e-02 [1.756818e-04] 
Layer 'conv1' biases: 6.983235e-03 [4.189491e-06] 
Layer 'conv2' weights[0]: 1.170519e-02 [4.041632e-05] 
Layer 'conv2' biases: 1.114163e-02 [4.646076e-06] 
Layer 'conv3' weights[0]: 1.039470e-02 [3.779143e-05] 
Layer 'conv3' biases: 3.223798e-02 [1.501207e-05] 
Layer 'fc128' weights[0]: 3.937626e-02 [1.655920e-05] 
Layer 'fc128' biases: 1.454540e-02 [1.029487e-05] 
Layer 'fc10' weights[0]: 4.553468e-02 [8.830130e-05] 
Layer 'fc10' biases: 1.129477e-01 [9.632028e-05] 
-------------------------------------------------------
Saved checkpoint to ./ConvNet__2014-10-11_14.08.05
======================================================= (3.165 sec)
epoch_cost: 0
7.1... logprob:  0.831756, 0.282400 (2.312 sec)
7.2... logprob:  0.870314, 0.295300 (2.310 sec)
7.3... logprob:  0.815835, 0.281600 (2.310 sec)
7.4... logprob:  0.820218, 0.284400 (2.310 sec)
7.5... logprob:  0.799392, 0.272800 (2.310 sec)
epoch_cost: 0
8.1... logprob:  0.787736, 0.272100 (2.310 sec)
8.2... logprob:  0.821300, 0.279900 (2.311 sec)
8.3... logprob:  0.777849, 0.271900 (2.309 sec)
8.4... logprob:  0.775588, 0.267700 (2.309 sec)
8.5... logprob:  0.766998, 0.263600 (2.327 sec)
epoch_cost: 0
9.1... logprob:  0.763789, 0.262700 (2.310 sec)
9.2... logprob:  0.793272, 0.275000 (2.309 sec)
9.3... logprob:  0.730723, 0.253300 (2.309 sec)
9.4... logprob:  0.749507, 0.256000 (2.311 sec)
9.5... logprob:  0.731740, 0.247900 
======================Test output======================
logprob:  0.948864, 0.276100 
------------------------------------------------------- 
Layer 'conv1' weights[0]: 3.198334e-02 [1.597386e-04] 
Layer 'conv1' biases: 8.571152e-03 [3.025965e-06] 
Layer 'conv2' weights[0]: 1.309763e-02 [2.802426e-05] 
Layer 'conv2' biases: 1.305135e-02 [3.377099e-06] 
Layer 'conv3' weights[0]: 1.139101e-02 [3.011788e-05] 
Layer 'conv3' biases: 3.651308e-02 [7.903190e-06] 
Layer 'fc128' weights[0]: 2.768028e-02 [1.502560e-05] 
Layer 'fc128' biases: 1.793429e-02 [7.869568e-06] 
Layer 'fc10' weights[0]: 3.903763e-02 [7.683696e-05] 
Layer 'fc10' biases: 1.486887e-01 [6.661456e-05] 
-------------------------------------------------------
Saved checkpoint to ./ConvNet__2014-10-11_14.08.05
======================================================= (3.166 sec)
epoch_cost: 0
10.1... logprob:  0.724933, 0.249500 (2.309 sec)
10.2... logprob:  0.760119, 0.258800 (2.324 sec)
10.3... logprob:  0.711085, 0.245800 (2.311 sec)
10.4... logprob:  0.719170, 0.245200 (2.310 sec)
10.5... logprob:  0.706019, 0.238300 (2.309 sec)
epoch_cost: 0
11.1... logprob:  0.694729, 0.238400 (2.309 sec)
11.2... logprob:  0.734390, 0.250600 (2.312 sec)
11.3... logprob:  0.685587, 0.236500 (2.310 sec)
11.4... logprob:  0.692835, 0.237400 (2.309 sec)
11.5... logprob:  0.685739, 0.232300 (2.310 sec)
epoch_cost: 0
12.1... logprob:  0.667711, 0.231600 (2.308 sec)
12.2... logprob:  0.707215, 0.240300 (2.310 sec)
12.3... logprob:  0.661600, 0.226100 (2.310 sec)
12.4... logprob:  0.670666, 0.229300 (2.310 sec)
12.5... logprob:  0.656679, 0.224400 
======================Test output======================
logprob:  0.913076, 0.268400 
------------------------------------------------------- 
Layer 'conv1' weights[0]: 3.737617e-02 [1.079802e-04] 
Layer 'conv1' biases: 1.004297e-02 [3.878927e-06] 
Layer 'conv2' weights[0]: 1.431824e-02 [3.060931e-05] 
Layer 'conv2' biases: 1.448405e-02 [2.749030e-06] 
Layer 'conv3' weights[0]: 1.230337e-02 [2.998170e-05] 
Layer 'conv3' biases: 3.910898e-02 [5.020478e-06] 
Layer 'fc128' weights[0]: 1.959278e-02 [1.669110e-05] 
Layer 'fc128' biases: 2.054887e-02 [6.709500e-06] 
Layer 'fc10' weights[0]: 3.689681e-02 [7.488966e-05] 
Layer 'fc10' biases: 1.773862e-01 [6.168721e-05] 
-------------------------------------------------------
Saved checkpoint to ./ConvNet__2014-10-11_14.08.05
======================================================= (3.167 sec)
epoch_cost: 0
13.1... logprob:  0.648120, 0.222300 (2.327 sec)
13.2... logprob:  0.677956, 0.227700 (2.321 sec)
13.3... logprob:  0.636627, 0.220400 (2.315 sec)
13.4... logprob:  0.644051, 0.218100 (2.309 sec)
13.5... logprob:  0.627524, 0.215500 (2.309 sec)
epoch_cost: 0
14.1... logprob:  0.625677, 0.213000 (2.311 sec)
14.2... logprob:  0.665801, 0.226500 (2.313 sec)
14.3... logprob:  0.619520, 0.215200 (2.309 sec)
14.4... logprob:  0.623090, 0.214300 (2.309 sec)
14.5... logprob:  0.613730, 0.209100 (2.308 sec)
epoch_cost: 0
15.1... logprob:  0.600351, 0.208000 (2.311 sec)
15.2... logprob:  0.631597, 0.211200 (2.308 sec)
15.3... logprob:  0.593505, 0.205300 (2.307 sec)
15.4... logprob:  0.605281, 0.206900 (2.310 sec)
15.5... logprob:  0.598644, 0.204500 
======================Test output======================
logprob:  0.889964, 0.266400 
------------------------------------------------------- 
Layer 'conv1' weights[0]: 4.194806e-02 [6.941857e-05] 
Layer 'conv1' biases: 1.126570e-02 [2.248749e-06] 
Layer 'conv2' weights[0]: 1.538258e-02 [2.382210e-05] 
Layer 'conv2' biases: 1.557202e-02 [1.879040e-06] 
Layer 'conv3' weights[0]: 1.313120e-02 [2.580789e-05] 
Layer 'conv3' biases: 4.085287e-02 [3.110558e-06] 
Layer 'fc128' weights[0]: 1.409812e-02 [1.660059e-05] 
Layer 'fc128' biases: 2.283447e-02 [4.930521e-06] 
Layer 'fc10' weights[0]: 3.659892e-02 [6.673888e-05] 
Layer 'fc10' biases: 2.021350e-01 [5.554681e-05] 
-------------------------------------------------------
Saved checkpoint to ./ConvNet__2014-10-11_14.08.05
======================================================= (3.164 sec)
epoch_cost: 0
16.1... logprob:  0.579676, 0.196000 (2.298 sec)
16.2... logprob:  0.618290, 0.207500 (2.306 sec)
16.3... logprob:  0.571516, 0.199400 (2.306 sec)
16.4... logprob:  0.587472, 0.197700 (2.311 sec)
16.5... logprob:  0.578831, 0.200600 (2.306 sec)
epoch_cost: 0
17.1... logprob:  0.561233, 0.191000 (2.306 sec)
17.2... logprob:  0.601622, 0.198800 (2.307 sec)
17.3... logprob:  0.557524, 0.192400 (2.305 sec)
17.4... logprob:  0.565656, 0.191900 (2.308 sec)
17.5... logprob:  0.553468, 0.191100 (2.326 sec)
epoch_cost: 0
18.1... logprob:  0.540408, 0.184700 (2.306 sec)
18.2... logprob:  0.580730, 0.196000 (2.313 sec)
18.3... logprob:  0.541929, 0.186200 (2.326 sec)
18.4... logprob:  0.553626, 0.187500 (2.306 sec)
18.5... logprob:  0.544267, 0.192100 
======================Test output======================
logprob:  0.854409, 0.256000 
------------------------------------------------------- 
Layer 'conv1' weights[0]: 4.585656e-02 [6.474968e-05] 
Layer 'conv1' biases: 1.232090e-02 [2.837614e-06] 
Layer 'conv2' weights[0]: 1.631667e-02 [2.720568e-05] 
Layer 'conv2' biases: 1.645668e-02 [1.893007e-06] 
Layer 'conv3' weights[0]: 1.388198e-02 [2.809729e-05] 
Layer 'conv3' biases: 4.215450e-02 [2.641740e-06] 
Layer 'fc128' weights[0]: 1.049720e-02 [1.960626e-05] 
Layer 'fc128' biases: 2.479121e-02 [5.481197e-06] 
Layer 'fc10' weights[0]: 3.710828e-02 [6.756174e-05] 
Layer 'fc10' biases: 2.232827e-01 [4.814283e-05] 
-------------------------------------------------------
Saved checkpoint to ./ConvNet__2014-10-11_14.08.05
======================================================= (3.161 sec)
epoch_cost: 0
19.1... logprob:  0.516640, 0.176000 (2.308 sec)
19.2... logprob:  0.559054, 0.191300 (2.306 sec)
19.3... logprob:  0.520844, 0.180000 (2.307 sec)
19.4... logprob:  0.531200, 0.178900 (2.309 sec)
19.5... logprob:  0.524258, 0.183200 (2.307 sec)
epoch_cost: 0
20.1... logprob:  0.515039, 0.173700 (2.307 sec)
20.2... logprob:  0.542352, 0.183800 (2.307 sec)
20.3... logprob:  0.513226, 0.175800 (2.307 sec)
20.4... logprob:  0.517836, 0.175200 (2.307 sec)
20.5... logprob:  0.511533, 0.177900 (2.307 sec)
epoch_cost: 0
21.1... logprob:  0.500659, 0.171800 (2.305 sec)
21.2... logprob:  0.529194, 0.180200 (2.307 sec)
21.3... logprob:  0.493284, 0.171200 (2.307 sec)
21.4... logprob:  0.505067, 0.172200 (2.307 sec)
21.5... logprob:  0.495159, 0.170400 
======================Test output======================
logprob:  0.825181, 0.251500 
------------------------------------------------------- 
Layer 'conv1' weights[0]: 4.928584e-02 [4.906899e-05] 
Layer 'conv1' biases: 1.319890e-02 [2.290445e-06] 
Layer 'conv2' weights[0]: 1.713452e-02 [2.396931e-05] 
Layer 'conv2' biases: 1.718082e-02 [1.605488e-06] 
Layer 'conv3' weights[0]: 1.456946e-02 [2.530868e-05] 
Layer 'conv3' biases: 4.319542e-02 [2.047468e-06] 
Layer 'fc128' weights[0]: 8.275485e-03 [2.032401e-05] 
Layer 'fc128' biases: 2.655037e-02 [5.096211e-06] 
Layer 'fc10' weights[0]: 3.793614e-02 [5.729721e-05] 
Layer 'fc10' biases: 2.419121e-01 [4.399809e-05] 
-------------------------------------------------------
Saved checkpoint to ./ConvNet__2014-10-11_14.08.05
======================================================= (3.165 sec)
epoch_cost: 0
22.1... logprob:  0.487159, 0.168300 (2.306 sec)
22.2... logprob:  0.513122, 0.172800 (2.312 sec)
22.3... logprob:  0.487631, 0.167800 (2.316 sec)
22.4... logprob:  0.486728, 0.162000 (2.306 sec)
22.5... logprob:  0.490617, 0.170600 (2.307 sec)
epoch_cost: 0
23.1... logprob:  0.473435, 0.160800 (2.306 sec)
23.2... logprob:  0.508807, 0.170700 (2.307 sec)
23.3... logprob:  0.474189, 0.160600 (2.306 sec)
23.4... logprob:  0.473860, 0.162400 (2.308 sec)
23.5... logprob:  0.476552, 0.163400 (2.307 sec)
epoch_cost: 0
24.1... logprob:  0.464338, 0.159400 (2.307 sec)
24.2... logprob:  0.489486, 0.166000 (2.302 sec)
24.3... logprob:  0.461977, 0.160100 (2.309 sec)
24.4... logprob:  0.466345, 0.157800 (2.307 sec)
24.5... logprob:  0.458754, 0.160200 
======================Test output======================
logprob:  0.820401, 0.254300 
------------------------------------------------------- 
Layer 'conv1' weights[0]: 5.224653e-02 [6.741252e-05] 
Layer 'conv1' biases: 1.399423e-02 [1.797421e-06] 
Layer 'conv2' weights[0]: 1.786110e-02 [2.227915e-05] 
Layer 'conv2' biases: 1.780560e-02 [1.230582e-06] 
Layer 'conv3' weights[0]: 1.519342e-02 [2.650492e-05] 
Layer 'conv3' biases: 4.406606e-02 [1.976317e-06] 
Layer 'fc128' weights[0]: 7.035532e-03 [2.172183e-05] 
Layer 'fc128' biases: 2.822432e-02 [4.992855e-06] 
Layer 'fc10' weights[0]: 3.862184e-02 [6.067742e-05] 
Layer 'fc10' biases: 2.592295e-01 [5.157735e-05] 
-------------------------------------------------------
Saved checkpoint to ./ConvNet__2014-10-11_14.08.05
======================================================= (3.170 sec)
epoch_cost: 0
25.1... logprob:  0.456877, 0.156000 (2.306 sec)
25.2... logprob:  0.480231, 0.162500 (2.307 sec)
25.3... logprob:  0.449455, 0.156100 (2.307 sec)
25.4... logprob:  0.464126, 0.157600 (2.306 sec)
25.5... logprob:  0.451810, 0.155000 (2.309 sec)
epoch_cost: 0
26.1... logprob:  0.450120, 0.155400 (2.308 sec)
26.2... logprob:  0.466201, 0.157600 (2.308 sec)
26.3... logprob:  0.451341, 0.154500 (2.306 sec)
26.4... logprob:  0.460345, 0.159000 (2.308 sec)
26.5... logprob:  0.448401, 0.155500 (2.309 sec)
epoch_cost: 0
27.1... logprob:  0.437511, 0.153900 (2.307 sec)
27.2... logprob:  0.452957, 0.154800 (2.308 sec)
27.3... logprob:  0.440079, 0.149200 (2.306 sec)
27.4... logprob:  0.441944, 0.151000 (2.306 sec)
27.5... logprob:  0.433647, 0.148400 
======================Test output======================
logprob:  0.781230, 0.244500 
------------------------------------------------------- 
Layer 'conv1' weights[0]: 5.485168e-02 [7.132067e-05] 
Layer 'conv1' biases: 1.471404e-02 [1.966489e-06] 
Layer 'conv2' weights[0]: 1.853874e-02 [1.955975e-05] 
Layer 'conv2' biases: 1.834155e-02 [1.335020e-06] 
Layer 'conv3' weights[0]: 1.578293e-02 [2.378797e-05] 
Layer 'conv3' biases: 4.478702e-02 [1.857967e-06] 
Layer 'fc128' weights[0]: 6.447760e-03 [2.068901e-05] 
Layer 'fc128' biases: 2.979902e-02 [3.920341e-06] 
Layer 'fc10' weights[0]: 3.910727e-02 [5.446564e-05] 
Layer 'fc10' biases: 2.757737e-01 [4.238014e-05] 
-------------------------------------------------------
Saved checkpoint to ./ConvNet__2014-10-11_14.08.05
======================================================= (3.167 sec)
epoch_cost: 0
28.1... logprob:  0.422889, 0.146900 (2.326 sec)
28.2... logprob:  0.434870, 0.148300 (2.308 sec)
28.3... logprob:  0.431416, 0.146800 (2.308 sec)
28.4... logprob:  0.443493, 0.151600 (2.305 sec)
28.5... logprob:  0.430665, 0.147700 (2.309 sec)
epoch_cost: 0
29.1... logprob:  0.418481, 0.145000 (2.306 sec)
29.2... logprob:  0.428774, 0.145500 (2.306 sec)
29.3... logprob:  0.421451, 0.141100 (2.306 sec)
29.4... logprob:  0.430340, 0.146900 (2.309 sec)
29.5... logprob:  0.415078, 0.145600 (2.306 sec)
epoch_cost: 0
30.1... logprob:  0.408279, 0.141800 (2.309 sec)
30.2... logprob:  0.417182, 0.147100 (2.321 sec)
30.3... logprob:  0.419914, 0.145000 (2.307 sec)
30.4... logprob:  0.424819, 0.146200 (2.307 sec)
30.5... logprob:  0.401998, 0.137100 
======================Test output======================
logprob:  0.769600, 0.245500 
------------------------------------------------------- 
Layer 'conv1' weights[0]: 5.721342e-02 [7.375803e-05] 
Layer 'conv1' biases: 1.540389e-02 [3.468241e-06] 
Layer 'conv2' weights[0]: 1.915698e-02 [2.859446e-05] 
Layer 'conv2' biases: 1.878125e-02 [2.007279e-06] 
Layer 'conv3' weights[0]: 1.633536e-02 [2.915749e-05] 
Layer 'conv3' biases: 4.537459e-02 [2.195583e-06] 
Layer 'fc128' weights[0]: 6.233862e-03 [2.473558e-05] 
Layer 'fc128' biases: 3.125439e-02 [5.674320e-06] 
Layer 'fc10' weights[0]: 3.963911e-02 [6.353777e-05] 
Layer 'fc10' biases: 2.915003e-01 [5.379559e-05] 
-------------------------------------------------------
Saved checkpoint to ./ConvNet__2014-10-11_14.08.05
======================================================= (3.165 sec)
epoch_cost: 0
31.1... logprob:  0.400778, 0.137700 (2.307 sec)
31.2... logprob:  0.409964, 0.141100 (2.307 sec)
31.3... logprob:  0.398047, 0.136400 (2.306 sec)
31.4... logprob:  0.399492, 0.139700 (2.307 sec)
31.5... logprob:  0.382495, 0.131400 (2.308 sec)
epoch_cost: 0
32.1... logprob:  0.382692, 0.129900 (2.307 sec)
32.2... logprob:  0.400449, 0.139000 (2.306 sec)
32.3... logprob:  0.376504, 0.128600 (2.307 sec)
32.4... logprob:  0.389192, 0.132200 (2.306 sec)
32.5... logprob:  0.372079, 0.127000 (2.308 sec)
epoch_cost: 0
33.1... logprob:  0.369135, 0.126200 (2.326 sec)
33.2... logprob:  0.388117, 0.135600 (2.306 sec)
33.3... logprob:  0.376461, 0.130600 (2.308 sec)
33.4... logprob:  0.387141, 0.132100 (2.307 sec)
33.5... logprob:  0.362930, 0.123600 
======================Test output======================
logprob:  0.753155, 0.244600 
------------------------------------------------------- 
Layer 'conv1' weights[0]: 5.934291e-02 [7.485158e-05] 
Layer 'conv1' biases: 1.600467e-02 [2.620516e-06] 
Layer 'conv2' weights[0]: 1.969810e-02 [2.479561e-05] 
Layer 'conv2' biases: 1.918375e-02 [1.585035e-06] 
Layer 'conv3' weights[0]: 1.683783e-02 [2.626286e-05] 
Layer 'conv3' biases: 4.586146e-02 [1.642884e-06] 
Layer 'fc128' weights[0]: 6.193309e-03 [2.392408e-05] 
Layer 'fc128' biases: 3.253918e-02 [4.772443e-06] 
Layer 'fc10' weights[0]: 4.034098e-02 [5.516279e-05] 
Layer 'fc10' biases: 3.055972e-01 [4.190356e-05] 
-------------------------------------------------------
Saved checkpoint to ./ConvNet__2014-10-11_14.08.05
======================================================= (3.164 sec)
epoch_cost: 0
34.1... logprob:  0.356010, 0.121900 (2.325 sec)
34.2... logprob:  0.389543, 0.133600 (2.310 sec)
34.3... logprob:  0.360723, 0.125300 (2.306 sec)
34.4... logprob:  0.371024, 0.128300 (2.306 sec)
34.5... logprob:  0.362177, 0.124500 (2.309 sec)
epoch_cost: 0
35.1... logprob:  0.346359, 0.116200 (2.303 sec)
35.2... logprob:  0.372044, 0.126200 (2.307 sec)
35.3... logprob:  0.340964, 0.117300 (2.307 sec)
35.4... logprob:  0.359133, 0.123700 (2.305 sec)
35.5... logprob:  0.346324, 0.118300 (2.309 sec)
epoch_cost: 0
36.1... logprob:  0.342109, 0.121700 (2.311 sec)
36.2... logprob:  0.358849, 0.123000 (2.325 sec)
36.3... logprob:  0.343719, 0.118500 (2.317 sec)
36.4... logprob:  0.357164, 0.125000 (2.323 sec)
36.5... logprob:  0.341018, 0.115000 
======================Test output======================
logprob:  0.785364, 0.260500 
------------------------------------------------------- 
Layer 'conv1' weights[0]: 6.125676e-02 [5.244575e-05] 
Layer 'conv1' biases: 1.653681e-02 [3.290798e-06] 
Layer 'conv2' weights[0]: 2.019124e-02 [2.681384e-05] 
Layer 'conv2' biases: 1.954628e-02 [1.781645e-06] 
Layer 'conv3' weights[0]: 1.731475e-02 [2.930776e-05] 
Layer 'conv3' biases: 4.629022e-02 [1.893919e-06] 
Layer 'fc128' weights[0]: 6.257418e-03 [2.726822e-05] 
Layer 'fc128' biases: 3.369860e-02 [5.558497e-06] 
Layer 'fc10' weights[0]: 4.096458e-02 [6.337143e-05] 
Layer 'fc10' biases: 3.182095e-01 [4.640035e-05] 
-------------------------------------------------------
Saved checkpoint to ./ConvNet__2014-10-11_14.08.05
======================================================= (3.170 sec)
epoch_cost: 0
37.1... logprob:  0.326751, 0.112200 (2.323 sec)
37.2... logprob:  0.349503, 0.117000 (2.321 sec)
37.3... logprob:  0.341633, 0.118300 (2.309 sec)
37.4... logprob:  0.344885, 0.120400 (2.308 sec)
37.5... logprob:  0.334130, 0.114600 (2.309 sec)
epoch_cost: 0
38.1... logprob:  0.319300, 0.111500 (2.307 sec)
38.2... logprob:  0.348413, 0.119300 (2.309 sec)
38.3... logprob:  0.322683, 0.108900 (2.307 sec)
38.4... logprob:  0.331352, 0.110900 (2.305 sec)
38.5... logprob:  0.327322, 0.113300 (2.307 sec)
epoch_cost: 0
39.1... logprob:  0.326190, 0.115400 (2.307 sec)
39.2... logprob:  0.366753, 0.128600 (2.308 sec)
39.3... logprob:  0.341177, 0.119400 (2.307 sec)
39.4... logprob:  0.333702, 0.114300 (2.317 sec)
39.5... logprob:  0.324177, 0.112600 
======================Test output======================
logprob:  0.867460, 0.292900 
------------------------------------------------------- 
Layer 'conv1' weights[0]: 6.293278e-02 [8.483588e-05] 
Layer 'conv1' biases: 1.702425e-02 [4.334436e-06] 
Layer 'conv2' weights[0]: 2.063675e-02 [3.442786e-05] 
Layer 'conv2' biases: 1.985974e-02 [2.256892e-06] 
Layer 'conv3' weights[0]: 1.775137e-02 [3.227713e-05] 
Layer 'conv3' biases: 4.666069e-02 [2.282837e-06] 
Layer 'fc128' weights[0]: 6.374623e-03 [2.748451e-05] 
Layer 'fc128' biases: 3.472764e-02 [6.027798e-06] 
Layer 'fc10' weights[0]: 4.147782e-02 [6.793643e-05] 
Layer 'fc10' biases: 3.303173e-01 [5.962141e-05] 
-------------------------------------------------------
Saved checkpoint to ./ConvNet__2014-10-11_14.08.05
======================================================= (3.165 sec)
epoch_cost: 0
40.1... logprob:  0.324579, 0.111100 (2.309 sec)
40.2... logprob:  0.340390, 0.117600 (2.307 sec)
40.3... logprob:  0.330001, 0.113500 (2.308 sec)
40.4... logprob:  0.308394, 0.105800 (2.325 sec)
40.5... logprob:  0.328951, 0.111600 (2.310 sec)
epoch_cost: 0
41.1... logprob:  0.311479, 0.108200 (2.306 sec)
41.2... logprob:  0.322789, 0.109800 (2.307 sec)
41.3... logprob:  0.322460, 0.111600 (2.306 sec)
41.4... logprob:  0.302482, 0.101700 (2.305 sec)
41.5... logprob:  0.312462, 0.104700 (2.308 sec)
epoch_cost: 0
42.1... logprob:  0.308997, 0.106000 (2.307 sec)
42.2... logprob:  0.322768, 0.110000 (2.305 sec)
42.3... logprob:  0.315485, 0.111400 (2.306 sec)
42.4... logprob:  0.303668, 0.101200 (2.306 sec)
42.5... logprob:  0.304735, 0.105500 
======================Test output======================
logprob:  0.780766, 0.261800 
------------------------------------------------------- 
Layer 'conv1' weights[0]: 6.450073e-02 [8.176672e-05] 
Layer 'conv1' biases: 1.745028e-02 [4.039056e-06] 
Layer 'conv2' weights[0]: 2.106123e-02 [3.478800e-05] 
Layer 'conv2' biases: 2.012639e-02 [2.158771e-06] 
Layer 'conv3' weights[0]: 1.817178e-02 [3.241899e-05] 
Layer 'conv3' biases: 4.698867e-02 [2.213037e-06] 
Layer 'fc128' weights[0]: 6.483293e-03 [2.751370e-05] 
Layer 'fc128' biases: 3.565420e-02 [5.658907e-06] 
Layer 'fc10' weights[0]: 4.217025e-02 [7.008250e-05] 
Layer 'fc10' biases: 3.405887e-01 [6.260640e-05] 
-------------------------------------------------------
Saved checkpoint to ./ConvNet__2014-10-11_14.08.05
======================================================= (3.164 sec)
epoch_cost: 0
43.1... logprob:  0.301494, 0.103500 (2.308 sec)
43.2... logprob:  0.305796, 0.105500 (2.308 sec)
43.3... logprob:  0.304283, 0.103300 (2.307 sec)
43.4... logprob:  0.296935, 0.098700 (2.305 sec)
43.5... logprob:  0.302232, 0.103500 (2.307 sec)
epoch_cost: 0
44.1... logprob:  0.296895, 0.105400 (2.307 sec)
44.2... logprob:  0.304032, 0.102800 (2.306 sec)
44.3... logprob:  0.299303, 0.102300 (2.307 sec)
44.4... logprob:  0.285745, 0.092200 (2.308 sec)
44.5... logprob:  0.291429, 0.099200 (2.307 sec)
epoch_cost: 0
45.1... logprob:  0.290944, 0.099400 (2.305 sec)
45.2... logprob:  0.301614, 0.104500 (2.307 sec)
45.3... logprob:  0.298012, 0.103400 (2.306 sec)
45.4... logprob:  0.279845, 0.095000 (2.306 sec)
45.5... logprob:  0.280346, 0.097100 
======================Test output======================
logprob:  0.737059, 0.244200 
------------------------------------------------------- 
Layer 'conv1' weights[0]: 6.598508e-02 [8.651352e-05] 
Layer 'conv1' biases: 1.790263e-02 [3.556043e-06] 
Layer 'conv2' weights[0]: 2.143511e-02 [3.478854e-05] 
Layer 'conv2' biases: 2.038306e-02 [1.887562e-06] 
Layer 'conv3' weights[0]: 1.855016e-02 [3.283854e-05] 
Layer 'conv3' biases: 4.731046e-02 [2.011673e-06] 
Layer 'fc128' weights[0]: 6.572342e-03 [2.990591e-05] 
Layer 'fc128' biases: 3.656770e-02 [6.239911e-06] 
Layer 'fc10' weights[0]: 4.264867e-02 [7.090226e-05] 
Layer 'fc10' biases: 3.506674e-01 [6.527008e-05] 
-------------------------------------------------------
Saved checkpoint to ./ConvNet__2014-10-11_14.08.05
======================================================= (3.165 sec)
epoch_cost: 0
46.1... logprob:  0.280111, 0.092900 (2.309 sec)
46.2... logprob:  0.295549, 0.102400 (2.314 sec)
46.3... logprob:  0.288840, 0.098400 (2.306 sec)
46.4... logprob:  0.272148, 0.091400 (2.306 sec)
46.5... logprob:  0.282120, 0.094600 (2.319 sec)
epoch_cost: 0
47.1... logprob:  0.278385, 0.095300 (2.325 sec)
47.2... logprob:  0.286398, 0.098300 (2.306 sec)
47.3... logprob:  0.281669, 0.095300 (2.305 sec)
47.4... logprob:  0.288816, 0.099000 (2.306 sec)
47.5... logprob:  0.280377, 0.094700 (2.306 sec)
epoch_cost: 0
48.1... logprob:  0.274039, 0.094500 (2.307 sec)
48.2... logprob:  0.290505, 0.103300 (2.308 sec)
48.3... logprob:  0.292501, 0.101500 (2.306 sec)
48.4... logprob:  0.275984, 0.093200 (2.306 sec)
48.5... logprob:  0.268757, 0.092400 
======================Test output======================
logprob:  0.761033, 0.259500 
------------------------------------------------------- 
Layer 'conv1' weights[0]: 6.734104e-02 [6.468634e-05] 
Layer 'conv1' biases: 1.834331e-02 [3.184403e-06] 
Layer 'conv2' weights[0]: 2.176773e-02 [3.786914e-05] 
Layer 'conv2' biases: 2.062549e-02 [2.137069e-06] 
Layer 'conv3' weights[0]: 1.889950e-02 [3.496891e-05] 
Layer 'conv3' biases: 4.760687e-02 [1.831858e-06] 
Layer 'fc128' weights[0]: 6.669679e-03 [3.286010e-05] 
Layer 'fc128' biases: 3.744221e-02 [6.212576e-06] 
Layer 'fc10' weights[0]: 4.293277e-02 [8.552137e-05] 
Layer 'fc10' biases: 3.602924e-01 [7.198726e-05] 
-------------------------------------------------------
Saved checkpoint to ./ConvNet__2014-10-11_14.08.05
======================================================= (3.182 sec)
epoch_cost: 0
49.1... logprob:  0.294027, 0.104900 (2.308 sec)
49.2... logprob:  0.290591, 0.100300 (2.316 sec)
49.3... logprob:  0.282787, 0.099400 (2.306 sec)
49.4... logprob:  0.260374, 0.089900 (2.315 sec)
49.5... logprob:  0.263686, 0.090300 (2.305 sec)
epoch_cost: 0
50.1... logprob:  0.290368, 0.101200 (2.316 sec)
50.2... logprob:  0.294944, 0.102300 (2.306 sec)
50.3... logprob:  0.268814, 0.092600 (2.307 sec)
50.4... logprob:  0.254021, 0.087800 (2.308 sec)
50.5... logprob:  0.259147, 0.088400 (2.305 sec)
epoch_cost: 0
51.1... logprob:  0.270002, 0.094500 (2.307 sec)
51.2... logprob:  0.285200, 0.098800 (2.307 sec)
51.3... logprob:  0.264129, 0.089900 (2.307 sec)
51.4... logprob:  0.255703, 0.087800 (2.306 sec)
51.5... logprob:  0.256409, 0.086600 
======================Test output======================
logprob:  0.734095, 0.241600 
------------------------------------------------------- 
Layer 'conv1' weights[0]: 6.852089e-02 [6.627902e-05] 
Layer 'conv1' biases: 1.873664e-02 [3.062205e-06] 
Layer 'conv2' weights[0]: 2.205173e-02 [2.604234e-05] 
Layer 'conv2' biases: 2.086522e-02 [1.120713e-06] 
Layer 'conv3' weights[0]: 1.921426e-02 [2.572039e-05] 
Layer 'conv3' biases: 4.787083e-02 [1.160466e-06] 
Layer 'fc128' weights[0]: 6.731966e-03 [2.691812e-05] 
Layer 'fc128' biases: 3.826186e-02 [4.650947e-06] 
Layer 'fc10' weights[0]: 4.300535e-02 [5.845499e-05] 
Layer 'fc10' biases: 3.694242e-01 [4.067375e-05] 
-------------------------------------------------------
Saved checkpoint to ./ConvNet__2014-10-11_14.08.05
======================================================= (3.163 sec)
epoch_cost: 0
52.1... logprob:  0.271374, 0.094200 (2.308 sec)
52.2... logprob:  0.276439, 0.094500 (2.305 sec)
52.3... logprob:  0.268343, 0.092500 (2.307 sec)
52.4... logprob:  0.254515, 0.089200 (2.306 sec)
52.5... logprob:  0.246415, 0.082300 (2.307 sec)
epoch_cost: 0
53.1... logprob:  0.253436, 0.084400 (2.307 sec)
53.2... logprob:  0.270379, 0.092700 (2.309 sec)
53.3... logprob:  0.244625, 0.081400 (2.307 sec)
53.4... logprob:  0.250800, 0.085800 (2.307 sec)
53.5... logprob:  0.244068, 0.082600 (2.305 sec)
epoch_cost: 0
54.1... logprob:  0.255060, 0.090600 (2.307 sec)
54.2... logprob:  0.273095, 0.092600 (2.306 sec)
54.3... logprob:  0.250208, 0.083500 (2.308 sec)
54.4... logprob:  0.261231, 0.092200 (2.305 sec)
54.5... logprob:  0.243762, 0.082000 
======================Test output======================
logprob:  0.708527, 0.234600 
------------------------------------------------------- 
Layer 'conv1' weights[0]: 6.960949e-02 [5.739210e-05] 
Layer 'conv1' biases: 1.911476e-02 [2.395579e-06] 
Layer 'conv2' weights[0]: 2.232819e-02 [2.114552e-05] 
Layer 'conv2' biases: 2.108478e-02 [8.926969e-07] 
Layer 'conv3' weights[0]: 1.949283e-02 [2.271662e-05] 
Layer 'conv3' biases: 4.812136e-02 [1.059550e-06] 
Layer 'fc128' weights[0]: 6.779714e-03 [2.409602e-05] 
Layer 'fc128' biases: 3.905614e-02 [3.589978e-06] 
Layer 'fc10' weights[0]: 4.330134e-02 [4.891794e-05] 
Layer 'fc10' biases: 3.789648e-01 [2.410874e-05] 
-------------------------------------------------------
Saved checkpoint to ./ConvNet__2014-10-11_14.08.05
======================================================= (3.163 sec)
epoch_cost: 0
55.1... logprob:  0.248294, 0.083700 (2.306 sec)
55.2... logprob:  0.268167, 0.093400 (2.306 sec)
55.3... logprob:  0.251326, 0.083900 (2.306 sec)
55.4... logprob:  0.250813, 0.086800 (2.306 sec)
55.5... logprob:  0.248125, 0.083200 (2.306 sec)
epoch_cost: 0
56.1... logprob:  0.247879, 0.084200 (2.307 sec)
56.2... logprob:  0.256761, 0.085200 (2.305 sec)
56.3... logprob:  0.245025, 0.080800 (2.307 sec)
56.4... logprob:  0.241444, 0.080500 (2.300 sec)
56.5... logprob:  0.244937, 0.084200 (2.305 sec)
epoch_cost: 0
57.1... logprob:  0.241432, 0.084900 (2.307 sec)
57.2... logprob:  0.245740, 0.085000 (2.307 sec)
57.3... logprob:  0.236109, 0.079100 (2.306 sec)
57.4... logprob:  0.240033, 0.082900 (2.306 sec)
57.5... logprob:  0.224897, 0.077400 
======================Test output======================
logprob:  0.730209, 0.242900 
------------------------------------------------------- 
Layer 'conv1' weights[0]: 7.058679e-02 [6.179195e-05] 
Layer 'conv1' biases: 1.945757e-02 [2.754126e-06] 
Layer 'conv2' weights[0]: 2.257398e-02 [2.365046e-05] 
Layer 'conv2' biases: 2.127954e-02 [1.148055e-06] 
Layer 'conv3' weights[0]: 1.976127e-02 [2.413072e-05] 
Layer 'conv3' biases: 4.833769e-02 [1.179533e-06] 
Layer 'fc128' weights[0]: 6.815295e-03 [2.358294e-05] 
Layer 'fc128' biases: 3.980104e-02 [3.288346e-06] 
Layer 'fc10' weights[0]: 4.351541e-02 [4.772190e-05] 
Layer 'fc10' biases: 3.883243e-01 [2.120176e-05] 
-------------------------------------------------------
Saved checkpoint to ./ConvNet__2014-10-11_14.08.05
======================================================= (3.162 sec)
epoch_cost: 0
58.1... logprob:  0.242177, 0.084600 (2.308 sec)
58.2... logprob:  0.252602, 0.084300 (2.305 sec)
58.3... logprob:  0.215179, 0.069300 (2.308 sec)
58.4... logprob:  0.225495, 0.075600 (2.315 sec)
58.5... logprob:  0.234590, 0.078400 (2.306 sec)
epoch_cost: 0
59.1... logprob:  0.230605, 0.079400 (2.307 sec)
59.2... logprob:  0.243947, 0.081400 (2.306 sec)
59.3... logprob:  0.218351, 0.071600 (2.307 sec)
59.4... logprob:  0.216369, 0.072300 (2.307 sec)
59.5... logprob:  0.230611, 0.077900 (2.307 sec)
epoch_cost: 0
60.1... logprob:  0.220594, 0.072300 (2.306 sec)
60.2... logprob:  0.241324, 0.080300 (2.312 sec)
60.3... logprob:  0.219163, 0.069600 (2.307 sec)
60.4... logprob:  0.224789, 0.072900 (2.306 sec)
60.5... logprob:  0.210934, 0.070100 
======================Test output======================
logprob:  0.708385, 0.236200 
------------------------------------------------------- 
Layer 'conv1' weights[0]: 7.149205e-02 [6.942157e-05] 
Layer 'conv1' biases: 1.985245e-02 [3.599722e-06] 
Layer 'conv2' weights[0]: 2.279634e-02 [2.722461e-05] 
Layer 'conv2' biases: 2.147434e-02 [1.334283e-06] 
Layer 'conv3' weights[0]: 1.998530e-02 [2.657051e-05] 
Layer 'conv3' biases: 4.854710e-02 [1.372946e-06] 
Layer 'fc128' weights[0]: 6.815460e-03 [2.700456e-05] 
Layer 'fc128' biases: 4.048459e-02 [4.532447e-06] 
Layer 'fc10' weights[0]: 4.344286e-02 [6.222449e-05] 
Layer 'fc10' biases: 3.969800e-01 [4.767362e-05] 
-------------------------------------------------------
Saved checkpoint to ./ConvNet__2014-10-11_14.08.05
======================================================= (3.157 sec)
epoch_cost: 0
61.1... logprob:  0.212514, 0.070800 (2.306 sec)
61.2... logprob:  0.231919, 0.077100 (2.306 sec)
61.3... logprob:  0.214335, 0.070700 (2.306 sec)
61.4... logprob:  0.213312, 0.070100 (2.306 sec)
61.5... logprob:  0.211617, 0.068700 (2.306 sec)
epoch_cost: 0
62.1... logprob:  0.215120, 0.073600 (2.306 sec)
62.2... logprob:  0.224317, 0.074500 (2.310 sec)
62.3... logprob:  0.215951, 0.071900 (2.317 sec)
62.4... logprob:  0.214445, 0.073500 (2.305 sec)
62.5... logprob:  0.217378, 0.073600 (2.309 sec)
epoch_cost: 0
63.1... logprob:  0.208357, 0.073100 (2.305 sec)
63.2... logprob:  0.244375, 0.082600 (2.306 sec)
63.3... logprob:  0.217289, 0.071500 (2.309 sec)
63.4... logprob:  0.208165, 0.068400 (2.307 sec)
63.5... logprob:  0.217799, 0.074200 
======================Test output======================
logprob:  0.735943, 0.245700 
------------------------------------------------------- 
Layer 'conv1' weights[0]: 7.225692e-02 [6.366401e-05] 
Layer 'conv1' biases: 2.022198e-02 [2.022246e-06] 
Layer 'conv2' weights[0]: 2.297736e-02 [2.459678e-05] 
Layer 'conv2' biases: 2.166129e-02 [1.066977e-06] 
Layer 'conv3' weights[0]: 2.018309e-02 [2.550054e-05] 
Layer 'conv3' biases: 4.874596e-02 [1.082734e-06] 
Layer 'fc128' weights[0]: 6.843737e-03 [2.629639e-05] 
Layer 'fc128' biases: 4.116134e-02 [3.731274e-06] 
Layer 'fc10' weights[0]: 4.341473e-02 [5.796157e-05] 
Layer 'fc10' biases: 4.049313e-01 [3.133495e-05] 
-------------------------------------------------------
Saved checkpoint to ./ConvNet__2014-10-11_14.08.05
======================================================= (3.162 sec)
epoch_cost: 0
64.1... logprob:  0.202300, 0.066800 (2.316 sec)
64.2... logprob:  0.222313, 0.074800 (2.308 sec)
64.3... logprob:  0.210038, 0.070200 (2.307 sec)
64.4... logprob:  0.203073, 0.065100 (2.305 sec)
64.5... logprob:  0.208443, 0.068000 (2.306 sec)
epoch_cost: 0
65.1... logprob:  0.203820, 0.069300 (2.313 sec)
65.2... logprob:  0.217741, 0.073300 (2.325 sec)
65.3... logprob:  0.199914, 0.065900 (2.308 sec)
65.4... logprob:  0.198456, 0.067500 (2.308 sec)
65.5... logprob:  0.204749, 0.068300 (2.308 sec)
epoch_cost: 0
66.1... logprob:  0.195468, 0.064700 (2.306 sec)
66.2... logprob:  0.213787, 0.072100 (2.306 sec)
66.3... logprob:  0.196667, 0.063700 (2.306 sec)
66.4... logprob:  0.194176, 0.065800 (2.305 sec)
66.5... logprob:  0.201934, 0.067000 
======================Test output======================
logprob:  0.720893, 0.237100 
------------------------------------------------------- 
Layer 'conv1' weights[0]: 7.308871e-02 [4.944817e-05] 
Layer 'conv1' biases: 2.059690e-02 [1.901177e-06] 
Layer 'conv2' weights[0]: 2.314749e-02 [2.762999e-05] 
Layer 'conv2' biases: 2.184628e-02 [1.287513e-06] 
Layer 'conv3' weights[0]: 2.035309e-02 [2.995401e-05] 
Layer 'conv3' biases: 4.893688e-02 [1.464579e-06] 
Layer 'fc128' weights[0]: 6.836172e-03 [3.013861e-05] 
Layer 'fc128' biases: 4.181550e-02 [5.268027e-06] 
Layer 'fc10' weights[0]: 4.357876e-02 [6.580292e-05] 
Layer 'fc10' biases: 4.130678e-01 [4.864822e-05] 
-------------------------------------------------------
Saved checkpoint to ./ConvNet__2014-10-11_14.08.05
======================================================= (3.165 sec)
epoch_cost: 0
67.1... logprob:  0.193912, 0.066000 (2.309 sec)
67.2... logprob:  0.210702, 0.068600 (2.307 sec)
67.3... logprob:  0.197500, 0.063900 (2.306 sec)
67.4... logprob:  0.199340, 0.065600 (2.309 sec)
67.5... logprob:  0.203498, 0.070700 (2.325 sec)
epoch_cost: 0
68.1... logprob:  0.203258, 0.068800 (2.307 sec)
68.2... logprob:  0.201426, 0.068700 (2.307 sec)
68.3... logprob:  0.201180, 0.064700 (2.307 sec)
68.4... logprob:  0.207672, 0.069100 (2.308 sec)
68.5... logprob:  0.204857, 0.068000 (2.308 sec)
epoch_cost: 0
69.1... logprob:  0.195914, 0.066800 (2.306 sec)
69.2... logprob:  0.211411, 0.070000 (2.307 sec)
69.3... logprob:  0.194910, 0.063900 (2.307 sec)
69.4... logprob:  0.203151, 0.067600 (2.323 sec)
69.5... logprob:  0.200663, 0.067000 
======================Test output======================
logprob:  0.717220, 0.235500 
------------------------------------------------------- 
Layer 'conv1' weights[0]: 7.364666e-02 [7.155304e-05] 
Layer 'conv1' biases: 2.093128e-02 [2.489353e-06] 
Layer 'conv2' weights[0]: 2.327622e-02 [3.340920e-05] 
Layer 'conv2' biases: 2.200519e-02 [1.657501e-06] 
Layer 'conv3' weights[0]: 2.052052e-02 [3.224163e-05] 
Layer 'conv3' biases: 4.910872e-02 [1.590001e-06] 
Layer 'fc128' weights[0]: 6.875799e-03 [3.201435e-05] 
Layer 'fc128' biases: 4.244792e-02 [5.587884e-06] 
Layer 'fc10' weights[0]: 4.373229e-02 [7.713122e-05] 
Layer 'fc10' biases: 4.207946e-01 [6.848588e-05] 
-------------------------------------------------------
Saved checkpoint to ./ConvNet__2014-10-11_14.08.05
======================================================= (3.181 sec)
epoch_cost: 0
70.1... logprob:  0.189171, 0.062700 (2.307 sec)
70.2... logprob:  0.205844, 0.069800 (2.308 sec)
70.3... logprob:  0.192575, 0.061600 (2.307 sec)
70.4... logprob:  0.205401, 0.067100 (2.307 sec)
70.5... logprob:  0.199539, 0.065900 (2.306 sec)
epoch_cost: 0
71.1... logprob:  0.203988, 0.068000 (2.307 sec)
71.2... logprob:  0.207414, 0.066000 (2.306 sec)
71.3... logprob:  0.193128, 0.063900 (2.306 sec)
71.4... logprob:  0.219639, 0.073800 (2.308 sec)
71.5... logprob:  0.214831, 0.074800 (2.307 sec)
epoch_cost: 0
72.1... logprob:  0.214741, 0.071000 (2.306 sec)
72.2... logprob:  0.198539, 0.065900 (2.307 sec)
72.3... logprob:  0.187643, 0.062000 (2.306 sec)
72.4... logprob:  0.207587, 0.069100 (2.306 sec)
72.5... logprob:  0.219842, 0.076600 
======================Test output======================
logprob:  0.695537, 0.226700 
------------------------------------------------------- 
Layer 'conv1' weights[0]: 7.416511e-02 [8.345986e-05] 
Layer 'conv1' biases: 2.132433e-02 [2.415279e-06] 
Layer 'conv2' weights[0]: 2.340630e-02 [3.699818e-05] 
Layer 'conv2' biases: 2.218110e-02 [1.867367e-06] 
Layer 'conv3' weights[0]: 2.069000e-02 [3.440614e-05] 
Layer 'conv3' biases: 4.927951e-02 [1.342059e-06] 
Layer 'fc128' weights[0]: 6.936460e-03 [3.204097e-05] 
Layer 'fc128' biases: 4.309133e-02 [5.195552e-06] 
Layer 'fc10' weights[0]: 4.366945e-02 [6.909858e-05] 
Layer 'fc10' biases: 4.287206e-01 [4.165434e-05] 
-------------------------------------------------------
Saved checkpoint to ./ConvNet__2014-10-11_14.08.05
======================================================= (3.163 sec)
epoch_cost: 0
73.1... logprob:  0.211469, 0.072800 (2.308 sec)
73.2... logprob:  0.203717, 0.067700 (2.306 sec)
73.3... logprob:  0.201454, 0.067900 (2.306 sec)
73.4... logprob:  0.199591, 0.066400 (2.308 sec)
73.5... logprob:  0.209552, 0.070100 (2.306 sec)
epoch_cost: 0
74.1... logprob:  0.197309, 0.067800 (2.308 sec)
74.2... logprob:  0.196627, 0.064200 (2.308 sec)
74.3... logprob:  0.199814, 0.066600 (2.307 sec)
74.4... logprob:  0.197685, 0.066400 (2.306 sec)
74.5... logprob:  0.189052, 0.064100 (2.305 sec)
epoch_cost: 0
75.1... logprob:  0.192690, 0.065500 (2.307 sec)
75.2... logprob:  0.205169, 0.068100 (2.306 sec)
75.3... logprob:  0.193284, 0.064600 (2.307 sec)
75.4... logprob:  0.199356, 0.065900 (2.307 sec)
75.5... logprob:  0.191993, 0.061700 
======================Test output======================
logprob:  0.696083, 0.226800 
------------------------------------------------------- 
Layer 'conv1' weights[0]: 7.461839e-02 [5.003024e-05] 
Layer 'conv1' biases: 2.167564e-02 [1.720516e-06] 
Layer 'conv2' weights[0]: 2.352258e-02 [2.354961e-05] 
Layer 'conv2' biases: 2.233346e-02 [1.057850e-06] 
Layer 'conv3' weights[0]: 2.083521e-02 [2.547003e-05] 
Layer 'conv3' biases: 4.943389e-02 [1.019105e-06] 
Layer 'fc128' weights[0]: 6.943398e-03 [2.578847e-05] 
Layer 'fc128' biases: 4.370689e-02 [3.842123e-06] 
Layer 'fc10' weights[0]: 4.376081e-02 [6.162208e-05] 
Layer 'fc10' biases: 4.357603e-01 [3.663444e-05] 
-------------------------------------------------------
Saved checkpoint to ./ConvNet__2014-10-11_14.08.05
======================================================= (3.165 sec)
epoch_cost: 0
76.1... logprob:  0.193256, 0.066000 (2.307 sec)
76.2... logprob:  0.201322, 0.066100 (2.314 sec)
76.3... logprob:  0.184257, 0.061700 (2.307 sec)
76.4... logprob:  0.187001, 0.060200 (2.307 sec)
76.5... logprob:  0.192304, 0.062400 (2.306 sec)
epoch_cost: 0
77.1... logprob:  0.185173, 0.061700 (2.321 sec)
77.2... logprob:  0.194503, 0.066500 (2.307 sec)
77.3... logprob:  0.189660, 0.062900 (2.306 sec)
77.4... logprob:  0.190574, 0.062100 (2.307 sec)
77.5... logprob:  0.192113, 0.063200 (2.307 sec)
epoch_cost: 0
78.1... logprob:  0.191294, 0.064700 (2.308 sec)
78.2... logprob:  0.214225, 0.075700 (2.307 sec)
78.3... logprob:  0.182038, 0.057500 (2.307 sec)
78.4... logprob:  0.188968, 0.060600 (2.324 sec)
78.5... logprob:  0.182715, 0.060100 
======================Test output======================
logprob:  0.700965, 0.233100 
------------------------------------------------------- 
Layer 'conv1' weights[0]: 7.513135e-02 [4.865778e-05] 
Layer 'conv1' biases: 2.201504e-02 [3.178056e-06] 
Layer 'conv2' weights[0]: 2.361963e-02 [3.279738e-05] 
Layer 'conv2' biases: 2.247651e-02 [1.420034e-06] 
Layer 'conv3' weights[0]: 2.096661e-02 [3.014581e-05] 
Layer 'conv3' biases: 4.959188e-02 [1.176903e-06] 
Layer 'fc128' weights[0]: 6.933145e-03 [3.056758e-05] 
Layer 'fc128' biases: 4.431770e-02 [5.280863e-06] 
Layer 'fc10' weights[0]: 4.375573e-02 [6.203177e-05] 
Layer 'fc10' biases: 4.431591e-01 [4.557078e-05] 
-------------------------------------------------------
Saved checkpoint to ./ConvNet__2014-10-11_14.08.05
======================================================= (3.186 sec)
epoch_cost: 0
79.1... logprob:  0.187050, 0.065700 (2.328 sec)
79.2... logprob:  0.182922, 0.059700 (2.307 sec)
79.3... logprob:  0.170150, 0.053000 (2.325 sec)
79.4... logprob:  0.194803, 0.064600 (2.306 sec)
79.5... logprob:  0.194232, 0.062500 (2.305 sec)
epoch_cost: 0
80.1... logprob:  0.192615, 0.063500 (2.308 sec)
80.2... logprob:  0.201502, 0.068800 (2.305 sec)
80.3... logprob:  0.176296, 0.057000 (2.307 sec)
80.4... logprob:  0.181725, 0.059900 (2.306 sec)
80.5... logprob:  0.181861, 0.058500 (2.307 sec)
epoch_cost: 0
81.1... logprob:  0.178922, 0.057700 (2.307 sec)
81.2... logprob:  0.185168, 0.059000 (2.307 sec)
81.3... logprob:  0.171955, 0.057400 (2.307 sec)
81.4... logprob:  0.192118, 0.062700 (2.307 sec)
81.5... logprob:  0.178906, 0.059700 
======================Test output======================
logprob:  0.704492, 0.229100 
------------------------------------------------------- 
Layer 'conv1' weights[0]: 7.559078e-02 [6.430908e-05] 
Layer 'conv1' biases: 2.231942e-02 [2.337703e-06] 
Layer 'conv2' weights[0]: 2.372336e-02 [2.672378e-05] 
Layer 'conv2' biases: 2.259890e-02 [1.105275e-06] 
Layer 'conv3' weights[0]: 2.107992e-02 [2.934025e-05] 
Layer 'conv3' biases: 4.974505e-02 [9.402286e-07] 
Layer 'fc128' weights[0]: 6.916538e-03 [2.992382e-05] 
Layer 'fc128' biases: 4.487656e-02 [4.444982e-06] 
Layer 'fc10' weights[0]: 4.383896e-02 [6.507117e-05] 
Layer 'fc10' biases: 4.496498e-01 [4.052204e-05] 
-------------------------------------------------------
Saved checkpoint to ./ConvNet__2014-10-11_14.08.05
======================================================= (3.159 sec)
epoch_cost: 0
82.1... logprob:  0.185115, 0.061600 (2.310 sec)
82.2... logprob:  0.182862, 0.059000 (2.307 sec)
82.3... logprob:  0.169426, 0.054400 (2.309 sec)
82.4... logprob:  0.185181, 0.061800 (2.323 sec)
82.5... logprob:  0.187875, 0.061200 (2.314 sec)
epoch_cost: 0
83.1... logprob:  0.184767, 0.059000 (2.305 sec)
83.2... logprob:  0.177877, 0.058000 (2.306 sec)
83.3... logprob:  0.161377, 0.051100 (2.307 sec)
83.4... logprob:  0.188794, 0.064100 (2.307 sec)
83.5... logprob:  0.188354, 0.061300 (2.306 sec)
epoch_cost: 0
84.1... logprob:  0.179129, 0.062500 (2.307 sec)
84.2... logprob:  0.179087, 0.058400 (2.306 sec)
84.3... logprob:  0.161727, 0.053100 (2.306 sec)
84.4... logprob:  0.195534, 0.065200 (2.307 sec)
84.5... logprob:  0.182143, 0.060600 
======================Test output======================
logprob:  0.689388, 0.225700 
------------------------------------------------------- 
Layer 'conv1' weights[0]: 7.596973e-02 [6.675466e-05] 
Layer 'conv1' biases: 2.261148e-02 [3.055361e-06] 
Layer 'conv2' weights[0]: 2.380343e-02 [3.211858e-05] 
Layer 'conv2' biases: 2.273518e-02 [1.511680e-06] 
Layer 'conv3' weights[0]: 2.117497e-02 [3.557430e-05] 
Layer 'conv3' biases: 4.989891e-02 [1.460192e-06] 
Layer 'fc128' weights[0]: 6.903018e-03 [3.576298e-05] 
Layer 'fc128' biases: 4.543163e-02 [5.036030e-06] 
Layer 'fc10' weights[0]: 4.362964e-02 [8.330140e-05] 
Layer 'fc10' biases: 4.560010e-01 [5.393032e-05] 
-------------------------------------------------------
Saved checkpoint to ./ConvNet__2014-10-11_14.08.05
======================================================= (3.164 sec)
epoch_cost: 0
85.1... logprob:  0.182347, 0.060600 (2.306 sec)
85.2... logprob:  0.175925, 0.057300 (2.304 sec)
85.3... logprob:  0.164633, 0.052600 (2.305 sec)
85.4... logprob:  0.173051, 0.056700 (2.307 sec)
85.5... logprob:  0.184256, 0.063200 (2.305 sec)
epoch_cost: 0
86.1... logprob:  0.181249, 0.058100 (2.307 sec)
86.2... logprob:  0.186713, 0.064200 (2.305 sec)
86.3... logprob:  0.162065, 0.051700 (2.308 sec)
86.4... logprob:  0.169857, 0.052200 (2.306 sec)
86.5... logprob:  0.174482, 0.055800 (2.306 sec)
epoch_cost: 0
87.1... logprob:  0.169555, 0.055900 (2.308 sec)
87.2... logprob:  0.180639, 0.062600 (2.306 sec)
87.3... logprob:  0.160161, 0.049900 (2.308 sec)
87.4... logprob:  0.163268, 0.052900 (2.318 sec)
87.5... logprob:  0.170120, 0.054600 
======================Test output======================
logprob:  0.688854, 0.229700 
------------------------------------------------------- 
Layer 'conv1' weights[0]: 7.632899e-02 [5.120563e-05] 
Layer 'conv1' biases: 2.288473e-02 [2.883809e-06] 
Layer 'conv2' weights[0]: 2.386406e-02 [2.329894e-05] 
Layer 'conv2' biases: 2.285526e-02 [9.377839e-07] 
Layer 'conv3' weights[0]: 2.125558e-02 [2.687366e-05] 
Layer 'conv3' biases: 5.004229e-02 [9.244409e-07] 
Layer 'fc128' weights[0]: 6.867355e-03 [2.750149e-05] 
Layer 'fc128' biases: 4.593240e-02 [4.193833e-06] 
Layer 'fc10' weights[0]: 4.358553e-02 [5.873143e-05] 
Layer 'fc10' biases: 4.623245e-01 [4.490413e-05] 
-------------------------------------------------------
Saved checkpoint to ./ConvNet__2014-10-11_14.08.05
======================================================= (3.181 sec)
epoch_cost: 0
88.1... logprob:  0.174826, 0.059200 (2.326 sec)
88.2... logprob:  0.176644, 0.058300 (2.323 sec)
88.3... logprob:  0.171588, 0.057100 (2.306 sec)
88.4... logprob:  0.169476, 0.052700 (2.307 sec)
88.5... logprob:  0.155072, 0.048700 (2.306 sec)
epoch_cost: 0
89.1... logprob:  0.164225, 0.054000 (2.306 sec)
89.2... logprob:  0.170095, 0.054500 (2.323 sec)
89.3... logprob:  0.169712, 0.055400 (2.308 sec)
89.4... logprob:  0.181012, 0.057500 (2.307 sec)
89.5... logprob:  0.149741, 0.044900 (2.309 sec)
epoch_cost: 0
90.1... logprob:  0.176078, 0.058900 (2.306 sec)
90.2... logprob:  0.171361, 0.053900 (2.307 sec)
90.3... logprob:  0.164266, 0.053400 (2.306 sec)
90.4... logprob:  0.175113, 0.056200 (2.306 sec)
90.5... logprob:  0.162352, 0.052700 
======================Test output======================
logprob:  0.713190, 0.235000 
------------------------------------------------------- 
Layer 'conv1' weights[0]: 7.666399e-02 [3.642584e-05] 
Layer 'conv1' biases: 2.312986e-02 [1.709495e-06] 
Layer 'conv2' weights[0]: 2.390917e-02 [1.917322e-05] 
Layer 'conv2' biases: 2.298201e-02 [8.074196e-07] 
Layer 'conv3' weights[0]: 2.131190e-02 [2.300731e-05] 
Layer 'conv3' biases: 5.018248e-02 [7.549532e-07] 
Layer 'fc128' weights[0]: 6.829233e-03 [2.488060e-05] 
Layer 'fc128' biases: 4.643787e-02 [3.280162e-06] 
Layer 'fc10' weights[0]: 4.344237e-02 [5.836560e-05] 
Layer 'fc10' biases: 4.685797e-01 [3.803799e-05] 
-------------------------------------------------------
Saved checkpoint to ./ConvNet__2014-10-11_14.08.05
======================================================= (3.163 sec)
epoch_cost: 0
91.1... logprob:  0.168620, 0.054800 (2.309 sec)
91.2... logprob:  0.170763, 0.054000 (2.308 sec)
91.3... logprob:  0.162338, 0.049800 (2.308 sec)
91.4... logprob:  0.168842, 0.056900 (2.311 sec)
91.5... logprob:  0.152781, 0.047600 (2.308 sec)
epoch_cost: 0
92.1... logprob:  0.166910, 0.055300 (2.316 sec)
92.2... logprob:  0.176347, 0.057100 (2.307 sec)
92.3... logprob:  0.162689, 0.051800 (2.308 sec)
92.4... logprob:  0.163464, 0.050700 (2.306 sec)
92.5... logprob:  0.153558, 0.047800 (2.307 sec)
epoch_cost: 0
93.1... logprob:  0.163857, 0.054200 (2.306 sec)
93.2... logprob:  0.163423, 0.050400 (2.307 sec)
93.3... logprob:  0.148598, 0.044500 (2.317 sec)
93.4... logprob:  0.153381, 0.049700 (2.324 sec)
93.5... logprob:  0.147185, 0.046100 
======================Test output======================
logprob:  0.690517, 0.229400 
------------------------------------------------------- 
Layer 'conv1' weights[0]: 7.709760e-02 [3.516468e-05] 
Layer 'conv1' biases: 2.335281e-02 [1.354450e-06] 
Layer 'conv2' weights[0]: 2.393937e-02 [2.127482e-05] 
Layer 'conv2' biases: 2.310088e-02 [8.384953e-07] 
Layer 'conv3' weights[0]: 2.134766e-02 [2.112713e-05] 
Layer 'conv3' biases: 5.032453e-02 [6.458750e-07] 
Layer 'fc128' weights[0]: 6.779903e-03 [2.322920e-05] 
Layer 'fc128' biases: 4.693026e-02 [2.684152e-06] 
Layer 'fc10' weights[0]: 4.352390e-02 [4.661835e-05] 
Layer 'fc10' biases: 4.747177e-01 [2.397657e-05] 
-------------------------------------------------------
Saved checkpoint to ./ConvNet__2014-10-11_14.08.05
======================================================= (3.159 sec)
epoch_cost: 0
94.1... logprob:  0.153255, 0.049400 (2.308 sec)
94.2... logprob:  0.160003, 0.048900 (2.305 sec)
94.3... logprob:  0.161088, 0.051600 (2.307 sec)
94.4... logprob:  0.164979, 0.050900 (2.307 sec)
94.5... logprob:  0.152721, 0.047200 (2.306 sec)
epoch_cost: 0
95.1... logprob:  0.159537, 0.051100 (2.307 sec)
95.2... logprob:  0.162983, 0.049700 (2.306 sec)
95.3... logprob:  0.161046, 0.051400 (2.309 sec)
95.4... logprob:  0.169846, 0.052900 (2.306 sec)
95.5... logprob:  0.147775, 0.046900 (2.307 sec)
epoch_cost: 0
96.1... logprob:  0.164243, 0.054400 (2.316 sec)
96.2... logprob:  0.153498, 0.044900 (2.308 sec)
96.3... logprob:  0.159145, 0.048800 (2.313 sec)
96.4... logprob:  0.174647, 0.056600 (2.318 sec)
96.5... logprob:  0.167372, 0.054200 
======================Test output======================
logprob:  0.720797, 0.241100 
------------------------------------------------------- 
Layer 'conv1' weights[0]: 7.730991e-02 [6.280878e-05] 
Layer 'conv1' biases: 2.361465e-02 [2.453510e-06] 
Layer 'conv2' weights[0]: 2.397135e-02 [2.390030e-05] 
Layer 'conv2' biases: 2.322192e-02 [1.042590e-06] 
Layer 'conv3' weights[0]: 2.139080e-02 [2.786894e-05] 
Layer 'conv3' biases: 5.045463e-02 [1.194831e-06] 
Layer 'fc128' weights[0]: 6.788008e-03 [2.756647e-05] 
Layer 'fc128' biases: 4.741416e-02 [3.795522e-06] 
Layer 'fc10' weights[0]: 4.348560e-02 [5.683996e-05] 
Layer 'fc10' biases: 4.805258e-01 [3.674358e-05] 
-------------------------------------------------------
Saved checkpoint to ./ConvNet__2014-10-11_14.08.05
======================================================= (3.165 sec)
epoch_cost: 0
97.1... logprob:  0.164199, 0.052900 (2.307 sec)
97.2... logprob:  0.159612, 0.050800 (2.305 sec)
97.3... logprob:  0.165196, 0.053000 (2.306 sec)
97.4... logprob:  0.166212, 0.052900 (2.307 sec)
97.5... logprob:  0.155469, 0.049600 (2.306 sec)
epoch_cost: 0
98.1... logprob:  0.160193, 0.053200 (2.307 sec)
98.2... logprob:  0.159074, 0.053000 (2.305 sec)
98.3... logprob:  0.161405, 0.052900 (2.307 sec)
98.4... logprob:  0.156515, 0.049000 (2.305 sec)
98.5... logprob:  0.156960, 0.050100 (2.310 sec)
epoch_cost: 0
99.1... logprob:  0.149809, 0.046700 (2.310 sec)
99.2... logprob:  0.153605, 0.047300 (2.309 sec)
99.3... logprob:  0.148215, 0.048500 (2.307 sec)
99.4... logprob:  0.166027, 0.053800 (2.306 sec)
99.5... logprob:  0.155489, 0.051100 
======================Test output======================
logprob:  0.697434, 0.231300 
------------------------------------------------------- 
Layer 'conv1' weights[0]: 7.754625e-02 [4.276789e-05] 
Layer 'conv1' biases: 2.383660e-02 [6.660215e-07] 
Layer 'conv2' weights[0]: 2.399049e-02 [1.783676e-05] 
Layer 'conv2' biases: 2.334099e-02 [6.341854e-07] 
Layer 'conv3' weights[0]: 2.142271e-02 [2.494624e-05] 
Layer 'conv3' biases: 5.058677e-02 [9.490805e-07] 
Layer 'fc128' weights[0]: 6.762105e-03 [2.746423e-05] 
Layer 'fc128' biases: 4.788509e-02 [4.083607e-06] 
Layer 'fc10' weights[0]: 4.333758e-02 [5.498350e-05] 
Layer 'fc10' biases: 4.864863e-01 [3.416443e-05] 
-------------------------------------------------------
Saved checkpoint to ./ConvNet__2014-10-11_14.08.05
======================================================= (3.163 sec)
epoch_cost: 0
100.1... logprob:  0.156116, 0.048400 (2.324 sec)
100.2... logprob:  0.159383, 0.050400 (2.314 sec)
100.3... logprob:  0.148345, 0.048800 (2.307 sec)
100.4... logprob:  0.159995, 0.051500 (2.306 sec)
100.5... logprob:  0.144000, 0.045000 (2.315 sec)
epoch_cost: 0
101.1... logprob:  0.172822, 0.055400 (2.307 sec)
101.2... logprob:  0.172450, 0.055600 (2.305 sec)
101.3... logprob:  0.160712, 0.051900 (2.308 sec)
101.4... logprob:  0.162420, 0.053000 (2.307 sec)
101.5... logprob:  0.151716, 0.048200 (2.307 sec)
epoch_cost: 0
102.1... logprob:  0.156986, 0.050800 (2.309 sec)
102.2... logprob:  0.155148, 0.048800 (2.308 sec)
102.3... logprob:  0.153976, 0.048300 (2.306 sec)
102.4... logprob:  0.160964, 0.052100 (2.305 sec)
102.5... logprob:  0.156044, 0.049100 
======================Test output======================
logprob:  0.701297, 0.232100 
------------------------------------------------------- 
Layer 'conv1' weights[0]: 7.760850e-02 [3.565419e-05] 
Layer 'conv1' biases: 2.405447e-02 [2.031034e-06] 
Layer 'conv2' weights[0]: 2.397776e-02 [2.971813e-05] 
Layer 'conv2' biases: 2.345680e-02 [1.330664e-06] 
Layer 'conv3' weights[0]: 2.144267e-02 [2.597144e-05] 
Layer 'conv3' biases: 5.070937e-02 [7.962428e-07] 
Layer 'fc128' weights[0]: 6.750216e-03 [2.715489e-05] 
Layer 'fc128' biases: 4.832266e-02 [2.972284e-06] 
Layer 'fc10' weights[0]: 4.327612e-02 [5.521036e-05] 
Layer 'fc10' biases: 4.919406e-01 [2.079053e-05] 
-------------------------------------------------------
Saved checkpoint to ./ConvNet__2014-10-11_14.08.05
======================================================= (3.164 sec)
epoch_cost: 0
103.1... logprob:  0.156982, 0.049400 (2.307 sec)
103.2... logprob:  0.147934, 0.044700 (2.306 sec)
103.3... logprob:  0.145266, 0.046300 (2.306 sec)
103.4... logprob:  0.155216, 0.048300 (2.307 sec)
103.5... logprob:  0.155564, 0.049900 (2.323 sec)
epoch_cost: 0
104.1... logprob:  0.158246, 0.052200 (2.325 sec)
104.2... logprob:  0.164753, 0.053300 (2.307 sec)
104.3... logprob:  0.154676, 0.048600 (2.308 sec)
104.4... logprob:  0.152910, 0.049000 (2.307 sec)
104.5... logprob:  0.152888, 0.046800 (2.308 sec)
epoch_cost: 0
105.1... logprob:  0.146304, 0.044500 (2.320 sec)
105.2... logprob:  0.163239, 0.052000 (2.307 sec)
105.3... logprob:  0.159066, 0.053400 (2.307 sec)
105.4... logprob:  0.141642, 0.043400 (2.307 sec)
105.5... logprob:  0.134995, 0.039700 
======================Test output======================
logprob:  0.683586, 0.225800 
------------------------------------------------------- 
Layer 'conv1' weights[0]: 7.781830e-02 [5.183236e-05] 
Layer 'conv1' biases: 2.431645e-02 [2.282273e-06] 
Layer 'conv2' weights[0]: 2.398355e-02 [2.802931e-05] 
Layer 'conv2' biases: 2.357781e-02 [1.192562e-06] 
Layer 'conv3' weights[0]: 2.144987e-02 [2.690257e-05] 
Layer 'conv3' biases: 5.083868e-02 [1.036636e-06] 
Layer 'fc128' weights[0]: 6.697078e-03 [2.832337e-05] 
Layer 'fc128' biases: 4.877423e-02 [3.419289e-06] 
Layer 'fc10' weights[0]: 4.322578e-02 [5.452308e-05] 
Layer 'fc10' biases: 4.972445e-01 [3.002463e-05] 
-------------------------------------------------------
Saved checkpoint to ./ConvNet__2014-10-11_14.08.05
======================================================= (3.165 sec)
epoch_cost: 0
106.1... logprob:  0.154695, 0.051100 (2.308 sec)
106.2... logprob:  0.153074, 0.045500 (2.306 sec)
106.3... logprob:  0.153451, 0.049700 (2.306 sec)
106.4... logprob:  0.149322, 0.045000 (2.307 sec)
106.5... logprob:  0.143329, 0.045400 (2.306 sec)
epoch_cost: 0
107.1... logprob:  0.142707, 0.044700 (2.307 sec)
107.2... logprob:  0.154596, 0.049300 (2.306 sec)
107.3... logprob:  0.168366, 0.052400 (2.308 sec)
107.4... logprob:  0.152786, 0.046500 (2.306 sec)
107.5... logprob:  0.134793, 0.038500 (2.323 sec)
epoch_cost: 0
108.1... logprob:  0.145805, 0.046200 (2.325 sec)
108.2... logprob:  0.148563, 0.048200 (2.324 sec)
108.3... logprob:  0.139637, 0.041500 (2.308 sec)
108.4... logprob:  0.149779, 0.047700 (2.305 sec)
108.5... logprob:  0.135377, 0.041500 
======================Test output======================
logprob:  0.697104, 0.230300 
------------------------------------------------------- 
Layer 'conv1' weights[0]: 7.797532e-02 [3.825674e-05] 
Layer 'conv1' biases: 2.453701e-02 [1.445156e-06] 
Layer 'conv2' weights[0]: 2.398110e-02 [2.109087e-05] 
Layer 'conv2' biases: 2.368707e-02 [7.520533e-07] 
Layer 'conv3' weights[0]: 2.145480e-02 [2.462515e-05] 
Layer 'conv3' biases: 5.096142e-02 [7.274657e-07] 
Layer 'fc128' weights[0]: 6.663936e-03 [2.712817e-05] 
Layer 'fc128' biases: 4.920761e-02 [3.035954e-06] 
Layer 'fc10' weights[0]: 4.325647e-02 [5.031921e-05] 
Layer 'fc10' biases: 5.022570e-01 [1.402184e-05] 
-------------------------------------------------------
Saved checkpoint to ./ConvNet__2014-10-11_14.08.05
======================================================= (3.165 sec)
epoch_cost: 0
109.1... logprob:  0.145959, 0.046500 (2.308 sec)
109.2... logprob:  0.154684, 0.049700 (2.306 sec)
109.3... logprob:  0.142935, 0.044200 (2.305 sec)
109.4... logprob:  0.150781, 0.049100 (2.307 sec)
109.5... logprob:  0.132320, 0.040000 (2.307 sec)
epoch_cost: 0
110.1... logprob:  0.145291, 0.045900 (2.307 sec)
110.2... logprob:  0.167940, 0.055200 (2.325 sec)
110.3... logprob:  0.153783, 0.049300 (2.313 sec)
110.4... logprob:  0.161073, 0.052000 (2.307 sec)
110.5... logprob:  0.145749, 0.046500 (2.306 sec)
epoch_cost: 0
111.1... logprob:  0.150093, 0.047100 (2.308 sec)
111.2... logprob:  0.154075, 0.048800 (2.299 sec)
111.3... logprob:  0.153775, 0.049900 (2.309 sec)
111.4... logprob:  0.161678, 0.052100 (2.324 sec)
111.5... logprob:  0.157336, 0.048100 
======================Test output======================
logprob:  0.674412, 0.223500 
------------------------------------------------------- 
Layer 'conv1' weights[0]: 7.804335e-02 [3.346712e-05] 
Layer 'conv1' biases: 2.476271e-02 [1.958449e-06] 
Layer 'conv2' weights[0]: 2.397583e-02 [2.029991e-05] 
Layer 'conv2' biases: 2.379506e-02 [8.224107e-07] 
Layer 'conv3' weights[0]: 2.147906e-02 [2.240598e-05] 
Layer 'conv3' biases: 5.108017e-02 [7.487939e-07] 
Layer 'fc128' weights[0]: 6.707072e-03 [2.408421e-05] 
Layer 'fc128' biases: 4.962726e-02 [2.809830e-06] 
Layer 'fc10' weights[0]: 4.310049e-02 [4.531862e-05] 
Layer 'fc10' biases: 5.073575e-01 [2.235039e-05] 
-------------------------------------------------------
Saved checkpoint to ./ConvNet__2014-10-11_14.08.05
======================================================= (3.165 sec)
epoch_cost: 0
112.1... logprob:  0.153427, 0.049000 (2.308 sec)
112.2... logprob:  0.155226, 0.050900 (2.306 sec)
112.3... logprob:  0.149521, 0.047800 (2.306 sec)
112.4... logprob:  0.157339, 0.050000 (2.305 sec)
112.5... logprob:  0.145620, 0.045200 (2.307 sec)
epoch_cost: 0
113.1... logprob:  0.148951, 0.047700 (2.307 sec)
113.2... logprob:  0.146618, 0.043700 (2.325 sec)
113.3... logprob:  0.147851, 0.045700 (2.309 sec)
113.4... logprob:  0.152960, 0.049300 (2.305 sec)
113.5... logprob:  0.146617, 0.045600 (2.307 sec)
epoch_cost: 0
114.1... logprob:  0.152492, 0.050200 (2.307 sec)
114.2... logprob:  0.156624, 0.049900 (2.309 sec)
114.3... logprob:  0.163269, 0.055600 (2.323 sec)
114.4... logprob:  0.147557, 0.046600 (2.307 sec)
114.5... logprob:  0.142911, 0.042400 
======================Test output======================
logprob:  0.709285, 0.235700 
------------------------------------------------------- 
Layer 'conv1' weights[0]: 7.816502e-02 [5.299304e-05] 
Layer 'conv1' biases: 2.505446e-02 [2.675185e-06] 
Layer 'conv2' weights[0]: 2.397798e-02 [2.840616e-05] 
Layer 'conv2' biases: 2.390964e-02 [1.280920e-06] 
Layer 'conv3' weights[0]: 2.149548e-02 [3.285338e-05] 
Layer 'conv3' biases: 5.120880e-02 [1.290052e-06] 
Layer 'fc128' weights[0]: 6.696279e-03 [3.474507e-05] 
Layer 'fc128' biases: 5.006393e-02 [4.852858e-06] 
Layer 'fc10' weights[0]: 4.318973e-02 [7.376040e-05] 
Layer 'fc10' biases: 5.124353e-01 [4.710920e-05] 
-------------------------------------------------------
Saved checkpoint to ./ConvNet__2014-10-11_14.08.05
======================================================= (3.170 sec)
epoch_cost: 0
115.1... logprob:  0.154525, 0.051100 (2.325 sec)
115.2... logprob:  0.152352, 0.047300 (2.309 sec)
115.3... logprob:  0.161459, 0.049200 (2.307 sec)
115.4... logprob:  0.142215, 0.042500 (2.312 sec)
115.5... logprob:  0.142461, 0.043500 (2.323 sec)
epoch_cost: 0
116.1... logprob:  0.144611, 0.046100 (2.308 sec)
116.2... logprob:  0.151100, 0.047600 (2.307 sec)
116.3... logprob:  0.158324, 0.051600 (2.308 sec)
116.4... logprob:  0.148522, 0.045300 (2.307 sec)
116.5... logprob:  0.143891, 0.044000 (2.306 sec)
epoch_cost: 0
117.1... logprob:  0.149656, 0.048500 (2.321 sec)
117.2... logprob:  0.144647, 0.045600 (2.325 sec)
117.3... logprob:  0.152423, 0.050000 (2.320 sec)
117.4... logprob:  0.157396, 0.050400 (2.317 sec)
117.5... logprob:  0.135309, 0.041100 
======================Test output======================
logprob:  0.689778, 0.227200 
------------------------------------------------------- 
Layer 'conv1' weights[0]: 7.823140e-02 [4.464233e-05] 
Layer 'conv1' biases: 2.528959e-02 [2.247431e-06] 
Layer 'conv2' weights[0]: 2.397289e-02 [2.484137e-05] 
Layer 'conv2' biases: 2.402230e-02 [9.814371e-07] 
Layer 'conv3' weights[0]: 2.151144e-02 [2.805328e-05] 
Layer 'conv3' biases: 5.133105e-02 [1.048005e-06] 
Layer 'fc128' weights[0]: 6.677071e-03 [2.878179e-05] 
Layer 'fc128' biases: 5.049931e-02 [3.278832e-06] 
Layer 'fc10' weights[0]: 4.307067e-02 [5.537802e-05] 
Layer 'fc10' biases: 5.178604e-01 [1.930272e-05] 
-------------------------------------------------------
Saved checkpoint to ./ConvNet__2014-10-11_14.08.05
======================================================= (3.165 sec)
epoch_cost: 0
118.1... logprob:  0.142493, 0.048000 (2.309 sec)
118.2... logprob:  0.143555, 0.044400 (2.307 sec)
118.3... logprob:  0.151527, 0.047700 (2.307 sec)
118.4... logprob:  0.142821, 0.043300 (2.308 sec)
118.5... logprob:  0.134300, 0.039300 (2.306 sec)
epoch_cost: 0
119.1... logprob:  0.137906, 0.044300 (2.307 sec)
119.2... logprob:  0.156234, 0.048900 (2.308 sec)
119.3... logprob:  0.159983, 0.051400 (2.308 sec)
119.4... logprob:  0.155152, 0.049900 (2.322 sec)
119.5... logprob:  0.133682, 0.042100 (2.308 sec)
epoch_cost: 0
120.1... logprob:  0.143318, 0.044600 (2.306 sec)
120.2... logprob:  0.150585, 0.049200 (2.309 sec)
120.3... logprob:  0.140504, 0.043600 (2.307 sec)
120.4... logprob:  0.156221, 0.048500 (2.307 sec)
120.5... logprob:  0.131780, 0.036800 
======================Test output======================
logprob:  0.695885, 0.231500 
------------------------------------------------------- 
Layer 'conv1' weights[0]: 7.832094e-02 [3.732364e-05] 
Layer 'conv1' biases: 2.554346e-02 [2.838271e-06] 
Layer 'conv2' weights[0]: 2.395800e-02 [2.390723e-05] 
Layer 'conv2' biases: 2.414509e-02 [9.273472e-07] 
Layer 'conv3' weights[0]: 2.152054e-02 [2.398606e-05] 
Layer 'conv3' biases: 5.145308e-02 [7.325985e-07] 
Layer 'fc128' weights[0]: 6.638154e-03 [2.550317e-05] 
Layer 'fc128' biases: 5.090276e-02 [2.868794e-06] 
Layer 'fc10' weights[0]: 4.303788e-02 [5.140274e-05] 
Layer 'fc10' biases: 5.231798e-01 [2.289822e-05] 
-------------------------------------------------------
Saved checkpoint to ./ConvNet__2014-10-11_14.08.05
======================================================= (3.161 sec)
epoch_cost: 0
121.1... logprob:  0.147605, 0.045000 (2.325 sec)
121.2... logprob:  0.142491, 0.044400 (2.308 sec)
121.3... logprob:  0.144021, 0.043300 (2.306 sec)
121.4... logprob:  0.151938, 0.048700 (2.307 sec)
121.5... logprob:  0.132918, 0.040700 (2.307 sec)
epoch_cost: 0
122.1... logprob:  0.140167, 0.045700 (2.307 sec)
122.2... logprob:  0.141815, 0.044200 (2.307 sec)
122.3... logprob:  0.158360, 0.052700 (2.307 sec)
122.4... logprob:  0.159586, 0.051000 (2.323 sec)
122.5... logprob:  0.133424, 0.041300 (2.326 sec)
epoch_cost: 0
123.1... logprob:  0.136559, 0.042500 (2.307 sec)
123.2... logprob:  0.143575, 0.044800 (2.307 sec)
123.3... logprob:  0.149963, 0.046700 (2.307 sec)
123.4... logprob:  0.148825, 0.045900 (2.308 sec)
123.5... logprob:  0.131455, 0.039000 
======================Test output======================
logprob:  0.686544, 0.226100 
------------------------------------------------------- 
Layer 'conv1' weights[0]: 7.839502e-02 [4.440170e-05] 
Layer 'conv1' biases: 2.584547e-02 [1.376652e-06] 
Layer 'conv2' weights[0]: 2.394689e-02 [2.115102e-05] 
Layer 'conv2' biases: 2.425599e-02 [7.957084e-07] 
Layer 'conv3' weights[0]: 2.152797e-02 [2.359057e-05] 
Layer 'conv3' biases: 5.156924e-02 [6.210749e-07] 
Layer 'fc128' weights[0]: 6.615900e-03 [2.557071e-05] 
Layer 'fc128' biases: 5.132312e-02 [2.890776e-06] 
Layer 'fc10' weights[0]: 4.312558e-02 [4.727347e-05] 
Layer 'fc10' biases: 5.280300e-01 [2.035033e-05] 
-------------------------------------------------------
Saved checkpoint to ./ConvNet__2014-10-11_14.08.05
======================================================= (3.166 sec)
epoch_cost: 0
124.1... logprob:  0.139631, 0.042800 (2.308 sec)
124.2... logprob:  0.146652, 0.043400 (2.309 sec)
124.3... logprob:  0.134352, 0.039800 (2.307 sec)
124.4... logprob:  0.152955, 0.051000 (2.314 sec)
124.5... logprob:  0.128064, 0.037500 (2.307 sec)
epoch_cost: 0
125.1... logprob:  0.146510, 0.047100 (2.307 sec)
125.2... logprob:  0.141432, 0.043600 (2.307 sec)
125.3... logprob:  0.139155, 0.043500 (2.306 sec)
125.4... logprob:  0.150868, 0.049300 (2.308 sec)
125.5... logprob:  0.155926, 0.049500 (2.306 sec)
epoch_cost: 0
126.1... logprob:  0.159299, 0.052300 (2.307 sec)
126.2... logprob:  0.147979, 0.050300 (2.307 sec)
126.3... logprob:  0.143858, 0.044400 (2.309 sec)
126.4... logprob:  0.148090, 0.044700 (2.310 sec)
126.5... logprob:  0.144447, 0.046400 
======================Test output======================
logprob:  0.702260, 0.235300 
------------------------------------------------------- 
Layer 'conv1' weights[0]: 7.846778e-02 [4.786807e-05] 
Layer 'conv1' biases: 2.611013e-02 [2.158952e-06] 
Layer 'conv2' weights[0]: 2.395395e-02 [2.055903e-05] 
Layer 'conv2' biases: 2.436301e-02 [8.041663e-07] 
Layer 'conv3' weights[0]: 2.154653e-02 [2.456058e-05] 
Layer 'conv3' biases: 5.169147e-02 [7.814749e-07] 
Layer 'fc128' weights[0]: 6.631509e-03 [2.543881e-05] 
Layer 'fc128' biases: 5.172868e-02 [3.475692e-06] 
Layer 'fc10' weights[0]: 4.315595e-02 [5.375954e-05] 
Layer 'fc10' biases: 5.324576e-01 [2.963958e-05] 
-------------------------------------------------------
Saved checkpoint to ./ConvNet__2014-10-11_14.08.05
======================================================= (3.168 sec)
epoch_cost: 0
127.1... logprob:  0.142406, 0.044400 (2.310 sec)
127.2... logprob:  0.136356, 0.041600 (2.308 sec)
127.3... logprob:  0.142072, 0.043300 (2.307 sec)
127.4... logprob:  0.142452, 0.044300 (2.307 sec)
127.5... logprob:  0.148030, 0.047800 (2.307 sec)
epoch_cost: 0
128.1... logprob:  0.161348, 0.052600 (2.298 sec)
128.2... logprob:  0.147589, 0.044800 (2.307 sec)
128.3... logprob:  0.156529, 0.049400 (2.307 sec)
128.4... logprob:  0.161908, 0.052000 (2.305 sec)
128.5... logprob:  0.130638, 0.038700 (2.306 sec)
epoch_cost: 0
129.1... logprob:  0.135659, 0.042200 (2.305 sec)
129.2... logprob:  0.128546, 0.038100 (2.307 sec)
129.3... logprob:  0.136514, 0.041800 (2.307 sec)
129.4... logprob:  0.147006, 0.045200 (2.311 sec)
129.5... logprob:  0.141758, 0.042800 
======================Test output======================
logprob:  0.689746, 0.225200 
------------------------------------------------------- 
Layer 'conv1' weights[0]: 7.851151e-02 [3.484662e-05] 
Layer 'conv1' biases: 2.638313e-02 [2.021182e-06] 
Layer 'conv2' weights[0]: 2.394112e-02 [2.327639e-05] 
Layer 'conv2' biases: 2.447342e-02 [8.275629e-07] 
Layer 'conv3' weights[0]: 2.154976e-02 [2.381380e-05] 
Layer 'conv3' biases: 5.181567e-02 [7.223390e-07] 
Layer 'fc128' weights[0]: 6.603411e-03 [2.532886e-05] 
Layer 'fc128' biases: 5.215375e-02 [2.980374e-06] 
Layer 'fc10' weights[0]: 4.305425e-02 [4.927477e-05] 
Layer 'fc10' biases: 5.378218e-01 [2.484992e-05] 
-------------------------------------------------------
Saved checkpoint to ./ConvNet__2014-10-11_14.08.05
======================================================= (3.160 sec)
epoch_cost: 0
130.1... logprob:  0.136944, 0.043700 (2.308 sec)
130.2... logprob:  0.137810, 0.042400 (2.306 sec)
130.3... logprob:  0.154201, 0.049600 (2.306 sec)
130.4... logprob:  0.152937, 0.047700 (2.305 sec)
130.5... logprob:  0.135323, 0.041500 (2.308 sec)
epoch_cost: 0
131.1... logprob:  0.152970, 0.050300 (2.308 sec)
131.2... logprob:  0.144584, 0.044000 (2.306 sec)
131.3... logprob:  0.143554, 0.043800 (2.308 sec)
131.4... logprob:  0.142670, 0.045100 (2.305 sec)
131.5... logprob:  0.130404, 0.040100 (2.307 sec)
epoch_cost: 0
132.1... logprob:  0.144896, 0.046700 (2.305 sec)
132.2... logprob:  0.131799, 0.038000 (2.305 sec)
132.3... logprob:  0.149887, 0.048600 (2.298 sec)
132.4... logprob:  0.146006, 0.043800 (2.306 sec)
132.5... logprob:  0.142785, 0.043400 
======================Test output======================
logprob:  0.665122, 0.221200 
------------------------------------------------------- 
Layer 'conv1' weights[0]: 7.855257e-02 [3.039239e-05] 
Layer 'conv1' biases: 2.665376e-02 [9.820118e-07] 
Layer 'conv2' weights[0]: 2.394197e-02 [1.462669e-05] 
Layer 'conv2' biases: 2.458985e-02 [4.479449e-07] 
Layer 'conv3' weights[0]: 2.155760e-02 [2.174618e-05] 
Layer 'conv3' biases: 5.193409e-02 [6.350459e-07] 
Layer 'fc128' weights[0]: 6.605003e-03 [2.379605e-05] 
Layer 'fc128' biases: 5.255966e-02 [2.686420e-06] 
Layer 'fc10' weights[0]: 4.298826e-02 [4.896569e-05] 
Layer 'fc10' biases: 5.427122e-01 [2.684249e-05] 
-------------------------------------------------------
Saved checkpoint to ./ConvNet__2014-10-11_14.08.05
======================================================= (3.163 sec)
epoch_cost: 0
133.1... logprob:  0.136189, 0.042900 (2.307 sec)
133.2... logprob:  0.142411, 0.043100 (2.307 sec)
133.3... logprob:  0.142287, 0.044000 (2.305 sec)
133.4... logprob:  0.144136, 0.045900 (2.307 sec)
133.5... logprob:  0.138171, 0.041300 (2.306 sec)
epoch_cost: 0
134.1... logprob:  0.132052, 0.038900 (2.307 sec)
134.2... logprob:  0.144797, 0.044100 (2.306 sec)
134.3... logprob:  0.132765, 0.041700 (2.309 sec)
134.4... logprob:  0.144570, 0.045800 (2.306 sec)
134.5... logprob:  0.130832, 0.040000 (2.307 sec)
epoch_cost: 0
135.1... logprob:  0.133604, 0.041400 (2.308 sec)
135.2... logprob:  0.140914, 0.042700 (2.306 sec)
135.3... logprob:  0.138330, 0.044300 (2.307 sec)
135.4... logprob:  0.152509, 0.046700 (2.306 sec)
135.5... logprob:  0.132171, 0.039200 
======================Test output======================
logprob:  0.666751, 0.217300 
------------------------------------------------------- 
Layer 'conv1' weights[0]: 7.859806e-02 [3.273263e-05] 
Layer 'conv1' biases: 2.689794e-02 [1.375689e-06] 
Layer 'conv2' weights[0]: 2.393868e-02 [1.707191e-05] 
Layer 'conv2' biases: 2.470422e-02 [6.308602e-07] 
Layer 'conv3' weights[0]: 2.156263e-02 [2.035084e-05] 
Layer 'conv3' biases: 5.204469e-02 [5.839452e-07] 
Layer 'fc128' weights[0]: 6.569956e-03 [2.364665e-05] 
Layer 'fc128' biases: 5.296525e-02 [2.958895e-06] 
Layer 'fc10' weights[0]: 4.310987e-02 [4.538934e-05] 
Layer 'fc10' biases: 5.474712e-01 [2.452198e-05] 
-------------------------------------------------------
Saved checkpoint to ./ConvNet__2014-10-11_14.08.05
======================================================= (3.165 sec)
epoch_cost: 0
136.1... logprob:  0.133741, 0.042900 (2.308 sec)
136.2... logprob:  0.128573, 0.037600 (2.323 sec)
136.3... logprob:  0.141550, 0.044500 (2.323 sec)
136.4... logprob:  0.139572, 0.042600 (2.324 sec)
136.5... logprob:  0.145490, 0.041700 (2.306 sec)
epoch_cost: 0
137.1... logprob:  0.135097, 0.042500 (2.324 sec)
137.2... logprob:  0.136643, 0.040300 (2.324 sec)
137.3... logprob:  0.134256, 0.039000 (2.326 sec)
137.4... logprob:  0.128875, 0.039200 (2.322 sec)
137.5... logprob:  0.126574, 0.035500 (2.320 sec)
epoch_cost: 0
138.1... logprob:  0.125861, 0.039900 (2.316 sec)
138.2... logprob:  0.121533, 0.032600 (2.326 sec)
138.3... logprob:  0.138700, 0.043200 (2.311 sec)
138.4... logprob:  0.140176, 0.045200 (2.324 sec)
138.5... logprob:  0.137059, 0.041100 
======================Test output======================
logprob:  0.696643, 0.228200 
------------------------------------------------------- 
Layer 'conv1' weights[0]: 7.870763e-02 [4.328046e-05] 
Layer 'conv1' biases: 2.713827e-02 [2.399894e-06] 
Layer 'conv2' weights[0]: 2.392135e-02 [2.225905e-05] 
Layer 'conv2' biases: 2.482537e-02 [8.202623e-07] 
Layer 'conv3' weights[0]: 2.155328e-02 [2.608369e-05] 
Layer 'conv3' biases: 5.216251e-02 [7.745195e-07] 
Layer 'fc128' weights[0]: 6.529357e-03 [2.490769e-05] 
Layer 'fc128' biases: 5.337840e-02 [2.856541e-06] 
Layer 'fc10' weights[0]: 4.308866e-02 [4.815993e-05] 
Layer 'fc10' biases: 5.519141e-01 [2.050049e-05] 
-------------------------------------------------------
Saved checkpoint to ./ConvNet__2014-10-11_14.08.05
======================================================= (3.183 sec)
epoch_cost: 0
139.1... logprob:  0.128001, 0.038300 (2.325 sec)
139.2... logprob:  0.134108, 0.041700 (2.324 sec)
139.3... logprob:  0.144419, 0.046200 (2.320 sec)
139.4... logprob:  0.143587, 0.041900 (2.326 sec)
139.5... logprob:  0.124087, 0.037300 (2.323 sec)
epoch_cost: 0
140.1... logprob:  0.144403, 0.046200 (2.324 sec)
140.2... logprob:  0.141707, 0.044300 (2.324 sec)
140.3... logprob:  0.136257, 0.040800 (2.323 sec)
140.4... logprob:  0.145561, 0.046800 (2.323 sec)
140.5... logprob:  0.129825, 0.036800 (2.323 sec)
epoch_cost: 0
141.1... logprob:  0.138387, 0.045600 (2.309 sec)
141.2... logprob:  0.138115, 0.042300 (2.327 sec)
141.3... logprob:  0.136170, 0.040400 (2.326 sec)
141.4... logprob:  0.140111, 0.041800 (2.325 sec)
141.5... logprob:  0.133331, 0.040600 
======================Test output======================
logprob:  0.690244, 0.230200 
------------------------------------------------------- 
Layer 'conv1' weights[0]: 7.873099e-02 [4.368569e-05] 
Layer 'conv1' biases: 2.741977e-02 [1.985440e-06] 
Layer 'conv2' weights[0]: 2.390890e-02 [2.613775e-05] 
Layer 'conv2' biases: 2.495150e-02 [1.096824e-06] 
Layer 'conv3' weights[0]: 2.155974e-02 [2.825944e-05] 
Layer 'conv3' biases: 5.227417e-02 [1.028035e-06] 
Layer 'fc128' weights[0]: 6.522493e-03 [2.690740e-05] 
Layer 'fc128' biases: 5.377322e-02 [3.603974e-06] 
Layer 'fc10' weights[0]: 4.305930e-02 [5.074561e-05] 
Layer 'fc10' biases: 5.565220e-01 [2.619973e-05] 
-------------------------------------------------------
Saved checkpoint to ./ConvNet__2014-10-11_14.08.05
======================================================= (3.186 sec)
epoch_cost: 0
142.1... logprob:  0.135059, 0.042200 (2.324 sec)
142.2... logprob:  0.146409, 0.045600 (2.324 sec)
142.3... logprob:  0.135660, 0.042400 (2.324 sec)
142.4... logprob:  0.152318, 0.047800 (2.317 sec)
142.5... logprob:  0.137174, 0.042300 (2.315 sec)
epoch_cost: 0
143.1... logprob:  0.132645, 0.040400 (2.307 sec)
143.2... logprob:  0.138460, 0.043600 (2.325 sec)
143.3... logprob:  0.150360, 0.047800 (2.324 sec)
143.4... logprob:  0.148280, 0.045700 (2.324 sec)
143.5... logprob:  0.139793, 0.041300 (2.326 sec)
epoch_cost: 0
144.1... logprob:  0.129944, 0.039600 (2.326 sec)
144.2... logprob:  0.127932, 0.035800 (2.325 sec)
144.3... logprob:  0.145085, 0.044500 (2.324 sec)
144.4... logprob:  0.150201, 0.045800 (2.324 sec)
144.5... logprob:  0.134155, 0.039200 
======================Test output======================
logprob:  0.699159, 0.230200 
------------------------------------------------------- 
Layer 'conv1' weights[0]: 7.881817e-02 [3.117356e-05] 
Layer 'conv1' biases: 2.762491e-02 [1.269900e-06] 
Layer 'conv2' weights[0]: 2.391980e-02 [1.994758e-05] 
Layer 'conv2' biases: 2.507011e-02 [7.134917e-07] 
Layer 'conv3' weights[0]: 2.157349e-02 [2.235994e-05] 
Layer 'conv3' biases: 5.237857e-02 [6.215268e-07] 
Layer 'fc128' weights[0]: 6.543855e-03 [2.549918e-05] 
Layer 'fc128' biases: 5.416374e-02 [3.412754e-06] 
Layer 'fc10' weights[0]: 4.305872e-02 [4.963950e-05] 
Layer 'fc10' biases: 5.610915e-01 [2.710010e-05] 
-------------------------------------------------------
Saved checkpoint to ./ConvNet__2014-10-11_14.08.05
======================================================= (3.188 sec)
epoch_cost: 0
145.1... logprob:  0.131416, 0.042400 (2.328 sec)
145.2... logprob:  0.132037, 0.040100 (2.324 sec)
145.3... logprob:  0.133091, 0.042700 (2.325 sec)
145.4... logprob:  0.148548, 0.045900 (2.325 sec)
145.5... logprob:  0.131503, 0.036500 (2.325 sec)
epoch_cost: 0
146.1... logprob:  0.143984, 0.043400 (2.324 sec)
146.2... logprob:  0.145419, 0.045500 (2.315 sec)
146.3... logprob:  0.141731, 0.044800 (2.324 sec)
146.4... logprob:  0.153592, 0.046900 (2.321 sec)
146.5... logprob:  0.132074, 0.040700 (2.324 sec)
epoch_cost: 0
147.1... logprob:  0.142307, 0.045100 (2.324 sec)
147.2... logprob:  0.136040, 0.041300 (2.324 sec)
147.3... logprob:  0.128514, 0.038700 (2.325 sec)
147.4... logprob:  0.151808, 0.047000 (2.323 sec)
147.5... logprob:  0.141290, 0.043600 
======================Test output======================
logprob:  0.703101, 0.234000 
------------------------------------------------------- 
Layer 'conv1' weights[0]: 7.883610e-02 [3.722747e-05] 
Layer 'conv1' biases: 2.788258e-02 [1.344832e-06] 
Layer 'conv2' weights[0]: 2.391081e-02 [1.941421e-05] 
Layer 'conv2' biases: 2.518521e-02 [6.248505e-07] 
Layer 'conv3' weights[0]: 2.159725e-02 [2.208128e-05] 
Layer 'conv3' biases: 5.249428e-02 [6.621910e-07] 
Layer 'fc128' weights[0]: 6.571458e-03 [2.397938e-05] 
Layer 'fc128' biases: 5.456869e-02 [2.905945e-06] 
Layer 'fc10' weights[0]: 4.307343e-02 [4.652259e-05] 
Layer 'fc10' biases: 5.652970e-01 [2.350070e-05] 
-------------------------------------------------------
Saved checkpoint to ./ConvNet__2014-10-11_14.08.05
======================================================= (3.187 sec)
epoch_cost: 0
148.1... logprob:  0.137514, 0.041500 (2.326 sec)
148.2... logprob:  0.137972, 0.044900 (2.323 sec)
148.3... logprob:  0.132085, 0.041400 (2.325 sec)
148.4... logprob:  0.139753, 0.042100 (2.323 sec)
148.5... logprob:  0.138679, 0.043400 (2.317 sec)
epoch_cost: 0
149.1... logprob:  0.135837, 0.040500 (2.325 sec)
149.2... logprob:  0.164287, 0.052900 (2.313 sec)
149.3... logprob:  0.137482, 0.040900 (2.324 sec)
149.4... logprob:  0.140628, 0.042600 (2.324 sec)
149.5... logprob:  0.141886, 0.042500 (2.323 sec)
epoch_cost: 0
150.1... logprob:  0.135991, 0.040700 (2.323 sec)
150.2... logprob:  0.136379, 0.042600 (2.315 sec)
150.3... logprob:  0.140038, 0.043800 (2.325 sec)
150.4... logprob:  0.131452, 0.038600 (2.325 sec)
150.5... logprob:  0.127580, 0.037500 
======================Test output======================
logprob:  0.704147, 0.231500 
------------------------------------------------------- 
Layer 'conv1' weights[0]: 7.886801e-02 [4.171827e-05] 
Layer 'conv1' biases: 2.814416e-02 [1.311377e-06] 
Layer 'conv2' weights[0]: 2.391113e-02 [1.675085e-05] 
Layer 'conv2' biases: 2.529787e-02 [6.871788e-07] 
Layer 'conv3' weights[0]: 2.161305e-02 [2.006502e-05] 
Layer 'conv3' biases: 5.260113e-02 [6.756173e-07] 
Layer 'fc128' weights[0]: 6.551664e-03 [2.155093e-05] 
Layer 'fc128' biases: 5.494685e-02 [2.722678e-06] 
Layer 'fc10' weights[0]: 4.304421e-02 [4.200570e-05] 
Layer 'fc10' biases: 5.697535e-01 [1.900384e-05] 
-------------------------------------------------------
Saved checkpoint to ./ConvNet__2014-10-11_14.08.05
======================================================= (3.186 sec)
epoch_cost: 0
151.1... logprob:  0.125137, 0.037000 (2.324 sec)
