Option --layer-def (Layer definition file) cannot be changed
pdir: .
self.save_path:  ./
=========================
Importing _ConvNet C++ module
============================================
learning rate scale     :  1
Reset Momentum          :  False
Image Rotation & Scaling:  False
============================================
=========================
Training ConvNet
Adaptive Drop Training                              : False [DEFAULT]
Check gradients and quit?                           : 0     [DEFAULT]
Compress checkpoints?                               : 0     [DEFAULT]
Conserve GPU memory (slower)?                       : 1     [DEFAULT]
Convert given conv layers to unshared local         :       
Cropped DP: crop border size                        : 4     [DEFAULT]
Cropped DP: logreg layer name (for --multiview-test):       [DEFAULT]
Cropped DP: test on multiple patches?               : 0     [DEFAULT]
Data batch range: testing                           : 6-6   
Data batch range: training                          : 1-5   
Data path                                           : ../data/cifar-10/ 
Data provider                                       : cifar 
Enable image rotation and scaling transformation    : False [DEFAULT]
GPU override                                        : -1    [DEFAULT]
Image Size                                          : 0     [DEFAULT]
Layer definition file                               : ./layers-80sec.cfg 
Layer parameter file                                : ./layer-params-80sec.cfg 
Learning Rate Scale Factor                          : 1     [DEFAULT]
Load file                                           : ./checkpoints/ 
Maximum save file size (MB)                         : 0     [DEFAULT]
Minibatch size                                      : 128   [DEFAULT]
Model File Name                                     :       [DEFAULT]
Number of GPUs                                      : 1     [DEFAULT]
Number of channels in image                         : 3     [DEFAULT]
Number of epochs                                    : 300   
Reset layer momentum                                : False [DEFAULT]
Save path                                           : ./    
Test and quit?                                      : 0     [DEFAULT]
Test on one batch at a time?                        : 1     [DEFAULT]
Testing frequency                                   : 15    
Unshare weight matrices in given layers             :       
Whether filp training image                         : True  [DEFAULT]
=========================
Running on CUDA device(s) -2
Current time: Sat Oct 11 15:05:49 2014
Saving checkpoints to ./checkpoints
=========================
151.1... logprob:  0.120920, 0.033800 (2.544 sec)
151.2... logprob:  0.140445, 0.043900 (2.327 sec)
151.3... logprob:  0.131653, 0.041200 (2.326 sec)
151.4... logprob:  0.134106, 0.039800 (2.328 sec)
151.5... logprob:  0.131469, 0.039400 (2.329 sec)
epoch_cost: 0
152.1... logprob:  0.154246, 0.048600 (2.326 sec)
152.2... logprob:  0.143013, 0.045900 (2.327 sec)
152.3... logprob:  0.138751, 0.041300 (2.318 sec)
152.4... logprob:  0.152526, 0.048500 (2.330 sec)
152.5... logprob:  0.150274, 0.045800 (2.309 sec)
epoch_cost: 0
153.1... logprob:  0.136256, 0.040500 (2.324 sec)
153.2... logprob:  0.140706, 0.043500 (2.328 sec)
153.3... logprob:  0.131211, 0.041900 (2.329 sec)
153.4... logprob:  0.142493, 0.045200 (2.319 sec)
153.5... logprob:  0.138044, 0.042300 
======================Test output======================
logprob:  0.687563, 0.226400 
------------------------------------------------------- 
Layer 'conv1' weights[0]: 7.884717e-02 [3.418756e-05] 
Layer 'conv1' biases: 2.839993e-02 [1.505216e-06] 
Layer 'conv2' weights[0]: 2.390360e-02 [1.639173e-05] 
Layer 'conv2' biases: 2.540793e-02 [6.271151e-07] 
Layer 'conv3' weights[0]: 2.162787e-02 [2.370923e-05] 
Layer 'conv3' biases: 5.270950e-02 [7.647026e-07] 
Layer 'fc128' weights[0]: 6.564301e-03 [2.409900e-05] 
Layer 'fc128' biases: 5.533853e-02 [2.739990e-06] 
Layer 'fc10' weights[0]: 4.297347e-02 [4.634892e-05] 
Layer 'fc10' biases: 5.740104e-01 [2.351564e-05] 
-------------------------------------------------------
Saved checkpoint to ./checkpoints
======================================================= (3.177 sec)
epoch_cost: 0
154.1... logprob:  0.128371, 0.038800 (2.330 sec)
154.2... logprob:  0.126132, 0.037800 (2.328 sec)
154.3... logprob:  0.131708, 0.039600 (2.328 sec)
154.4... logprob:  0.122970, 0.037600 (2.326 sec)
154.5... logprob:  0.131286, 0.040800 (2.327 sec)
epoch_cost: 0
155.1... logprob:  0.123618, 0.037100 (2.316 sec)
155.2... logprob:  0.136558, 0.040300 (2.327 sec)
155.3... logprob:  0.130637, 0.038600 (2.330 sec)
155.4... logprob:  0.137738, 0.042200 (2.328 sec)
155.5... logprob:  0.127111, 0.038300 (2.327 sec)
epoch_cost: 0
156.1... logprob:  0.142655, 0.044500 (2.327 sec)
156.2... logprob:  0.137717, 0.042200 (2.310 sec)
156.3... logprob:  0.133754, 0.042700 (2.320 sec)
156.4... logprob:  0.143561, 0.043300 (2.326 sec)
156.5... logprob:  0.131712, 0.040900 
======================Test output======================
logprob:  0.685295, 0.224500 
------------------------------------------------------- 
Layer 'conv1' weights[0]: 7.888933e-02 [3.786932e-05] 
Layer 'conv1' biases: 2.865780e-02 [1.890224e-06] 
Layer 'conv2' weights[0]: 2.389172e-02 [1.975995e-05] 
Layer 'conv2' biases: 2.552001e-02 [6.268283e-07] 
Layer 'conv3' weights[0]: 2.162309e-02 [2.796373e-05] 
Layer 'conv3' biases: 5.281349e-02 [7.835025e-07] 
Layer 'fc128' weights[0]: 6.518639e-03 [2.565142e-05] 
Layer 'fc128' biases: 5.571644e-02 [2.758750e-06] 
Layer 'fc10' weights[0]: 4.290555e-02 [4.744637e-05] 
Layer 'fc10' biases: 5.781394e-01 [2.195382e-05] 
-------------------------------------------------------
Saved checkpoint to ./checkpoints
======================================================= (3.190 sec)
epoch_cost: 0
157.1... logprob:  0.133096, 0.039900 (2.331 sec)
157.2... logprob:  0.129721, 0.039800 (2.329 sec)
157.3... logprob:  0.119331, 0.036600 (2.327 sec)
157.4... logprob:  0.133202, 0.040500 (2.327 sec)
157.5... logprob:  0.132635, 0.043400 (2.328 sec)
epoch_cost: 0
158.1... logprob:  0.136516, 0.042000 (2.326 sec)
158.2... logprob:  0.128189, 0.038300 (2.311 sec)
158.3... logprob:  0.133250, 0.040900 (2.328 sec)
158.4... logprob:  0.124235, 0.036300 (2.311 sec)
158.5... logprob:  0.122291, 0.034200 (2.321 sec)
epoch_cost: 0
159.1... logprob:  0.139115, 0.043000 (2.336 sec)
159.2... logprob:  0.122591, 0.035300 (2.326 sec)
159.3... logprob:  0.133775, 0.041700 (2.330 sec)
159.4... logprob:  0.136348, 0.041900 (2.327 sec)
159.5... logprob:  0.143130, 0.045200 
======================Test output======================
logprob:  0.684195, 0.228100 
------------------------------------------------------- 
Layer 'conv1' weights[0]: 7.891653e-02 [3.078008e-05] 
Layer 'conv1' biases: 2.886573e-02 [2.126892e-06] 
Layer 'conv2' weights[0]: 2.388970e-02 [1.932174e-05] 
Layer 'conv2' biases: 2.563285e-02 [8.147722e-07] 
Layer 'conv3' weights[0]: 2.162264e-02 [2.472976e-05] 
Layer 'conv3' biases: 5.292003e-02 [8.484092e-07] 
Layer 'fc128' weights[0]: 6.485214e-03 [2.640666e-05] 
Layer 'fc128' biases: 5.610344e-02 [4.026707e-06] 
Layer 'fc10' weights[0]: 4.300408e-02 [4.995819e-05] 
Layer 'fc10' biases: 5.827629e-01 [3.563056e-05] 
-------------------------------------------------------
Saved checkpoint to ./checkpoints
======================================================= (3.190 sec)
epoch_cost: 0
160.1... logprob:  0.144593, 0.045900 (2.328 sec)
160.2... logprob:  0.135021, 0.040600 (2.327 sec)
160.3... logprob:  0.144605, 0.044200 (2.320 sec)
160.4... logprob:  0.131054, 0.039900 (2.328 sec)
160.5... logprob:  0.127124, 0.036300 (2.311 sec)
epoch_cost: 0
161.1... logprob:  0.136078, 0.041600 (2.328 sec)
161.2... logprob:  0.143999, 0.045500 (2.310 sec)
161.3... logprob:  0.148064, 0.047400 (2.328 sec)
161.4... logprob:  0.133194, 0.037900 (2.328 sec)
161.5... logprob:  0.130052, 0.040900 (2.327 sec)
epoch_cost: 0
162.1... logprob:  0.130295, 0.041000 (2.323 sec)
162.2... logprob:  0.126558, 0.036700 (2.328 sec)
162.3... logprob:  0.132672, 0.041300 (2.328 sec)
162.4... logprob:  0.127810, 0.039800 (2.328 sec)
162.5... logprob:  0.129064, 0.039100 
======================Test output======================
logprob:  0.683666, 0.224500 
------------------------------------------------------- 
Layer 'conv1' weights[0]: 7.893098e-02 [3.208428e-05] 
Layer 'conv1' biases: 2.908827e-02 [1.449067e-06] 
Layer 'conv2' weights[0]: 2.388395e-02 [2.012763e-05] 
Layer 'conv2' biases: 2.574313e-02 [8.004399e-07] 
Layer 'conv3' weights[0]: 2.162302e-02 [2.327381e-05] 
Layer 'conv3' biases: 5.303416e-02 [7.108000e-07] 
Layer 'fc128' weights[0]: 6.491676e-03 [2.339177e-05] 
Layer 'fc128' biases: 5.648073e-02 [2.555397e-06] 
Layer 'fc10' weights[0]: 4.307907e-02 [4.456084e-05] 
Layer 'fc10' biases: 5.870163e-01 [2.161140e-05] 
-------------------------------------------------------
Saved checkpoint to ./checkpoints
======================================================= (3.181 sec)
epoch_cost: 0
163.1... logprob:  0.122929, 0.037400 (2.329 sec)
163.2... logprob:  0.127103, 0.036200 (2.326 sec)
163.3... logprob:  0.137342, 0.043800 (2.320 sec)
163.4... logprob:  0.144276, 0.044300 (2.313 sec)
163.5... logprob:  0.130298, 0.039300 (2.330 sec)
epoch_cost: 0
164.1... logprob:  0.129528, 0.038700 (2.328 sec)
164.2... logprob:  0.126887, 0.036300 (2.313 sec)
164.3... logprob:  0.124236, 0.035500 (2.319 sec)
164.4... logprob:  0.140265, 0.043000 (2.329 sec)
164.5... logprob:  0.129212, 0.037400 (2.327 sec)
epoch_cost: 0
165.1... logprob:  0.131120, 0.040700 (2.328 sec)
165.2... logprob:  0.132854, 0.039700 (2.327 sec)
165.3... logprob:  0.135756, 0.040600 (2.329 sec)
165.4... logprob:  0.128222, 0.037500 (2.328 sec)
165.5... logprob:  0.126769, 0.038300 
======================Test output======================
logprob:  0.685528, 0.232100 
------------------------------------------------------- 
Layer 'conv1' weights[0]: 7.892006e-02 [4.367593e-05] 
Layer 'conv1' biases: 2.931198e-02 [1.586331e-06] 
Layer 'conv2' weights[0]: 2.386839e-02 [2.563036e-05] 
Layer 'conv2' biases: 2.584490e-02 [1.059626e-06] 
Layer 'conv3' weights[0]: 2.161336e-02 [3.004178e-05] 
Layer 'conv3' biases: 5.314234e-02 [1.003072e-06] 
Layer 'fc128' weights[0]: 6.462240e-03 [2.740962e-05] 
Layer 'fc128' biases: 5.683879e-02 [3.550053e-06] 
Layer 'fc10' weights[0]: 4.296248e-02 [4.953024e-05] 
Layer 'fc10' biases: 5.907978e-01 [2.439932e-05] 
-------------------------------------------------------
Saved checkpoint to ./checkpoints
======================================================= (3.184 sec)
epoch_cost: 0
166.1... logprob:  0.133606, 0.041600 (2.330 sec)
166.2... logprob:  0.145806, 0.044300 (2.327 sec)
166.3... logprob:  0.133617, 0.042200 (2.317 sec)
166.4... logprob:  0.126807, 0.037800 (2.317 sec)
166.5... logprob:  0.123411, 0.035900 (2.318 sec)
epoch_cost: 0
167.1... logprob:  0.123496, 0.037000 (2.312 sec)
167.2... logprob:  0.147923, 0.047900 (2.324 sec)
167.3... logprob:  0.143574, 0.043100 (2.310 sec)
167.4... logprob:  0.126665, 0.037800 (2.310 sec)
167.5... logprob:  0.124107, 0.035900 (2.322 sec)
epoch_cost: 0
168.1... logprob:  0.127240, 0.038100 (2.328 sec)
168.2... logprob:  0.128088, 0.038100 (2.328 sec)
168.3... logprob:  0.137386, 0.042600 (2.327 sec)
168.4... logprob:  0.138344, 0.043600 (2.327 sec)
168.5... logprob:  0.135276, 0.041600 
======================Test output======================
logprob:  0.704313, 0.233100 
------------------------------------------------------- 
Layer 'conv1' weights[0]: 7.893790e-02 [3.397293e-05] 
Layer 'conv1' biases: 2.951270e-02 [2.571356e-06] 
Layer 'conv2' weights[0]: 2.386796e-02 [2.005327e-05] 
Layer 'conv2' biases: 2.595498e-02 [8.639635e-07] 
Layer 'conv3' weights[0]: 2.161985e-02 [2.363812e-05] 
Layer 'conv3' biases: 5.325332e-02 [7.399761e-07] 
Layer 'fc128' weights[0]: 6.484043e-03 [2.493528e-05] 
Layer 'fc128' biases: 5.721252e-02 [2.868372e-06] 
Layer 'fc10' weights[0]: 4.296885e-02 [4.885199e-05] 
Layer 'fc10' biases: 5.949356e-01 [2.691577e-05] 
-------------------------------------------------------
Saved checkpoint to ./checkpoints
======================================================= (3.191 sec)
epoch_cost: 0
169.1... logprob:  0.126460, 0.037000 (2.331 sec)
169.2... logprob:  0.142969, 0.043200 (2.325 sec)
169.3... logprob:  0.144122, 0.043900 (2.330 sec)
169.4... logprob:  0.133876, 0.038900 (2.313 sec)
169.5... logprob:  0.125741, 0.038300 (2.316 sec)
epoch_cost: 0
170.1... logprob:  0.128580, 0.041000 (2.328 sec)
170.2... logprob:  0.141436, 0.043400 (2.329 sec)
170.3... logprob:  0.139408, 0.043000 (2.315 sec)
170.4... logprob:  0.147848, 0.045900 (2.327 sec)
170.5... logprob:  0.119872, 0.034300 (2.327 sec)
epoch_cost: 0
171.1... logprob:  0.130957, 0.041400 (2.314 sec)
171.2... logprob:  0.127426, 0.038400 (2.329 sec)
171.3... logprob:  0.141189, 0.044600 (2.331 sec)
171.4... logprob:  0.135450, 0.041500 (2.324 sec)
171.5... logprob:  0.125105, 0.038800 
======================Test output======================
logprob:  0.701395, 0.228800 
------------------------------------------------------- 
Layer 'conv1' weights[0]: 7.897449e-02 [2.526114e-05] 
Layer 'conv1' biases: 2.975723e-02 [8.177199e-07] 
Layer 'conv2' weights[0]: 2.386812e-02 [1.641017e-05] 
Layer 'conv2' biases: 2.606082e-02 [4.979021e-07] 
Layer 'conv3' weights[0]: 2.162840e-02 [2.362512e-05] 
Layer 'conv3' biases: 5.335626e-02 [6.670608e-07] 
Layer 'fc128' weights[0]: 6.474740e-03 [2.407784e-05] 
Layer 'fc128' biases: 5.758664e-02 [2.720824e-06] 
Layer 'fc10' weights[0]: 4.299071e-02 [4.627269e-05] 
Layer 'fc10' biases: 5.988839e-01 [2.478261e-05] 
-------------------------------------------------------
Saved checkpoint to ./checkpoints
======================================================= (3.172 sec)
epoch_cost: 0
172.1... logprob:  0.135130, 0.040800 (2.310 sec)
172.2... logprob:  0.132218, 0.038700 (2.322 sec)
172.3... logprob:  0.136421, 0.043600 (2.326 sec)
172.4... logprob:  0.134619, 0.037700 (2.326 sec)
172.5... logprob:  0.131181, 0.037900 (2.314 sec)
epoch_cost: 0
173.1... logprob:  0.144118, 0.045600 (2.310 sec)
173.2... logprob:  0.138831, 0.043600 (2.327 sec)
173.3... logprob:  0.141449, 0.044800 (2.326 sec)
173.4... logprob:  0.133314, 0.039200 (2.321 sec)
173.5... logprob:  0.131137, 0.040000 (2.327 sec)
epoch_cost: 0
174.1... logprob:  0.128630, 0.041700 (2.324 sec)
174.2... logprob:  0.128661, 0.037500 (2.319 sec)
174.3... logprob:  0.141695, 0.045000 (2.326 sec)
174.4... logprob:  0.142021, 0.046300 (2.325 sec)
174.5... logprob:  0.122417, 0.035000 
======================Test output======================
logprob:  0.688702, 0.227400 
------------------------------------------------------- 
Layer 'conv1' weights[0]: 7.901710e-02 [3.507397e-05] 
Layer 'conv1' biases: 3.001300e-02 [1.733648e-06] 
Layer 'conv2' weights[0]: 2.387005e-02 [1.764679e-05] 
Layer 'conv2' biases: 2.617012e-02 [7.161423e-07] 
Layer 'conv3' weights[0]: 2.164868e-02 [2.261086e-05] 
Layer 'conv3' biases: 5.346113e-02 [7.611479e-07] 
Layer 'fc128' weights[0]: 6.487153e-03 [2.445741e-05] 
Layer 'fc128' biases: 5.797673e-02 [2.997105e-06] 
Layer 'fc10' weights[0]: 4.305493e-02 [4.924226e-05] 
Layer 'fc10' biases: 6.029481e-01 [2.732258e-05] 
-------------------------------------------------------
Saved checkpoint to ./checkpoints
======================================================= (3.185 sec)
epoch_cost: 0
175.1... logprob:  0.124749, 0.040100 (2.325 sec)
175.2... logprob:  0.127238, 0.037600 (2.325 sec)
175.3... logprob:  0.137873, 0.042100 (2.324 sec)
175.4... logprob:  0.145874, 0.045400 (2.317 sec)
175.5... logprob:  0.132582, 0.040800 (2.325 sec)
epoch_cost: 0
176.1... logprob:  0.126531, 0.037000 (2.326 sec)
176.2... logprob:  0.119866, 0.033100 (2.324 sec)
176.3... logprob:  0.123752, 0.034900 (2.317 sec)
176.4... logprob:  0.130637, 0.039200 (2.324 sec)
176.5... logprob:  0.123263, 0.037600 (2.327 sec)
epoch_cost: 0
177.1... logprob:  0.121278, 0.035200 (2.326 sec)
177.2... logprob:  0.124534, 0.036200 (2.314 sec)
177.3... logprob:  0.120230, 0.036500 (2.324 sec)
177.4... logprob:  0.125437, 0.035900 (2.324 sec)
177.5... logprob:  0.132104, 0.037900 
======================Test output======================
logprob:  0.687689, 0.228100 
------------------------------------------------------- 
Layer 'conv1' weights[0]: 7.905541e-02 [4.229130e-05] 
Layer 'conv1' biases: 3.023723e-02 [1.192048e-06] 
Layer 'conv2' weights[0]: 2.386135e-02 [1.537473e-05] 
Layer 'conv2' biases: 2.626970e-02 [4.973031e-07] 
Layer 'conv3' weights[0]: 2.163101e-02 [2.044613e-05] 
Layer 'conv3' biases: 5.355564e-02 [5.347398e-07] 
Layer 'fc128' weights[0]: 6.428249e-03 [2.175541e-05] 
Layer 'fc128' biases: 5.832680e-02 [2.643856e-06] 
Layer 'fc10' weights[0]: 4.302936e-02 [4.117669e-05] 
Layer 'fc10' biases: 6.069539e-01 [1.907937e-05] 
-------------------------------------------------------
Saved checkpoint to ./checkpoints
======================================================= (3.188 sec)
epoch_cost: 0
178.1... logprob:  0.112403, 0.033100 (2.326 sec)
178.2... logprob:  0.130122, 0.039600 (2.319 sec)
178.3... logprob:  0.134647, 0.041100 (2.324 sec)
178.4... logprob:  0.122988, 0.033900 (2.325 sec)
178.5... logprob:  0.111854, 0.030500 (2.311 sec)
epoch_cost: 0
179.1... logprob:  0.130127, 0.040300 (2.328 sec)
179.2... logprob:  0.132001, 0.041400 (2.325 sec)
179.3... logprob:  0.130396, 0.040900 (2.319 sec)
179.4... logprob:  0.133039, 0.039500 (2.325 sec)
179.5... logprob:  0.132996, 0.039200 (2.326 sec)
epoch_cost: 0
180.1... logprob:  0.139232, 0.043200 (2.325 sec)
180.2... logprob:  0.138588, 0.041300 (2.326 sec)
180.3... logprob:  0.123836, 0.036900 (2.325 sec)
180.4... logprob:  0.127916, 0.038600 (2.324 sec)
180.5... logprob:  0.125214, 0.036800 
======================Test output======================
logprob:  0.679248, 0.224800 
------------------------------------------------------- 
Layer 'conv1' weights[0]: 7.907920e-02 [4.984866e-05] 
Layer 'conv1' biases: 3.045280e-02 [2.185796e-06] 
Layer 'conv2' weights[0]: 2.385764e-02 [2.028180e-05] 
Layer 'conv2' biases: 2.636180e-02 [8.949454e-07] 
Layer 'conv3' weights[0]: 2.162376e-02 [2.716540e-05] 
Layer 'conv3' biases: 5.365402e-02 [9.510819e-07] 
Layer 'fc128' weights[0]: 6.421239e-03 [2.690639e-05] 
Layer 'fc128' biases: 5.867027e-02 [3.664535e-06] 
Layer 'fc10' weights[0]: 4.294674e-02 [5.589002e-05] 
Layer 'fc10' biases: 6.105399e-01 [3.598740e-05] 
-------------------------------------------------------
Saved checkpoint to ./checkpoints
======================================================= (3.182 sec)
epoch_cost: 0
181.1... logprob:  0.138998, 0.045300 (2.309 sec)
181.2... logprob:  0.135520, 0.039800 (2.324 sec)
181.3... logprob:  0.131863, 0.039500 (2.324 sec)
181.4... logprob:  0.145895, 0.044500 (2.323 sec)
181.5... logprob:  0.130582, 0.039700 (2.313 sec)
epoch_cost: 0
182.1... logprob:  0.130404, 0.040100 (2.326 sec)
182.2... logprob:  0.138058, 0.042200 (2.315 sec)
182.3... logprob:  0.130426, 0.040300 (2.324 sec)
182.4... logprob:  0.141976, 0.042700 (2.324 sec)
182.5... logprob:  0.124191, 0.036600 (2.321 sec)
epoch_cost: 0
183.1... logprob:  0.130889, 0.041500 (2.325 sec)
183.2... logprob:  0.135931, 0.041100 (2.310 sec)
183.3... logprob:  0.129890, 0.039600 (2.308 sec)
183.4... logprob:  0.146380, 0.046800 (2.307 sec)
183.5... logprob:  0.123330, 0.036700 
======================Test output======================
logprob:  0.697766, 0.232100 
------------------------------------------------------- 
Layer 'conv1' weights[0]: 7.907347e-02 [3.878291e-05] 
Layer 'conv1' biases: 3.068573e-02 [2.320349e-06] 
Layer 'conv2' weights[0]: 2.385757e-02 [2.008123e-05] 
Layer 'conv2' biases: 2.646350e-02 [8.375128e-07] 
Layer 'conv3' weights[0]: 2.164688e-02 [2.553218e-05] 
Layer 'conv3' biases: 5.374976e-02 [8.524653e-07] 
Layer 'fc128' weights[0]: 6.469517e-03 [2.497477e-05] 
Layer 'fc128' biases: 5.903206e-02 [3.318437e-06] 
Layer 'fc10' weights[0]: 4.305808e-02 [5.696294e-05] 
Layer 'fc10' biases: 6.147065e-01 [3.769495e-05] 
-------------------------------------------------------
Saved checkpoint to ./checkpoints
======================================================= (3.170 sec)
epoch_cost: 0
184.1... logprob:  0.133717, 0.041400 (2.325 sec)
184.2... logprob:  0.123865, 0.039200 (2.316 sec)
184.3... logprob:  0.126168, 0.038200 (2.313 sec)
184.4... logprob:  0.135741, 0.041300 (2.308 sec)
184.5... logprob:  0.127223, 0.039400 (2.308 sec)
epoch_cost: 0
185.1... logprob:  0.131375, 0.042500 (2.326 sec)
185.2... logprob:  0.132577, 0.041200 (2.323 sec)
185.3... logprob:  0.127585, 0.038800 (2.326 sec)
185.4... logprob:  0.128499, 0.038200 (2.325 sec)
185.5... logprob:  0.129889, 0.037700 (2.324 sec)
epoch_cost: 0
186.1... logprob:  0.116659, 0.034200 (2.326 sec)
186.2... logprob:  0.120319, 0.034900 (2.325 sec)
186.3... logprob:  0.126098, 0.036800 (2.323 sec)
186.4... logprob:  0.126072, 0.037900 (2.310 sec)
186.5... logprob:  0.125422, 0.037300 
======================Test output======================
logprob:  0.688446, 0.226000 
------------------------------------------------------- 
Layer 'conv1' weights[0]: 7.909429e-02 [3.473994e-05] 
Layer 'conv1' biases: 3.093388e-02 [1.528042e-06] 
Layer 'conv2' weights[0]: 2.384498e-02 [1.801864e-05] 
Layer 'conv2' biases: 2.657450e-02 [7.265900e-07] 
Layer 'conv3' weights[0]: 2.163351e-02 [2.163929e-05] 
Layer 'conv3' biases: 5.385584e-02 [7.208922e-07] 
Layer 'fc128' weights[0]: 6.420024e-03 [2.342243e-05] 
Layer 'fc128' biases: 5.940190e-02 [2.762762e-06] 
Layer 'fc10' weights[0]: 4.294483e-02 [4.192773e-05] 
Layer 'fc10' biases: 6.186161e-01 [2.002096e-05] 
-------------------------------------------------------
Saved checkpoint to ./checkpoints
======================================================= (3.188 sec)
epoch_cost: 0
187.1... logprob:  0.115442, 0.033300 (2.326 sec)
187.2... logprob:  0.125965, 0.036100 (2.325 sec)
187.3... logprob:  0.130636, 0.039900 (2.323 sec)
187.4... logprob:  0.145145, 0.046100 (2.324 sec)
187.5... logprob:  0.125480, 0.037200 (2.326 sec)
epoch_cost: 0
188.1... logprob:  0.108495, 0.030500 (2.324 sec)
188.2... logprob:  0.120291, 0.034500 (2.325 sec)
188.3... logprob:  0.131195, 0.037900 (2.326 sec)
188.4... logprob:  0.129169, 0.042000 (2.323 sec)
188.5... logprob:  0.118775, 0.034100 (2.327 sec)
epoch_cost: 0
189.1... logprob:  0.116493, 0.035700 (2.325 sec)
189.2... logprob:  0.115224, 0.035200 (2.325 sec)
189.3... logprob:  0.141894, 0.044600 (2.309 sec)
189.4... logprob:  0.138995, 0.042600 (2.325 sec)
189.5... logprob:  0.122541, 0.035500 
======================Test output======================
logprob:  0.704752, 0.238500 
------------------------------------------------------- 
Layer 'conv1' weights[0]: 7.912268e-02 [3.512584e-05] 
Layer 'conv1' biases: 3.114592e-02 [1.651141e-06] 
Layer 'conv2' weights[0]: 2.382892e-02 [2.013896e-05] 
Layer 'conv2' biases: 2.667307e-02 [7.557384e-07] 
Layer 'conv3' weights[0]: 2.161975e-02 [2.396949e-05] 
Layer 'conv3' biases: 5.395745e-02 [8.213132e-07] 
Layer 'fc128' weights[0]: 6.395006e-03 [2.534421e-05] 
Layer 'fc128' biases: 5.976520e-02 [3.604116e-06] 
Layer 'fc10' weights[0]: 4.290206e-02 [4.873851e-05] 
Layer 'fc10' biases: 6.226853e-01 [3.440683e-05] 
-------------------------------------------------------
Saved checkpoint to ./checkpoints
======================================================= (3.186 sec)
epoch_cost: 0
190.1... logprob:  0.117795, 0.034800 (2.309 sec)
190.2... logprob:  0.117959, 0.034300 (2.325 sec)
190.3... logprob:  0.134892, 0.040400 (2.324 sec)
190.4... logprob:  0.127602, 0.039900 (2.324 sec)
190.5... logprob:  0.116350, 0.033500 (2.323 sec)
epoch_cost: 0
191.1... logprob:  0.117219, 0.033200 (2.318 sec)
191.2... logprob:  0.128212, 0.037800 (2.324 sec)
191.3... logprob:  0.135971, 0.042400 (2.326 sec)
191.4... logprob:  0.129202, 0.039100 (2.323 sec)
191.5... logprob:  0.130053, 0.039900 (2.325 sec)
epoch_cost: 0
192.1... logprob:  0.130414, 0.038100 (2.324 sec)
192.2... logprob:  0.146513, 0.047300 (2.324 sec)
192.3... logprob:  0.141033, 0.043100 (2.315 sec)
192.4... logprob:  0.135054, 0.041200 (2.325 sec)
192.5... logprob:  0.142684, 0.046300 
======================Test output======================
logprob:  0.695462, 0.226600 
------------------------------------------------------- 
Layer 'conv1' weights[0]: 7.910530e-02 [3.684422e-05] 
Layer 'conv1' biases: 3.137812e-02 [1.643173e-06] 
Layer 'conv2' weights[0]: 2.383271e-02 [1.743182e-05] 
Layer 'conv2' biases: 2.677305e-02 [8.248226e-07] 
Layer 'conv3' weights[0]: 2.162974e-02 [2.404022e-05] 
Layer 'conv3' biases: 5.405748e-02 [8.053393e-07] 
Layer 'fc128' weights[0]: 6.436063e-03 [2.610735e-05] 
Layer 'fc128' biases: 6.014954e-02 [3.351326e-06] 
Layer 'fc10' weights[0]: 4.294272e-02 [5.126535e-05] 
Layer 'fc10' biases: 6.267853e-01 [2.844048e-05] 
-------------------------------------------------------
Saved checkpoint to ./checkpoints
======================================================= (3.185 sec)
epoch_cost: 0
193.1... logprob:  0.127448, 0.040600 (2.327 sec)
193.2... logprob:  0.133306, 0.041000 (2.324 sec)
193.3... logprob:  0.131283, 0.038400 (2.324 sec)
193.4... logprob:  0.124308, 0.036900 (2.326 sec)
193.5... logprob:  0.127285, 0.037500 (2.325 sec)
epoch_cost: 0
194.1... logprob:  0.115900, 0.034200 (2.324 sec)
194.2... logprob:  0.122923, 0.035600 (2.325 sec)
194.3... logprob:  0.128645, 0.038000 (2.324 sec)
194.4... logprob:  0.121156, 0.036400 (2.311 sec)
194.5... logprob:  0.128690, 0.039900 (2.325 sec)
epoch_cost: 0
195.1... logprob:  0.125174, 0.037900 (2.322 sec)
195.2... logprob:  0.128649, 0.038200 (2.326 sec)
195.3... logprob:  0.127316, 0.036100 (2.315 sec)
195.4... logprob:  0.114957, 0.032900 (2.324 sec)
195.5... logprob:  0.114705, 0.035100 
======================Test output======================
logprob:  0.670554, 0.223000 
------------------------------------------------------- 
Layer 'conv1' weights[0]: 7.913157e-02 [3.788806e-05] 
Layer 'conv1' biases: 3.158689e-02 [1.798860e-06] 
Layer 'conv2' weights[0]: 2.383216e-02 [2.057664e-05] 
Layer 'conv2' biases: 2.687131e-02 [7.496807e-07] 
Layer 'conv3' weights[0]: 2.162085e-02 [2.310800e-05] 
Layer 'conv3' biases: 5.415381e-02 [6.683738e-07] 
Layer 'fc128' weights[0]: 6.390220e-03 [2.576670e-05] 
Layer 'fc128' biases: 6.050570e-02 [3.068548e-06] 
Layer 'fc10' weights[0]: 4.287692e-02 [4.770820e-05] 
Layer 'fc10' biases: 6.304752e-01 [2.064262e-05] 
-------------------------------------------------------
Saved checkpoint to ./checkpoints
======================================================= (3.177 sec)
epoch_cost: 0
196.1... logprob:  0.130079, 0.038200 (2.308 sec)
196.2... logprob:  0.120122, 0.034900 (2.306 sec)
196.3... logprob:  0.121619, 0.036300 (2.308 sec)
196.4... logprob:  0.120527, 0.036300 (2.324 sec)
196.5... logprob:  0.120976, 0.035800 (2.325 sec)
epoch_cost: 0
197.1... logprob:  0.127846, 0.039200 (2.314 sec)
197.2... logprob:  0.124730, 0.037200 (2.324 sec)
197.3... logprob:  0.123203, 0.037400 (2.326 sec)
197.4... logprob:  0.122515, 0.036500 (2.323 sec)
197.5... logprob:  0.115700, 0.032900 (2.325 sec)
epoch_cost: 0
198.1... logprob:  0.117377, 0.034200 (2.325 sec)
198.2... logprob:  0.115626, 0.032600 (2.324 sec)
198.3... logprob:  0.119277, 0.034300 (2.325 sec)
198.4... logprob:  0.117942, 0.031900 (2.325 sec)
198.5... logprob:  0.113891, 0.033700 
======================Test output======================
logprob:  0.689696, 0.225400 
------------------------------------------------------- 
Layer 'conv1' weights[0]: 7.917979e-02 [4.184951e-05] 
Layer 'conv1' biases: 3.178456e-02 [1.013345e-06] 
Layer 'conv2' weights[0]: 2.382926e-02 [1.880726e-05] 
Layer 'conv2' biases: 2.695562e-02 [5.986362e-07] 
Layer 'conv3' weights[0]: 2.160232e-02 [2.669845e-05] 
Layer 'conv3' biases: 5.423701e-02 [7.500418e-07] 
Layer 'fc128' weights[0]: 6.339287e-03 [2.516020e-05] 
Layer 'fc128' biases: 6.083098e-02 [2.639814e-06] 
Layer 'fc10' weights[0]: 4.304995e-02 [4.534156e-05] 
Layer 'fc10' biases: 6.339836e-01 [1.907900e-05] 
-------------------------------------------------------
Saved checkpoint to ./checkpoints
======================================================= (3.189 sec)
epoch_cost: 0
199.1... logprob:  0.120132, 0.035500 (2.327 sec)
199.2... logprob:  0.121588, 0.033000 (2.324 sec)
199.3... logprob:  0.114749, 0.034700 (2.325 sec)
199.4... logprob:  0.130988, 0.040600 (2.317 sec)
199.5... logprob:  0.116088, 0.031400 (2.309 sec)
epoch_cost: 0
200.1... logprob:  0.122430, 0.037700 (2.325 sec)
200.2... logprob:  0.118631, 0.035700 (2.317 sec)
200.3... logprob:  0.134339, 0.040700 (2.326 sec)
200.4... logprob:  0.127701, 0.038100 (2.324 sec)
200.5... logprob:  0.123297, 0.035700 (2.312 sec)
epoch_cost: 0
201.1... logprob:  0.125073, 0.037300 (2.325 sec)
201.2... logprob:  0.129802, 0.040300 (2.324 sec)
201.3... logprob:  0.115191, 0.034400 (2.324 sec)
201.4... logprob:  0.124946, 0.036800 (2.325 sec)
201.5... logprob:  0.130607, 0.039500 
======================Test output======================
logprob:  0.680024, 0.223100 
------------------------------------------------------- 
Layer 'conv1' weights[0]: 7.921492e-02 [4.298604e-05] 
Layer 'conv1' biases: 3.199358e-02 [1.591675e-06] 
Layer 'conv2' weights[0]: 2.381896e-02 [1.648185e-05] 
Layer 'conv2' biases: 2.705473e-02 [5.985602e-07] 
Layer 'conv3' weights[0]: 2.160561e-02 [2.113977e-05] 
Layer 'conv3' biases: 5.433349e-02 [5.376468e-07] 
Layer 'fc128' weights[0]: 6.362744e-03 [2.283452e-05] 
Layer 'fc128' biases: 6.118942e-02 [2.419902e-06] 
Layer 'fc10' weights[0]: 4.296758e-02 [4.111674e-05] 
Layer 'fc10' biases: 6.374689e-01 [1.701585e-05] 
-------------------------------------------------------
Saved checkpoint to ./checkpoints
======================================================= (3.186 sec)
epoch_cost: 0
202.1... logprob:  0.114351, 0.033600 (2.326 sec)
202.2... logprob:  0.121857, 0.036100 (2.326 sec)
202.3... logprob:  0.136939, 0.043500 (2.323 sec)
202.4... logprob:  0.132754, 0.039400 (2.324 sec)
202.5... logprob:  0.129162, 0.039900 (2.315 sec)
epoch_cost: 0
203.1... logprob:  0.129903, 0.038800 (2.312 sec)
203.2... logprob:  0.120811, 0.034800 (2.325 sec)
203.3... logprob:  0.132186, 0.043100 (2.324 sec)
203.4... logprob:  0.125391, 0.035600 (2.326 sec)
203.5... logprob:  0.127022, 0.038900 (2.325 sec)
epoch_cost: 0
204.1... logprob:  0.115896, 0.033300 (2.324 sec)
204.2... logprob:  0.119007, 0.033100 (2.318 sec)
204.3... logprob:  0.114498, 0.030600 (2.327 sec)
204.4... logprob:  0.133968, 0.041400 (2.326 sec)
204.5... logprob:  0.137854, 0.042900 
======================Test output======================
logprob:  0.690276, 0.228700 
------------------------------------------------------- 
Layer 'conv1' weights[0]: 7.920909e-02 [4.291682e-05] 
Layer 'conv1' biases: 3.219220e-02 [1.928407e-06] 
Layer 'conv2' weights[0]: 2.380657e-02 [1.446488e-05] 
Layer 'conv2' biases: 2.715171e-02 [5.343083e-07] 
Layer 'conv3' weights[0]: 2.160843e-02 [2.009459e-05] 
Layer 'conv3' biases: 5.443172e-02 [6.091843e-07] 
Layer 'fc128' weights[0]: 6.362981e-03 [2.140124e-05] 
Layer 'fc128' biases: 6.153873e-02 [2.511597e-06] 
Layer 'fc10' weights[0]: 4.295210e-02 [3.855437e-05] 
Layer 'fc10' biases: 6.408388e-01 [1.748337e-05] 
-------------------------------------------------------
Saved checkpoint to ./checkpoints
======================================================= (3.187 sec)
epoch_cost: 0
205.1... logprob:  0.128119, 0.039900 (2.324 sec)
205.2... logprob:  0.122078, 0.034500 (2.324 sec)
205.3... logprob:  0.113209, 0.032100 (2.325 sec)
205.4... logprob:  0.127930, 0.037700 (2.324 sec)
205.5... logprob:  0.136759, 0.043300 (2.315 sec)
epoch_cost: 0
206.1... logprob:  0.131843, 0.040500 (2.327 sec)
206.2... logprob:  0.128778, 0.036200 (2.310 sec)
206.3... logprob:  0.132494, 0.040900 (2.325 sec)
206.4... logprob:  0.134752, 0.041700 (2.323 sec)
206.5... logprob:  0.146159, 0.044800 (2.327 sec)
epoch_cost: 0
207.1... logprob:  0.116750, 0.033100 (2.326 sec)
207.2... logprob:  0.124054, 0.037200 (2.324 sec)
207.3... logprob:  0.126706, 0.035300 (2.324 sec)
207.4... logprob:  0.129208, 0.039100 (2.306 sec)
207.5... logprob:  0.129615, 0.040400 
======================Test output======================
logprob:  0.676617, 0.222800 
------------------------------------------------------- 
Layer 'conv1' weights[0]: 7.914776e-02 [2.422748e-05] 
Layer 'conv1' biases: 3.240908e-02 [1.209083e-06] 
Layer 'conv2' weights[0]: 2.380184e-02 [1.761893e-05] 
Layer 'conv2' biases: 2.725567e-02 [5.995992e-07] 
Layer 'conv3' weights[0]: 2.161403e-02 [2.388829e-05] 
Layer 'conv3' biases: 5.453824e-02 [6.856117e-07] 
Layer 'fc128' weights[0]: 6.382856e-03 [2.347529e-05] 
Layer 'fc128' biases: 6.189506e-02 [2.932119e-06] 
Layer 'fc10' weights[0]: 4.280691e-02 [4.765080e-05] 
Layer 'fc10' biases: 6.449128e-01 [2.933539e-05] 
-------------------------------------------------------
Saved checkpoint to ./checkpoints
======================================================= (3.177 sec)
epoch_cost: 0
208.1... logprob:  0.109848, 0.028600 (2.327 sec)
208.2... logprob:  0.124017, 0.037100 (2.326 sec)
208.3... logprob:  0.125826, 0.037500 (2.324 sec)
208.4... logprob:  0.123320, 0.036900 (2.322 sec)
208.5... logprob:  0.122475, 0.034700 (2.324 sec)
epoch_cost: 0
209.1... logprob:  0.115647, 0.034500 (2.324 sec)
209.2... logprob:  0.114166, 0.032900 (2.325 sec)
209.3... logprob:  0.118193, 0.034400 (2.326 sec)
209.4... logprob:  0.117156, 0.034200 (2.325 sec)
209.5... logprob:  0.130496, 0.042300 (2.322 sec)
epoch_cost: 0
210.1... logprob:  0.118681, 0.033700 (2.325 sec)
210.2... logprob:  0.119326, 0.034500 (2.324 sec)
210.3... logprob:  0.123137, 0.038000 (2.309 sec)
210.4... logprob:  0.119059, 0.036300 (2.324 sec)
210.5... logprob:  0.125985, 0.037600 
======================Test output======================
logprob:  0.693992, 0.227400 
------------------------------------------------------- 
Layer 'conv1' weights[0]: 7.925615e-02 [4.980464e-05] 
Layer 'conv1' biases: 3.260060e-02 [1.682225e-06] 
Layer 'conv2' weights[0]: 2.378932e-02 [2.328690e-05] 
Layer 'conv2' biases: 2.734903e-02 [8.832249e-07] 
Layer 'conv3' weights[0]: 2.160743e-02 [3.070313e-05] 
Layer 'conv3' biases: 5.463584e-02 [9.022068e-07] 
Layer 'fc128' weights[0]: 6.342418e-03 [3.097370e-05] 
Layer 'fc128' biases: 6.223436e-02 [4.507581e-06] 
Layer 'fc10' weights[0]: 4.286151e-02 [6.028136e-05] 
Layer 'fc10' biases: 6.486773e-01 [4.073824e-05] 
-------------------------------------------------------
Saved checkpoint to ./checkpoints
======================================================= (3.172 sec)
epoch_cost: 0
211.1... logprob:  0.122203, 0.035200 (2.317 sec)
211.2... logprob:  0.117008, 0.031400 (2.324 sec)
211.3... logprob:  0.111736, 0.032400 (2.324 sec)
211.4... logprob:  0.128968, 0.037700 (2.324 sec)
211.5... logprob:  0.123769, 0.037200 (2.324 sec)
epoch_cost: 0
212.1... logprob:  0.120855, 0.035400 (2.324 sec)
212.2... logprob:  0.119957, 0.032600 (2.324 sec)
212.3... logprob:  0.130227, 0.040000 (2.321 sec)
212.4... logprob:  0.123503, 0.037600 (2.311 sec)
212.5... logprob:  0.122505, 0.036600 (2.306 sec)
epoch_cost: 0
213.1... logprob:  0.146463, 0.047700 (2.326 sec)
213.2... logprob:  0.141733, 0.043000 (2.325 sec)
213.3... logprob:  0.132199, 0.042500 (2.314 sec)
213.4... logprob:  0.123977, 0.037200 (2.320 sec)
213.5... logprob:  0.118129, 0.035200 
======================Test output======================
logprob:  0.697601, 0.231100 
------------------------------------------------------- 
Layer 'conv1' weights[0]: 7.922111e-02 [3.840968e-05] 
Layer 'conv1' biases: 3.283166e-02 [1.248953e-06] 
Layer 'conv2' weights[0]: 2.379236e-02 [1.585135e-05] 
Layer 'conv2' biases: 2.744437e-02 [6.591175e-07] 
Layer 'conv3' weights[0]: 2.161181e-02 [2.326644e-05] 
Layer 'conv3' biases: 5.473321e-02 [7.069863e-07] 
Layer 'fc128' weights[0]: 6.370423e-03 [2.419099e-05] 
Layer 'fc128' biases: 6.256907e-02 [2.928920e-06] 
Layer 'fc10' weights[0]: 4.283678e-02 [4.841765e-05] 
Layer 'fc10' biases: 6.520325e-01 [2.750106e-05] 
-------------------------------------------------------
Saved checkpoint to ./checkpoints
======================================================= (3.187 sec)
epoch_cost: 0
214.1... logprob:  0.120968, 0.036000 (2.325 sec)
214.2... logprob:  0.127356, 0.036900 (2.326 sec)
214.3... logprob:  0.117606, 0.034900 (2.326 sec)
214.4... logprob:  0.131185, 0.040600 (2.325 sec)
214.5... logprob:  0.125476, 0.038600 (2.325 sec)
epoch_cost: 0
215.1... logprob:  0.130518, 0.038700 (2.322 sec)
215.2... logprob:  0.131588, 0.039900 (2.324 sec)
215.3... logprob:  0.125245, 0.036400 (2.308 sec)
215.4... logprob:  0.123770, 0.037500 (2.308 sec)
215.5... logprob:  0.115438, 0.033600 (2.324 sec)
epoch_cost: 0
216.1... logprob:  0.128208, 0.040600 (2.326 sec)
216.2... logprob:  0.130144, 0.038800 (2.316 sec)
216.3... logprob:  0.136214, 0.039600 (2.312 sec)
216.4... logprob:  0.127792, 0.039000 (2.307 sec)
216.5... logprob:  0.115080, 0.031200 
======================Test output======================
logprob:  0.690423, 0.227300 
------------------------------------------------------- 
Layer 'conv1' weights[0]: 7.920676e-02 [5.166788e-05] 
Layer 'conv1' biases: 3.304642e-02 [2.027381e-06] 
Layer 'conv2' weights[0]: 2.379796e-02 [2.626573e-05] 
Layer 'conv2' biases: 2.754638e-02 [1.070190e-06] 
Layer 'conv3' weights[0]: 2.161266e-02 [2.852713e-05] 
Layer 'conv3' biases: 5.483752e-02 [8.724941e-07] 
Layer 'fc128' weights[0]: 6.374214e-03 [2.511658e-05] 
Layer 'fc128' biases: 6.292473e-02 [3.214475e-06] 
Layer 'fc10' weights[0]: 4.292563e-02 [5.008869e-05] 
Layer 'fc10' biases: 6.561481e-01 [2.851443e-05] 
-------------------------------------------------------
Saved checkpoint to ./checkpoints
======================================================= (3.187 sec)
epoch_cost: 0
217.1... logprob:  0.132629, 0.041900 (2.326 sec)
217.2... logprob:  0.129345, 0.039900 (2.325 sec)
217.3... logprob:  0.115953, 0.035700 (2.325 sec)
217.4... logprob:  0.120811, 0.035500 (2.309 sec)
217.5... logprob:  0.120371, 0.037700 (2.325 sec)
epoch_cost: 0
218.1... logprob:  0.116596, 0.032600 (2.317 sec)
218.2... logprob:  0.130496, 0.037200 (2.325 sec)
218.3... logprob:  0.122240, 0.035400 (2.325 sec)
218.4... logprob:  0.125446, 0.037100 (2.324 sec)
218.5... logprob:  0.112395, 0.031300 (2.325 sec)
epoch_cost: 0
219.1... logprob:  0.118152, 0.034900 (2.325 sec)
219.2... logprob:  0.120882, 0.034100 (2.307 sec)
219.3... logprob:  0.114007, 0.032300 (2.325 sec)
219.4... logprob:  0.128016, 0.039000 (2.325 sec)
219.5... logprob:  0.107032, 0.030200 
======================Test output======================
logprob:  0.673094, 0.218300 
------------------------------------------------------- 
Layer 'conv1' weights[0]: 7.924768e-02 [4.032802e-05] 
Layer 'conv1' biases: 3.323924e-02 [2.192192e-06] 
Layer 'conv2' weights[0]: 2.380151e-02 [2.764165e-05] 
Layer 'conv2' biases: 2.763699e-02 [1.152823e-06] 
Layer 'conv3' weights[0]: 2.161863e-02 [2.770692e-05] 
Layer 'conv3' biases: 5.492466e-02 [9.840736e-07] 
Layer 'fc128' weights[0]: 6.332805e-03 [2.621055e-05] 
Layer 'fc128' biases: 6.326969e-02 [3.394332e-06] 
Layer 'fc10' weights[0]: 4.288708e-02 [4.736052e-05] 
Layer 'fc10' biases: 6.592220e-01 [2.116005e-05] 
-------------------------------------------------------
Saved checkpoint to ./checkpoints
======================================================= (3.186 sec)
epoch_cost: 0
220.1... logprob:  0.126216, 0.038400 (2.326 sec)
220.2... logprob:  0.128989, 0.038600 (2.308 sec)
220.3... logprob:  0.120860, 0.035200 (2.326 sec)
220.4... logprob:  0.124136, 0.036300 (2.327 sec)
220.5... logprob:  0.122512, 0.035800 (2.326 sec)
epoch_cost: 0
221.1... logprob:  0.131691, 0.038800 (2.324 sec)
221.2... logprob:  0.132191, 0.040300 (2.326 sec)
221.3... logprob:  0.125684, 0.037600 (2.324 sec)
221.4... logprob:  0.137659, 0.042100 (2.326 sec)
221.5... logprob:  0.120467, 0.033800 (2.327 sec)
epoch_cost: 0
222.1... logprob:  0.121042, 0.036400 (2.325 sec)
222.2... logprob:  0.133143, 0.042500 (2.324 sec)
222.3... logprob:  0.135718, 0.041800 (2.325 sec)
222.4... logprob:  0.122501, 0.035300 (2.325 sec)
222.5... logprob:  0.120276, 0.033600 
======================Test output======================
logprob:  0.688720, 0.229200 
------------------------------------------------------- 
Layer 'conv1' weights[0]: 7.920567e-02 [5.815601e-05] 
Layer 'conv1' biases: 3.341146e-02 [1.904358e-06] 
Layer 'conv2' weights[0]: 2.379165e-02 [3.126605e-05] 
Layer 'conv2' biases: 2.772549e-02 [1.365595e-06] 
Layer 'conv3' weights[0]: 2.162571e-02 [3.198856e-05] 
Layer 'conv3' biases: 5.501600e-02 [9.478354e-07] 
Layer 'fc128' weights[0]: 6.360371e-03 [2.681599e-05] 
Layer 'fc128' biases: 6.360583e-02 [2.832590e-06] 
Layer 'fc10' weights[0]: 4.279415e-02 [5.454949e-05] 
Layer 'fc10' biases: 6.625980e-01 [2.205523e-05] 
-------------------------------------------------------
Saved checkpoint to ./checkpoints
======================================================= (3.186 sec)
epoch_cost: 0
223.1... logprob:  0.126493, 0.037600 (2.329 sec)
223.2... logprob:  0.125355, 0.036600 (2.324 sec)
223.3... logprob:  0.117420, 0.034400 (2.314 sec)
223.4... logprob:  0.129614, 0.036300 (2.324 sec)
223.5... logprob:  0.114118, 0.031300 (2.323 sec)
epoch_cost: 0
224.1... logprob:  0.114290, 0.034300 (2.323 sec)
224.2... logprob:  0.126706, 0.037400 (2.326 sec)
224.3... logprob:  0.120370, 0.036000 (2.313 sec)
224.4... logprob:  0.131671, 0.041600 (2.327 sec)
224.5... logprob:  0.108726, 0.030600 (2.324 sec)
epoch_cost: 0
225.1... logprob:  0.118128, 0.034300 (2.316 sec)
225.2... logprob:  0.128942, 0.038500 (2.319 sec)
225.3... logprob:  0.116950, 0.031400 (2.325 sec)
225.4... logprob:  0.142579, 0.045800 (2.325 sec)
225.5... logprob:  0.115268, 0.031200 
======================Test output======================
logprob:  0.708850, 0.234400 
------------------------------------------------------- 
Layer 'conv1' weights[0]: 7.925420e-02 [3.860935e-05] 
Layer 'conv1' biases: 3.362513e-02 [1.376604e-06] 
Layer 'conv2' weights[0]: 2.379544e-02 [1.616682e-05] 
Layer 'conv2' biases: 2.782089e-02 [4.868297e-07] 
Layer 'conv3' weights[0]: 2.164663e-02 [2.288809e-05] 
Layer 'conv3' biases: 5.511696e-02 [6.145490e-07] 
Layer 'fc128' weights[0]: 6.355660e-03 [2.257076e-05] 
Layer 'fc128' biases: 6.394384e-02 [2.574943e-06] 
Layer 'fc10' weights[0]: 4.294000e-02 [4.620976e-05] 
Layer 'fc10' biases: 6.660827e-01 [2.079306e-05] 
-------------------------------------------------------
Saved checkpoint to ./checkpoints
======================================================= (3.186 sec)
epoch_cost: 0
226.1... logprob:  0.116792, 0.034300 (2.327 sec)
226.2... logprob:  0.119711, 0.035100 (2.308 sec)
226.3... logprob:  0.118723, 0.034500 (2.306 sec)
226.4... logprob:  0.119364, 0.033300 (2.307 sec)
226.5... logprob:  0.117384, 0.034300 (2.308 sec)
epoch_cost: 0
227.1... logprob:  0.113336, 0.033700 (2.307 sec)
227.2... logprob:  0.116981, 0.034700 (2.307 sec)
227.3... logprob:  0.122975, 0.035600 (2.306 sec)
227.4... logprob:  0.121268, 0.034900 (2.307 sec)
227.5... logprob:  0.121571, 0.036100 (2.309 sec)
epoch_cost: 0
228.1... logprob:  0.111891, 0.030900 (2.308 sec)
228.2... logprob:  0.117166, 0.035800 (2.297 sec)
228.3... logprob:  0.113128, 0.032500 (2.301 sec)
228.4... logprob:  0.117410, 0.034300 (2.298 sec)
228.5... logprob:  0.121873, 0.036500 
======================Test output======================
logprob:  0.678953, 0.222700 
------------------------------------------------------- 
Layer 'conv1' weights[0]: 7.936584e-02 [4.662950e-05] 
Layer 'conv1' biases: 3.381851e-02 [1.685096e-06] 
Layer 'conv2' weights[0]: 2.378844e-02 [2.191203e-05] 
Layer 'conv2' biases: 2.791133e-02 [7.690939e-07] 
Layer 'conv3' weights[0]: 2.163156e-02 [2.260613e-05] 
Layer 'conv3' biases: 5.520446e-02 [6.897085e-07] 
Layer 'fc128' weights[0]: 6.298462e-03 [2.433718e-05] 
Layer 'fc128' biases: 6.428099e-02 [2.736631e-06] 
Layer 'fc10' weights[0]: 4.293689e-02 [4.555789e-05] 
Layer 'fc10' biases: 6.693420e-01 [2.405732e-05] 
-------------------------------------------------------
Saved checkpoint to ./checkpoints
======================================================= (3.159 sec)
epoch_cost: 0
229.1... logprob:  0.111805, 0.031300 (2.295 sec)
229.2... logprob:  0.114903, 0.031200 (2.304 sec)
229.3... logprob:  0.112710, 0.032000 (2.298 sec)
229.4... logprob:  0.127054, 0.039000 (2.308 sec)
229.5... logprob:  0.134279, 0.040800 (2.309 sec)
epoch_cost: 0
230.1... logprob:  0.112538, 0.033900 (2.302 sec)
230.2... logprob:  0.119266, 0.035900 (2.302 sec)
230.3... logprob:  0.117763, 0.034700 (2.301 sec)
230.4... logprob:  0.116862, 0.035300 (2.306 sec)
230.5... logprob:  0.131255, 0.039400 (2.306 sec)
epoch_cost: 0
231.1... logprob:  0.123487, 0.036500 (2.318 sec)
231.2... logprob:  0.126217, 0.038200 (2.309 sec)
231.3... logprob:  0.120849, 0.035100 (2.304 sec)
231.4... logprob:  0.121891, 0.036800 (2.300 sec)
231.5... logprob:  0.132471, 0.039300 
======================Test output======================
logprob:  0.694453, 0.231000 
------------------------------------------------------- 
Layer 'conv1' weights[0]: 7.927736e-02 [4.505233e-05] 
Layer 'conv1' biases: 3.402128e-02 [1.777692e-06] 
Layer 'conv2' weights[0]: 2.378973e-02 [2.530967e-05] 
Layer 'conv2' biases: 2.801557e-02 [1.002395e-06] 
Layer 'conv3' weights[0]: 2.163252e-02 [2.478506e-05] 
Layer 'conv3' biases: 5.529947e-02 [6.967273e-07] 
Layer 'fc128' weights[0]: 6.308644e-03 [2.524918e-05] 
Layer 'fc128' biases: 6.462973e-02 [3.075986e-06] 
Layer 'fc10' weights[0]: 4.277042e-02 [4.630838e-05] 
Layer 'fc10' biases: 6.726593e-01 [2.416105e-05] 
-------------------------------------------------------
Saved checkpoint to ./checkpoints
======================================================= (3.163 sec)
epoch_cost: 0
232.1... logprob:  0.116449, 0.033000 (2.302 sec)
232.2... logprob:  0.133006, 0.042300 (2.297 sec)
232.3... logprob:  0.116551, 0.034000 (2.302 sec)
232.4... logprob:  0.119090, 0.036100 (2.301 sec)
232.5... logprob:  0.123034, 0.035000 (2.294 sec)
epoch_cost: 0
233.1... logprob:  0.117857, 0.034900 (2.292 sec)
233.2... logprob:  0.122502, 0.034100 (2.304 sec)
233.3... logprob:  0.111206, 0.032800 (2.297 sec)
233.4... logprob:  0.120069, 0.033800 (2.298 sec)
233.5... logprob:  0.118205, 0.034600 (2.304 sec)
epoch_cost: 0
234.1... logprob:  0.110519, 0.030900 (2.304 sec)
234.2... logprob:  0.129409, 0.039900 (2.306 sec)
234.3... logprob:  0.120561, 0.036100 (2.307 sec)
234.4... logprob:  0.126182, 0.039400 (2.303 sec)
234.5... logprob:  0.120688, 0.035500 
======================Test output======================
logprob:  0.693784, 0.231800 
------------------------------------------------------- 
Layer 'conv1' weights[0]: 7.926764e-02 [4.241735e-05] 
Layer 'conv1' biases: 3.421054e-02 [2.970028e-06] 
Layer 'conv2' weights[0]: 2.378077e-02 [3.600982e-05] 
Layer 'conv2' biases: 2.809938e-02 [1.517499e-06] 
Layer 'conv3' weights[0]: 2.162784e-02 [3.537671e-05] 
Layer 'conv3' biases: 5.539332e-02 [1.366514e-06] 
Layer 'fc128' weights[0]: 6.299307e-03 [3.164098e-05] 
Layer 'fc128' biases: 6.496222e-02 [4.470538e-06] 
Layer 'fc10' weights[0]: 4.275183e-02 [6.039162e-05] 
Layer 'fc10' biases: 6.763571e-01 [4.187296e-05] 
-------------------------------------------------------
Saved checkpoint to ./checkpoints
======================================================= (3.149 sec)
epoch_cost: 0
235.1... logprob:  0.139672, 0.042900 (2.304 sec)
235.2... logprob:  0.126581, 0.036000 (2.300 sec)
235.3... logprob:  0.123274, 0.038000 (2.298 sec)
235.4... logprob:  0.131765, 0.042700 (2.299 sec)
235.5... logprob:  0.116772, 0.033200 (2.288 sec)
epoch_cost: 0
236.1... logprob:  0.132647, 0.039200 (2.292 sec)
236.2... logprob:  0.130042, 0.039100 (2.337 sec)
236.3... logprob:  0.131203, 0.040700 (2.309 sec)
236.4... logprob:  0.126125, 0.039000 (2.306 sec)
236.5... logprob:  0.114533, 0.034600 (2.308 sec)
epoch_cost: 0
237.1... logprob:  0.124594, 0.037500 (2.305 sec)
237.2... logprob:  0.124694, 0.034700 (2.307 sec)
237.3... logprob:  0.120724, 0.035700 (2.306 sec)
237.4... logprob:  0.113345, 0.031300 (2.308 sec)
237.5... logprob:  0.117847, 0.034700 
======================Test output======================
logprob:  0.711901, 0.232000 
------------------------------------------------------- 
Layer 'conv1' weights[0]: 7.924095e-02 [3.532391e-05] 
Layer 'conv1' biases: 3.442416e-02 [2.316861e-06] 
Layer 'conv2' weights[0]: 2.377700e-02 [1.844424e-05] 
Layer 'conv2' biases: 2.818763e-02 [6.956632e-07] 
Layer 'conv3' weights[0]: 2.163552e-02 [2.414639e-05] 
Layer 'conv3' biases: 5.549137e-02 [6.981920e-07] 
Layer 'fc128' weights[0]: 6.315457e-03 [2.434990e-05] 
Layer 'fc128' biases: 6.530426e-02 [2.644498e-06] 
Layer 'fc10' weights[0]: 4.271480e-02 [4.541110e-05] 
Layer 'fc10' biases: 6.800885e-01 [2.291360e-05] 
-------------------------------------------------------
Saved checkpoint to ./checkpoints
======================================================= (3.166 sec)
epoch_cost: 0
238.1... logprob:  0.121766, 0.036000 (2.308 sec)
238.2... logprob:  0.115379, 0.032900 (2.305 sec)
238.3... logprob:  0.129362, 0.039900 (2.308 sec)
238.4... logprob:  0.134386, 0.041700 (2.306 sec)
238.5... logprob:  0.126626, 0.039500 (2.306 sec)
epoch_cost: 0
239.1... logprob:  0.129201, 0.039600 (2.308 sec)
239.2... logprob:  0.124884, 0.036800 (2.306 sec)
239.3... logprob:  0.126333, 0.041700 (2.308 sec)
239.4... logprob:  0.136331, 0.044800 (2.307 sec)
239.5... logprob:  0.117357, 0.034500 (2.308 sec)
epoch_cost: 0
240.1... logprob:  0.118193, 0.032300 (2.306 sec)
240.2... logprob:  0.113747, 0.033300 (2.308 sec)
240.3... logprob:  0.115604, 0.034400 (2.306 sec)
240.4... logprob:  0.125106, 0.037000 (2.307 sec)
240.5... logprob:  0.122829, 0.036500 
======================Test output======================
logprob:  0.717695, 0.239000 
------------------------------------------------------- 
Layer 'conv1' weights[0]: 7.923232e-02 [2.660286e-05] 
Layer 'conv1' biases: 3.462489e-02 [9.611051e-07] 
Layer 'conv2' weights[0]: 2.375557e-02 [1.552005e-05] 
Layer 'conv2' biases: 2.827578e-02 [5.206404e-07] 
Layer 'conv3' weights[0]: 2.164287e-02 [2.173781e-05] 
Layer 'conv3' biases: 5.558241e-02 [5.524626e-07] 
Layer 'fc128' weights[0]: 6.324315e-03 [2.411207e-05] 
Layer 'fc128' biases: 6.564688e-02 [2.532378e-06] 
Layer 'fc10' weights[0]: 4.270275e-02 [4.789159e-05] 
Layer 'fc10' biases: 6.836772e-01 [2.583512e-05] 
-------------------------------------------------------
Saved checkpoint to ./checkpoints
======================================================= (3.165 sec)
epoch_cost: 0
241.1... logprob:  0.130479, 0.039300 (2.308 sec)
241.2... logprob:  0.124095, 0.037200 (2.307 sec)
241.3... logprob:  0.119002, 0.035100 (2.305 sec)
241.4... logprob:  0.125537, 0.035700 (2.306 sec)
241.5... logprob:  0.117093, 0.034600 (2.306 sec)
epoch_cost: 0
242.1... logprob:  0.121948, 0.036300 (2.307 sec)
242.2... logprob:  0.118853, 0.033800 (2.306 sec)
242.3... logprob:  0.117935, 0.036500 (2.306 sec)
242.4... logprob:  0.128672, 0.039300 (2.307 sec)
242.5... logprob:  0.124386, 0.037100 (2.307 sec)
epoch_cost: 0
243.1... logprob:  0.129006, 0.040400 (2.305 sec)
243.2... logprob:  0.120765, 0.035800 (2.306 sec)
243.3... logprob:  0.114778, 0.033600 (2.308 sec)
243.4... logprob:  0.112284, 0.030000 (2.307 sec)
243.5... logprob:  0.116145, 0.034900 
======================Test output======================
logprob:  0.674390, 0.223500 
------------------------------------------------------- 
Layer 'conv1' weights[0]: 7.922447e-02 [3.196881e-05] 
Layer 'conv1' biases: 3.483430e-02 [1.569214e-06] 
Layer 'conv2' weights[0]: 2.375262e-02 [1.534962e-05] 
Layer 'conv2' biases: 2.836294e-02 [5.861954e-07] 
Layer 'conv3' weights[0]: 2.163965e-02 [2.110707e-05] 
Layer 'conv3' biases: 5.567706e-02 [5.213951e-07] 
Layer 'fc128' weights[0]: 6.298127e-03 [2.158071e-05] 
Layer 'fc128' biases: 6.597887e-02 [2.555747e-06] 
Layer 'fc10' weights[0]: 4.264859e-02 [3.986124e-05] 
Layer 'fc10' biases: 6.871748e-01 [1.962766e-05] 
-------------------------------------------------------
Saved checkpoint to ./checkpoints
======================================================= (3.169 sec)
epoch_cost: 0
244.1... logprob:  0.120150, 0.036300 (2.309 sec)
244.2... logprob:  0.118709, 0.034200 (2.307 sec)
244.3... logprob:  0.114890, 0.033100 (2.307 sec)
244.4... logprob:  0.112609, 0.031800 (2.307 sec)
244.5... logprob:  0.112932, 0.030800 (2.308 sec)
epoch_cost: 0
245.1... logprob:  0.112059, 0.032800 (2.307 sec)
245.2... logprob:  0.131886, 0.040000 (2.307 sec)
245.3... logprob:  0.112482, 0.034300 (2.307 sec)
245.4... logprob:  0.112821, 0.030700 (2.306 sec)
245.5... logprob:  0.127012, 0.038800 (2.307 sec)
epoch_cost: 0
246.1... logprob:  0.120989, 0.036100 (2.307 sec)
246.2... logprob:  0.113447, 0.032200 (2.314 sec)
246.3... logprob:  0.122556, 0.035900 (2.307 sec)
246.4... logprob:  0.125602, 0.038600 (2.308 sec)
246.5... logprob:  0.127017, 0.037900 
======================Test output======================
logprob:  0.688172, 0.228200 
------------------------------------------------------- 
Layer 'conv1' weights[0]: 7.922057e-02 [3.787830e-05] 
Layer 'conv1' biases: 3.501794e-02 [2.899792e-06] 
Layer 'conv2' weights[0]: 2.373244e-02 [2.515246e-05] 
Layer 'conv2' biases: 2.845212e-02 [9.132818e-07] 
Layer 'conv3' weights[0]: 2.162630e-02 [2.708901e-05] 
Layer 'conv3' biases: 5.577196e-02 [7.782324e-07] 
Layer 'fc128' weights[0]: 6.279656e-03 [2.582232e-05] 
Layer 'fc128' biases: 6.631723e-02 [3.567386e-06] 
Layer 'fc10' weights[0]: 4.263437e-02 [4.794448e-05] 
Layer 'fc10' biases: 6.904603e-01 [3.101790e-05] 
-------------------------------------------------------
Saved checkpoint to ./checkpoints
======================================================= (3.169 sec)
epoch_cost: 0
247.1... logprob:  0.113254, 0.032700 (2.309 sec)
247.2... logprob:  0.111999, 0.029700 (2.307 sec)
247.3... logprob:  0.112709, 0.033500 (2.306 sec)
247.4... logprob:  0.118123, 0.035800 (2.306 sec)
247.5... logprob:  0.116311, 0.031700 (2.308 sec)
epoch_cost: 0
248.1... logprob:  0.111870, 0.033600 (2.306 sec)
248.2... logprob:  0.113467, 0.033200 (2.308 sec)
248.3... logprob:  0.121819, 0.036700 (2.307 sec)
248.4... logprob:  0.129024, 0.039500 (2.306 sec)
248.5... logprob:  0.119215, 0.036600 (2.307 sec)
epoch_cost: 0
249.1... logprob:  0.109743, 0.031200 (2.306 sec)
249.2... logprob:  0.125583, 0.036600 (2.308 sec)
249.3... logprob:  0.117754, 0.033000 (2.324 sec)
249.4... logprob:  0.111565, 0.031700 (2.306 sec)
249.5... logprob:  0.120575, 0.035200 
======================Test output======================
logprob:  0.689038, 0.224800 
------------------------------------------------------- 
Layer 'conv1' weights[0]: 7.926225e-02 [2.825976e-05] 
Layer 'conv1' biases: 3.521562e-02 [1.533204e-06] 
Layer 'conv2' weights[0]: 2.373308e-02 [2.315617e-05] 
Layer 'conv2' biases: 2.854316e-02 [8.394604e-07] 
Layer 'conv3' weights[0]: 2.161307e-02 [2.695487e-05] 
Layer 'conv3' biases: 5.586347e-02 [8.012177e-07] 
Layer 'fc128' weights[0]: 6.262621e-03 [2.630565e-05] 
Layer 'fc128' biases: 6.664370e-02 [3.246293e-06] 
Layer 'fc10' weights[0]: 4.271920e-02 [5.158390e-05] 
Layer 'fc10' biases: 6.937978e-01 [3.560633e-05] 
-------------------------------------------------------
Saved checkpoint to ./checkpoints
======================================================= (3.166 sec)
epoch_cost: 0
250.1... logprob:  0.121954, 0.035900 (2.308 sec)
250.2... logprob:  0.137927, 0.043600 (2.305 sec)
250.3... logprob:  0.134224, 0.043400 (2.308 sec)
250.4... logprob:  0.118667, 0.034000 (2.306 sec)
250.5... logprob:  0.116380, 0.033300 (2.308 sec)
epoch_cost: 0
251.1... logprob:  0.147314, 0.046600 (2.309 sec)
251.2... logprob:  0.132835, 0.041100 (2.305 sec)
251.3... logprob:  0.121622, 0.035900 (2.307 sec)
251.4... logprob:  0.127726, 0.038900 (2.307 sec)
251.5... logprob:  0.116994, 0.033600 (2.306 sec)
epoch_cost: 0
252.1... logprob:  0.117194, 0.036200 (2.307 sec)
252.2... logprob:  0.114782, 0.032500 (2.306 sec)
252.3... logprob:  0.122911, 0.037600 (2.306 sec)
252.4... logprob:  0.122774, 0.034200 (2.307 sec)
252.5... logprob:  0.115086, 0.033100 
======================Test output======================
logprob:  0.698490, 0.231600 
------------------------------------------------------- 
Layer 'conv1' weights[0]: 7.922660e-02 [4.153842e-05] 
Layer 'conv1' biases: 3.542338e-02 [1.737065e-06] 
Layer 'conv2' weights[0]: 2.372634e-02 [1.932512e-05] 
Layer 'conv2' biases: 2.863553e-02 [7.671937e-07] 
Layer 'conv3' weights[0]: 2.161940e-02 [2.337182e-05] 
Layer 'conv3' biases: 5.596009e-02 [6.790918e-07] 
Layer 'fc128' weights[0]: 6.286221e-03 [2.107864e-05] 
Layer 'fc128' biases: 6.697712e-02 [2.502095e-06] 
Layer 'fc10' weights[0]: 4.275712e-02 [3.828287e-05] 
Layer 'fc10' biases: 6.968650e-01 [1.645117e-05] 
-------------------------------------------------------
Saved checkpoint to ./checkpoints
======================================================= (3.166 sec)
epoch_cost: 0
253.1... logprob:  0.119838, 0.035100 (2.308 sec)
253.2... logprob:  0.121898, 0.035000 (2.310 sec)
253.3... logprob:  0.128079, 0.038900 (2.307 sec)
253.4... logprob:  0.147299, 0.048500 (2.307 sec)
253.5... logprob:  0.122940, 0.035900 (2.308 sec)
epoch_cost: 0
254.1... logprob:  0.115486, 0.033100 (2.306 sec)
254.2... logprob:  0.113002, 0.030500 (2.308 sec)
254.3... logprob:  0.128028, 0.040600 (2.306 sec)
254.4... logprob:  0.118848, 0.034600 (2.307 sec)
254.5... logprob:  0.118440, 0.035000 (2.306 sec)
epoch_cost: 0
255.1... logprob:  0.126962, 0.038100 (2.308 sec)
255.2... logprob:  0.125530, 0.037100 (2.323 sec)
255.3... logprob:  0.121253, 0.037700 (2.324 sec)
255.4... logprob:  0.116386, 0.031800 (2.306 sec)
255.5... logprob:  0.117518, 0.034200 
======================Test output======================
logprob:  0.718586, 0.242100 
------------------------------------------------------- 
Layer 'conv1' weights[0]: 7.925720e-02 [3.409814e-05] 
Layer 'conv1' biases: 3.558993e-02 [1.556731e-06] 
Layer 'conv2' weights[0]: 2.373231e-02 [2.416690e-05] 
Layer 'conv2' biases: 2.872103e-02 [9.736443e-07] 
Layer 'conv3' weights[0]: 2.162372e-02 [2.590763e-05] 
Layer 'conv3' biases: 5.605078e-02 [8.350638e-07] 
Layer 'fc128' weights[0]: 6.293100e-03 [2.547839e-05] 
Layer 'fc128' biases: 6.730719e-02 [3.444467e-06] 
Layer 'fc10' weights[0]: 4.269435e-02 [4.904373e-05] 
Layer 'fc10' biases: 7.000349e-01 [3.286646e-05] 
-------------------------------------------------------
Saved checkpoint to ./checkpoints
======================================================= (3.164 sec)
epoch_cost: 0
256.1... logprob:  0.118294, 0.035600 (2.306 sec)
256.2... logprob:  0.125077, 0.038100 (2.307 sec)
256.3... logprob:  0.118537, 0.036100 (2.307 sec)
256.4... logprob:  0.122517, 0.034400 (2.307 sec)
256.5... logprob:  0.119628, 0.034700 (2.306 sec)
epoch_cost: 0
257.1... logprob:  0.122022, 0.035500 (2.306 sec)
257.2... logprob:  0.117470, 0.033000 (2.307 sec)
257.3... logprob:  0.118007, 0.035000 (2.307 sec)
257.4... logprob:  0.130170, 0.038400 (2.304 sec)
257.5... logprob:  0.116461, 0.035800 (2.307 sec)
epoch_cost: 0
258.1... logprob:  0.108100, 0.030600 (2.307 sec)
258.2... logprob:  0.124621, 0.036900 (2.306 sec)
258.3... logprob:  0.113932, 0.033500 (2.307 sec)
258.4... logprob:  0.129435, 0.040600 (2.308 sec)
258.5... logprob:  0.114855, 0.031300 
======================Test output======================
logprob:  0.696231, 0.231900 
------------------------------------------------------- 
Layer 'conv1' weights[0]: 7.921870e-02 [3.798631e-05] 
Layer 'conv1' biases: 3.578092e-02 [1.408026e-06] 
Layer 'conv2' weights[0]: 2.372139e-02 [1.747916e-05] 
Layer 'conv2' biases: 2.880838e-02 [6.218312e-07] 
Layer 'conv3' weights[0]: 2.162510e-02 [2.834043e-05] 
Layer 'conv3' biases: 5.614381e-02 [9.275917e-07] 
Layer 'fc128' weights[0]: 6.277969e-03 [2.640365e-05] 
Layer 'fc128' biases: 6.762479e-02 [3.802911e-06] 
Layer 'fc10' weights[0]: 4.270823e-02 [5.409745e-05] 
Layer 'fc10' biases: 7.032838e-01 [3.436295e-05] 
-------------------------------------------------------
Saved checkpoint to ./checkpoints
======================================================= (3.168 sec)
epoch_cost: 0
259.1... logprob:  0.124113, 0.037800 (2.308 sec)
259.2... logprob:  0.115624, 0.034300 (2.306 sec)
259.3... logprob:  0.122820, 0.035700 (2.307 sec)
259.4... logprob:  0.124844, 0.035200 (2.306 sec)
259.5... logprob:  0.106495, 0.029400 (2.307 sec)
epoch_cost: 0
260.1... logprob:  0.120659, 0.037700 (2.307 sec)
260.2... logprob:  0.127516, 0.036800 (2.307 sec)
260.3... logprob:  0.116162, 0.032500 (2.308 sec)
260.4... logprob:  0.111146, 0.030900 (2.306 sec)
260.5... logprob:  0.112085, 0.032900 (2.306 sec)
epoch_cost: 0
261.1... logprob:  0.110657, 0.033300 (2.308 sec)
261.2... logprob:  0.126380, 0.037500 (2.306 sec)
261.3... logprob:  0.145180, 0.044800 (2.306 sec)
261.4... logprob:  0.121307, 0.036700 (2.299 sec)
261.5... logprob:  0.116611, 0.033800 
======================Test output======================
logprob:  0.683678, 0.223800 
------------------------------------------------------- 
Layer 'conv1' weights[0]: 7.917427e-02 [2.819730e-05] 
Layer 'conv1' biases: 3.596552e-02 [1.064088e-06] 
Layer 'conv2' weights[0]: 2.370682e-02 [1.671647e-05] 
Layer 'conv2' biases: 2.890183e-02 [5.673807e-07] 
Layer 'conv3' weights[0]: 2.162469e-02 [1.998894e-05] 
Layer 'conv3' biases: 5.623117e-02 [5.622740e-07] 
Layer 'fc128' weights[0]: 6.269636e-03 [2.131680e-05] 
Layer 'fc128' biases: 6.793172e-02 [2.307518e-06] 
Layer 'fc10' weights[0]: 4.264644e-02 [4.026780e-05] 
Layer 'fc10' biases: 7.062527e-01 [1.721860e-05] 
-------------------------------------------------------
Saved checkpoint to ./checkpoints
======================================================= (3.167 sec)
epoch_cost: 0
262.1... logprob:  0.104051, 0.028700 (2.308 sec)
262.2... logprob:  0.120868, 0.035800 (2.314 sec)
262.3... logprob:  0.121799, 0.035700 (2.308 sec)
262.4... logprob:  0.123839, 0.036300 (2.307 sec)
262.5... logprob:  0.108199, 0.030000 (2.307 sec)
epoch_cost: 0
263.1... logprob:  0.110958, 0.031000 (2.307 sec)
263.2... logprob:  0.110343, 0.031600 (2.306 sec)
263.3... logprob:  0.107302, 0.029800 (2.307 sec)
263.4... logprob:  0.120972, 0.033400 (2.306 sec)
263.5... logprob:  0.111012, 0.030000 (2.307 sec)
epoch_cost: 0
264.1... logprob:  0.113905, 0.034600 (2.308 sec)
264.2... logprob:  0.114164, 0.031900 (2.307 sec)
264.3... logprob:  0.105999, 0.028500 (2.306 sec)
264.4... logprob:  0.124827, 0.038300 (2.306 sec)
264.5... logprob:  0.124631, 0.038400 
======================Test output======================
logprob:  0.700268, 0.231500 
------------------------------------------------------- 
Layer 'conv1' weights[0]: 7.917148e-02 [4.393331e-05] 
Layer 'conv1' biases: 3.615925e-02 [1.647577e-06] 
Layer 'conv2' weights[0]: 2.369007e-02 [1.885539e-05] 
Layer 'conv2' biases: 2.898913e-02 [7.088075e-07] 
Layer 'conv3' weights[0]: 2.159796e-02 [2.572627e-05] 
Layer 'conv3' biases: 5.632718e-02 [8.047697e-07] 
Layer 'fc128' weights[0]: 6.214743e-03 [2.541026e-05] 
Layer 'fc128' biases: 6.825960e-02 [2.850143e-06] 
Layer 'fc10' weights[0]: 4.250803e-02 [5.176767e-05] 
Layer 'fc10' biases: 7.092373e-01 [2.452721e-05] 
-------------------------------------------------------
Saved checkpoint to ./checkpoints
======================================================= (3.167 sec)
epoch_cost: 0
265.1... logprob:  0.115157, 0.033800 (2.317 sec)
265.2... logprob:  0.122477, 0.036400 (2.306 sec)
265.3... logprob:  0.112348, 0.032400 (2.306 sec)
265.4... logprob:  0.128832, 0.038300 (2.307 sec)
265.5... logprob:  0.124391, 0.037100 (2.305 sec)
epoch_cost: 0
266.1... logprob:  0.117312, 0.036400 (2.307 sec)
266.2... logprob:  0.121840, 0.035000 (2.306 sec)
266.3... logprob:  0.109590, 0.031500 (2.307 sec)
266.4... logprob:  0.118816, 0.034000 (2.306 sec)
266.5... logprob:  0.129691, 0.039100 (2.307 sec)
epoch_cost: 0
267.1... logprob:  0.124637, 0.036800 (2.307 sec)
267.2... logprob:  0.125659, 0.037600 (2.307 sec)
267.3... logprob:  0.131591, 0.041000 (2.307 sec)
267.4... logprob:  0.120195, 0.035500 (2.306 sec)
267.5... logprob:  0.125894, 0.037400 
======================Test output======================
logprob:  0.719516, 0.239600 
------------------------------------------------------- 
Layer 'conv1' weights[0]: 7.915498e-02 [3.377104e-05] 
Layer 'conv1' biases: 3.635830e-02 [1.698618e-06] 
Layer 'conv2' weights[0]: 2.369416e-02 [1.687282e-05] 
Layer 'conv2' biases: 2.908044e-02 [6.120148e-07] 
Layer 'conv3' weights[0]: 2.160861e-02 [2.173354e-05] 
Layer 'conv3' biases: 5.642184e-02 [6.563999e-07] 
Layer 'fc128' weights[0]: 6.272927e-03 [2.078414e-05] 
Layer 'fc128' biases: 6.861053e-02 [2.430520e-06] 
Layer 'fc10' weights[0]: 4.252161e-02 [4.088518e-05] 
Layer 'fc10' biases: 7.132353e-01 [1.699588e-05] 
-------------------------------------------------------
Saved checkpoint to ./checkpoints
======================================================= (3.168 sec)
epoch_cost: 0
268.1... logprob:  0.120065, 0.036300 (2.308 sec)
268.2... logprob:  0.115186, 0.033000 (2.306 sec)
268.3... logprob:  0.111593, 0.032500 (2.306 sec)
268.4... logprob:  0.123797, 0.037300 (2.312 sec)
268.5... logprob:  0.124516, 0.036200 (2.311 sec)
epoch_cost: 0
269.1... logprob:  0.120010, 0.034300 (2.317 sec)
269.2... logprob:  0.128399, 0.038000 (2.325 sec)
269.3... logprob:  0.113240, 0.032200 (2.308 sec)
269.4... logprob:  0.130222, 0.037900 (2.306 sec)
269.5... logprob:  0.131181, 0.037700 (2.308 sec)
epoch_cost: 0
270.1... logprob:  0.116237, 0.033300 (2.306 sec)
270.2... logprob:  0.126550, 0.038200 (2.309 sec)
270.3... logprob:  0.107012, 0.030100 (2.308 sec)
270.4... logprob:  0.115622, 0.033900 (2.307 sec)
270.5... logprob:  0.130938, 0.041600 
======================Test output======================
logprob:  0.708775, 0.232500 
------------------------------------------------------- 
Layer 'conv1' weights[0]: 7.913698e-02 [4.202794e-05] 
Layer 'conv1' biases: 3.655804e-02 [1.028261e-06] 
Layer 'conv2' weights[0]: 2.368505e-02 [1.684902e-05] 
Layer 'conv2' biases: 2.917575e-02 [5.459098e-07] 
Layer 'conv3' weights[0]: 2.161096e-02 [2.365389e-05] 
Layer 'conv3' biases: 5.651390e-02 [6.714511e-07] 
Layer 'fc128' weights[0]: 6.259594e-03 [2.233942e-05] 
Layer 'fc128' biases: 6.895481e-02 [2.539211e-06] 
Layer 'fc10' weights[0]: 4.267698e-02 [4.279954e-05] 
Layer 'fc10' biases: 7.160282e-01 [2.094026e-05] 
-------------------------------------------------------
Saved checkpoint to ./checkpoints
======================================================= (3.170 sec)
epoch_cost: 0
271.1... logprob:  0.118708, 0.036200 (2.308 sec)
271.2... logprob:  0.115310, 0.032700 (2.308 sec)
271.3... logprob:  0.114324, 0.034000 (2.306 sec)
271.4... logprob:  0.124858, 0.037900 (2.313 sec)
271.5... logprob:  0.133014, 0.041700 (2.308 sec)
epoch_cost: 0
272.1... logprob:  0.117505, 0.033600 (2.306 sec)
272.2... logprob:  0.119907, 0.034800 (2.307 sec)
272.3... logprob:  0.106270, 0.030000 (2.307 sec)
272.4... logprob:  0.120736, 0.036600 (2.305 sec)
272.5... logprob:  0.121459, 0.038900 (2.306 sec)
epoch_cost: 0
273.1... logprob:  0.114822, 0.033500 (2.307 sec)
273.2... logprob:  0.115630, 0.033200 (2.306 sec)
273.3... logprob:  0.111406, 0.032400 (2.309 sec)
273.4... logprob:  0.118965, 0.034200 (2.306 sec)
273.5... logprob:  0.135103, 0.041400 
======================Test output======================
logprob:  0.703836, 0.234500 
------------------------------------------------------- 
Layer 'conv1' weights[0]: 7.918168e-02 [5.526919e-05] 
Layer 'conv1' biases: 3.678022e-02 [2.423013e-06] 
Layer 'conv2' weights[0]: 2.370101e-02 [3.188145e-05] 
Layer 'conv2' biases: 2.925721e-02 [1.218717e-06] 
Layer 'conv3' weights[0]: 2.162357e-02 [3.522518e-05] 
Layer 'conv3' biases: 5.660634e-02 [1.261879e-06] 
Layer 'fc128' weights[0]: 6.261598e-03 [3.056751e-05] 
Layer 'fc128' biases: 6.926971e-02 [3.769160e-06] 
Layer 'fc10' weights[0]: 4.275398e-02 [5.598596e-05] 
Layer 'fc10' biases: 7.184876e-01 [2.259813e-05] 
-------------------------------------------------------
Saved checkpoint to ./checkpoints
======================================================= (3.169 sec)
epoch_cost: 0
274.1... logprob:  0.124837, 0.038400 (2.308 sec)
274.2... logprob:  0.119780, 0.035900 (2.307 sec)
274.3... logprob:  0.115557, 0.035500 (2.307 sec)
274.4... logprob:  0.114779, 0.034500 (2.307 sec)
274.5... logprob:  0.121047, 0.036900 (2.305 sec)
epoch_cost: 0
275.1... logprob:  0.117253, 0.035300 (2.309 sec)
275.2... logprob:  0.118403, 0.034200 (2.307 sec)
275.3... logprob:  0.110088, 0.030900 (2.307 sec)
275.4... logprob:  0.117869, 0.035400 (2.305 sec)
275.5... logprob:  0.118240, 0.034800 (2.309 sec)
epoch_cost: 0
276.1... logprob:  0.111425, 0.031900 (2.307 sec)
276.2... logprob:  0.119642, 0.035700 (2.308 sec)
276.3... logprob:  0.119284, 0.035400 (2.306 sec)
276.4... logprob:  0.115289, 0.033300 (2.324 sec)
276.5... logprob:  0.119888, 0.034000 
======================Test output======================
logprob:  0.728560, 0.237200 
------------------------------------------------------- 
Layer 'conv1' weights[0]: 7.917342e-02 [3.531216e-05] 
Layer 'conv1' biases: 3.696884e-02 [1.910996e-06] 
Layer 'conv2' weights[0]: 2.368372e-02 [1.561359e-05] 
Layer 'conv2' biases: 2.934577e-02 [6.222066e-07] 
Layer 'conv3' weights[0]: 2.161201e-02 [2.117049e-05] 
Layer 'conv3' biases: 5.669614e-02 [6.641567e-07] 
Layer 'fc128' weights[0]: 6.237674e-03 [2.264390e-05] 
Layer 'fc128' biases: 6.958877e-02 [3.265646e-06] 
Layer 'fc10' weights[0]: 4.268815e-02 [4.355499e-05] 
Layer 'fc10' biases: 7.214130e-01 [2.400356e-05] 
-------------------------------------------------------
Saved checkpoint to ./checkpoints
======================================================= (3.170 sec)
epoch_cost: 0
277.1... logprob:  0.123921, 0.038500 (2.308 sec)
277.2... logprob:  0.123405, 0.037300 (2.308 sec)
277.3... logprob:  0.123632, 0.035300 (2.308 sec)
277.4... logprob:  0.124411, 0.039100 (2.307 sec)
277.5... logprob:  0.117001, 0.036100 (2.307 sec)
epoch_cost: 0
278.1... logprob:  0.115638, 0.034100 (2.325 sec)
278.2... logprob:  0.119681, 0.036200 (2.307 sec)
278.3... logprob:  0.114853, 0.034600 (2.306 sec)
278.4... logprob:  0.109425, 0.031700 (2.325 sec)
278.5... logprob:  0.114326, 0.033500 (2.308 sec)
epoch_cost: 0
279.1... logprob:  0.114376, 0.035200 (2.307 sec)
279.2... logprob:  0.122557, 0.037800 (2.308 sec)
279.3... logprob:  0.113108, 0.033600 (2.307 sec)
279.4... logprob:  0.107286, 0.028800 (2.307 sec)
279.5... logprob:  0.114823, 0.033100 
======================Test output======================
logprob:  0.693874, 0.227600 
------------------------------------------------------- 
Layer 'conv1' weights[0]: 7.917214e-02 [3.209923e-05] 
Layer 'conv1' biases: 3.717489e-02 [2.186409e-06] 
Layer 'conv2' weights[0]: 2.367597e-02 [1.701685e-05] 
Layer 'conv2' biases: 2.943724e-02 [6.761862e-07] 
Layer 'conv3' weights[0]: 2.160571e-02 [2.129244e-05] 
Layer 'conv3' biases: 5.678722e-02 [6.258678e-07] 
Layer 'fc128' weights[0]: 6.218484e-03 [2.132133e-05] 
Layer 'fc128' biases: 6.991535e-02 [2.417426e-06] 
Layer 'fc10' weights[0]: 4.273101e-02 [3.929389e-05] 
Layer 'fc10' biases: 7.249810e-01 [1.576571e-05] 
-------------------------------------------------------
Saved checkpoint to ./checkpoints
======================================================= (3.176 sec)
epoch_cost: 0
280.1... logprob:  0.115295, 0.032100 (2.310 sec)
280.2... logprob:  0.125219, 0.036700 (2.307 sec)
280.3... logprob:  0.114552, 0.034300 (2.307 sec)
280.4... logprob:  0.109404, 0.030700 (2.308 sec)
280.5... logprob:  0.108232, 0.030700 (2.307 sec)
epoch_cost: 0
281.1... logprob:  0.128065, 0.040800 (2.307 sec)
281.2... logprob:  0.125746, 0.037200 (2.308 sec)
281.3... logprob:  0.114904, 0.034400 (2.307 sec)
281.4... logprob:  0.119325, 0.034700 (2.307 sec)
281.5... logprob:  0.110303, 0.032500 (2.306 sec)
epoch_cost: 0
282.1... logprob:  0.114342, 0.034200 (2.308 sec)
282.2... logprob:  0.117682, 0.034500 (2.306 sec)
282.3... logprob:  0.107870, 0.029300 (2.323 sec)
282.4... logprob:  0.121905, 0.037800 (2.308 sec)
282.5... logprob:  0.103411, 0.028700 
======================Test output======================
logprob:  0.673941, 0.226300 
------------------------------------------------------- 
Layer 'conv1' weights[0]: 7.918365e-02 [4.033022e-05] 
Layer 'conv1' biases: 3.735873e-02 [1.769257e-06] 
Layer 'conv2' weights[0]: 2.365892e-02 [1.731226e-05] 
Layer 'conv2' biases: 2.951988e-02 [6.309792e-07] 
Layer 'conv3' weights[0]: 2.158860e-02 [2.385668e-05] 
Layer 'conv3' biases: 5.687279e-02 [5.636958e-07] 
Layer 'fc128' weights[0]: 6.195349e-03 [2.442718e-05] 
Layer 'fc128' biases: 7.021035e-02 [2.286965e-06] 
Layer 'fc10' weights[0]: 4.260316e-02 [4.704941e-05] 
Layer 'fc10' biases: 7.279161e-01 [1.559728e-05] 
-------------------------------------------------------
Saved checkpoint to ./checkpoints
======================================================= (3.167 sec)
epoch_cost: 0
283.1... logprob:  0.106675, 0.029100 (2.309 sec)
283.2... logprob:  0.114616, 0.030800 (2.308 sec)
283.3... logprob:  0.115455, 0.033800 (2.309 sec)
283.4... logprob:  0.117568, 0.034800 (2.308 sec)
283.5... logprob:  0.111655, 0.032200 (2.306 sec)
epoch_cost: 0
284.1... logprob:  0.107757, 0.031800 (2.308 sec)
284.2... logprob:  0.110639, 0.030200 (2.308 sec)
284.3... logprob:  0.126298, 0.039100 (2.306 sec)
284.4... logprob:  0.115903, 0.033400 (2.304 sec)
284.5... logprob:  0.124892, 0.039000 (2.307 sec)
epoch_cost: 0
285.1... logprob:  0.105956, 0.028300 (2.305 sec)
285.2... logprob:  0.115550, 0.033100 (2.307 sec)
285.3... logprob:  0.115017, 0.034100 (2.307 sec)
285.4... logprob:  0.115708, 0.033000 (2.307 sec)
285.5... logprob:  0.104990, 0.029400 
======================Test output======================
logprob:  0.666491, 0.219600 
------------------------------------------------------- 
Layer 'conv1' weights[0]: 7.919349e-02 [3.632573e-05] 
Layer 'conv1' biases: 3.754377e-02 [1.608459e-06] 
Layer 'conv2' weights[0]: 2.364470e-02 [1.784441e-05] 
Layer 'conv2' biases: 2.960855e-02 [6.487948e-07] 
Layer 'conv3' weights[0]: 2.158118e-02 [2.282279e-05] 
Layer 'conv3' biases: 5.696641e-02 [5.471369e-07] 
Layer 'fc128' weights[0]: 6.184243e-03 [2.298149e-05] 
Layer 'fc128' biases: 7.055146e-02 [2.487402e-06] 
Layer 'fc10' weights[0]: 4.252575e-02 [4.458565e-05] 
Layer 'fc10' biases: 7.314431e-01 [2.094906e-05] 
-------------------------------------------------------
Saved checkpoint to ./checkpoints
======================================================= (3.169 sec)
epoch_cost: 0
286.1... logprob:  0.107930, 0.029400 (2.307 sec)
286.2... logprob:  0.128814, 0.038400 (2.307 sec)
286.3... logprob:  0.110881, 0.031900 (2.306 sec)
286.4... logprob:  0.127071, 0.038100 (2.307 sec)
286.5... logprob:  0.116882, 0.033800 (2.305 sec)
epoch_cost: 0
287.1... logprob:  0.130335, 0.040300 (2.306 sec)
287.2... logprob:  0.124430, 0.037700 (2.307 sec)
287.3... logprob:  0.109801, 0.031100 (2.320 sec)
287.4... logprob:  0.112626, 0.032100 (2.311 sec)
287.5... logprob:  0.109704, 0.029900 (2.307 sec)
epoch_cost: 0
288.1... logprob:  0.109468, 0.031000 (2.302 sec)
288.2... logprob:  0.110234, 0.030600 (2.308 sec)
288.3... logprob:  0.114399, 0.033900 (2.307 sec)
288.4... logprob:  0.109448, 0.028600 (2.307 sec)
288.5... logprob:  0.112073, 0.031200 
======================Test output======================
logprob:  0.685990, 0.228300 
------------------------------------------------------- 
Layer 'conv1' weights[0]: 7.916398e-02 [3.867199e-05] 
Layer 'conv1' biases: 3.773140e-02 [1.727444e-06] 
Layer 'conv2' weights[0]: 2.363611e-02 [2.045601e-05] 
Layer 'conv2' biases: 2.968963e-02 [8.813013e-07] 
Layer 'conv3' weights[0]: 2.157303e-02 [2.464946e-05] 
Layer 'conv3' biases: 5.705532e-02 [7.585512e-07] 
Layer 'fc128' weights[0]: 6.179330e-03 [2.408741e-05] 
Layer 'fc128' biases: 7.088174e-02 [2.958260e-06] 
Layer 'fc10' weights[0]: 4.256646e-02 [4.131261e-05] 
Layer 'fc10' biases: 7.344042e-01 [2.057105e-05] 
-------------------------------------------------------
Saved checkpoint to ./checkpoints
======================================================= (3.168 sec)
epoch_cost: 0
289.1... logprob:  0.122699, 0.037600 (2.308 sec)
289.2... logprob:  0.115055, 0.034200 (2.307 sec)
289.3... logprob:  0.106988, 0.030000 (2.307 sec)
289.4... logprob:  0.124918, 0.037700 (2.306 sec)
289.5... logprob:  0.111736, 0.031700 (2.307 sec)
epoch_cost: 0
290.1... logprob:  0.118243, 0.037600 (2.307 sec)
290.2... logprob:  0.131650, 0.041100 (2.308 sec)
290.3... logprob:  0.117619, 0.035100 (2.307 sec)
290.4... logprob:  0.112873, 0.031100 (2.303 sec)
290.5... logprob:  0.114003, 0.033200 (2.308 sec)
epoch_cost: 0
291.1... logprob:  0.123401, 0.035700 (2.307 sec)
291.2... logprob:  0.123309, 0.036300 (2.308 sec)
291.3... logprob:  0.125799, 0.039500 (2.308 sec)
291.4... logprob:  0.112985, 0.031500 (2.319 sec)
291.5... logprob:  0.121039, 0.036000 
======================Test output======================
logprob:  0.717556, 0.240700 
------------------------------------------------------- 
Layer 'conv1' weights[0]: 7.912108e-02 [3.234214e-05] 
Layer 'conv1' biases: 3.793850e-02 [1.475792e-06] 
Layer 'conv2' weights[0]: 2.361686e-02 [1.783118e-05] 
Layer 'conv2' biases: 2.977983e-02 [5.862137e-07] 
Layer 'conv3' weights[0]: 2.156895e-02 [2.447980e-05] 
Layer 'conv3' biases: 5.714427e-02 [5.899751e-07] 
Layer 'fc128' weights[0]: 6.205745e-03 [2.421539e-05] 
Layer 'fc128' biases: 7.122974e-02 [2.640144e-06] 
Layer 'fc10' weights[0]: 4.251131e-02 [4.563249e-05] 
Layer 'fc10' biases: 7.377862e-01 [1.610353e-05] 
-------------------------------------------------------
Saved checkpoint to ./checkpoints
======================================================= (3.182 sec)
epoch_cost: 0
292.1... logprob:  0.115913, 0.032400 (2.307 sec)
292.2... logprob:  0.117618, 0.034300 (2.306 sec)
292.3... logprob:  0.107563, 0.030600 (2.305 sec)
292.4... logprob:  0.114544, 0.034500 (2.307 sec)
292.5... logprob:  0.123920, 0.036500 (2.307 sec)
epoch_cost: 0
293.1... logprob:  0.125391, 0.038400 (2.308 sec)
293.2... logprob:  0.128170, 0.038700 (2.307 sec)
293.3... logprob:  0.123998, 0.037800 (2.307 sec)
293.4... logprob:  0.113674, 0.035300 (2.306 sec)
293.5... logprob:  0.116922, 0.034500 (2.309 sec)
epoch_cost: 0
294.1... logprob:  0.123162, 0.036600 (2.309 sec)
294.2... logprob:  0.123356, 0.037100 (2.307 sec)
294.3... logprob:  0.121570, 0.038100 (2.300 sec)
294.4... logprob:  0.117102, 0.033700 (2.307 sec)
294.5... logprob:  0.115563, 0.034700 
======================Test output======================
logprob:  0.709083, 0.236500 
------------------------------------------------------- 
Layer 'conv1' weights[0]: 7.911585e-02 [3.467650e-05] 
Layer 'conv1' biases: 3.810102e-02 [2.152326e-06] 
Layer 'conv2' weights[0]: 2.362282e-02 [2.106063e-05] 
Layer 'conv2' biases: 2.986237e-02 [8.781676e-07] 
Layer 'conv3' weights[0]: 2.158235e-02 [2.424036e-05] 
Layer 'conv3' biases: 5.723688e-02 [7.118514e-07] 
Layer 'fc128' weights[0]: 6.226589e-03 [2.250189e-05] 
Layer 'fc128' biases: 7.159469e-02 [3.086188e-06] 
Layer 'fc10' weights[0]: 4.253118e-02 [4.516029e-05] 
Layer 'fc10' biases: 7.412215e-01 [2.985233e-05] 
-------------------------------------------------------
Saved checkpoint to ./checkpoints
======================================================= (3.169 sec)
epoch_cost: 0
295.1... logprob:  0.108509, 0.031200 (2.310 sec)
295.2... logprob:  0.153631, 0.047900 (2.306 sec)
295.3... logprob:  0.114697, 0.035000 (2.307 sec)
295.4... logprob:  0.120907, 0.037300 (2.309 sec)
295.5... logprob:  0.110022, 0.032800 (2.309 sec)
epoch_cost: 0
296.1... logprob:  0.120549, 0.034400 (2.306 sec)
296.2... logprob:  0.133029, 0.039800 (2.305 sec)
296.3... logprob:  0.122597, 0.036600 (2.308 sec)
296.4... logprob:  0.122536, 0.037000 (2.307 sec)
296.5... logprob:  0.109004, 0.030400 (2.307 sec)
epoch_cost: 0
297.1... logprob:  0.122198, 0.036900 (2.319 sec)
297.2... logprob:  0.125703, 0.038200 (2.309 sec)
297.3... logprob:  0.127390, 0.040100 (2.306 sec)
297.4... logprob:  0.115226, 0.032800 (2.306 sec)
297.5... logprob:  0.113531, 0.033500 
======================Test output======================
logprob:  0.682525, 0.229700 
------------------------------------------------------- 
Layer 'conv1' weights[0]: 7.904947e-02 [5.626275e-05] 
Layer 'conv1' biases: 3.828497e-02 [1.483152e-06] 
Layer 'conv2' weights[0]: 2.361736e-02 [1.837251e-05] 
Layer 'conv2' biases: 2.995350e-02 [5.389195e-07] 
Layer 'conv3' weights[0]: 2.159750e-02 [2.416355e-05] 
Layer 'conv3' biases: 5.733198e-02 [7.845487e-07] 
Layer 'fc128' weights[0]: 6.249891e-03 [2.150410e-05] 
Layer 'fc128' biases: 7.193352e-02 [2.465207e-06] 
Layer 'fc10' weights[0]: 4.251253e-02 [4.388765e-05] 
Layer 'fc10' biases: 7.444781e-01 [2.110765e-05] 
-------------------------------------------------------
Saved checkpoint to ./checkpoints
======================================================= (3.167 sec)
epoch_cost: 0
298.1... logprob:  0.120532, 0.034200 (2.308 sec)
298.2... logprob:  0.116507, 0.033800 (2.306 sec)
298.3... logprob:  0.120738, 0.037500 (2.305 sec)
298.4... logprob:  0.117220, 0.033500 (2.307 sec)
298.5... logprob:  0.119402, 0.033400 (2.308 sec)
epoch_cost: 0
299.1... logprob:  0.109095, 0.032100 (2.307 sec)
299.2... logprob:  0.111066, 0.030200 (2.308 sec)
299.3... logprob:  0.116907, 0.036100 (2.307 sec)
299.4... logprob:  0.110831, 0.029700 (2.309 sec)
299.5... logprob:  0.121794, 0.037200 (2.306 sec)
epoch_cost: 0
300.1... logprob:  0.112998, 0.030900 (2.308 sec)
300.2... logprob:  0.109734, 0.030400 (2.306 sec)
300.3... logprob:  0.124148, 0.040000 (2.307 sec)
300.4... logprob:  0.120752, 0.036200 (2.309 sec)
300.5... logprob:  0.125668, 0.036300 
======================Test output======================
logprob:  0.668874, 0.224300 
------------------------------------------------------- 
Layer 'conv1' weights[0]: 7.905655e-02 [4.932032e-05] 
Layer 'conv1' biases: 3.844718e-02 [1.644022e-06] 
Layer 'conv2' weights[0]: 2.362528e-02 [1.987384e-05] 
Layer 'conv2' biases: 3.003961e-02 [7.243559e-07] 
Layer 'conv3' weights[0]: 2.160577e-02 [2.543545e-05] 
Layer 'conv3' biases: 5.741843e-02 [7.461076e-07] 
Layer 'fc128' weights[0]: 6.232084e-03 [2.420664e-05] 
Layer 'fc128' biases: 7.225437e-02 [3.357128e-06] 
Layer 'fc10' weights[0]: 4.264267e-02 [4.610771e-05] 
Layer 'fc10' biases: 7.472311e-01 [2.520116e-05] 
-------------------------------------------------------
Saved checkpoint to ./checkpoints
======================================================= (3.168 sec)
epoch_cost: 0
301.1... logprob:  0.100571, 0.026500 (2.307 sec)
