Initialized data layer 'data', producing 3072 outputs
Initialized data layer 'labels', producing 1 outputs
Initialized convolutional layer 'conv1', producing 32x32 32-channel output
Initialized max-pooling layer 'pool1', producing 16x16 32-channel output
Initialized convolutional layer 'conv2', producing 16x16 32-channel output
Initialized avg-pooling layer 'pool2', producing 8x8 32-channel output
Initialized convolutional layer 'conv3', producing 8x8 64-channel output
Initialized avg-pooling layer 'pool3', producing 4x4 64-channel output
Initialized fully-connected layer 'fc128', producing 64 outputs
Initialized fully-connected layer 'fc10', producing 10 outputs
Initialized softmax layer 'probs', producing 10 outputs
Initialized logistic regression cost 'logprob'
Initialized neuron layer 'pool1_neuron', producing 8192 outputs
Initialized neuron layer 'conv2_neuron', producing 8192 outputs
Initialized neuron layer 'conv3_neuron', producing 4096 outputs
Initialized neuron layer 'fc128_neuron', producing 64 outputs
=========================
Importing _ConvNet C++ module
============================================
learning rate scale     :  1
Reset Momentum          :  False
Image Rotation & Scaling:  False
============================================
=========================
Training ConvNet
Adaptive Drop Training                              : False [DEFAULT]
Check gradients and quit?                           : 0     [DEFAULT]
Compress checkpoints?                               : 0     [DEFAULT]
Conserve GPU memory (slower)?                       : 0     [DEFAULT]
Convert given conv layers to unshared local         :       
Cropped DP: crop border size                        : 4     [DEFAULT]
Cropped DP: logreg layer name (for --multiview-test):       [DEFAULT]
Cropped DP: test on multiple patches?               : 0     [DEFAULT]
Data batch range: testing                           : 5-5   
Data batch range: training                          : 1-4   
Data path                                           : ../data/cifar-10/ 
Data provider                                       : cifar 
Enable image rotation and scaling transformation    : False [DEFAULT]
GPU override                                        : -1    [DEFAULT]
Image Size                                          : 0     [DEFAULT]
Layer definition file                               : ./layers-80sec.cfg 
Layer parameter file                                : ./layer-params-80sec.cfg 
Learning Rate Scale Factor                          : 1     [DEFAULT]
Load file                                           :       [DEFAULT]
Maximum save file size (MB)                         : 0     [DEFAULT]
Minibatch size                                      : 128   [DEFAULT]
Model File Name                                     :       [DEFAULT]
Number of GPUs                                      : 1     [DEFAULT]
Number of channels in image                         : 3     [DEFAULT]
Number of epochs                                    : 150   
Reset layer momentum                                : False [DEFAULT]
Save path                                           : ./    
Test and quit?                                      : 0     [DEFAULT]
Test on one batch at a time?                        : 1     [DEFAULT]
Testing frequency                                   : 13    
Unshare weight matrices in given layers             :       
Whether filp training image                         : True  [DEFAULT]
=========================
Running on CUDA device(s) -2
Current time: Fri Oct 10 12:46:39 2014
Saving checkpoints to ./ConvNet__2014-10-10_12.46.38
=========================
1.1... logprob:  2.046186, 0.744500 (2.296 sec)
1.2... logprob:  1.703522, 0.613300 (2.058 sec)
1.3... logprob:  1.516635, 0.548700 (2.057 sec)
1.4... logprob:  1.491198, 0.532400 (2.057 sec)
epoch_cost: 0
2.1... logprob:  1.408943, 0.499200 (2.057 sec)
2.2... logprob:  1.364627, 0.478700 (2.057 sec)
2.3... logprob:  1.279312, 0.448400 (2.057 sec)
2.4... logprob:  1.257306, 0.440600 (2.055 sec)
epoch_cost: 0
3.1... logprob:  1.196562, 0.419300 (2.057 sec)
3.2... logprob:  1.179827, 0.411900 (2.057 sec)
3.3... logprob:  1.113800, 0.388300 (2.056 sec)
3.4... logprob:  1.102278, 0.385100 (2.058 sec)
epoch_cost: 0
4.1... logprob:  1.048553, 0.366500 
======================Test output======================
logprob:  1.104935, 0.380400 
------------------------------------------------------- 
Layer 'conv1' weights[0]: 1.669400e-02 [2.033031e-04] 
Layer 'conv1' biases: 4.359853e-03 [8.349848e-06] 
Layer 'conv2' weights[0]: 9.900141e-03 [5.801897e-05] 
Layer 'conv2' biases: 6.612526e-03 [1.009210e-05] 
Layer 'conv3' weights[0]: 9.167869e-03 [4.794685e-05] 
Layer 'conv3' biases: 2.076211e-02 [2.975513e-05] 
Layer 'fc128' weights[0]: 5.885701e-02 [2.584476e-05] 
Layer 'fc128' biases: 1.179558e-02 [2.125827e-05] 
Layer 'fc10' weights[0]: 6.222362e-02 [1.805918e-04] 
Layer 'fc10' biases: 6.041855e-02 [1.148199e-04] 
-------------------------------------------------------
Saved checkpoint to ./ConvNet__2014-10-10_12.46.38
======================================================= (2.869 sec)
4.2... logprob:  1.060939, 0.366700 (2.056 sec)
4.3... logprob:  1.008410, 0.347800 (2.058 sec)
4.4... logprob:  1.013553, 0.355600 (2.079 sec)
epoch_cost: 0
5.1... logprob:  0.959217, 0.331000 (2.071 sec)
5.2... logprob:  0.973775, 0.332200 (2.064 sec)
5.3... logprob:  0.927766, 0.320900 (2.077 sec)
5.4... logprob:  0.939391, 0.323300 (2.092 sec)
epoch_cost: 0
6.1... logprob:  0.895730, 0.307200 (2.064 sec)
6.2... logprob:  0.908031, 0.311800 (2.059 sec)
6.3... logprob:  0.865250, 0.297500 (2.097 sec)
6.4... logprob:  0.881636, 0.302900 (2.061 sec)
epoch_cost: 0
7.1... logprob:  0.840590, 0.293600 (2.060 sec)
7.2... logprob:  0.857659, 0.292500 
======================Test output======================
logprob:  0.950723, 0.324700 
------------------------------------------------------- 
Layer 'conv1' weights[0]: 2.435126e-02 [1.463196e-04] 
Layer 'conv1' biases: 7.000985e-03 [4.145512e-06] 
Layer 'conv2' weights[0]: 1.157970e-02 [5.000299e-05] 
Layer 'conv2' biases: 9.198440e-03 [4.589794e-06] 
Layer 'conv3' weights[0]: 1.025981e-02 [3.570800e-05] 
Layer 'conv3' biases: 2.910830e-02 [1.109083e-05] 
Layer 'fc128' weights[0]: 4.329837e-02 [1.961153e-05] 
Layer 'fc128' biases: 1.857144e-02 [1.053343e-05] 
Layer 'fc10' weights[0]: 5.295832e-02 [1.302467e-04] 
Layer 'fc10' biases: 1.022233e-01 [7.622047e-05] 
-------------------------------------------------------
Saved checkpoint to ./ConvNet__2014-10-10_12.46.38
======================================================= (2.873 sec)
7.3... logprob:  0.816139, 0.280100 (2.062 sec)
7.4... logprob:  0.836294, 0.286300 (2.064 sec)
epoch_cost: 0
8.1... logprob:  0.798497, 0.274500 (2.060 sec)
8.2... logprob:  0.818161, 0.281300 (2.058 sec)
8.3... logprob:  0.777512, 0.268000 (2.072 sec)
8.4... logprob:  0.799584, 0.274900 (2.058 sec)
epoch_cost: 0
9.1... logprob:  0.764007, 0.263500 (2.057 sec)
9.2... logprob:  0.784655, 0.267600 (2.057 sec)
9.3... logprob:  0.741880, 0.257200 (2.056 sec)
9.4... logprob:  0.764406, 0.260800 (2.058 sec)
epoch_cost: 0
10.1... logprob:  0.739313, 0.255200 (2.055 sec)
10.2... logprob:  0.756951, 0.258700 (2.058 sec)
10.3... logprob:  0.707792, 0.242500 
======================Test output======================
logprob:  0.880415, 0.304700 
------------------------------------------------------- 
Layer 'conv1' weights[0]: 3.011690e-02 [1.303179e-04] 
Layer 'conv1' biases: 8.846753e-03 [5.130424e-06] 
Layer 'conv2' weights[0]: 1.296469e-02 [4.509332e-05] 
Layer 'conv2' biases: 1.069926e-02 [4.339301e-06] 
Layer 'conv3' weights[0]: 1.128160e-02 [3.588772e-05] 
Layer 'conv3' biases: 3.359593e-02 [8.814833e-06] 
Layer 'fc128' weights[0]: 3.195274e-02 [2.330181e-05] 
Layer 'fc128' biases: 2.360267e-02 [1.280100e-05] 
Layer 'fc10' weights[0]: 4.930258e-02 [1.816888e-04] 
Layer 'fc10' biases: 1.349961e-01 [1.091184e-04] 
-------------------------------------------------------
Saved checkpoint to ./ConvNet__2014-10-10_12.46.38
======================================================= (2.866 sec)
10.4... logprob:  0.736699, 0.251800 (2.059 sec)
epoch_cost: 0
11.1... logprob:  0.711333, 0.246400 (2.058 sec)
11.2... logprob:  0.732152, 0.250300 (2.064 sec)
11.3... logprob:  0.679318, 0.235400 (2.095 sec)
11.4... logprob:  0.710170, 0.241900 (2.088 sec)
epoch_cost: 0
12.1... logprob:  0.686141, 0.236000 (2.058 sec)
12.2... logprob:  0.707951, 0.241000 (2.058 sec)
12.3... logprob:  0.654822, 0.225800 (2.088 sec)
12.4... logprob:  0.685703, 0.234400 (2.081 sec)
epoch_cost: 0
13.1... logprob:  0.661587, 0.227300 (2.099 sec)
13.2... logprob:  0.682485, 0.235300 (2.091 sec)
13.3... logprob:  0.632132, 0.220000 (2.073 sec)
13.4... logprob:  0.660526, 0.227600 
======================Test output======================
logprob:  0.813736, 0.278800 
------------------------------------------------------- 
Layer 'conv1' weights[0]: 3.506764e-02 [7.634841e-05] 
Layer 'conv1' biases: 1.023122e-02 [2.684742e-06] 
Layer 'conv2' weights[0]: 1.415107e-02 [3.414996e-05] 
Layer 'conv2' biases: 1.169591e-02 [2.503368e-06] 
Layer 'conv3' weights[0]: 1.221603e-02 [3.230924e-05] 
Layer 'conv3' biases: 3.644048e-02 [5.020628e-06] 
Layer 'fc128' weights[0]: 2.376472e-02 [2.270275e-05] 
Layer 'fc128' biases: 2.781842e-02 [7.659209e-06] 
Layer 'fc10' weights[0]: 4.852789e-02 [1.101762e-04] 
Layer 'fc10' biases: 1.631423e-01 [5.115155e-05] 
-------------------------------------------------------
Saved checkpoint to ./ConvNet__2014-10-10_12.46.38
======================================================= (2.872 sec)
epoch_cost: 0
14.1... logprob:  0.635717, 0.220000 (2.057 sec)
14.2... logprob:  0.655443, 0.223300 (2.058 sec)
14.3... logprob:  0.610171, 0.212000 (2.066 sec)
14.4... logprob:  0.638381, 0.217400 (2.058 sec)
epoch_cost: 0
15.1... logprob:  0.613248, 0.212500 (2.057 sec)
15.2... logprob:  0.633758, 0.213500 (2.058 sec)
15.3... logprob:  0.590848, 0.204000 (2.066 sec)
15.4... logprob:  0.617670, 0.211400 (2.060 sec)
epoch_cost: 0
16.1... logprob:  0.594036, 0.205200 (2.057 sec)
16.2... logprob:  0.611608, 0.205000 (2.060 sec)
16.3... logprob:  0.570994, 0.196200 (2.057 sec)
16.4... logprob:  0.599012, 0.201400 (2.057 sec)
epoch_cost: 0
17.1... logprob:  0.573542, 0.195100 
======================Test output======================
logprob:  0.810173, 0.268300 
------------------------------------------------------- 
Layer 'conv1' weights[0]: 3.952593e-02 [6.384189e-05] 
Layer 'conv1' biases: 1.137757e-02 [2.581562e-06] 
Layer 'conv2' weights[0]: 1.521718e-02 [2.466153e-05] 
Layer 'conv2' biases: 1.254326e-02 [1.944316e-06] 
Layer 'conv3' weights[0]: 1.307250e-02 [2.716557e-05] 
Layer 'conv3' biases: 3.846097e-02 [3.728668e-06] 
Layer 'fc128' weights[0]: 1.796489e-02 [2.028785e-05] 
Layer 'fc128' biases: 3.148279e-02 [5.976045e-06] 
Layer 'fc10' weights[0]: 4.886478e-02 [8.403599e-05] 
Layer 'fc10' biases: 1.871493e-01 [4.078381e-05] 
-------------------------------------------------------
Saved checkpoint to ./ConvNet__2014-10-10_12.46.38
======================================================= (2.867 sec)
17.2... logprob:  0.593144, 0.198900 (2.057 sec)
17.3... logprob:  0.552494, 0.190800 (2.056 sec)
17.4... logprob:  0.578826, 0.196500 (2.086 sec)
epoch_cost: 0
18.1... logprob:  0.553757, 0.193400 (2.056 sec)
18.2... logprob:  0.575211, 0.193500 (2.071 sec)
18.3... logprob:  0.540621, 0.188600 (2.056 sec)
18.4... logprob:  0.563834, 0.189100 (2.057 sec)
epoch_cost: 0
19.1... logprob:  0.538709, 0.186000 (2.058 sec)
19.2... logprob:  0.558526, 0.188200 (2.114 sec)
19.3... logprob:  0.524605, 0.182100 (2.058 sec)
19.4... logprob:  0.550091, 0.185400 (2.055 sec)
epoch_cost: 0
20.1... logprob:  0.522556, 0.177600 (2.057 sec)
20.2... logprob:  0.542934, 0.182300 
======================Test output======================
logprob:  0.764265, 0.258500 
------------------------------------------------------- 
Layer 'conv1' weights[0]: 4.330190e-02 [6.532775e-05] 
Layer 'conv1' biases: 1.230991e-02 [3.763181e-06] 
Layer 'conv2' weights[0]: 1.619718e-02 [2.893983e-05] 
Layer 'conv2' biases: 1.322624e-02 [2.437369e-06] 
Layer 'conv3' weights[0]: 1.388158e-02 [2.840951e-05] 
Layer 'conv3' biases: 3.996179e-02 [3.822775e-06] 
Layer 'fc128' weights[0]: 1.398858e-02 [2.487218e-05] 
Layer 'fc128' biases: 3.476829e-02 [8.851532e-06] 
Layer 'fc10' weights[0]: 4.981801e-02 [8.740755e-05] 
Layer 'fc10' biases: 2.084970e-01 [5.888497e-05] 
-------------------------------------------------------
Saved checkpoint to ./ConvNet__2014-10-10_12.46.38
======================================================= (2.867 sec)
20.3... logprob:  0.514096, 0.180000 (2.057 sec)
20.4... logprob:  0.537385, 0.179900 (2.057 sec)
epoch_cost: 0
21.1... logprob:  0.510370, 0.173400 (2.057 sec)
21.2... logprob:  0.530326, 0.178400 (2.057 sec)
21.3... logprob:  0.508948, 0.178700 (2.060 sec)
21.4... logprob:  0.532961, 0.179000 (2.056 sec)
epoch_cost: 0
22.1... logprob:  0.498260, 0.169200 (2.057 sec)
22.2... logprob:  0.517272, 0.174600 (2.084 sec)
22.3... logprob:  0.502094, 0.176000 (2.069 sec)
22.4... logprob:  0.532084, 0.178900 (2.058 sec)
epoch_cost: 0
23.1... logprob:  0.492326, 0.169600 (2.072 sec)
23.2... logprob:  0.514945, 0.178000 (2.067 sec)
23.3... logprob:  0.502667, 0.174600 
======================Test output======================
logprob:  0.901703, 0.292500 
------------------------------------------------------- 
Layer 'conv1' weights[0]: 4.660092e-02 [9.248088e-05] 
Layer 'conv1' biases: 1.314419e-02 [3.557103e-06] 
Layer 'conv2' weights[0]: 1.706703e-02 [3.507603e-05] 
Layer 'conv2' biases: 1.376084e-02 [1.980149e-06] 
Layer 'conv3' weights[0]: 1.465048e-02 [3.531657e-05] 
Layer 'conv3' biases: 4.110510e-02 [3.660077e-06] 
Layer 'fc128' weights[0]: 1.140974e-02 [3.158075e-05] 
Layer 'fc128' biases: 3.768941e-02 [9.962014e-06] 
Layer 'fc10' weights[0]: 5.073598e-02 [1.306605e-04] 
Layer 'fc10' biases: 2.272469e-01 [7.361262e-05] 
-------------------------------------------------------
Saved checkpoint to ./ConvNet__2014-10-10_12.46.38
======================================================= (2.884 sec)
23.4... logprob:  0.530366, 0.181200 (2.058 sec)
epoch_cost: 0
24.1... logprob:  0.489577, 0.171200 (2.058 sec)
24.2... logprob:  0.510610, 0.173600 (2.058 sec)
24.3... logprob:  0.496184, 0.172700 (2.058 sec)
24.4... logprob:  0.517227, 0.176100 (2.058 sec)
epoch_cost: 0
25.1... logprob:  0.476220, 0.165200 (2.058 sec)
25.2... logprob:  0.486650, 0.166000 (2.058 sec)
25.3... logprob:  0.474352, 0.163800 (2.057 sec)
25.4... logprob:  0.495557, 0.171000 (2.058 sec)
epoch_cost: 0
26.1... logprob:  0.462208, 0.161800 (2.058 sec)
26.2... logprob:  0.467253, 0.158700 (2.057 sec)
26.3... logprob:  0.452344, 0.156700 (2.058 sec)
26.4... logprob:  0.474235, 0.163900 
======================Test output======================
logprob:  0.770057, 0.253100 
------------------------------------------------------- 
Layer 'conv1' weights[0]: 4.955514e-02 [4.850514e-05] 
Layer 'conv1' biases: 1.398541e-02 [1.972848e-06] 
Layer 'conv2' weights[0]: 1.785162e-02 [2.351166e-05] 
Layer 'conv2' biases: 1.423029e-02 [1.236735e-06] 
Layer 'conv3' weights[0]: 1.534808e-02 [2.924336e-05] 
Layer 'conv3' biases: 4.200778e-02 [2.780575e-06] 
Layer 'fc128' weights[0]: 9.823755e-03 [2.748890e-05] 
Layer 'fc128' biases: 4.036266e-02 [8.781246e-06] 
Layer 'fc10' weights[0]: 5.175270e-02 [8.597351e-05] 
Layer 'fc10' biases: 2.456109e-01 [4.450612e-05] 
-------------------------------------------------------
Saved checkpoint to ./ConvNet__2014-10-10_12.46.38
======================================================= (2.869 sec)
epoch_cost: 0
27.1... logprob:  0.447226, 0.154200 (2.057 sec)
27.2... logprob:  0.454161, 0.153600 (2.058 sec)
27.3... logprob:  0.434800, 0.148300 (2.058 sec)
27.4... logprob:  0.459853, 0.157300 (2.056 sec)
epoch_cost: 0
28.1... logprob:  0.436249, 0.150600 (2.058 sec)
28.2... logprob:  0.445697, 0.152000 (2.057 sec)
28.3... logprob:  0.416528, 0.140800 (2.058 sec)
28.4... logprob:  0.442756, 0.148400 (2.057 sec)
epoch_cost: 0
29.1... logprob:  0.427262, 0.147700 (2.057 sec)
29.2... logprob:  0.436671, 0.149500 (2.058 sec)
29.3... logprob:  0.405510, 0.137900 (2.058 sec)
29.4... logprob:  0.431980, 0.143500 (2.058 sec)
epoch_cost: 0
30.1... logprob:  0.415384, 0.144100 
======================Test output======================
logprob:  0.859456, 0.270000 
------------------------------------------------------- 
Layer 'conv1' weights[0]: 5.236219e-02 [5.455759e-05] 
Layer 'conv1' biases: 1.477752e-02 [3.609983e-06] 
Layer 'conv2' weights[0]: 1.856431e-02 [2.674819e-05] 
Layer 'conv2' biases: 1.465626e-02 [1.831093e-06] 
Layer 'conv3' weights[0]: 1.598377e-02 [2.900462e-05] 
Layer 'conv3' biases: 4.277623e-02 [2.531331e-06] 
Layer 'fc128' weights[0]: 8.909151e-03 [2.743168e-05] 
Layer 'fc128' biases: 4.274993e-02 [6.437500e-06] 
Layer 'fc10' weights[0]: 5.297016e-02 [7.660197e-05] 
Layer 'fc10' biases: 2.616733e-01 [3.392384e-05] 
-------------------------------------------------------
Saved checkpoint to ./ConvNet__2014-10-10_12.46.38
======================================================= (2.868 sec)
30.2... logprob:  0.429396, 0.146400 (2.058 sec)
30.3... logprob:  0.399803, 0.137800 (2.058 sec)
30.4... logprob:  0.420325, 0.142600 (2.058 sec)
epoch_cost: 0
31.1... logprob:  0.400175, 0.135600 (2.069 sec)
31.2... logprob:  0.417373, 0.144000 (2.061 sec)
31.3... logprob:  0.387314, 0.133200 (2.057 sec)
31.4... logprob:  0.407786, 0.135500 (2.058 sec)
epoch_cost: 0
32.1... logprob:  0.383238, 0.131100 (2.061 sec)
32.2... logprob:  0.407176, 0.140400 (2.069 sec)
32.3... logprob:  0.374799, 0.132200 (2.070 sec)
32.4... logprob:  0.391564, 0.130200 (2.061 sec)
epoch_cost: 0
33.1... logprob:  0.377764, 0.130100 (2.057 sec)
33.2... logprob:  0.398126, 0.134300 
======================Test output======================
logprob:  0.785662, 0.248800 
------------------------------------------------------- 
Layer 'conv1' weights[0]: 5.499892e-02 [5.808496e-05] 
Layer 'conv1' biases: 1.545949e-02 [2.613481e-06] 
Layer 'conv2' weights[0]: 1.924700e-02 [2.312342e-05] 
Layer 'conv2' biases: 1.502596e-02 [1.290458e-06] 
Layer 'conv3' weights[0]: 1.661438e-02 [2.621440e-05] 
Layer 'conv3' biases: 4.346011e-02 [2.019183e-06] 
Layer 'fc128' weights[0]: 8.478574e-03 [2.821201e-05] 
Layer 'fc128' biases: 4.500263e-02 [7.180310e-06] 
Layer 'fc10' weights[0]: 5.427224e-02 [7.296309e-05] 
Layer 'fc10' biases: 2.763104e-01 [4.163197e-05] 
-------------------------------------------------------
Saved checkpoint to ./ConvNet__2014-10-10_12.46.38
======================================================= (2.878 sec)
33.3... logprob:  0.361502, 0.127200 (2.060 sec)
33.4... logprob:  0.381797, 0.129100 (2.075 sec)
epoch_cost: 0
34.1... logprob:  0.376818, 0.129100 (2.066 sec)
34.2... logprob:  0.399614, 0.136200 (2.059 sec)
34.3... logprob:  0.358363, 0.126300 (2.057 sec)
34.4... logprob:  0.379168, 0.129500 (2.058 sec)
epoch_cost: 0
35.1... logprob:  0.371480, 0.124500 (2.058 sec)
35.2... logprob:  0.407340, 0.140400 (2.068 sec)
35.3... logprob:  0.356960, 0.127700 (2.101 sec)
35.4... logprob:  0.386609, 0.134900 (2.067 sec)
epoch_cost: 0
36.1... logprob:  0.370087, 0.129800 (2.088 sec)
36.2... logprob:  0.406525, 0.141700 (2.060 sec)
36.3... logprob:  0.365489, 0.130800 
======================Test output======================
logprob:  0.868237, 0.265100 
------------------------------------------------------- 
Layer 'conv1' weights[0]: 5.727409e-02 [1.009509e-04] 
Layer 'conv1' biases: 1.609436e-02 [3.595786e-06] 
Layer 'conv2' weights[0]: 1.987802e-02 [3.702800e-05] 
Layer 'conv2' biases: 1.534746e-02 [1.696040e-06] 
Layer 'conv3' weights[0]: 1.722059e-02 [3.447550e-05] 
Layer 'conv3' biases: 4.402607e-02 [1.888805e-06] 
Layer 'fc128' weights[0]: 8.391717e-03 [3.834878e-05] 
Layer 'fc128' biases: 4.707599e-02 [9.659376e-06] 
Layer 'fc10' weights[0]: 5.527635e-02 [1.185254e-04] 
Layer 'fc10' biases: 2.890650e-01 [5.766944e-05] 
-------------------------------------------------------
Saved checkpoint to ./ConvNet__2014-10-10_12.46.38
======================================================= (2.906 sec)
36.4... logprob:  0.409790, 0.146500 (2.059 sec)
epoch_cost: 0
37.1... logprob:  0.369480, 0.129600 (2.074 sec)
37.2... logprob:  0.407045, 0.144500 (2.064 sec)
37.3... logprob:  0.382006, 0.136500 (2.058 sec)
37.4... logprob:  0.391356, 0.139200 (2.065 sec)
epoch_cost: 0
38.1... logprob:  0.365204, 0.128300 (2.057 sec)
38.2... logprob:  0.376813, 0.129400 (2.059 sec)
38.3... logprob:  0.371299, 0.131600 (2.065 sec)
38.4... logprob:  0.384528, 0.132400 (2.060 sec)
epoch_cost: 0
39.1... logprob:  0.350622, 0.120500 (2.066 sec)
39.2... logprob:  0.358337, 0.123500 (2.065 sec)
39.3... logprob:  0.346640, 0.119300 (2.070 sec)
39.4... logprob:  0.376831, 0.129700 
======================Test output======================
logprob:  0.955412, 0.290900 
------------------------------------------------------- 
Layer 'conv1' weights[0]: 5.903089e-02 [5.764726e-05] 
Layer 'conv1' biases: 1.671576e-02 [4.689848e-06] 
Layer 'conv2' weights[0]: 2.043585e-02 [3.678596e-05] 
Layer 'conv2' biases: 1.561629e-02 [1.922160e-06] 
Layer 'conv3' weights[0]: 1.776781e-02 [3.487823e-05] 
Layer 'conv3' biases: 4.452192e-02 [2.308865e-06] 
Layer 'fc128' weights[0]: 8.400613e-03 [4.085810e-05] 
Layer 'fc128' biases: 4.907669e-02 [1.130404e-05] 
Layer 'fc10' weights[0]: 5.559970e-02 [1.391109e-04] 
Layer 'fc10' biases: 3.008680e-01 [9.278440e-05] 
-------------------------------------------------------
Saved checkpoint to ./ConvNet__2014-10-10_12.46.38
======================================================= (3.272 sec)
epoch_cost: 0
40.1... logprob:  0.348451, 0.120100 (4.133 sec)
40.2... logprob:  0.351000, 0.121600 (4.135 sec)
40.3... logprob:  0.337188, 0.116200 (4.138 sec)
40.4... logprob:  0.371329, 0.129000 (4.138 sec)
epoch_cost: 0
41.1... logprob:  0.339962, 0.117400 (4.137 sec)
41.2... logprob:  0.343113, 0.116600 (3.791 sec)
41.3... logprob:  0.337051, 0.117700 (2.057 sec)
41.4... logprob:  0.359967, 0.124300 (2.058 sec)
epoch_cost: 0
42.1... logprob:  0.327043, 0.109800 (2.057 sec)
42.2... logprob:  0.329032, 0.111400 (2.069 sec)
42.3... logprob:  0.328611, 0.114000 (2.067 sec)
42.4... logprob:  0.345009, 0.123000 (2.058 sec)
epoch_cost: 0
43.1... logprob:  0.314171, 0.107600 
======================Test output======================
logprob:  0.904515, 0.266200 
------------------------------------------------------- 
Layer 'conv1' weights[0]: 6.091294e-02 [6.524129e-05] 
Layer 'conv1' biases: 1.728935e-02 [1.742665e-06] 
Layer 'conv2' weights[0]: 2.097826e-02 [2.783242e-05] 
Layer 'conv2' biases: 1.585177e-02 [1.113224e-06] 
Layer 'conv3' weights[0]: 1.829128e-02 [2.869298e-05] 
Layer 'conv3' biases: 4.494147e-02 [1.769000e-06] 
Layer 'fc128' weights[0]: 8.474305e-03 [3.148261e-05] 
Layer 'fc128' biases: 5.097039e-02 [8.218355e-06] 
Layer 'fc10' weights[0]: 5.697985e-02 [8.487813e-05] 
Layer 'fc10' biases: 3.127722e-01 [3.891930e-05] 
-------------------------------------------------------
Saved checkpoint to ./ConvNet__2014-10-10_12.46.38
======================================================= (2.867 sec)
43.2... logprob:  0.318410, 0.107400 (2.057 sec)
43.3... logprob:  0.312640, 0.106100 (2.057 sec)
43.4... logprob:  0.324821, 0.112100 (2.058 sec)
epoch_cost: 0
44.1... logprob:  0.303791, 0.101700 (2.057 sec)
44.2... logprob:  0.313697, 0.103400 (2.057 sec)
44.3... logprob:  0.314802, 0.109600 (2.058 sec)
44.4... logprob:  0.321143, 0.108400 (2.057 sec)
epoch_cost: 0
45.1... logprob:  0.292407, 0.098500 (2.057 sec)
45.2... logprob:  0.306751, 0.105400 (2.058 sec)
45.3... logprob:  0.301489, 0.103600 (2.057 sec)
45.4... logprob:  0.315740, 0.108200 (2.057 sec)
epoch_cost: 0
46.1... logprob:  0.282699, 0.094900 (2.057 sec)
46.2... logprob:  0.299217, 0.104600 
======================Test output======================
logprob:  0.867636, 0.260500 
------------------------------------------------------- 
Layer 'conv1' weights[0]: 6.267610e-02 [6.254962e-05] 
Layer 'conv1' biases: 1.781751e-02 [3.111264e-06] 
Layer 'conv2' weights[0]: 2.148977e-02 [2.935489e-05] 
Layer 'conv2' biases: 1.608092e-02 [1.449441e-06] 
Layer 'conv3' weights[0]: 1.878300e-02 [3.058361e-05] 
Layer 'conv3' biases: 4.533653e-02 [1.800968e-06] 
Layer 'fc128' weights[0]: 8.589427e-03 [3.456215e-05] 
Layer 'fc128' biases: 5.269905e-02 [8.465120e-06] 
Layer 'fc10' weights[0]: 5.789908e-02 [9.345657e-05] 
Layer 'fc10' biases: 3.227452e-01 [5.488677e-05] 
-------------------------------------------------------
Saved checkpoint to ./ConvNet__2014-10-10_12.46.38
======================================================= (2.867 sec)
46.3... logprob:  0.295182, 0.102900 (2.057 sec)
46.4... logprob:  0.314772, 0.112800 (2.057 sec)
epoch_cost: 0
47.1... logprob:  0.280479, 0.097200 (2.128 sec)
47.2... logprob:  0.297241, 0.101100 (2.125 sec)
47.3... logprob:  0.287549, 0.099500 (2.142 sec)
47.4... logprob:  0.309692, 0.106900 (2.089 sec)
epoch_cost: 0
48.1... logprob:  0.265312, 0.088200 (2.076 sec)
48.2... logprob:  0.276520, 0.092200 (2.117 sec)
48.3... logprob:  0.285678, 0.100800 (2.124 sec)
48.4... logprob:  0.295068, 0.099600 (2.118 sec)
epoch_cost: 0
49.1... logprob:  0.256928, 0.086500 (2.129 sec)
49.2... logprob:  0.272594, 0.091800 (2.121 sec)
49.3... logprob:  0.280810, 0.098400 
======================Test output======================
logprob:  0.930346, 0.248700 
------------------------------------------------------- 
Layer 'conv1' weights[0]: 6.432699e-02 [8.183539e-05] 
Layer 'conv1' biases: 1.835294e-02 [3.081243e-06] 
Layer 'conv2' weights[0]: 2.195013e-02 [2.816722e-05] 
Layer 'conv2' biases: 1.630323e-02 [1.598589e-06] 
Layer 'conv3' weights[0]: 1.923667e-02 [3.128788e-05] 
Layer 'conv3' biases: 4.569824e-02 [2.036764e-06] 
Layer 'fc128' weights[0]: 8.744356e-03 [3.437564e-05] 
Layer 'fc128' biases: 5.415295e-02 [9.244083e-06] 
Layer 'fc10' weights[0]: 5.886485e-02 [9.662822e-05] 
Layer 'fc10' biases: 3.308058e-01 [6.109937e-05] 
-------------------------------------------------------
Saved checkpoint to ./ConvNet__2014-10-10_12.46.38
======================================================= (2.944 sec)
49.4... logprob:  0.282154, 0.098200 (2.139 sec)
epoch_cost: 0
50.1... logprob:  0.251941, 0.084400 (2.082 sec)
50.2... logprob:  0.271735, 0.090100 (2.115 sec)
50.3... logprob:  0.276513, 0.093500 (2.098 sec)
50.4... logprob:  0.273612, 0.093800 (2.115 sec)
epoch_cost: 0
51.1... logprob:  0.243521, 0.082400 (2.136 sec)
51.2... logprob:  0.285432, 0.096900 (2.117 sec)
51.3... logprob:  0.291428, 0.102600 (2.100 sec)
51.4... logprob:  0.275342, 0.093700 (2.105 sec)
epoch_cost: 0
52.1... logprob:  0.260409, 0.089900 (2.077 sec)
52.2... logprob:  0.317308, 0.111900 (2.074 sec)
52.3... logprob:  0.306561, 0.105600 (2.064 sec)
52.4... logprob:  0.280099, 0.097100 
======================Test output======================
logprob:  0.957455, 0.264500 
------------------------------------------------------- 
Layer 'conv1' weights[0]: 6.566215e-02 [6.830712e-05] 
Layer 'conv1' biases: 1.884504e-02 [2.366765e-06] 
Layer 'conv2' weights[0]: 2.237280e-02 [2.392621e-05] 
Layer 'conv2' biases: 1.650926e-02 [1.265158e-06] 
Layer 'conv3' weights[0]: 1.969101e-02 [2.943619e-05] 
Layer 'conv3' biases: 4.601628e-02 [1.987971e-06] 
Layer 'fc128' weights[0]: 8.924306e-03 [3.492627e-05] 
Layer 'fc128' biases: 5.568165e-02 [8.868501e-06] 
Layer 'fc10' weights[0]: 5.925640e-02 [9.497631e-05] 
Layer 'fc10' biases: 3.398026e-01 [5.184308e-05] 
-------------------------------------------------------
Saved checkpoint to ./ConvNet__2014-10-10_12.46.38
======================================================= (2.911 sec)
epoch_cost: 0
53.1... logprob:  0.252548, 0.087100 (2.169 sec)
53.2... logprob:  0.302188, 0.106700 (2.119 sec)
53.3... logprob:  0.279314, 0.095800 (2.121 sec)
53.4... logprob:  0.261868, 0.089300 (2.120 sec)
epoch_cost: 0
54.1... logprob:  0.240775, 0.081100 (2.092 sec)
54.2... logprob:  0.277564, 0.095500 (2.071 sec)
54.3... logprob:  0.246819, 0.079500 (2.108 sec)
54.4... logprob:  0.252719, 0.083700 (2.100 sec)
epoch_cost: 0
55.1... logprob:  0.235144, 0.079300 (2.085 sec)
55.2... logprob:  0.268078, 0.092400 (2.111 sec)
55.3... logprob:  0.237233, 0.078300 (2.087 sec)
55.4... logprob:  0.245210, 0.080200 (2.115 sec)
epoch_cost: 0
56.1... logprob:  0.225071, 0.072400 
======================Test output======================
logprob:  1.036878, 0.274900 
------------------------------------------------------- 
Layer 'conv1' weights[0]: 6.693093e-02 [6.962406e-05] 
Layer 'conv1' biases: 1.931619e-02 [2.982544e-06] 
Layer 'conv2' weights[0]: 2.273123e-02 [3.052772e-05] 
Layer 'conv2' biases: 1.670265e-02 [1.430686e-06] 
Layer 'conv3' weights[0]: 2.005151e-02 [3.116139e-05] 
Layer 'conv3' biases: 4.628740e-02 [1.771803e-06] 
Layer 'fc128' weights[0]: 8.947321e-03 [3.546003e-05] 
Layer 'fc128' biases: 5.715869e-02 [8.713459e-06] 
Layer 'fc10' weights[0]: 5.986382e-02 [9.763617e-05] 
Layer 'fc10' biases: 3.487781e-01 [5.424770e-05] 
-------------------------------------------------------
Saved checkpoint to ./ConvNet__2014-10-10_12.46.38
======================================================= (2.934 sec)
56.2... logprob:  0.251331, 0.084700 (2.093 sec)
56.3... logprob:  0.225245, 0.073300 (2.074 sec)
56.4... logprob:  0.234759, 0.079000 (2.057 sec)
epoch_cost: 0
57.1... logprob:  0.230677, 0.075900 (2.063 sec)
57.2... logprob:  0.238656, 0.078200 (2.075 sec)
57.3... logprob:  0.224218, 0.074400 (2.062 sec)
57.4... logprob:  0.227175, 0.077000 (2.057 sec)
epoch_cost: 0
58.1... logprob:  0.228168, 0.076600 (2.058 sec)
58.2... logprob:  0.219645, 0.072000 (2.057 sec)
58.3... logprob:  0.213019, 0.068700 (2.057 sec)
58.4... logprob:  0.217777, 0.074500 (2.057 sec)
epoch_cost: 0
59.1... logprob:  0.231680, 0.079900 (2.057 sec)
59.2... logprob:  0.226275, 0.077500 
======================Test output======================
logprob:  0.987681, 0.256100 
------------------------------------------------------- 
Layer 'conv1' weights[0]: 6.825696e-02 [5.236627e-05] 
Layer 'conv1' biases: 1.970759e-02 [1.543866e-06] 
Layer 'conv2' weights[0]: 2.309058e-02 [2.122333e-05] 
Layer 'conv2' biases: 1.685173e-02 [8.924990e-07] 
Layer 'conv3' weights[0]: 2.040225e-02 [2.629715e-05] 
Layer 'conv3' biases: 4.653018e-02 [1.187003e-06] 
Layer 'fc128' weights[0]: 9.028782e-03 [3.117642e-05] 
Layer 'fc128' biases: 5.855870e-02 [5.553525e-06] 
Layer 'fc10' weights[0]: 6.053252e-02 [7.263565e-05] 
Layer 'fc10' biases: 3.572561e-01 [2.634465e-05] 
-------------------------------------------------------
Saved checkpoint to ./ConvNet__2014-10-10_12.46.38
======================================================= (2.867 sec)
59.3... logprob:  0.206765, 0.069200 (2.057 sec)
59.4... logprob:  0.203874, 0.065800 (2.081 sec)
epoch_cost: 0
60.1... logprob:  0.220466, 0.073200 (2.088 sec)
60.2... logprob:  0.242328, 0.084400 (2.082 sec)
60.3... logprob:  0.205148, 0.069900 (2.077 sec)
60.4... logprob:  0.211721, 0.072300 (2.057 sec)
epoch_cost: 0
61.1... logprob:  0.225318, 0.074200 (2.088 sec)
61.2... logprob:  0.253190, 0.088700 (2.083 sec)
61.3... logprob:  0.210920, 0.070800 (2.057 sec)
61.4... logprob:  0.204059, 0.068400 (2.065 sec)
epoch_cost: 0
62.1... logprob:  0.213560, 0.071500 (2.058 sec)
62.2... logprob:  0.237671, 0.080800 (2.057 sec)
62.3... logprob:  0.216226, 0.072900 
======================Test output======================
logprob:  1.050017, 0.264800 
------------------------------------------------------- 
Layer 'conv1' weights[0]: 6.934242e-02 [4.433945e-05] 
Layer 'conv1' biases: 2.011655e-02 [2.183866e-06] 
Layer 'conv2' weights[0]: 2.338541e-02 [2.845360e-05] 
Layer 'conv2' biases: 1.701104e-02 [1.483036e-06] 
Layer 'conv3' weights[0]: 2.072253e-02 [3.156371e-05] 
Layer 'conv3' biases: 4.677330e-02 [1.923375e-06] 
Layer 'fc128' weights[0]: 9.138960e-03 [3.586997e-05] 
Layer 'fc128' biases: 5.987649e-02 [8.400263e-06] 
Layer 'fc10' weights[0]: 6.068876e-02 [8.806067e-05] 
Layer 'fc10' biases: 3.650998e-01 [4.672309e-05] 
-------------------------------------------------------
Saved checkpoint to ./ConvNet__2014-10-10_12.46.38
======================================================= (2.867 sec)
62.4... logprob:  0.202610, 0.068000 (2.057 sec)
epoch_cost: 0
63.1... logprob:  0.213649, 0.072500 (2.056 sec)
63.2... logprob:  0.235297, 0.083000 (2.058 sec)
63.3... logprob:  0.218329, 0.074000 (2.058 sec)
63.4... logprob:  0.194502, 0.061100 (2.057 sec)
epoch_cost: 0
64.1... logprob:  0.209557, 0.073100 (2.057 sec)
64.2... logprob:  0.236790, 0.082000 (2.058 sec)
64.3... logprob:  0.223317, 0.075400 (2.057 sec)
64.4... logprob:  0.199800, 0.066500 (2.057 sec)
epoch_cost: 0
65.1... logprob:  0.199736, 0.066900 (2.057 sec)
65.2... logprob:  0.227704, 0.079000 (2.057 sec)
65.3... logprob:  0.209653, 0.069300 (2.057 sec)
65.4... logprob:  0.201387, 0.065200 
======================Test output======================
logprob:  1.014643, 0.255500 
------------------------------------------------------- 
Layer 'conv1' weights[0]: 7.037625e-02 [1.008276e-04] 
Layer 'conv1' biases: 2.053935e-02 [2.445374e-06] 
Layer 'conv2' weights[0]: 2.367262e-02 [2.833897e-05] 
Layer 'conv2' biases: 1.717146e-02 [9.316053e-07] 
Layer 'conv3' weights[0]: 2.101772e-02 [3.339076e-05] 
Layer 'conv3' biases: 4.698098e-02 [1.388816e-06] 
Layer 'fc128' weights[0]: 9.236057e-03 [4.112032e-05] 
Layer 'fc128' biases: 6.109644e-02 [8.865394e-06] 
Layer 'fc10' weights[0]: 6.108806e-02 [1.073024e-04] 
Layer 'fc10' biases: 3.726291e-01 [5.325403e-05] 
-------------------------------------------------------
Saved checkpoint to ./ConvNet__2014-10-10_12.46.38
======================================================= (2.867 sec)
epoch_cost: 0
66.1... logprob:  0.203440, 0.068800 (2.057 sec)
66.2... logprob:  0.210288, 0.069800 (2.057 sec)
66.3... logprob:  0.196806, 0.064600 (2.057 sec)
66.4... logprob:  0.201849, 0.066700 (2.056 sec)
epoch_cost: 0
67.1... logprob:  0.196855, 0.063600 (2.057 sec)
67.2... logprob:  0.198180, 0.063800 (2.056 sec)
67.3... logprob:  0.186239, 0.059100 (2.058 sec)
67.4... logprob:  0.184038, 0.057600 (2.057 sec)
epoch_cost: 0
68.1... logprob:  0.183651, 0.059000 (2.057 sec)
68.2... logprob:  0.197594, 0.067800 (2.057 sec)
68.3... logprob:  0.173834, 0.055700 (2.058 sec)
68.4... logprob:  0.183896, 0.060300 (2.057 sec)
epoch_cost: 0
69.1... logprob:  0.205823, 0.069300 
======================Test output======================
logprob:  1.197249, 0.298800 
------------------------------------------------------- 
Layer 'conv1' weights[0]: 7.139634e-02 [1.515042e-04] 
Layer 'conv1' biases: 2.093544e-02 [5.486032e-06] 
Layer 'conv2' weights[0]: 2.395047e-02 [5.623703e-05] 
Layer 'conv2' biases: 1.731669e-02 [1.989031e-06] 
Layer 'conv3' weights[0]: 2.128006e-02 [5.828196e-05] 
Layer 'conv3' biases: 4.718054e-02 [2.440136e-06] 
Layer 'fc128' weights[0]: 9.247012e-03 [5.752360e-05] 
Layer 'fc128' biases: 6.212986e-02 [1.412620e-05] 
Layer 'fc10' weights[0]: 6.122569e-02 [1.474665e-04] 
Layer 'fc10' biases: 3.795172e-01 [7.901385e-05] 
-------------------------------------------------------
Saved checkpoint to ./ConvNet__2014-10-10_12.46.38
======================================================= (2.868 sec)
69.2... logprob:  0.235801, 0.083500 (2.058 sec)
69.3... logprob:  0.187009, 0.061100 (2.058 sec)
69.4... logprob:  0.185442, 0.060300 (2.057 sec)
epoch_cost: 0
70.1... logprob:  0.203285, 0.069000 (2.057 sec)
70.2... logprob:  0.215193, 0.076700 (2.057 sec)
70.3... logprob:  0.191630, 0.060500 (2.057 sec)
70.4... logprob:  0.188315, 0.062900 (2.057 sec)
epoch_cost: 0
71.1... logprob:  0.193258, 0.066600 (2.057 sec)
71.2... logprob:  0.198667, 0.068700 (2.057 sec)
71.3... logprob:  0.179432, 0.057400 (2.057 sec)
71.4... logprob:  0.187229, 0.063000 (2.057 sec)
epoch_cost: 0
72.1... logprob:  0.168439, 0.056300 (2.057 sec)
72.2... logprob:  0.185774, 0.060700 
======================Test output======================
logprob:  0.940400, 0.244300 
------------------------------------------------------- 
Layer 'conv1' weights[0]: 7.222353e-02 [4.294882e-05] 
Layer 'conv1' biases: 2.131216e-02 [2.054104e-06] 
Layer 'conv2' weights[0]: 2.418290e-02 [2.348686e-05] 
Layer 'conv2' biases: 1.745272e-02 [1.053924e-06] 
Layer 'conv3' weights[0]: 2.149966e-02 [3.284402e-05] 
Layer 'conv3' biases: 4.738672e-02 [1.545069e-06] 
Layer 'fc128' weights[0]: 9.251543e-03 [4.067983e-05] 
Layer 'fc128' biases: 6.324312e-02 [9.076245e-06] 
Layer 'fc10' weights[0]: 6.111433e-02 [1.126972e-04] 
Layer 'fc10' biases: 3.870409e-01 [5.761537e-05] 
-------------------------------------------------------
Saved checkpoint to ./ConvNet__2014-10-10_12.46.38
======================================================= (2.867 sec)
72.3... logprob:  0.162050, 0.051000 (2.057 sec)
72.4... logprob:  0.179445, 0.057900 (2.056 sec)
epoch_cost: 0
73.1... logprob:  0.154871, 0.049500 (2.057 sec)
73.2... logprob:  0.181068, 0.061600 (2.057 sec)
73.3... logprob:  0.157862, 0.050000 (2.057 sec)
73.4... logprob:  0.180154, 0.057800 (2.057 sec)
epoch_cost: 0
74.1... logprob:  0.166857, 0.053200 (2.057 sec)
74.2... logprob:  0.173880, 0.059900 (2.058 sec)
74.3... logprob:  0.157361, 0.047800 (2.057 sec)
74.4... logprob:  0.169930, 0.054800 (2.057 sec)
epoch_cost: 0
75.1... logprob:  0.167763, 0.055700 (2.056 sec)
75.2... logprob:  0.177577, 0.059100 (2.057 sec)
75.3... logprob:  0.152497, 0.048400 
======================Test output======================
logprob:  1.133275, 0.262500 
------------------------------------------------------- 
Layer 'conv1' weights[0]: 7.319286e-02 [6.934674e-05] 
Layer 'conv1' biases: 2.167845e-02 [4.754578e-06] 
Layer 'conv2' weights[0]: 2.437812e-02 [3.283287e-05] 
Layer 'conv2' biases: 1.758076e-02 [1.439291e-06] 
Layer 'conv3' weights[0]: 2.168088e-02 [3.040092e-05] 
Layer 'conv3' biases: 4.756234e-02 [1.292510e-06] 
Layer 'fc128' weights[0]: 9.204600e-03 [3.714063e-05] 
Layer 'fc128' biases: 6.424664e-02 [7.614142e-06] 
Layer 'fc10' weights[0]: 6.151243e-02 [1.010616e-04] 
Layer 'fc10' biases: 3.927262e-01 [4.741566e-05] 
-------------------------------------------------------
Saved checkpoint to ./ConvNet__2014-10-10_12.46.38
======================================================= (2.867 sec)
75.4... logprob:  0.169769, 0.053200 (2.056 sec)
epoch_cost: 0
76.1... logprob:  0.172712, 0.056700 (2.057 sec)
76.2... logprob:  0.178523, 0.060900 (2.057 sec)
76.3... logprob:  0.155338, 0.047800 (2.056 sec)
76.4... logprob:  0.203751, 0.068800 (2.057 sec)
epoch_cost: 0
77.1... logprob:  0.212591, 0.077700 (2.057 sec)
77.2... logprob:  0.194380, 0.064100 (2.058 sec)
77.3... logprob:  0.165332, 0.052400 (2.058 sec)
77.4... logprob:  0.206872, 0.071100 (2.067 sec)
epoch_cost: 0
78.1... logprob:  0.192617, 0.066400 (2.064 sec)
78.2... logprob:  0.197755, 0.065400 (2.058 sec)
78.3... logprob:  0.172048, 0.058400 (2.057 sec)
78.4... logprob:  0.200294, 0.068000 
======================Test output======================
logprob:  1.311046, 0.288200 
------------------------------------------------------- 
Layer 'conv1' weights[0]: 7.386802e-02 [8.373929e-05] 
Layer 'conv1' biases: 2.206556e-02 [2.329591e-06] 
Layer 'conv2' weights[0]: 2.456293e-02 [3.495894e-05] 
Layer 'conv2' biases: 1.771489e-02 [1.480625e-06] 
Layer 'conv3' weights[0]: 2.190146e-02 [3.894292e-05] 
Layer 'conv3' biases: 4.772429e-02 [1.895305e-06] 
Layer 'fc128' weights[0]: 9.390308e-03 [4.543375e-05] 
Layer 'fc128' biases: 6.527088e-02 [9.711451e-06] 
Layer 'fc10' weights[0]: 6.146069e-02 [1.268960e-04] 
Layer 'fc10' biases: 3.994821e-01 [5.645274e-05] 
-------------------------------------------------------
Saved checkpoint to ./ConvNet__2014-10-10_12.46.38
======================================================= (2.867 sec)
epoch_cost: 0
79.1... logprob:  0.183317, 0.062400 (2.057 sec)
79.2... logprob:  0.187359, 0.064100 (2.057 sec)
79.3... logprob:  0.169714, 0.056400 (2.057 sec)
79.4... logprob:  0.206100, 0.072000 (2.057 sec)
epoch_cost: 0
80.1... logprob:  0.173392, 0.058500 (2.057 sec)
80.2... logprob:  0.196780, 0.065800 (2.054 sec)
80.3... logprob:  0.160283, 0.048800 (2.057 sec)
80.4... logprob:  0.220645, 0.077800 (2.057 sec)
epoch_cost: 0
81.1... logprob:  0.168005, 0.055500 (2.057 sec)
81.2... logprob:  0.197252, 0.064500 (2.057 sec)
81.3... logprob:  0.163406, 0.051800 (2.057 sec)
81.4... logprob:  0.197282, 0.067400 (2.057 sec)
epoch_cost: 0
82.1... logprob:  0.165205, 0.054600 
======================Test output======================
logprob:  1.188138, 0.284200 
------------------------------------------------------- 
Layer 'conv1' weights[0]: 7.437558e-02 [5.682062e-05] 
Layer 'conv1' biases: 2.242031e-02 [2.997979e-06] 
Layer 'conv2' weights[0]: 2.472759e-02 [2.661552e-05] 
Layer 'conv2' biases: 1.783285e-02 [1.160242e-06] 
Layer 'conv3' weights[0]: 2.210277e-02 [3.139467e-05] 
Layer 'conv3' biases: 4.786676e-02 [1.335374e-06] 
Layer 'fc128' weights[0]: 9.448388e-03 [3.710353e-05] 
Layer 'fc128' biases: 6.631542e-02 [8.070167e-06] 
Layer 'fc10' weights[0]: 6.165491e-02 [1.021199e-04] 
Layer 'fc10' biases: 4.056796e-01 [5.027520e-05] 
-------------------------------------------------------
Saved checkpoint to ./ConvNet__2014-10-10_12.46.38
======================================================= (2.867 sec)
82.2... logprob:  0.183482, 0.060400 (2.057 sec)
82.3... logprob:  0.172889, 0.056000 (2.056 sec)
82.4... logprob:  0.184137, 0.060500 (2.057 sec)
epoch_cost: 0
83.1... logprob:  0.175191, 0.057600 (2.057 sec)
83.2... logprob:  0.193370, 0.064000 (2.057 sec)
83.3... logprob:  0.178415, 0.059600 (2.057 sec)
83.4... logprob:  0.192474, 0.063300 (2.057 sec)
epoch_cost: 0
84.1... logprob:  0.175974, 0.057200 (2.057 sec)
84.2... logprob:  0.182586, 0.060200 (2.057 sec)
84.3... logprob:  0.169108, 0.056100 (2.057 sec)
84.4... logprob:  0.176650, 0.058100 (2.057 sec)
epoch_cost: 0
85.1... logprob:  0.163634, 0.053900 (2.057 sec)
85.2... logprob:  0.179156, 0.059600 
======================Test output======================
logprob:  1.019645, 0.257400 
------------------------------------------------------- 
Layer 'conv1' weights[0]: 7.478784e-02 [4.099622e-05] 
Layer 'conv1' biases: 2.277850e-02 [1.438150e-06] 
Layer 'conv2' weights[0]: 2.486418e-02 [2.047092e-05] 
Layer 'conv2' biases: 1.794537e-02 [7.344632e-07] 
Layer 'conv3' weights[0]: 2.226649e-02 [2.835265e-05] 
Layer 'conv3' biases: 4.802523e-02 [1.266067e-06] 
Layer 'fc128' weights[0]: 9.477775e-03 [3.259973e-05] 
Layer 'fc128' biases: 6.738363e-02 [6.924484e-06] 
Layer 'fc10' weights[0]: 6.169986e-02 [8.683311e-05] 
Layer 'fc10' biases: 4.119864e-01 [4.116877e-05] 
-------------------------------------------------------
Saved checkpoint to ./ConvNet__2014-10-10_12.46.38
======================================================= (2.867 sec)
85.3... logprob:  0.175700, 0.056600 (2.057 sec)
85.4... logprob:  0.165792, 0.054200 (2.057 sec)
epoch_cost: 0
86.1... logprob:  0.164709, 0.053700 (2.062 sec)
86.2... logprob:  0.173838, 0.054700 (2.056 sec)
86.3... logprob:  0.170298, 0.057000 (2.057 sec)
86.4... logprob:  0.164284, 0.054300 (2.057 sec)
epoch_cost: 0
87.1... logprob:  0.154634, 0.050400 (2.057 sec)
87.2... logprob:  0.178200, 0.057300 (2.057 sec)
87.3... logprob:  0.168890, 0.057300 (2.057 sec)
87.4... logprob:  0.160677, 0.051700 (2.057 sec)
epoch_cost: 0
88.1... logprob:  0.162308, 0.054800 (2.056 sec)
88.2... logprob:  0.178322, 0.060600 (2.058 sec)
88.3... logprob:  0.155176, 0.048900 
======================Test output======================
logprob:  1.097993, 0.256400 
------------------------------------------------------- 
Layer 'conv1' weights[0]: 7.539301e-02 [4.724345e-05] 
Layer 'conv1' biases: 2.310476e-02 [3.740724e-06] 
Layer 'conv2' weights[0]: 2.500678e-02 [3.096962e-05] 
Layer 'conv2' biases: 1.805437e-02 [1.305116e-06] 
Layer 'conv3' weights[0]: 2.242477e-02 [3.277536e-05] 
Layer 'conv3' biases: 4.817118e-02 [1.395541e-06] 
Layer 'fc128' weights[0]: 9.466791e-03 [3.910602e-05] 
Layer 'fc128' biases: 6.837752e-02 [8.644307e-06] 
Layer 'fc10' weights[0]: 6.205407e-02 [9.720972e-05] 
Layer 'fc10' biases: 4.179143e-01 [5.015048e-05] 
-------------------------------------------------------
Saved checkpoint to ./ConvNet__2014-10-10_12.46.38
======================================================= (2.866 sec)
88.4... logprob:  0.175670, 0.059600 (2.057 sec)
epoch_cost: 0
89.1... logprob:  0.149891, 0.048000 (2.057 sec)
89.2... logprob:  0.179414, 0.060900 (2.056 sec)
89.3... logprob:  0.150739, 0.049300 (2.057 sec)
89.4... logprob:  0.162963, 0.051600 (2.057 sec)
epoch_cost: 0
90.1... logprob:  0.151402, 0.049400 (2.057 sec)
90.2... logprob:  0.180739, 0.059800 (2.058 sec)
90.3... logprob:  0.141556, 0.041800 (2.057 sec)
90.4... logprob:  0.155875, 0.052200 (2.056 sec)
epoch_cost: 0
91.1... logprob:  0.137464, 0.040600 (2.057 sec)
91.2... logprob:  0.167102, 0.055300 (2.056 sec)
91.3... logprob:  0.134861, 0.040800 (2.056 sec)
91.4... logprob:  0.144894, 0.044200 
======================Test output======================
logprob:  1.180456, 0.268500 
------------------------------------------------------- 
Layer 'conv1' weights[0]: 7.588860e-02 [5.296323e-05] 
Layer 'conv1' biases: 2.344323e-02 [1.654688e-06] 
Layer 'conv2' weights[0]: 2.512401e-02 [2.655418e-05] 
Layer 'conv2' biases: 1.817866e-02 [9.567231e-07] 
Layer 'conv3' weights[0]: 2.252833e-02 [3.077515e-05] 
Layer 'conv3' biases: 4.830013e-02 [1.293895e-06] 
Layer 'fc128' weights[0]: 9.353671e-03 [3.726780e-05] 
Layer 'fc128' biases: 6.941510e-02 [7.395774e-06] 
Layer 'fc10' weights[0]: 6.204450e-02 [9.514682e-05] 
Layer 'fc10' biases: 4.238074e-01 [3.946944e-05] 
-------------------------------------------------------
Saved checkpoint to ./ConvNet__2014-10-10_12.46.38
======================================================= (2.865 sec)
epoch_cost: 0
92.1... logprob:  0.136157, 0.042600 (2.057 sec)
92.2... logprob:  0.163185, 0.052200 (2.056 sec)
92.3... logprob:  0.130954, 0.036800 (2.057 sec)
92.4... logprob:  0.132506, 0.040500 (2.057 sec)
epoch_cost: 0
93.1... logprob:  0.128981, 0.039000 (2.057 sec)
93.2... logprob:  0.162792, 0.054700 (2.057 sec)
93.3... logprob:  0.126708, 0.035900 (2.056 sec)
93.4... logprob:  0.130093, 0.038200 (2.057 sec)
epoch_cost: 0
94.1... logprob:  0.134470, 0.041900 (2.057 sec)
94.2... logprob:  0.157356, 0.051100 (2.058 sec)
94.3... logprob:  0.127646, 0.036400 (2.057 sec)
94.4... logprob:  0.137909, 0.041300 (2.069 sec)
epoch_cost: 0
95.1... logprob:  0.132207, 0.040300 
======================Test output======================
logprob:  1.246416, 0.279400 
------------------------------------------------------- 
Layer 'conv1' weights[0]: 7.633103e-02 [8.456318e-05] 
Layer 'conv1' biases: 2.368736e-02 [3.020542e-06] 
Layer 'conv2' weights[0]: 2.520136e-02 [2.915167e-05] 
Layer 'conv2' biases: 1.828295e-02 [1.255869e-06] 
Layer 'conv3' weights[0]: 2.259266e-02 [3.275143e-05] 
Layer 'conv3' biases: 4.841356e-02 [1.356001e-06] 
Layer 'fc128' weights[0]: 9.217426e-03 [4.107636e-05] 
Layer 'fc128' biases: 7.033759e-02 [9.175930e-06] 
Layer 'fc10' weights[0]: 6.205662e-02 [1.299716e-04] 
Layer 'fc10' biases: 4.299326e-01 [6.447425e-05] 
-------------------------------------------------------
Saved checkpoint to ./ConvNet__2014-10-10_12.46.38
======================================================= (2.877 sec)
95.2... logprob:  0.146172, 0.045300 (2.062 sec)
95.3... logprob:  0.130784, 0.040200 (2.063 sec)
95.4... logprob:  0.151071, 0.048400 (2.062 sec)
epoch_cost: 0
96.1... logprob:  0.132096, 0.038100 (2.066 sec)
96.2... logprob:  0.147803, 0.048100 (2.059 sec)
96.3... logprob:  0.131878, 0.038100 (2.056 sec)
96.4... logprob:  0.162689, 0.055100 (2.059 sec)
epoch_cost: 0
97.1... logprob:  0.141301, 0.042800 (2.070 sec)
97.2... logprob:  0.141653, 0.046000 (2.062 sec)
97.3... logprob:  0.143168, 0.045700 (2.057 sec)
97.4... logprob:  0.146878, 0.045900 (2.056 sec)
epoch_cost: 0
98.1... logprob:  0.133249, 0.042700 (2.057 sec)
98.2... logprob:  0.140254, 0.043100 
======================Test output======================
logprob:  1.146572, 0.268900 
------------------------------------------------------- 
Layer 'conv1' weights[0]: 7.661998e-02 [4.795452e-05] 
Layer 'conv1' biases: 2.393927e-02 [2.114381e-06] 
Layer 'conv2' weights[0]: 2.526063e-02 [2.147499e-05] 
Layer 'conv2' biases: 1.837213e-02 [9.424460e-07] 
Layer 'conv3' weights[0]: 2.265530e-02 [3.120612e-05] 
Layer 'conv3' biases: 4.853411e-02 [1.319836e-06] 
Layer 'fc128' weights[0]: 9.196755e-03 [3.719206e-05] 
Layer 'fc128' biases: 7.119918e-02 [7.570276e-06] 
Layer 'fc10' weights[0]: 6.174487e-02 [9.165103e-05] 
Layer 'fc10' biases: 4.348549e-01 [4.995920e-05] 
-------------------------------------------------------
Saved checkpoint to ./ConvNet__2014-10-10_12.46.38
======================================================= (2.867 sec)
98.3... logprob:  0.146629, 0.044400 (2.057 sec)
98.4... logprob:  0.144135, 0.045200 (2.057 sec)
epoch_cost: 0
99.1... logprob:  0.129345, 0.037800 (2.057 sec)
99.2... logprob:  0.143565, 0.044600 (2.057 sec)
99.3... logprob:  0.159095, 0.052100 (2.057 sec)
99.4... logprob:  0.155459, 0.047600 (2.057 sec)
epoch_cost: 0
100.1... logprob:  0.120750, 0.035400 (2.057 sec)
100.2... logprob:  0.152631, 0.050900 (2.057 sec)
100.3... logprob:  0.142073, 0.046000 (2.057 sec)
100.4... logprob:  0.147309, 0.046700 (2.057 sec)
epoch_cost: 0
101.1... logprob:  0.120600, 0.036300 (2.057 sec)
101.2... logprob:  0.135247, 0.043000 (2.057 sec)
101.3... logprob:  0.134678, 0.041600 
======================Test output======================
logprob:  1.175819, 0.259800 
------------------------------------------------------- 
Layer 'conv1' weights[0]: 7.691630e-02 [6.493271e-05] 
Layer 'conv1' biases: 2.420521e-02 [4.326695e-06] 
Layer 'conv2' weights[0]: 2.528902e-02 [3.654273e-05] 
Layer 'conv2' biases: 1.846906e-02 [1.370036e-06] 
Layer 'conv3' weights[0]: 2.272238e-02 [4.321092e-05] 
Layer 'conv3' biases: 4.866010e-02 [1.849803e-06] 
Layer 'fc128' weights[0]: 9.181508e-03 [4.192697e-05] 
Layer 'fc128' biases: 7.205498e-02 [7.290643e-06] 
Layer 'fc10' weights[0]: 6.162127e-02 [1.030485e-04] 
Layer 'fc10' biases: 4.398666e-01 [4.718073e-05] 
-------------------------------------------------------
Saved checkpoint to ./ConvNet__2014-10-10_12.46.38
======================================================= (2.866 sec)
101.4... logprob:  0.137249, 0.041900 (2.057 sec)
epoch_cost: 0
102.1... logprob:  0.116727, 0.035600 (2.056 sec)
102.2... logprob:  0.137375, 0.043700 (2.057 sec)
102.3... logprob:  0.150166, 0.047800 (2.056 sec)
102.4... logprob:  0.137949, 0.041300 (2.056 sec)
epoch_cost: 0
103.1... logprob:  0.114843, 0.032900 (2.057 sec)
103.2... logprob:  0.126202, 0.036500 (2.057 sec)
103.3... logprob:  0.135266, 0.041000 (2.056 sec)
103.4... logprob:  0.141086, 0.042200 (2.056 sec)
epoch_cost: 0
104.1... logprob:  0.115144, 0.034200 (2.057 sec)
104.2... logprob:  0.117521, 0.031300 (2.056 sec)
104.3... logprob:  0.116794, 0.034900 (2.057 sec)
104.4... logprob:  0.127041, 0.036600 
======================Test output======================
logprob:  1.112093, 0.256400 
------------------------------------------------------- 
Layer 'conv1' weights[0]: 7.721786e-02 [6.045505e-05] 
Layer 'conv1' biases: 2.445317e-02 [4.549529e-06] 
Layer 'conv2' weights[0]: 2.532496e-02 [2.596829e-05] 
Layer 'conv2' biases: 1.856838e-02 [1.287128e-06] 
Layer 'conv3' weights[0]: 2.273450e-02 [2.841846e-05] 
Layer 'conv3' biases: 4.876764e-02 [1.170326e-06] 
Layer 'fc128' weights[0]: 9.056012e-03 [3.496428e-05] 
Layer 'fc128' biases: 7.288796e-02 [6.758288e-06] 
Layer 'fc10' weights[0]: 6.138340e-02 [8.239337e-05] 
Layer 'fc10' biases: 4.452255e-01 [4.258621e-05] 
-------------------------------------------------------
Saved checkpoint to ./ConvNet__2014-10-10_12.46.38
======================================================= (2.867 sec)
epoch_cost: 0
105.1... logprob:  0.102769, 0.027600 (2.056 sec)
105.2... logprob:  0.116169, 0.031600 (2.057 sec)
105.3... logprob:  0.109003, 0.028000 (2.056 sec)
105.4... logprob:  0.115857, 0.031200 (2.056 sec)
epoch_cost: 0
106.1... logprob:  0.106186, 0.030100 (2.057 sec)
106.2... logprob:  0.120147, 0.032800 (2.056 sec)
106.3... logprob:  0.107040, 0.027900 (2.057 sec)
106.4... logprob:  0.114010, 0.029700 (2.057 sec)
epoch_cost: 0
107.1... logprob:  0.110328, 0.031700 (2.056 sec)
107.2... logprob:  0.121632, 0.034500 (2.057 sec)
107.3... logprob:  0.100965, 0.024900 (2.056 sec)
107.4... logprob:  0.111963, 0.029600 (2.056 sec)
epoch_cost: 0
108.1... logprob:  0.118128, 0.033700 
======================Test output======================
logprob:  1.086407, 0.248900 
------------------------------------------------------- 
Layer 'conv1' weights[0]: 7.759317e-02 [4.527193e-05] 
Layer 'conv1' biases: 2.465298e-02 [1.406623e-06] 
Layer 'conv2' weights[0]: 2.534929e-02 [1.818396e-05] 
Layer 'conv2' biases: 1.865131e-02 [7.081829e-07] 
Layer 'conv3' weights[0]: 2.271102e-02 [2.275180e-05] 
Layer 'conv3' biases: 4.886651e-02 [8.301230e-07] 
Layer 'fc128' weights[0]: 8.893462e-03 [2.866793e-05] 
Layer 'fc128' biases: 7.363798e-02 [5.221729e-06] 
Layer 'fc10' weights[0]: 6.161243e-02 [6.398676e-05] 
Layer 'fc10' biases: 4.499342e-01 [2.609858e-05] 
-------------------------------------------------------
Saved checkpoint to ./ConvNet__2014-10-10_12.46.38
======================================================= (2.867 sec)
108.2... logprob:  0.114869, 0.032900 (2.057 sec)
108.3... logprob:  0.096257, 0.022700 (2.057 sec)
108.4... logprob:  0.111426, 0.029000 (2.057 sec)
epoch_cost: 0
109.1... logprob:  0.110732, 0.032800 (2.056 sec)
109.2... logprob:  0.120597, 0.035400 (2.057 sec)
109.3... logprob:  0.104362, 0.027900 (2.056 sec)
109.4... logprob:  0.121314, 0.034700 (2.057 sec)
epoch_cost: 0
110.1... logprob:  0.124230, 0.038300 (2.057 sec)
110.2... logprob:  0.140061, 0.046100 (2.056 sec)
110.3... logprob:  0.120459, 0.034200 (2.056 sec)
110.4... logprob:  0.128704, 0.037500 (2.057 sec)
epoch_cost: 0
111.1... logprob:  0.130864, 0.041400 (2.056 sec)
111.2... logprob:  0.157304, 0.050900 
======================Test output======================
logprob:  1.084351, 0.254700 
------------------------------------------------------- 
Layer 'conv1' weights[0]: 7.778170e-02 [7.086996e-05] 
Layer 'conv1' biases: 2.485791e-02 [3.492453e-06] 
Layer 'conv2' weights[0]: 2.535825e-02 [2.693076e-05] 
Layer 'conv2' biases: 1.873038e-02 [1.095662e-06] 
Layer 'conv3' weights[0]: 2.274132e-02 [3.266694e-05] 
Layer 'conv3' biases: 4.896999e-02 [1.291799e-06] 
Layer 'fc128' weights[0]: 8.968839e-03 [3.946151e-05] 
Layer 'fc128' biases: 7.440655e-02 [8.508803e-06] 
Layer 'fc10' weights[0]: 6.133213e-02 [9.387457e-05] 
Layer 'fc10' biases: 4.542509e-01 [4.492378e-05] 
-------------------------------------------------------
Saved checkpoint to ./ConvNet__2014-10-10_12.46.38
======================================================= (2.866 sec)
111.3... logprob:  0.120572, 0.034000 (2.057 sec)
111.4... logprob:  0.140791, 0.043400 (2.056 sec)
epoch_cost: 0
112.1... logprob:  0.121371, 0.038000 (2.056 sec)
112.2... logprob:  0.129783, 0.040000 (2.057 sec)
112.3... logprob:  0.110005, 0.030200 (2.056 sec)
112.4... logprob:  0.137836, 0.043800 (2.056 sec)
epoch_cost: 0
113.1... logprob:  0.118480, 0.036800 (2.057 sec)
113.2... logprob:  0.124102, 0.035500 (2.056 sec)
113.3... logprob:  0.101617, 0.026300 (2.057 sec)
113.4... logprob:  0.129776, 0.039300 (2.057 sec)
epoch_cost: 0
114.1... logprob:  0.128309, 0.041100 (2.056 sec)
114.2... logprob:  0.125648, 0.036200 (2.056 sec)
114.3... logprob:  0.109036, 0.030600 
======================Test output======================
logprob:  1.223912, 0.263000 
------------------------------------------------------- 
Layer 'conv1' weights[0]: 7.792146e-02 [3.636562e-05] 
Layer 'conv1' biases: 2.513099e-02 [3.655987e-06] 
Layer 'conv2' weights[0]: 2.535150e-02 [3.007902e-05] 
Layer 'conv2' biases: 1.882053e-02 [1.232871e-06] 
Layer 'conv3' weights[0]: 2.275466e-02 [2.993990e-05] 
Layer 'conv3' biases: 4.909377e-02 [1.185036e-06] 
Layer 'fc128' weights[0]: 8.950975e-03 [3.725738e-05] 
Layer 'fc128' biases: 7.517683e-02 [8.391806e-06] 
Layer 'fc10' weights[0]: 6.104575e-02 [1.021642e-04] 
Layer 'fc10' biases: 4.595331e-01 [5.406808e-05] 
-------------------------------------------------------
Saved checkpoint to ./ConvNet__2014-10-10_12.46.38
======================================================= (2.866 sec)
114.4... logprob:  0.132792, 0.038500 (2.056 sec)
epoch_cost: 0
115.1... logprob:  0.136652, 0.043200 (2.055 sec)
115.2... logprob:  0.129509, 0.039300 (2.056 sec)
115.3... logprob:  0.109401, 0.030100 (2.055 sec)
115.4... logprob:  0.116562, 0.033500 (2.057 sec)
epoch_cost: 0
116.1... logprob:  0.141572, 0.044900 (2.056 sec)
116.2... logprob:  0.127213, 0.037400 (2.056 sec)
116.3... logprob:  0.102916, 0.028200 (2.057 sec)
116.4... logprob:  0.128621, 0.037800 (2.056 sec)
epoch_cost: 0
117.1... logprob:  0.122387, 0.037250 (2.057 sec)
117.2... logprob:  0.119379, 0.033500 (2.056 sec)
117.3... logprob:  0.097530, 0.025500 (2.057 sec)
117.4... logprob:  0.121264, 0.034300 
======================Test output======================
logprob:  1.138350, 0.249100 
------------------------------------------------------- 
Layer 'conv1' weights[0]: 7.804353e-02 [4.558348e-05] 
Layer 'conv1' biases: 2.534140e-02 [2.780395e-06] 
Layer 'conv2' weights[0]: 2.536288e-02 [2.222649e-05] 
Layer 'conv2' biases: 1.891032e-02 [9.807698e-07] 
Layer 'conv3' weights[0]: 2.277072e-02 [2.464320e-05] 
Layer 'conv3' biases: 4.919836e-02 [1.031730e-06] 
Layer 'fc128' weights[0]: 8.911361e-03 [2.825877e-05] 
Layer 'fc128' biases: 7.593016e-02 [5.476286e-06] 
Layer 'fc10' weights[0]: 6.105118e-02 [6.563630e-05] 
Layer 'fc10' biases: 4.644195e-01 [3.210661e-05] 
-------------------------------------------------------
Saved checkpoint to ./ConvNet__2014-10-10_12.46.38
======================================================= (2.866 sec)
epoch_cost: 0
118.1... logprob:  0.117929, 0.035800 (2.057 sec)
118.2... logprob:  0.109597, 0.029700 (2.056 sec)
118.3... logprob:  0.098374, 0.025600 (2.056 sec)
118.4... logprob:  0.117155, 0.034100 (2.056 sec)
epoch_cost: 0
119.1... logprob:  0.114305, 0.035900 (2.057 sec)
119.2... logprob:  0.113806, 0.032300 (2.057 sec)
119.3... logprob:  0.102989, 0.027000 (2.057 sec)
119.4... logprob:  0.111061, 0.029500 (2.057 sec)
epoch_cost: 0
120.1... logprob:  0.111940, 0.033400 (2.056 sec)
120.2... logprob:  0.127592, 0.038400 (2.057 sec)
120.3... logprob:  0.104895, 0.028000 (2.056 sec)
120.4... logprob:  0.116160, 0.032200 (2.056 sec)
epoch_cost: 0
121.1... logprob:  0.111889, 0.031300 
======================Test output======================
logprob:  1.094438, 0.252000 
------------------------------------------------------- 
Layer 'conv1' weights[0]: 7.820363e-02 [5.123524e-05] 
Layer 'conv1' biases: 2.554007e-02 [1.510609e-06] 
Layer 'conv2' weights[0]: 2.536711e-02 [2.005048e-05] 
Layer 'conv2' biases: 1.900118e-02 [7.782292e-07] 
Layer 'conv3' weights[0]: 2.276387e-02 [2.571560e-05] 
Layer 'conv3' biases: 4.930854e-02 [9.307370e-07] 
Layer 'fc128' weights[0]: 8.846562e-03 [3.089505e-05] 
Layer 'fc128' biases: 7.663409e-02 [4.999602e-06] 
Layer 'fc10' weights[0]: 6.118438e-02 [6.750340e-05] 
Layer 'fc10' biases: 4.684073e-01 [2.439248e-05] 
-------------------------------------------------------
Saved checkpoint to ./ConvNet__2014-10-10_12.46.38
======================================================= (2.866 sec)
121.2... logprob:  0.117494, 0.036000 (2.057 sec)
121.3... logprob:  0.102381, 0.026600 (2.059 sec)
121.4... logprob:  0.125782, 0.036900 (2.057 sec)
epoch_cost: 0
122.1... logprob:  0.119149, 0.036900 (2.057 sec)
122.2... logprob:  0.115834, 0.033500 (2.056 sec)
122.3... logprob:  0.126374, 0.039100 (2.056 sec)
122.4... logprob:  0.143545, 0.044300 (2.057 sec)
epoch_cost: 0
123.1... logprob:  0.118390, 0.034100 (2.056 sec)
123.2... logprob:  0.126496, 0.038200 (2.098 sec)
123.3... logprob:  0.121140, 0.036100 (2.060 sec)
123.4... logprob:  0.137557, 0.041100 (2.057 sec)
epoch_cost: 0
124.1... logprob:  0.112704, 0.033000 (2.058 sec)
124.2... logprob:  0.128277, 0.040100 
======================Test output======================
logprob:  1.155223, 0.266400 
------------------------------------------------------- 
Layer 'conv1' weights[0]: 7.833932e-02 [5.912577e-05] 
Layer 'conv1' biases: 2.577156e-02 [1.920418e-06] 
Layer 'conv2' weights[0]: 2.535666e-02 [2.439136e-05] 
Layer 'conv2' biases: 1.910867e-02 [1.071002e-06] 
Layer 'conv3' weights[0]: 2.279873e-02 [3.181314e-05] 
Layer 'conv3' biases: 4.941325e-02 [1.169206e-06] 
Layer 'fc128' weights[0]: 8.934913e-03 [3.897637e-05] 
Layer 'fc128' biases: 7.739901e-02 [8.933871e-06] 
Layer 'fc10' weights[0]: 6.101162e-02 [9.595736e-05] 
Layer 'fc10' biases: 4.726956e-01 [5.103457e-05] 
-------------------------------------------------------
Saved checkpoint to ./ConvNet__2014-10-10_12.46.38
======================================================= (2.867 sec)
124.3... logprob:  0.131616, 0.040900 (2.056 sec)
124.4... logprob:  0.151181, 0.046800 (2.057 sec)
epoch_cost: 0
125.1... logprob:  0.126423, 0.039800 (2.057 sec)
125.2... logprob:  0.112798, 0.031900 (2.055 sec)
125.3... logprob:  0.116665, 0.035000 (2.058 sec)
125.4... logprob:  0.134333, 0.041400 (2.057 sec)
epoch_cost: 0
126.1... logprob:  0.120943, 0.035300 (2.057 sec)
126.2... logprob:  0.109776, 0.031200 (2.057 sec)
126.3... logprob:  0.112294, 0.031600 (2.057 sec)
126.4... logprob:  0.114430, 0.032400 (2.057 sec)
epoch_cost: 0
127.1... logprob:  0.109924, 0.033400 (2.057 sec)
127.2... logprob:  0.098120, 0.025300 (2.057 sec)
127.3... logprob:  0.098317, 0.025800 
======================Test output======================
logprob:  1.098123, 0.245500 
------------------------------------------------------- 
Layer 'conv1' weights[0]: 7.843923e-02 [3.890071e-05] 
Layer 'conv1' biases: 2.598479e-02 [2.174312e-06] 
Layer 'conv2' weights[0]: 2.532017e-02 [2.091631e-05] 
Layer 'conv2' biases: 1.920739e-02 [7.639287e-07] 
Layer 'conv3' weights[0]: 2.279587e-02 [2.605360e-05] 
Layer 'conv3' biases: 4.952318e-02 [1.163180e-06] 
Layer 'fc128' weights[0]: 8.849704e-03 [3.179469e-05] 
Layer 'fc128' biases: 7.812581e-02 [6.618794e-06] 
Layer 'fc10' weights[0]: 6.084000e-02 [7.427839e-05] 
Layer 'fc10' biases: 4.771909e-01 [4.145244e-05] 
-------------------------------------------------------
Saved checkpoint to ./ConvNet__2014-10-10_12.46.38
======================================================= (2.868 sec)
127.4... logprob:  0.109625, 0.030000 (2.058 sec)
epoch_cost: 0
128.1... logprob:  0.104631, 0.029900 (2.062 sec)
128.2... logprob:  0.106571, 0.027200 (2.059 sec)
128.3... logprob:  0.100210, 0.027000 (2.082 sec)
128.4... logprob:  0.106319, 0.028200 (2.111 sec)
epoch_cost: 0
129.1... logprob:  0.095302, 0.026100 (2.079 sec)
129.2... logprob:  0.109990, 0.030500 (2.070 sec)
129.3... logprob:  0.102151, 0.028500 (2.079 sec)
129.4... logprob:  0.098633, 0.023400 (2.109 sec)
epoch_cost: 0
130.1... logprob:  0.090860, 0.023500 (2.115 sec)
130.2... logprob:  0.100164, 0.025700 (2.120 sec)
130.3... logprob:  0.089024, 0.022100 (2.114 sec)
130.4... logprob:  0.091208, 0.022100 
======================Test output======================
logprob:  1.156319, 0.253600 
------------------------------------------------------- 
Layer 'conv1' weights[0]: 7.850870e-02 [4.656061e-05] 
Layer 'conv1' biases: 2.613466e-02 [2.542580e-06] 
Layer 'conv2' weights[0]: 2.527956e-02 [2.071064e-05] 
Layer 'conv2' biases: 1.929791e-02 [8.965303e-07] 
Layer 'conv3' weights[0]: 2.272552e-02 [2.807031e-05] 
Layer 'conv3' biases: 4.961684e-02 [1.212153e-06] 
Layer 'fc128' weights[0]: 8.629747e-03 [3.416342e-05] 
Layer 'fc128' biases: 7.881273e-02 [6.908816e-06] 
Layer 'fc10' weights[0]: 6.073334e-02 [8.528335e-05] 
Layer 'fc10' biases: 4.815097e-01 [3.847758e-05] 
-------------------------------------------------------
Saved checkpoint to ./ConvNet__2014-10-10_12.46.38
======================================================= (2.915 sec)
epoch_cost: 0
131.1... logprob:  0.092230, 0.022900 (2.084 sec)
131.2... logprob:  0.097947, 0.024700 (2.076 sec)
131.3... logprob:  0.095039, 0.022900 (2.057 sec)
131.4... logprob:  0.096180, 0.023200 (2.079 sec)
epoch_cost: 0
132.1... logprob:  0.092935, 0.023900 (2.125 sec)
132.2... logprob:  0.114230, 0.031600 (2.107 sec)
132.3... logprob:  0.093178, 0.024300 (2.076 sec)
132.4... logprob:  0.099970, 0.025500 (2.057 sec)
epoch_cost: 0
133.1... logprob:  0.110003, 0.032600 (2.056 sec)
133.2... logprob:  0.122053, 0.036000 (2.056 sec)
133.3... logprob:  0.103561, 0.028700 (2.057 sec)
133.4... logprob:  0.108070, 0.028900 (2.057 sec)
epoch_cost: 0
134.1... logprob:  0.108302, 0.031700 
======================Test output======================
logprob:  1.233459, 0.279400 
------------------------------------------------------- 
Layer 'conv1' weights[0]: 7.859168e-02 [4.621797e-05] 
Layer 'conv1' biases: 2.629335e-02 [2.475179e-06] 
Layer 'conv2' weights[0]: 2.524325e-02 [2.995132e-05] 
Layer 'conv2' biases: 1.938146e-02 [9.027395e-07] 
Layer 'conv3' weights[0]: 2.267816e-02 [3.328999e-05] 
Layer 'conv3' biases: 4.971512e-02 [8.797100e-07] 
Layer 'fc128' weights[0]: 8.605803e-03 [3.944695e-05] 
Layer 'fc128' biases: 7.949827e-02 [5.838051e-06] 
Layer 'fc10' weights[0]: 6.055743e-02 [1.022670e-04] 
Layer 'fc10' biases: 4.853645e-01 [3.550978e-05] 
-------------------------------------------------------
Saved checkpoint to ./ConvNet__2014-10-10_12.46.38
======================================================= (2.867 sec)
134.2... logprob:  0.121395, 0.035000 (2.062 sec)
134.3... logprob:  0.097988, 0.025400 (2.091 sec)
134.4... logprob:  0.108484, 0.029400 (2.072 sec)
epoch_cost: 0
135.1... logprob:  0.113417, 0.033700 (2.095 sec)
135.2... logprob:  0.120403, 0.038100 (2.085 sec)
135.3... logprob:  0.101732, 0.027300 (2.094 sec)
135.4... logprob:  0.106962, 0.028700 (2.114 sec)
epoch_cost: 0
136.1... logprob:  0.117284, 0.034500 (2.080 sec)
136.2... logprob:  0.123846, 0.034600 (2.070 sec)
136.3... logprob:  0.097323, 0.025600 (2.107 sec)
136.4... logprob:  0.098876, 0.029300 (2.095 sec)
epoch_cost: 0
137.1... logprob:  0.114344, 0.034200 (2.068 sec)
137.2... logprob:  0.115238, 0.033300 
======================Test output======================
logprob:  1.161225, 0.256100 
------------------------------------------------------- 
Layer 'conv1' weights[0]: 7.866096e-02 [3.100177e-05] 
Layer 'conv1' biases: 2.648479e-02 [1.595289e-06] 
Layer 'conv2' weights[0]: 2.522773e-02 [1.992785e-05] 
Layer 'conv2' biases: 1.947943e-02 [6.765612e-07] 
Layer 'conv3' weights[0]: 2.268028e-02 [2.479554e-05] 
Layer 'conv3' biases: 4.982463e-02 [8.163062e-07] 
Layer 'fc128' weights[0]: 8.643899e-03 [3.153950e-05] 
Layer 'fc128' biases: 8.023246e-02 [5.544014e-06] 
Layer 'fc10' weights[0]: 6.060699e-02 [7.660641e-05] 
Layer 'fc10' biases: 4.897085e-01 [3.389862e-05] 
-------------------------------------------------------
Saved checkpoint to ./ConvNet__2014-10-10_12.46.38
======================================================= (2.867 sec)
137.3... logprob:  0.102707, 0.026500 (2.056 sec)
137.4... logprob:  0.106625, 0.029800 (2.107 sec)
epoch_cost: 0
138.1... logprob:  0.110938, 0.031800 (2.132 sec)
138.2... logprob:  0.119601, 0.036500 (2.130 sec)
138.3... logprob:  0.103709, 0.028400 (2.087 sec)
138.4... logprob:  0.096173, 0.024800 (2.095 sec)
epoch_cost: 0
139.1... logprob:  0.106940, 0.032500 (2.081 sec)
139.2... logprob:  0.105722, 0.028300 (2.056 sec)
139.3... logprob:  0.109535, 0.031400 (2.056 sec)
139.4... logprob:  0.096011, 0.023700 (2.057 sec)
epoch_cost: 0
140.1... logprob:  0.113587, 0.033400 (2.061 sec)
140.2... logprob:  0.103888, 0.030000 (2.064 sec)
140.3... logprob:  0.100804, 0.025000 
======================Test output======================
logprob:  1.149872, 0.258400 
------------------------------------------------------- 
Layer 'conv1' weights[0]: 7.870427e-02 [3.121097e-05] 
Layer 'conv1' biases: 2.670417e-02 [2.280367e-06] 
Layer 'conv2' weights[0]: 2.519437e-02 [2.526037e-05] 
Layer 'conv2' biases: 1.957753e-02 [1.117016e-06] 
Layer 'conv3' weights[0]: 2.264964e-02 [3.038086e-05] 
Layer 'conv3' biases: 4.992484e-02 [1.303000e-06] 
Layer 'fc128' weights[0]: 8.603327e-03 [3.614735e-05] 
Layer 'fc128' biases: 8.094348e-02 [8.147844e-06] 
Layer 'fc10' weights[0]: 6.045898e-02 [8.321716e-05] 
Layer 'fc10' biases: 4.932546e-01 [4.647432e-05] 
-------------------------------------------------------
Saved checkpoint to ./ConvNet__2014-10-10_12.46.38
======================================================= (2.900 sec)
140.4... logprob:  0.094858, 0.023300 (2.112 sec)
epoch_cost: 0
141.1... logprob:  0.110136, 0.031100 (2.125 sec)
141.2... logprob:  0.107923, 0.027900 (2.088 sec)
141.3... logprob:  0.097927, 0.025500 (2.080 sec)
141.4... logprob:  0.114712, 0.032400 (2.081 sec)
epoch_cost: 0
142.1... logprob:  0.112902, 0.034600 (2.101 sec)
142.2... logprob:  0.103657, 0.028300 (2.113 sec)
142.3... logprob:  0.093771, 0.024800 (2.091 sec)
142.4... logprob:  0.106740, 0.029700 (2.061 sec)
epoch_cost: 0
143.1... logprob:  0.100977, 0.029300 (2.057 sec)
143.2... logprob:  0.097925, 0.023300 (2.056 sec)
143.3... logprob:  0.096178, 0.025100 (2.057 sec)
143.4... logprob:  0.101539, 0.024700 
======================Test output======================
logprob:  1.103553, 0.249300 
------------------------------------------------------- 
Layer 'conv1' weights[0]: 7.866452e-02 [6.247518e-05] 
Layer 'conv1' biases: 2.692582e-02 [1.564510e-06] 
Layer 'conv2' weights[0]: 2.515452e-02 [1.742217e-05] 
Layer 'conv2' biases: 1.967578e-02 [5.821743e-07] 
Layer 'conv3' weights[0]: 2.261331e-02 [2.488564e-05] 
Layer 'conv3' biases: 5.002427e-02 [8.761008e-07] 
Layer 'fc128' weights[0]: 8.550720e-03 [2.927614e-05] 
Layer 'fc128' biases: 8.172697e-02 [4.589740e-06] 
Layer 'fc10' weights[0]: 6.033899e-02 [7.387112e-05] 
Layer 'fc10' biases: 4.978066e-01 [2.956056e-05] 
-------------------------------------------------------
Saved checkpoint to ./ConvNet__2014-10-10_12.46.38
======================================================= (2.867 sec)
epoch_cost: 0
144.1... logprob:  0.099594, 0.026000 (2.056 sec)
144.2... logprob:  0.096680, 0.024500 (2.056 sec)
144.3... logprob:  0.083415, 0.020100 (2.057 sec)
144.4... logprob:  0.096759, 0.023500 (2.056 sec)
epoch_cost: 0
145.1... logprob:  0.092215, 0.024500 (2.057 sec)
145.2... logprob:  0.093004, 0.022900 (2.057 sec)
145.3... logprob:  0.077546, 0.015500 (2.057 sec)
145.4... logprob:  0.100809, 0.025800 (2.057 sec)
epoch_cost: 0
146.1... logprob:  0.097014, 0.027400 (2.056 sec)
146.2... logprob:  0.103569, 0.027300 (2.057 sec)
146.3... logprob:  0.077113, 0.016600 (2.056 sec)
146.4... logprob:  0.090392, 0.021500 (2.057 sec)
epoch_cost: 0
147.1... logprob:  0.093592, 0.025700 
======================Test output======================
logprob:  1.208292, 0.263100 
------------------------------------------------------- 
Layer 'conv1' weights[0]: 7.876000e-02 [2.790274e-05] 
Layer 'conv1' biases: 2.707914e-02 [1.723042e-06] 
Layer 'conv2' weights[0]: 2.508929e-02 [2.062369e-05] 
Layer 'conv2' biases: 1.976123e-02 [8.533063e-07] 
Layer 'conv3' weights[0]: 2.253857e-02 [2.851485e-05] 
Layer 'conv3' biases: 5.012540e-02 [1.056628e-06] 
Layer 'fc128' weights[0]: 8.417190e-03 [3.756366e-05] 
Layer 'fc128' biases: 8.242783e-02 [7.900836e-06] 
Layer 'fc10' weights[0]: 6.015625e-02 [9.403501e-05] 
Layer 'fc10' biases: 5.022731e-01 [4.650505e-05] 
-------------------------------------------------------
Saved checkpoint to ./ConvNet__2014-10-10_12.46.38
======================================================= (2.868 sec)
147.2... logprob:  0.100256, 0.024200 (2.057 sec)
147.3... logprob:  0.083299, 0.019400 (2.057 sec)
147.4... logprob:  0.089153, 0.020900 (2.057 sec)
epoch_cost: 0
148.1... logprob:  0.091621, 0.024100 (2.056 sec)
148.2... logprob:  0.094095, 0.021800 (2.057 sec)
148.3... logprob:  0.085049, 0.021400 (2.057 sec)
148.4... logprob:  0.095735, 0.024500 (2.057 sec)
epoch_cost: 0
149.1... logprob:  0.095418, 0.025700 (2.061 sec)
149.2... logprob:  0.095862, 0.024200 (2.096 sec)
149.3... logprob:  0.091475, 0.023700 (2.095 sec)
149.4... logprob:  0.117325, 0.035100 (2.091 sec)
epoch_cost: 0
150.1... logprob:  0.124395, 0.040700 (2.091 sec)
150.2... logprob:  0.108664, 0.028200 
======================Test output======================
logprob:  1.111279, 0.248600 
------------------------------------------------------- 
Layer 'conv1' weights[0]: 7.881835e-02 [2.970113e-05] 
Layer 'conv1' biases: 2.724557e-02 [1.737406e-06] 
Layer 'conv2' weights[0]: 2.506815e-02 [1.636736e-05] 
Layer 'conv2' biases: 1.984082e-02 [5.798917e-07] 
Layer 'conv3' weights[0]: 2.251817e-02 [2.280095e-05] 
Layer 'conv3' biases: 5.021805e-02 [7.562803e-07] 
Layer 'fc128' weights[0]: 8.470169e-03 [2.754896e-05] 
Layer 'fc128' biases: 8.310697e-02 [4.557704e-06] 
Layer 'fc10' weights[0]: 6.035910e-02 [5.859738e-05] 
Layer 'fc10' biases: 5.061666e-01 [2.170671e-05] 
-------------------------------------------------------
Saved checkpoint to ./ConvNet__2014-10-10_12.46.38
======================================================= (2.897 sec)
150.3... logprob:  0.106742, 0.030100 (2.057 sec)
150.4... logprob:  0.119023, 0.035300 (2.056 sec)
epoch_cost: 0
151.1... logprob:  0.099559, 0.027800 (2.056 sec)
