Option --layer-def (Layer definition file) cannot be changed
pdir: .
self.save_path:  ./
=========================
Importing _ConvNet C++ module
============================================
learning rate scale     :  1
Reset Momentum          :  False
Image Rotation & Scaling:  False
============================================
=========================
Training ConvNet
Adaptive Drop Training                              : False [DEFAULT]
Check gradients and quit?                           : 0     [DEFAULT]
Compress checkpoints?                               : 0     [DEFAULT]
Conserve GPU memory (slower)?                       : 1     [DEFAULT]
Convert given conv layers to unshared local         :       
Cropped DP: crop border size                        : 4     [DEFAULT]
Cropped DP: logreg layer name (for --multiview-test):       [DEFAULT]
Cropped DP: test on multiple patches?               : 0     [DEFAULT]
Data batch range: testing                           : 6-6   
Data batch range: training                          : 1-5   
Data path                                           : ../data/cifar-10/ 
Data provider                                       : cifar 
Enable image rotation and scaling transformation    : False [DEFAULT]
GPU override                                        : -1    [DEFAULT]
Image Size                                          : 0     [DEFAULT]
Layer definition file                               : ./layers-80sec.cfg 
Layer parameter file                                : ./layer-params-80sec.cfg 
Learning Rate Scale Factor                          : 1     [DEFAULT]
Load file                                           : ./checkpoints/ 
Maximum save file size (MB)                         : 0     [DEFAULT]
Minibatch size                                      : 128   [DEFAULT]
Model File Name                                     :       [DEFAULT]
Number of GPUs                                      : 1     [DEFAULT]
Number of channels in image                         : 3     [DEFAULT]
Number of epochs                                    : 300   
Reset layer momentum                                : False [DEFAULT]
Save path                                           : ./    
Test and quit?                                      : 0     [DEFAULT]
Test on one batch at a time?                        : 1     [DEFAULT]
Testing frequency                                   : 15    
Unshare weight matrices in given layers             :       
Whether filp training image                         : True  [DEFAULT]
=========================
Running on CUDA device(s) -2
Current time: Sat Oct 11 11:46:06 2014
Saving checkpoints to ./checkpoints
=========================
151.1... logprob:  0.129369, 0.038100 (2.552 sec)
151.2... logprob:  0.139740, 0.042500 (2.315 sec)
151.3... logprob:  0.133591, 0.041600 (2.321 sec)
151.4... logprob:  0.142590, 0.044200 (2.315 sec)
151.5... logprob:  0.126702, 0.039100 (2.325 sec)
epoch_cost: 0
152.1... logprob:  0.130897, 0.042600 (2.322 sec)
152.2... logprob:  0.149320, 0.048500 (2.325 sec)
152.3... logprob:  0.144781, 0.045400 (2.319 sec)
152.4... logprob:  0.154077, 0.048500 (2.320 sec)
152.5... logprob:  0.133509, 0.039900 (2.322 sec)
epoch_cost: 0
153.1... logprob:  0.128561, 0.040200 (2.305 sec)
153.2... logprob:  0.157557, 0.050200 (2.322 sec)
153.3... logprob:  0.140548, 0.043900 (2.322 sec)
153.4... logprob:  0.148075, 0.045400 (2.322 sec)
153.5... logprob:  0.142175, 0.043500 
======================Test output======================
logprob:  0.698578, 0.232200 
------------------------------------------------------- 
Layer 'conv1' weights[0]: 7.908726e-02 [3.558607e-05] 
Layer 'conv1' biases: 3.041479e-02 [9.274372e-07] 
Layer 'conv2' weights[0]: 2.416893e-02 [1.437526e-05] 
Layer 'conv2' biases: 2.728235e-02 [4.370775e-07] 
Layer 'conv3' weights[0]: 2.126541e-02 [2.085390e-05] 
Layer 'conv3' biases: 5.317363e-02 [5.119903e-07] 
Layer 'fc128' weights[0]: 6.557524e-03 [2.353315e-05] 
Layer 'fc128' biases: 5.343748e-02 [2.520286e-06] 
Layer 'fc10' weights[0]: 4.350489e-02 [4.717933e-05] 
Layer 'fc10' biases: 6.009669e-01 [2.744662e-05] 
-------------------------------------------------------
Saved checkpoint to ./checkpoints
======================================================= (3.187 sec)
epoch_cost: 0
154.1... logprob:  0.136437, 0.042100 (2.322 sec)
154.2... logprob:  0.182529, 0.061400 (2.307 sec)
154.3... logprob:  0.137841, 0.040600 (2.305 sec)
154.4... logprob:  0.151588, 0.047800 (2.306 sec)
154.5... logprob:  0.139929, 0.043600 (2.305 sec)
epoch_cost: 0
155.1... logprob:  0.145759, 0.048000 (2.306 sec)
155.2... logprob:  0.143379, 0.044500 (2.305 sec)
155.3... logprob:  0.129433, 0.040600 (2.306 sec)
155.4... logprob:  0.133291, 0.041200 (2.306 sec)
155.5... logprob:  0.123046, 0.036400 (2.305 sec)
epoch_cost: 0
156.1... logprob:  0.142464, 0.045500 (2.306 sec)
156.2... logprob:  0.128817, 0.037500 (2.307 sec)
156.3... logprob:  0.136325, 0.042800 (2.306 sec)
156.4... logprob:  0.137596, 0.043100 (2.305 sec)
156.5... logprob:  0.124831, 0.036300 
======================Test output======================
logprob:  0.679812, 0.223900 
------------------------------------------------------- 
Layer 'conv1' weights[0]: 7.906333e-02 [4.588096e-05] 
Layer 'conv1' biases: 3.071574e-02 [1.412697e-06] 
Layer 'conv2' weights[0]: 2.414780e-02 [1.735793e-05] 
Layer 'conv2' biases: 2.742980e-02 [5.646419e-07] 
Layer 'conv3' weights[0]: 2.127190e-02 [2.109037e-05] 
Layer 'conv3' biases: 5.328566e-02 [5.051946e-07] 
Layer 'fc128' weights[0]: 6.545145e-03 [2.370403e-05] 
Layer 'fc128' biases: 5.384351e-02 [2.401979e-06] 
Layer 'fc10' weights[0]: 4.344545e-02 [4.719305e-05] 
Layer 'fc10' biases: 6.060283e-01 [2.634761e-05] 
-------------------------------------------------------
Saved checkpoint to ./checkpoints
======================================================= (3.167 sec)
epoch_cost: 0
157.1... logprob:  0.126361, 0.037700 (2.307 sec)
157.2... logprob:  0.128135, 0.037500 (2.306 sec)
157.3... logprob:  0.132012, 0.040200 (2.305 sec)
157.4... logprob:  0.127681, 0.038000 (2.305 sec)
157.5... logprob:  0.119986, 0.034300 (2.307 sec)
epoch_cost: 0
158.1... logprob:  0.127705, 0.038300 (2.308 sec)
158.2... logprob:  0.126497, 0.038500 (2.306 sec)
158.3... logprob:  0.130748, 0.038800 (2.306 sec)
158.4... logprob:  0.134172, 0.039700 (2.305 sec)
158.5... logprob:  0.120016, 0.034400 (2.295 sec)
epoch_cost: 0
159.1... logprob:  0.126963, 0.038400 (2.307 sec)
159.2... logprob:  0.135909, 0.041600 (2.297 sec)
159.3... logprob:  0.130562, 0.039200 (2.305 sec)
159.4... logprob:  0.141787, 0.044400 (2.308 sec)
159.5... logprob:  0.121515, 0.035700 
======================Test output======================
logprob:  0.752079, 0.246100 
------------------------------------------------------- 
Layer 'conv1' weights[0]: 7.915001e-02 [2.366295e-05] 
Layer 'conv1' biases: 3.101363e-02 [8.984573e-07] 
Layer 'conv2' weights[0]: 2.413611e-02 [1.449206e-05] 
Layer 'conv2' biases: 2.757118e-02 [4.610418e-07] 
Layer 'conv3' weights[0]: 2.124927e-02 [1.937726e-05] 
Layer 'conv3' biases: 5.339733e-02 [5.152008e-07] 
Layer 'fc128' weights[0]: 6.489106e-03 [2.141134e-05] 
Layer 'fc128' biases: 5.423367e-02 [2.069615e-06] 
Layer 'fc10' weights[0]: 4.352508e-02 [4.070703e-05] 
Layer 'fc10' biases: 6.111453e-01 [1.450429e-05] 
-------------------------------------------------------
Saved checkpoint to ./checkpoints
======================================================= (3.165 sec)
epoch_cost: 0
160.1... logprob:  0.123715, 0.037200 (2.307 sec)
160.2... logprob:  0.141099, 0.043000 (2.306 sec)
160.3... logprob:  0.133482, 0.039700 (2.306 sec)
160.4... logprob:  0.141928, 0.043400 (2.306 sec)
160.5... logprob:  0.127710, 0.036500 (2.306 sec)
epoch_cost: 0
161.1... logprob:  0.127712, 0.038800 (2.305 sec)
161.2... logprob:  0.129012, 0.038200 (2.306 sec)
161.3... logprob:  0.132807, 0.041400 (2.306 sec)
161.4... logprob:  0.128127, 0.038500 (2.323 sec)
161.5... logprob:  0.123951, 0.038000 (2.306 sec)
epoch_cost: 0
162.1... logprob:  0.130783, 0.041200 (2.307 sec)
162.2... logprob:  0.139962, 0.042900 (2.304 sec)
162.3... logprob:  0.138314, 0.043900 (2.305 sec)
162.4... logprob:  0.132670, 0.039400 (2.307 sec)
162.5... logprob:  0.126654, 0.038700 
======================Test output======================
logprob:  0.708669, 0.233300 
------------------------------------------------------- 
Layer 'conv1' weights[0]: 7.917914e-02 [4.010126e-05] 
Layer 'conv1' biases: 3.132495e-02 [1.973871e-06] 
Layer 'conv2' weights[0]: 2.412698e-02 [1.823861e-05] 
Layer 'conv2' biases: 2.772365e-02 [6.717832e-07] 
Layer 'conv3' weights[0]: 2.125306e-02 [2.384896e-05] 
Layer 'conv3' biases: 5.351430e-02 [7.318038e-07] 
Layer 'fc128' weights[0]: 6.494662e-03 [2.511423e-05] 
Layer 'fc128' biases: 5.463308e-02 [3.256433e-06] 
Layer 'fc10' weights[0]: 4.348491e-02 [4.400234e-05] 
Layer 'fc10' biases: 6.160987e-01 [2.315648e-05] 
-------------------------------------------------------
Saved checkpoint to ./checkpoints
======================================================= (3.163 sec)
epoch_cost: 0
163.1... logprob:  0.137863, 0.045300 (2.310 sec)
163.2... logprob:  0.141347, 0.046400 (2.306 sec)
163.3... logprob:  0.130119, 0.039600 (2.307 sec)
163.4... logprob:  0.141488, 0.043000 (2.306 sec)
163.5... logprob:  0.116519, 0.032600 (2.306 sec)
epoch_cost: 0
164.1... logprob:  0.135196, 0.042400 (2.306 sec)
164.2... logprob:  0.119760, 0.032600 (2.305 sec)
164.3... logprob:  0.132765, 0.040600 (2.305 sec)
164.4... logprob:  0.138041, 0.043500 (2.307 sec)
164.5... logprob:  0.126186, 0.037700 (2.306 sec)
epoch_cost: 0
165.1... logprob:  0.126500, 0.038700 (2.306 sec)
165.2... logprob:  0.127177, 0.036300 (2.306 sec)
165.3... logprob:  0.128556, 0.038500 (2.306 sec)
165.4... logprob:  0.145080, 0.045500 (2.306 sec)
165.5... logprob:  0.135084, 0.042100 
======================Test output======================
logprob:  0.708125, 0.231800 
------------------------------------------------------- 
Layer 'conv1' weights[0]: 7.921100e-02 [5.859444e-05] 
Layer 'conv1' biases: 3.164510e-02 [2.227802e-06] 
Layer 'conv2' weights[0]: 2.411546e-02 [2.246698e-05] 
Layer 'conv2' biases: 2.787472e-02 [8.975560e-07] 
Layer 'conv3' weights[0]: 2.125919e-02 [2.845452e-05] 
Layer 'conv3' biases: 5.362758e-02 [9.158602e-07] 
Layer 'fc128' weights[0]: 6.491622e-03 [2.686086e-05] 
Layer 'fc128' biases: 5.502214e-02 [3.396905e-06] 
Layer 'fc10' weights[0]: 4.335867e-02 [5.258220e-05] 
Layer 'fc10' biases: 6.210610e-01 [3.097638e-05] 
-------------------------------------------------------
Saved checkpoint to ./checkpoints
======================================================= (3.167 sec)
epoch_cost: 0
166.1... logprob:  0.127535, 0.037700 (2.307 sec)
166.2... logprob:  0.144884, 0.044500 (2.307 sec)
166.3... logprob:  0.137176, 0.043200 (2.307 sec)
166.4... logprob:  0.147791, 0.045500 (2.307 sec)
166.5... logprob:  0.136856, 0.042100 (2.307 sec)
epoch_cost: 0
167.1... logprob:  0.138299, 0.043700 (2.306 sec)
167.2... logprob:  0.146690, 0.049600 (2.306 sec)
167.3... logprob:  0.137060, 0.041800 (2.323 sec)
167.4... logprob:  0.137263, 0.041600 (2.306 sec)
167.5... logprob:  0.133697, 0.041100 (2.305 sec)
epoch_cost: 0
168.1... logprob:  0.127236, 0.039100 (2.306 sec)
168.2... logprob:  0.131579, 0.038400 (2.309 sec)
168.3... logprob:  0.127862, 0.039600 (2.307 sec)
168.4... logprob:  0.130381, 0.038500 (2.317 sec)
168.5... logprob:  0.132398, 0.039400 
======================Test output======================
logprob:  0.709947, 0.229800 
------------------------------------------------------- 
Layer 'conv1' weights[0]: 7.919843e-02 [4.241172e-05] 
Layer 'conv1' biases: 3.199723e-02 [2.671895e-06] 
Layer 'conv2' weights[0]: 2.409912e-02 [2.253427e-05] 
Layer 'conv2' biases: 2.801388e-02 [1.056117e-06] 
Layer 'conv3' weights[0]: 2.126007e-02 [2.927877e-05] 
Layer 'conv3' biases: 5.373285e-02 [8.992839e-07] 
Layer 'fc128' weights[0]: 6.489980e-03 [2.963850e-05] 
Layer 'fc128' biases: 5.539600e-02 [3.905521e-06] 
Layer 'fc10' weights[0]: 4.320846e-02 [5.959803e-05] 
Layer 'fc10' biases: 6.257811e-01 [3.181368e-05] 
-------------------------------------------------------
Saved checkpoint to ./checkpoints
======================================================= (3.167 sec)
epoch_cost: 0
169.1... logprob:  0.116318, 0.034300 (2.308 sec)
169.2... logprob:  0.134551, 0.040100 (2.308 sec)
169.3... logprob:  0.124111, 0.037700 (2.306 sec)
169.4... logprob:  0.136031, 0.042400 (2.307 sec)
169.5... logprob:  0.131605, 0.039900 (2.307 sec)
epoch_cost: 0
170.1... logprob:  0.142306, 0.047000 (2.302 sec)
170.2... logprob:  0.135950, 0.042200 (2.307 sec)
170.3... logprob:  0.127633, 0.039800 (2.306 sec)
170.4... logprob:  0.135022, 0.040400 (2.305 sec)
170.5... logprob:  0.141841, 0.043900 (2.306 sec)
epoch_cost: 0
171.1... logprob:  0.147261, 0.048000 (2.307 sec)
171.2... logprob:  0.132892, 0.039600 (2.306 sec)
171.3... logprob:  0.120051, 0.036600 (2.307 sec)
171.4... logprob:  0.141692, 0.041600 (2.323 sec)
171.5... logprob:  0.140244, 0.043700 
======================Test output======================
logprob:  0.728848, 0.240700 
------------------------------------------------------- 
Layer 'conv1' weights[0]: 7.914962e-02 [3.707836e-05] 
Layer 'conv1' biases: 3.233993e-02 [1.203631e-06] 
Layer 'conv2' weights[0]: 2.408402e-02 [2.013433e-05] 
Layer 'conv2' biases: 2.815916e-02 [6.550657e-07] 
Layer 'conv3' weights[0]: 2.126504e-02 [2.604209e-05] 
Layer 'conv3' biases: 5.385043e-02 [7.656596e-07] 
Layer 'fc128' weights[0]: 6.503184e-03 [2.589704e-05] 
Layer 'fc128' biases: 5.578085e-02 [3.188850e-06] 
Layer 'fc10' weights[0]: 4.315593e-02 [4.894802e-05] 
Layer 'fc10' biases: 6.305370e-01 [2.944640e-05] 
-------------------------------------------------------
Saved checkpoint to ./checkpoints
======================================================= (3.172 sec)
epoch_cost: 0
172.1... logprob:  0.133996, 0.041600 (2.308 sec)
172.2... logprob:  0.129407, 0.036700 (2.307 sec)
172.3... logprob:  0.120578, 0.035100 (2.306 sec)
172.4... logprob:  0.145972, 0.045100 (2.294 sec)
172.5... logprob:  0.140609, 0.045000 (2.306 sec)
epoch_cost: 0
173.1... logprob:  0.141143, 0.044900 (2.308 sec)
173.2... logprob:  0.140317, 0.044500 (2.306 sec)
173.3... logprob:  0.136472, 0.042000 (2.305 sec)
173.4... logprob:  0.142505, 0.042600 (2.307 sec)
173.5... logprob:  0.130971, 0.040100 (2.306 sec)
epoch_cost: 0
174.1... logprob:  0.128423, 0.040100 (2.305 sec)
174.2... logprob:  0.140326, 0.040200 (2.308 sec)
174.3... logprob:  0.116148, 0.032600 (2.316 sec)
174.4... logprob:  0.134081, 0.041300 (2.308 sec)
174.5... logprob:  0.130000, 0.039100 
======================Test output======================
logprob:  0.700301, 0.229400 
------------------------------------------------------- 
Layer 'conv1' weights[0]: 7.919019e-02 [4.417053e-05] 
Layer 'conv1' biases: 3.268012e-02 [1.721998e-06] 
Layer 'conv2' weights[0]: 2.408664e-02 [2.230721e-05] 
Layer 'conv2' biases: 2.829872e-02 [8.108943e-07] 
Layer 'conv3' weights[0]: 2.128531e-02 [2.567745e-05] 
Layer 'conv3' biases: 5.396153e-02 [7.343358e-07] 
Layer 'fc128' weights[0]: 6.485266e-03 [2.604168e-05] 
Layer 'fc128' biases: 5.618549e-02 [3.224024e-06] 
Layer 'fc10' weights[0]: 4.322964e-02 [4.905527e-05] 
Layer 'fc10' biases: 6.357971e-01 [2.261203e-05] 
-------------------------------------------------------
Saved checkpoint to ./checkpoints
======================================================= (3.164 sec)
epoch_cost: 0
175.1... logprob:  0.124947, 0.037100 (2.308 sec)
175.2... logprob:  0.132304, 0.038700 (2.306 sec)
175.3... logprob:  0.123965, 0.038000 (2.306 sec)
175.4... logprob:  0.139329, 0.042200 (2.306 sec)
175.5... logprob:  0.122244, 0.036500 (2.306 sec)
epoch_cost: 0
176.1... logprob:  0.122002, 0.035600 (2.305 sec)
176.2... logprob:  0.130812, 0.040600 (2.309 sec)
176.3... logprob:  0.125095, 0.036900 (2.305 sec)
176.4... logprob:  0.134758, 0.040300 (2.307 sec)
176.5... logprob:  0.121075, 0.035300 (2.305 sec)
epoch_cost: 0
177.1... logprob:  0.124921, 0.036900 (2.306 sec)
177.2... logprob:  0.147307, 0.047400 (2.307 sec)
177.3... logprob:  0.128738, 0.039600 (2.323 sec)
177.4... logprob:  0.141010, 0.043100 (2.307 sec)
177.5... logprob:  0.128751, 0.038700 
======================Test output======================
logprob:  0.716355, 0.231700 
------------------------------------------------------- 
Layer 'conv1' weights[0]: 7.919616e-02 [3.332776e-05] 
Layer 'conv1' biases: 3.301470e-02 [1.599180e-06] 
Layer 'conv2' weights[0]: 2.407816e-02 [1.531246e-05] 
Layer 'conv2' biases: 2.843193e-02 [5.807481e-07] 
Layer 'conv3' weights[0]: 2.128210e-02 [2.190218e-05] 
Layer 'conv3' biases: 5.406764e-02 [6.547143e-07] 
Layer 'fc128' weights[0]: 6.464929e-03 [2.439680e-05] 
Layer 'fc128' biases: 5.654815e-02 [2.810537e-06] 
Layer 'fc10' weights[0]: 4.333045e-02 [4.550374e-05] 
Layer 'fc10' biases: 6.400900e-01 [2.271582e-05] 
-------------------------------------------------------
Saved checkpoint to ./checkpoints
======================================================= (3.166 sec)
epoch_cost: 0
178.1... logprob:  0.127065, 0.039300 (2.307 sec)
178.2... logprob:  0.134660, 0.038300 (2.306 sec)
178.3... logprob:  0.131302, 0.041900 (2.305 sec)
178.4... logprob:  0.125824, 0.035800 (2.305 sec)
178.5... logprob:  0.130898, 0.041600 (2.318 sec)
epoch_cost: 0
179.1... logprob:  0.127967, 0.039300 (2.308 sec)
179.2... logprob:  0.131266, 0.039300 (2.309 sec)
179.3... logprob:  0.138025, 0.043300 (2.307 sec)
179.4... logprob:  0.139188, 0.043000 (2.307 sec)
179.5... logprob:  0.124410, 0.037200 (2.306 sec)
epoch_cost: 0
180.1... logprob:  0.121921, 0.037900 (2.323 sec)
180.2... logprob:  0.128949, 0.037800 (2.323 sec)
180.3... logprob:  0.127494, 0.038400 (2.315 sec)
180.4... logprob:  0.127733, 0.034700 (2.308 sec)
180.5... logprob:  0.118042, 0.034300 
======================Test output======================
logprob:  0.733967, 0.238700 
------------------------------------------------------- 
Layer 'conv1' weights[0]: 7.920480e-02 [3.346876e-05] 
Layer 'conv1' biases: 3.334764e-02 [1.959976e-06] 
Layer 'conv2' weights[0]: 2.406012e-02 [1.592745e-05] 
Layer 'conv2' biases: 2.856355e-02 [6.006514e-07] 
Layer 'conv3' weights[0]: 2.127497e-02 [2.134276e-05] 
Layer 'conv3' biases: 5.417944e-02 [5.084728e-07] 
Layer 'fc128' weights[0]: 6.435758e-03 [2.320901e-05] 
Layer 'fc128' biases: 5.694388e-02 [2.431038e-06] 
Layer 'fc10' weights[0]: 4.323692e-02 [4.353240e-05] 
Layer 'fc10' biases: 6.450974e-01 [2.080609e-05] 
-------------------------------------------------------
Saved checkpoint to ./checkpoints
======================================================= (3.166 sec)
epoch_cost: 0
181.1... logprob:  0.118312, 0.037200 (2.308 sec)
181.2... logprob:  0.127806, 0.036700 (2.305 sec)
181.3... logprob:  0.129406, 0.039700 (2.305 sec)
181.4... logprob:  0.135988, 0.041400 (2.307 sec)
181.5... logprob:  0.120497, 0.035400 (2.324 sec)
epoch_cost: 0
182.1... logprob:  0.121104, 0.036300 (2.307 sec)
182.2... logprob:  0.133661, 0.039600 (2.307 sec)
182.3... logprob:  0.134752, 0.043100 (2.306 sec)
182.4... logprob:  0.130227, 0.038100 (2.308 sec)
182.5... logprob:  0.127093, 0.039300 (2.306 sec)
epoch_cost: 0
183.1... logprob:  0.135199, 0.042700 (2.306 sec)
183.2... logprob:  0.137857, 0.041200 (2.306 sec)
183.3... logprob:  0.125825, 0.037200 (2.306 sec)
183.4... logprob:  0.136291, 0.041300 (2.307 sec)
183.5... logprob:  0.125425, 0.035000 
======================Test output======================
logprob:  0.756705, 0.245500 
------------------------------------------------------- 
Layer 'conv1' weights[0]: 7.926917e-02 [4.336256e-05] 
Layer 'conv1' biases: 3.369799e-02 [3.410963e-06] 
Layer 'conv2' weights[0]: 2.406582e-02 [2.302874e-05] 
Layer 'conv2' biases: 2.870991e-02 [1.013438e-06] 
Layer 'conv3' weights[0]: 2.127207e-02 [3.023161e-05] 
Layer 'conv3' biases: 5.429313e-02 [9.403101e-07] 
Layer 'fc128' weights[0]: 6.435404e-03 [3.074452e-05] 
Layer 'fc128' biases: 5.732874e-02 [3.579745e-06] 
Layer 'fc10' weights[0]: 4.322459e-02 [6.308650e-05] 
Layer 'fc10' biases: 6.500285e-01 [3.679649e-05] 
-------------------------------------------------------
Saved checkpoint to ./checkpoints
======================================================= (3.166 sec)
epoch_cost: 0
184.1... logprob:  0.135270, 0.043500 (2.309 sec)
184.2... logprob:  0.133954, 0.039000 (2.307 sec)
184.3... logprob:  0.121246, 0.035000 (2.308 sec)
184.4... logprob:  0.127973, 0.038300 (2.306 sec)
184.5... logprob:  0.117713, 0.036200 (2.308 sec)
epoch_cost: 0
185.1... logprob:  0.133315, 0.043000 (2.306 sec)
185.2... logprob:  0.144020, 0.045400 (2.306 sec)
185.3... logprob:  0.117106, 0.033600 (2.306 sec)
185.4... logprob:  0.129188, 0.037700 (2.306 sec)
185.5... logprob:  0.124251, 0.037800 (2.305 sec)
epoch_cost: 0
186.1... logprob:  0.132902, 0.040000 (2.306 sec)
186.2... logprob:  0.139141, 0.042100 (2.305 sec)
186.3... logprob:  0.127121, 0.039200 (2.305 sec)
186.4... logprob:  0.125731, 0.037600 (2.306 sec)
186.5... logprob:  0.118128, 0.034000 
======================Test output======================
logprob:  0.715078, 0.233300 
------------------------------------------------------- 
Layer 'conv1' weights[0]: 7.927303e-02 [6.037453e-05] 
Layer 'conv1' biases: 3.404012e-02 [1.870044e-06] 
Layer 'conv2' weights[0]: 2.404382e-02 [2.254863e-05] 
Layer 'conv2' biases: 2.885647e-02 [8.076954e-07] 
Layer 'conv3' weights[0]: 2.127306e-02 [2.934479e-05] 
Layer 'conv3' biases: 5.440377e-02 [8.399155e-07] 
Layer 'fc128' weights[0]: 6.431631e-03 [3.021148e-05] 
Layer 'fc128' biases: 5.773026e-02 [3.777531e-06] 
Layer 'fc10' weights[0]: 4.318052e-02 [6.032595e-05] 
Layer 'fc10' biases: 6.553435e-01 [3.800729e-05] 
-------------------------------------------------------
Saved checkpoint to ./checkpoints
======================================================= (3.166 sec)
epoch_cost: 0
187.1... logprob:  0.127492, 0.038200 (2.309 sec)
187.2... logprob:  0.151833, 0.049700 (2.307 sec)
187.3... logprob:  0.123361, 0.037400 (2.306 sec)
187.4... logprob:  0.120710, 0.034100 (2.306 sec)
187.5... logprob:  0.117742, 0.033500 (2.306 sec)
epoch_cost: 0
188.1... logprob:  0.122804, 0.037000 (2.304 sec)
188.2... logprob:  0.124213, 0.036700 (2.306 sec)
188.3... logprob:  0.131440, 0.039200 (2.305 sec)
188.4... logprob:  0.131949, 0.041000 (2.306 sec)
188.5... logprob:  0.126497, 0.038400 (2.307 sec)
epoch_cost: 0
189.1... logprob:  0.127458, 0.038300 (2.306 sec)
189.2... logprob:  0.135049, 0.042600 (2.307 sec)
189.3... logprob:  0.133753, 0.039000 (2.307 sec)
189.4... logprob:  0.125974, 0.038400 (2.306 sec)
189.5... logprob:  0.121742, 0.034800 
======================Test output======================
logprob:  0.676222, 0.224100 
------------------------------------------------------- 
Layer 'conv1' weights[0]: 7.934703e-02 [5.292051e-05] 
Layer 'conv1' biases: 3.437316e-02 [1.666487e-06] 
Layer 'conv2' weights[0]: 2.404125e-02 [2.104280e-05] 
Layer 'conv2' biases: 2.898797e-02 [8.317588e-07] 
Layer 'conv3' weights[0]: 2.127152e-02 [2.492606e-05] 
Layer 'conv3' biases: 5.451019e-02 [6.416290e-07] 
Layer 'fc128' weights[0]: 6.424101e-03 [2.626631e-05] 
Layer 'fc128' biases: 5.811558e-02 [3.339075e-06] 
Layer 'fc10' weights[0]: 4.319217e-02 [5.448942e-05] 
Layer 'fc10' biases: 6.596773e-01 [3.593591e-05] 
-------------------------------------------------------
Saved checkpoint to ./checkpoints
======================================================= (3.165 sec)
epoch_cost: 0
190.1... logprob:  0.123733, 0.035900 (2.308 sec)
190.2... logprob:  0.129258, 0.035800 (2.305 sec)
190.3... logprob:  0.119510, 0.036400 (2.323 sec)
190.4... logprob:  0.125429, 0.037200 (2.306 sec)
190.5... logprob:  0.123372, 0.037200 (2.306 sec)
epoch_cost: 0
191.1... logprob:  0.132560, 0.041900 (2.308 sec)
191.2... logprob:  0.138646, 0.041300 (2.307 sec)
191.3... logprob:  0.113076, 0.032700 (2.306 sec)
191.4... logprob:  0.125427, 0.037200 (2.316 sec)
191.5... logprob:  0.117760, 0.035500 (2.309 sec)
epoch_cost: 0
192.1... logprob:  0.120580, 0.036700 (2.305 sec)
192.2... logprob:  0.125177, 0.036500 (2.306 sec)
192.3... logprob:  0.127626, 0.037500 (2.305 sec)
192.4... logprob:  0.122565, 0.035100 (2.306 sec)
192.5... logprob:  0.112084, 0.031800 
======================Test output======================
logprob:  0.712593, 0.235400 
------------------------------------------------------- 
Layer 'conv1' weights[0]: 7.934304e-02 [4.427199e-05] 
Layer 'conv1' biases: 3.469709e-02 [2.431563e-06] 
Layer 'conv2' weights[0]: 2.402871e-02 [1.618543e-05] 
Layer 'conv2' biases: 2.912341e-02 [6.975975e-07] 
Layer 'conv3' weights[0]: 2.126446e-02 [1.960845e-05] 
Layer 'conv3' biases: 5.461195e-02 [6.023487e-07] 
Layer 'fc128' weights[0]: 6.386674e-03 [2.142171e-05] 
Layer 'fc128' biases: 5.846437e-02 [2.172359e-06] 
Layer 'fc10' weights[0]: 4.322163e-02 [4.162500e-05] 
Layer 'fc10' biases: 6.635838e-01 [2.017752e-05] 
-------------------------------------------------------
Saved checkpoint to ./checkpoints
======================================================= (3.168 sec)
epoch_cost: 0
193.1... logprob:  0.125711, 0.039400 (2.307 sec)
193.2... logprob:  0.127781, 0.038300 (2.306 sec)
193.3... logprob:  0.133151, 0.038800 (2.306 sec)
193.4... logprob:  0.128361, 0.037400 (2.306 sec)
193.5... logprob:  0.124309, 0.038600 (2.296 sec)
epoch_cost: 0
194.1... logprob:  0.132807, 0.042800 (2.308 sec)
194.2... logprob:  0.136534, 0.040000 (2.305 sec)
194.3... logprob:  0.136953, 0.044300 (2.320 sec)
194.4... logprob:  0.128841, 0.039600 (2.309 sec)
194.5... logprob:  0.125231, 0.036500 (2.305 sec)
epoch_cost: 0
195.1... logprob:  0.133649, 0.043300 (2.307 sec)
195.2... logprob:  0.148138, 0.047300 (2.322 sec)
195.3... logprob:  0.138229, 0.043700 (2.306 sec)
195.4... logprob:  0.149314, 0.045100 (2.308 sec)
195.5... logprob:  0.129276, 0.038500 
======================Test output======================
logprob:  0.705512, 0.230800 
------------------------------------------------------- 
Layer 'conv1' weights[0]: 7.937243e-02 [3.250325e-05] 
Layer 'conv1' biases: 3.502893e-02 [2.335254e-06] 
Layer 'conv2' weights[0]: 2.403622e-02 [2.199170e-05] 
Layer 'conv2' biases: 2.925891e-02 [8.347598e-07] 
Layer 'conv3' weights[0]: 2.128973e-02 [2.894813e-05] 
Layer 'conv3' biases: 5.471644e-02 [9.626781e-07] 
Layer 'fc128' weights[0]: 6.458186e-03 [2.692474e-05] 
Layer 'fc128' biases: 5.880372e-02 [3.141373e-06] 
Layer 'fc10' weights[0]: 4.325620e-02 [5.491563e-05] 
Layer 'fc10' biases: 6.676599e-01 [3.099373e-05] 
-------------------------------------------------------
Saved checkpoint to ./checkpoints
======================================================= (3.167 sec)
epoch_cost: 0
196.1... logprob:  0.119695, 0.035800 (2.309 sec)
196.2... logprob:  0.146979, 0.046200 (2.307 sec)
196.3... logprob:  0.137777, 0.042300 (2.307 sec)
196.4... logprob:  0.142326, 0.044800 (2.306 sec)
196.5... logprob:  0.120132, 0.034600 (2.317 sec)
epoch_cost: 0
197.1... logprob:  0.130151, 0.041000 (2.308 sec)
197.2... logprob:  0.126957, 0.036100 (2.321 sec)
197.3... logprob:  0.127138, 0.039200 (2.309 sec)
197.4... logprob:  0.134235, 0.041000 (2.306 sec)
197.5... logprob:  0.127951, 0.037600 (2.306 sec)
epoch_cost: 0
198.1... logprob:  0.124568, 0.037000 (2.308 sec)
198.2... logprob:  0.129995, 0.039300 (2.308 sec)
198.3... logprob:  0.127070, 0.037700 (2.308 sec)
198.4... logprob:  0.125874, 0.037600 (2.308 sec)
198.5... logprob:  0.117040, 0.035200 
======================Test output======================
logprob:  0.698997, 0.225300 
------------------------------------------------------- 
Layer 'conv1' weights[0]: 7.936768e-02 [4.245396e-05] 
Layer 'conv1' biases: 3.537166e-02 [2.244016e-06] 
Layer 'conv2' weights[0]: 2.403024e-02 [1.673478e-05] 
Layer 'conv2' biases: 2.939870e-02 [6.768220e-07] 
Layer 'conv3' weights[0]: 2.128912e-02 [2.308182e-05] 
Layer 'conv3' biases: 5.482597e-02 [6.362129e-07] 
Layer 'fc128' weights[0]: 6.424408e-03 [2.373203e-05] 
Layer 'fc128' biases: 5.919080e-02 [2.533121e-06] 
Layer 'fc10' weights[0]: 4.310386e-02 [4.343419e-05] 
Layer 'fc10' biases: 6.723878e-01 [1.771360e-05] 
-------------------------------------------------------
Saved checkpoint to ./checkpoints
======================================================= (3.165 sec)
epoch_cost: 0
199.1... logprob:  0.115271, 0.034700 (2.311 sec)
199.2... logprob:  0.128996, 0.039300 (2.307 sec)
199.3... logprob:  0.129270, 0.037800 (2.306 sec)
199.4... logprob:  0.134759, 0.041100 (2.307 sec)
199.5... logprob:  0.124729, 0.039300 (2.305 sec)
epoch_cost: 0
200.1... logprob:  0.117712, 0.034300 (2.323 sec)
200.2... logprob:  0.131560, 0.041700 (2.307 sec)
200.3... logprob:  0.128539, 0.039100 (2.306 sec)
200.4... logprob:  0.130036, 0.040600 (2.308 sec)
200.5... logprob:  0.123030, 0.036600 (2.307 sec)
epoch_cost: 0
201.1... logprob:  0.113173, 0.033000 (2.305 sec)
201.2... logprob:  0.118466, 0.032300 (2.324 sec)
201.3... logprob:  0.129202, 0.039800 (2.307 sec)
201.4... logprob:  0.135314, 0.041100 (2.305 sec)
201.5... logprob:  0.121483, 0.036500 
======================Test output======================
logprob:  0.747145, 0.237600 
------------------------------------------------------- 
Layer 'conv1' weights[0]: 7.941237e-02 [4.488760e-05] 
Layer 'conv1' biases: 3.568706e-02 [3.713930e-06] 
Layer 'conv2' weights[0]: 2.401484e-02 [2.463007e-05] 
Layer 'conv2' biases: 2.953493e-02 [9.354656e-07] 
Layer 'conv3' weights[0]: 2.128467e-02 [2.679611e-05] 
Layer 'conv3' biases: 5.493687e-02 [7.440787e-07] 
Layer 'fc128' weights[0]: 6.397300e-03 [2.608104e-05] 
Layer 'fc128' biases: 5.958464e-02 [3.102145e-06] 
Layer 'fc10' weights[0]: 4.309862e-02 [5.022435e-05] 
Layer 'fc10' biases: 6.769629e-01 [2.964439e-05] 
-------------------------------------------------------
Saved checkpoint to ./checkpoints
======================================================= (3.165 sec)
epoch_cost: 0
202.1... logprob:  0.122814, 0.036700 (2.306 sec)
202.2... logprob:  0.121319, 0.033300 (2.307 sec)
202.3... logprob:  0.127823, 0.040100 (2.308 sec)
202.4... logprob:  0.131147, 0.038600 (2.319 sec)
202.5... logprob:  0.127108, 0.037400 (2.324 sec)
epoch_cost: 0
203.1... logprob:  0.116672, 0.035700 (2.307 sec)
203.2... logprob:  0.123871, 0.037600 (2.307 sec)
203.3... logprob:  0.118988, 0.035600 (2.307 sec)
203.4... logprob:  0.140696, 0.045900 (2.307 sec)
203.5... logprob:  0.122057, 0.034900 (2.307 sec)
epoch_cost: 0
204.1... logprob:  0.128689, 0.041400 (2.306 sec)
204.2... logprob:  0.130689, 0.039700 (2.311 sec)
204.3... logprob:  0.125401, 0.039100 (2.306 sec)
204.4... logprob:  0.133315, 0.041400 (2.308 sec)
204.5... logprob:  0.122417, 0.035900 
======================Test output======================
logprob:  0.695627, 0.227800 
------------------------------------------------------- 
Layer 'conv1' weights[0]: 7.940211e-02 [5.943175e-05] 
Layer 'conv1' biases: 3.600593e-02 [2.278748e-06] 
Layer 'conv2' weights[0]: 2.400880e-02 [1.740485e-05] 
Layer 'conv2' biases: 2.967243e-02 [6.342811e-07] 
Layer 'conv3' weights[0]: 2.129058e-02 [2.559744e-05] 
Layer 'conv3' biases: 5.505128e-02 [7.175963e-07] 
Layer 'fc128' weights[0]: 6.392625e-03 [2.594021e-05] 
Layer 'fc128' biases: 5.995368e-02 [3.112940e-06] 
Layer 'fc10' weights[0]: 4.305146e-02 [5.053494e-05] 
Layer 'fc10' biases: 6.812768e-01 [2.619168e-05] 
-------------------------------------------------------
Saved checkpoint to ./checkpoints
======================================================= (3.170 sec)
epoch_cost: 0
205.1... logprob:  0.116435, 0.034800 (2.310 sec)
205.2... logprob:  0.115981, 0.034400 (2.308 sec)
205.3... logprob:  0.119738, 0.035700 (2.307 sec)
205.4... logprob:  0.120063, 0.034800 (2.305 sec)
205.5... logprob:  0.129998, 0.039200 (2.307 sec)
epoch_cost: 0
206.1... logprob:  0.117430, 0.036400 (2.304 sec)
206.2... logprob:  0.128030, 0.037800 (2.318 sec)
206.3... logprob:  0.119431, 0.035300 (2.308 sec)
206.4... logprob:  0.123991, 0.035000 (2.306 sec)
206.5... logprob:  0.129469, 0.038900 (2.307 sec)
epoch_cost: 0
207.1... logprob:  0.127736, 0.039500 (2.306 sec)
207.2... logprob:  0.118409, 0.034800 (2.304 sec)
207.3... logprob:  0.120398, 0.035300 (2.306 sec)
207.4... logprob:  0.136871, 0.041800 (2.306 sec)
207.5... logprob:  0.121935, 0.037000 
======================Test output======================
logprob:  0.712298, 0.232400 
------------------------------------------------------- 
Layer 'conv1' weights[0]: 7.943512e-02 [3.722547e-05] 
Layer 'conv1' biases: 3.629636e-02 [1.430203e-06] 
Layer 'conv2' weights[0]: 2.400962e-02 [1.785750e-05] 
Layer 'conv2' biases: 2.979673e-02 [6.842840e-07] 
Layer 'conv3' weights[0]: 2.129192e-02 [2.411901e-05] 
Layer 'conv3' biases: 5.515406e-02 [6.741778e-07] 
Layer 'fc128' weights[0]: 6.376631e-03 [2.439629e-05] 
Layer 'fc128' biases: 6.031441e-02 [2.790006e-06] 
Layer 'fc10' weights[0]: 4.308390e-02 [4.351289e-05] 
Layer 'fc10' biases: 6.858283e-01 [2.228407e-05] 
-------------------------------------------------------
Saved checkpoint to ./checkpoints
======================================================= (3.174 sec)
epoch_cost: 0
208.1... logprob:  0.118679, 0.037700 (2.322 sec)
208.2... logprob:  0.122204, 0.034700 (2.306 sec)
208.3... logprob:  0.120363, 0.034800 (2.307 sec)
208.4... logprob:  0.129057, 0.040800 (2.308 sec)
208.5... logprob:  0.137301, 0.043800 (2.306 sec)
epoch_cost: 0
209.1... logprob:  0.130241, 0.041900 (2.307 sec)
209.2... logprob:  0.123159, 0.037300 (2.307 sec)
209.3... logprob:  0.118428, 0.033600 (2.305 sec)
209.4... logprob:  0.120479, 0.035400 (2.311 sec)
209.5... logprob:  0.115192, 0.033000 (2.307 sec)
epoch_cost: 0
210.1... logprob:  0.116513, 0.034800 (2.306 sec)
210.2... logprob:  0.123569, 0.034200 (2.306 sec)
210.3... logprob:  0.117672, 0.034900 (2.308 sec)
210.4... logprob:  0.127496, 0.039200 (2.308 sec)
210.5... logprob:  0.116413, 0.032400 
======================Test output======================
logprob:  0.724005, 0.234300 
------------------------------------------------------- 
Layer 'conv1' weights[0]: 7.945265e-02 [3.829000e-05] 
Layer 'conv1' biases: 3.659305e-02 [1.655473e-06] 
Layer 'conv2' weights[0]: 2.398927e-02 [1.794437e-05] 
Layer 'conv2' biases: 2.992523e-02 [6.326439e-07] 
Layer 'conv3' weights[0]: 2.128250e-02 [2.304879e-05] 
Layer 'conv3' biases: 5.525100e-02 [6.825062e-07] 
Layer 'fc128' weights[0]: 6.343888e-03 [2.387655e-05] 
Layer 'fc128' biases: 6.068504e-02 [2.819869e-06] 
Layer 'fc10' weights[0]: 4.304396e-02 [4.201729e-05] 
Layer 'fc10' biases: 6.902567e-01 [1.516722e-05] 
-------------------------------------------------------
Saved checkpoint to ./checkpoints
======================================================= (3.166 sec)
epoch_cost: 0
211.1... logprob:  0.130474, 0.039500 (2.310 sec)
211.2... logprob:  0.146151, 0.043600 (2.308 sec)
211.3... logprob:  0.138023, 0.042700 (2.306 sec)
211.4... logprob:  0.132815, 0.041400 (2.305 sec)
211.5... logprob:  0.122506, 0.036500 (2.308 sec)
epoch_cost: 0
212.1... logprob:  0.131397, 0.041700 (2.309 sec)
212.2... logprob:  0.124308, 0.035900 (2.307 sec)
212.3... logprob:  0.126227, 0.039700 (2.307 sec)
212.4... logprob:  0.119589, 0.034700 (2.306 sec)
212.5... logprob:  0.123122, 0.036900 (2.297 sec)
epoch_cost: 0
213.1... logprob:  0.114547, 0.033500 (2.306 sec)
213.2... logprob:  0.118136, 0.034000 (2.323 sec)
213.3... logprob:  0.118647, 0.036400 (2.304 sec)
213.4... logprob:  0.137522, 0.042000 (2.307 sec)
213.5... logprob:  0.121334, 0.034500 
======================Test output======================
logprob:  0.715087, 0.236800 
------------------------------------------------------- 
Layer 'conv1' weights[0]: 7.941584e-02 [3.822597e-05] 
Layer 'conv1' biases: 3.691276e-02 [2.756593e-06] 
Layer 'conv2' weights[0]: 2.397978e-02 [1.981874e-05] 
Layer 'conv2' biases: 3.005608e-02 [7.381553e-07] 
Layer 'conv3' weights[0]: 2.128153e-02 [2.281015e-05] 
Layer 'conv3' biases: 5.535867e-02 [5.618571e-07] 
Layer 'fc128' weights[0]: 6.355590e-03 [2.302026e-05] 
Layer 'fc128' biases: 6.106761e-02 [2.545877e-06] 
Layer 'fc10' weights[0]: 4.297423e-02 [3.940912e-05] 
Layer 'fc10' biases: 6.949187e-01 [1.430317e-05] 
-------------------------------------------------------
Saved checkpoint to ./checkpoints
======================================================= (3.169 sec)
epoch_cost: 0
214.1... logprob:  0.116969, 0.033900 (2.310 sec)
214.2... logprob:  0.122188, 0.036100 (2.306 sec)
214.3... logprob:  0.117844, 0.035900 (2.306 sec)
214.4... logprob:  0.127293, 0.037900 (2.307 sec)
214.5... logprob:  0.121637, 0.036600 (2.307 sec)
epoch_cost: 0
215.1... logprob:  0.122839, 0.036800 (2.307 sec)
215.2... logprob:  0.120229, 0.032400 (2.307 sec)
215.3... logprob:  0.128918, 0.039600 (2.319 sec)
215.4... logprob:  0.134275, 0.040600 (2.307 sec)
215.5... logprob:  0.113299, 0.032500 (2.307 sec)
epoch_cost: 0
216.1... logprob:  0.134950, 0.044900 (2.306 sec)
216.2... logprob:  0.138550, 0.042100 (2.306 sec)
216.3... logprob:  0.130887, 0.038500 (2.305 sec)
216.4... logprob:  0.132964, 0.039100 (2.306 sec)
216.5... logprob:  0.126596, 0.038400 
======================Test output======================
logprob:  0.729778, 0.240000 
------------------------------------------------------- 
Layer 'conv1' weights[0]: 7.946365e-02 [5.940644e-05] 
Layer 'conv1' biases: 3.725301e-02 [1.969769e-06] 
Layer 'conv2' weights[0]: 2.398442e-02 [2.768729e-05] 
Layer 'conv2' biases: 3.018796e-02 [9.631641e-07] 
Layer 'conv3' weights[0]: 2.129250e-02 [3.500528e-05] 
Layer 'conv3' biases: 5.546670e-02 [1.038220e-06] 
Layer 'fc128' weights[0]: 6.377437e-03 [3.058771e-05] 
Layer 'fc128' biases: 6.142613e-02 [3.698488e-06] 
Layer 'fc10' weights[0]: 4.301072e-02 [5.846611e-05] 
Layer 'fc10' biases: 6.995637e-01 [3.126564e-05] 
-------------------------------------------------------
Saved checkpoint to ./checkpoints
======================================================= (3.166 sec)
epoch_cost: 0
217.1... logprob:  0.128090, 0.040300 (2.307 sec)
217.2... logprob:  0.124322, 0.039200 (2.306 sec)
217.3... logprob:  0.120452, 0.036400 (2.307 sec)
217.4... logprob:  0.138182, 0.043600 (2.305 sec)
217.5... logprob:  0.118390, 0.034600 (2.306 sec)
epoch_cost: 0
218.1... logprob:  0.117409, 0.035900 (2.306 sec)
218.2... logprob:  0.117728, 0.034600 (2.308 sec)
218.3... logprob:  0.128894, 0.037000 (2.306 sec)
218.4... logprob:  0.125960, 0.039600 (2.320 sec)
218.5... logprob:  0.130069, 0.038700 (2.306 sec)
epoch_cost: 0
219.1... logprob:  0.123545, 0.036700 (2.305 sec)
219.2... logprob:  0.122002, 0.036600 (2.306 sec)
219.3... logprob:  0.133546, 0.042200 (2.304 sec)
219.4... logprob:  0.133108, 0.039600 (2.305 sec)
219.5... logprob:  0.126964, 0.038000 
======================Test output======================
logprob:  0.713034, 0.232000 
------------------------------------------------------- 
Layer 'conv1' weights[0]: 7.942154e-02 [4.956536e-05] 
Layer 'conv1' biases: 3.756969e-02 [2.273458e-06] 
Layer 'conv2' weights[0]: 2.397630e-02 [2.327975e-05] 
Layer 'conv2' biases: 3.032678e-02 [8.753529e-07] 
Layer 'conv3' weights[0]: 2.129941e-02 [3.027016e-05] 
Layer 'conv3' biases: 5.556945e-02 [8.608493e-07] 
Layer 'fc128' weights[0]: 6.371084e-03 [3.038972e-05] 
Layer 'fc128' biases: 6.180409e-02 [3.914543e-06] 
Layer 'fc10' weights[0]: 4.304362e-02 [5.998422e-05] 
Layer 'fc10' biases: 7.041974e-01 [3.536170e-05] 
-------------------------------------------------------
Saved checkpoint to ./checkpoints
======================================================= (3.165 sec)
epoch_cost: 0
220.1... logprob:  0.127193, 0.037600 (2.307 sec)
220.2... logprob:  0.123138, 0.036400 (2.306 sec)
220.3... logprob:  0.125859, 0.037800 (2.318 sec)
220.4... logprob:  0.125845, 0.034700 (2.325 sec)
220.5... logprob:  0.126233, 0.038800 (2.306 sec)
epoch_cost: 0
221.1... logprob:  0.114451, 0.033200 (2.306 sec)
221.2... logprob:  0.124052, 0.035200 (2.306 sec)
221.3... logprob:  0.133294, 0.041700 (2.324 sec)
221.4... logprob:  0.119949, 0.036500 (2.319 sec)
221.5... logprob:  0.120794, 0.036100 (2.305 sec)
epoch_cost: 0
222.1... logprob:  0.109077, 0.031100 (2.306 sec)
222.2... logprob:  0.134406, 0.042500 (2.307 sec)
222.3... logprob:  0.123561, 0.036800 (2.305 sec)
222.4... logprob:  0.125907, 0.038500 (2.308 sec)
222.5... logprob:  0.124379, 0.038900 
======================Test output======================
logprob:  0.712624, 0.232700 
------------------------------------------------------- 
Layer 'conv1' weights[0]: 7.941163e-02 [3.474721e-05] 
Layer 'conv1' biases: 3.787263e-02 [1.529938e-06] 
Layer 'conv2' weights[0]: 2.397467e-02 [1.962168e-05] 
Layer 'conv2' biases: 3.045503e-02 [8.259779e-07] 
Layer 'conv3' weights[0]: 2.130502e-02 [2.832361e-05] 
Layer 'conv3' biases: 5.567805e-02 [9.650114e-07] 
Layer 'fc128' weights[0]: 6.347554e-03 [2.747061e-05] 
Layer 'fc128' biases: 6.218378e-02 [3.287070e-06] 
Layer 'fc10' weights[0]: 4.299963e-02 [5.339944e-05] 
Layer 'fc10' biases: 7.085590e-01 [3.113756e-05] 
-------------------------------------------------------
Saved checkpoint to ./checkpoints
======================================================= (3.168 sec)
epoch_cost: 0
223.1... logprob:  0.111254, 0.031100 (2.308 sec)
223.2... logprob:  0.124307, 0.035800 (2.306 sec)
223.3... logprob:  0.121843, 0.037400 (2.297 sec)
223.4... logprob:  0.122710, 0.036000 (2.305 sec)
223.5... logprob:  0.124465, 0.036900 (2.306 sec)
epoch_cost: 0
224.1... logprob:  0.119592, 0.035200 (2.304 sec)
224.2... logprob:  0.127174, 0.036800 (2.305 sec)
224.3... logprob:  0.107210, 0.029700 (2.306 sec)
224.4... logprob:  0.149875, 0.046700 (2.304 sec)
224.5... logprob:  0.125145, 0.038700 (2.305 sec)
epoch_cost: 0
225.1... logprob:  0.121189, 0.037000 (2.305 sec)
225.2... logprob:  0.121112, 0.035500 (2.322 sec)
225.3... logprob:  0.117635, 0.035200 (2.308 sec)
225.4... logprob:  0.128104, 0.037100 (2.305 sec)
225.5... logprob:  0.131732, 0.041700 
======================Test output======================
logprob:  0.689176, 0.228500 
------------------------------------------------------- 
Layer 'conv1' weights[0]: 7.942639e-02 [4.264416e-05] 
Layer 'conv1' biases: 3.814920e-02 [1.324973e-06] 
Layer 'conv2' weights[0]: 2.398265e-02 [1.738313e-05] 
Layer 'conv2' biases: 3.057510e-02 [6.499845e-07] 
Layer 'conv3' weights[0]: 2.130522e-02 [2.284007e-05] 
Layer 'conv3' biases: 5.577409e-02 [7.281430e-07] 
Layer 'fc128' weights[0]: 6.342629e-03 [2.210150e-05] 
Layer 'fc128' biases: 6.251228e-02 [2.506275e-06] 
Layer 'fc10' weights[0]: 4.299558e-02 [4.234877e-05] 
Layer 'fc10' biases: 7.120665e-01 [2.178383e-05] 
-------------------------------------------------------
Saved checkpoint to ./checkpoints
======================================================= (3.165 sec)
epoch_cost: 0
226.1... logprob:  0.121561, 0.036900 (2.307 sec)
226.2... logprob:  0.124999, 0.036000 (2.305 sec)
226.3... logprob:  0.117008, 0.034800 (2.306 sec)
226.4... logprob:  0.117873, 0.035900 (2.306 sec)
226.5... logprob:  0.116815, 0.032200 (2.307 sec)
epoch_cost: 0
227.1... logprob:  0.111436, 0.030500 (2.306 sec)
227.2... logprob:  0.126445, 0.038600 (2.307 sec)
227.3... logprob:  0.127738, 0.039700 (2.305 sec)
227.4... logprob:  0.116403, 0.032000 (2.305 sec)
227.5... logprob:  0.112123, 0.031200 (2.306 sec)
epoch_cost: 0
228.1... logprob:  0.116872, 0.036500 (2.320 sec)
228.2... logprob:  0.121460, 0.033600 (2.305 sec)
228.3... logprob:  0.106385, 0.029400 (2.304 sec)
228.4... logprob:  0.122719, 0.036000 (2.302 sec)
228.5... logprob:  0.124387, 0.037000 
======================Test output======================
logprob:  0.714814, 0.236100 
------------------------------------------------------- 
Layer 'conv1' weights[0]: 7.944355e-02 [5.948594e-05] 
Layer 'conv1' biases: 3.846328e-02 [2.413666e-06] 
Layer 'conv2' weights[0]: 2.396830e-02 [2.774423e-05] 
Layer 'conv2' biases: 3.069692e-02 [9.981723e-07] 
Layer 'conv3' weights[0]: 2.129176e-02 [3.182079e-05] 
Layer 'conv3' biases: 5.587225e-02 [8.884880e-07] 
Layer 'fc128' weights[0]: 6.303679e-03 [3.089651e-05] 
Layer 'fc128' biases: 6.286913e-02 [4.223817e-06] 
Layer 'fc10' weights[0]: 4.307854e-02 [6.565622e-05] 
Layer 'fc10' biases: 7.162831e-01 [3.849314e-05] 
-------------------------------------------------------
Saved checkpoint to ./checkpoints
======================================================= (3.165 sec)
epoch_cost: 0
229.1... logprob:  0.120822, 0.037400 (2.305 sec)
229.2... logprob:  0.118902, 0.035000 (2.305 sec)
229.3... logprob:  0.120619, 0.036600 (2.302 sec)
229.4... logprob:  0.116219, 0.032200 (2.302 sec)
229.5... logprob:  0.119946, 0.035700 (2.302 sec)
epoch_cost: 0
230.1... logprob:  0.118546, 0.037800 (2.306 sec)
230.2... logprob:  0.131334, 0.040700 (2.302 sec)
230.3... logprob:  0.130462, 0.040200 (2.301 sec)
230.4... logprob:  0.126740, 0.034700 (2.300 sec)
230.5... logprob:  0.115262, 0.032400 (2.307 sec)
epoch_cost: 0
231.1... logprob:  0.119599, 0.034600 (2.301 sec)
231.2... logprob:  0.110069, 0.029900 (2.301 sec)
231.3... logprob:  0.104591, 0.029300 (2.310 sec)
231.4... logprob:  0.117859, 0.034100 (2.301 sec)
231.5... logprob:  0.116068, 0.032700 
======================Test output======================
logprob:  0.719704, 0.232000 
------------------------------------------------------- 
Layer 'conv1' weights[0]: 7.953386e-02 [3.540537e-05] 
Layer 'conv1' biases: 3.880561e-02 [1.675269e-06] 
Layer 'conv2' weights[0]: 2.394880e-02 [1.464678e-05] 
Layer 'conv2' biases: 3.083218e-02 [5.222118e-07] 
Layer 'conv3' weights[0]: 2.128334e-02 [2.146817e-05] 
Layer 'conv3' biases: 5.597838e-02 [4.542392e-07] 
Layer 'fc128' weights[0]: 6.270247e-03 [2.347810e-05] 
Layer 'fc128' biases: 6.323077e-02 [2.453312e-06] 
Layer 'fc10' weights[0]: 4.291040e-02 [4.148707e-05] 
Layer 'fc10' biases: 7.202721e-01 [1.636212e-05] 
-------------------------------------------------------
Saved checkpoint to ./checkpoints
======================================================= (3.177 sec)
epoch_cost: 0
232.1... logprob:  0.118806, 0.035900 (2.318 sec)
232.2... logprob:  0.119119, 0.034500 (2.300 sec)
232.3... logprob:  0.120226, 0.035600 (2.302 sec)
232.4... logprob:  0.125239, 0.037800 (2.299 sec)
232.5... logprob:  0.112025, 0.030300 (2.300 sec)
epoch_cost: 0
233.1... logprob:  0.117571, 0.034800 (2.311 sec)
233.2... logprob:  0.122726, 0.034700 (2.300 sec)
233.3... logprob:  0.134726, 0.042600 (2.300 sec)
233.4... logprob:  0.132743, 0.041500 (2.304 sec)
233.5... logprob:  0.110328, 0.031000 (2.301 sec)
epoch_cost: 0
234.1... logprob:  0.116864, 0.033600 (2.301 sec)
234.2... logprob:  0.122013, 0.035000 (2.301 sec)
234.3... logprob:  0.122193, 0.037600 (2.316 sec)
234.4... logprob:  0.117674, 0.033500 (2.300 sec)
234.5... logprob:  0.121584, 0.033600 
======================Test output======================
logprob:  0.708686, 0.229800 
------------------------------------------------------- 
Layer 'conv1' weights[0]: 7.956150e-02 [3.099674e-05] 
Layer 'conv1' biases: 3.909903e-02 [1.284611e-06] 
Layer 'conv2' weights[0]: 2.397077e-02 [1.893818e-05] 
Layer 'conv2' biases: 3.096485e-02 [6.910605e-07] 
Layer 'conv3' weights[0]: 2.129580e-02 [2.218943e-05] 
Layer 'conv3' biases: 5.608800e-02 [6.092849e-07] 
Layer 'fc128' weights[0]: 6.298874e-03 [2.225094e-05] 
Layer 'fc128' biases: 6.360994e-02 [2.536675e-06] 
Layer 'fc10' weights[0]: 4.309120e-02 [4.315752e-05] 
Layer 'fc10' biases: 7.246436e-01 [2.367940e-05] 
-------------------------------------------------------
Saved checkpoint to ./checkpoints
======================================================= (3.158 sec)
epoch_cost: 0
235.1... logprob:  0.113789, 0.033000 (2.322 sec)
235.2... logprob:  0.119727, 0.034500 (2.302 sec)
235.3... logprob:  0.132473, 0.041900 (2.303 sec)
235.4... logprob:  0.125255, 0.036400 (2.302 sec)
235.5... logprob:  0.117191, 0.033500 (2.305 sec)
epoch_cost: 0
236.1... logprob:  0.116630, 0.034300 (2.305 sec)
236.2... logprob:  0.133024, 0.040200 (2.304 sec)
236.3... logprob:  0.117105, 0.033600 (2.299 sec)
236.4... logprob:  0.122519, 0.038500 (2.302 sec)
236.5... logprob:  0.107154, 0.029000 (2.302 sec)
epoch_cost: 0
237.1... logprob:  0.120467, 0.036800 (2.301 sec)
237.2... logprob:  0.113516, 0.029200 (2.301 sec)
237.3... logprob:  0.109853, 0.030600 (2.303 sec)
237.4... logprob:  0.119430, 0.035900 (2.303 sec)
237.5... logprob:  0.110380, 0.029800 
======================Test output======================
logprob:  0.696565, 0.231600 
------------------------------------------------------- 
Layer 'conv1' weights[0]: 7.954260e-02 [4.533016e-05] 
Layer 'conv1' biases: 3.940447e-02 [2.102614e-06] 
Layer 'conv2' weights[0]: 2.395897e-02 [1.907709e-05] 
Layer 'conv2' biases: 3.109139e-02 [8.416480e-07] 
Layer 'conv3' weights[0]: 2.128575e-02 [2.047361e-05] 
Layer 'conv3' biases: 5.618440e-02 [6.393647e-07] 
Layer 'fc128' weights[0]: 6.272067e-03 [2.066302e-05] 
Layer 'fc128' biases: 6.395903e-02 [2.172018e-06] 
Layer 'fc10' weights[0]: 4.292387e-02 [3.666415e-05] 
Layer 'fc10' biases: 7.287966e-01 [1.265520e-05] 
-------------------------------------------------------
Saved checkpoint to ./checkpoints
======================================================= (3.160 sec)
epoch_cost: 0
238.1... logprob:  0.120131, 0.035500 (2.302 sec)
238.2... logprob:  0.119615, 0.033400 (2.302 sec)
238.3... logprob:  0.113374, 0.032700 (2.302 sec)
238.4... logprob:  0.127176, 0.038300 (2.300 sec)
238.5... logprob:  0.114165, 0.032300 (2.301 sec)
epoch_cost: 0
239.1... logprob:  0.116748, 0.034200 (2.315 sec)
239.2... logprob:  0.127281, 0.037700 (2.300 sec)
239.3... logprob:  0.117806, 0.034500 (2.307 sec)
239.4... logprob:  0.120044, 0.035200 (2.317 sec)
239.5... logprob:  0.126453, 0.038700 (2.302 sec)
epoch_cost: 0
240.1... logprob:  0.126071, 0.041000 (2.312 sec)
240.2... logprob:  0.131646, 0.040300 (2.317 sec)
240.3... logprob:  0.128113, 0.037900 (2.312 sec)
240.4... logprob:  0.120742, 0.034100 (2.302 sec)
240.5... logprob:  0.114992, 0.032700 
======================Test output======================
logprob:  0.687508, 0.227400 
------------------------------------------------------- 
Layer 'conv1' weights[0]: 7.953849e-02 [4.094144e-05] 
Layer 'conv1' biases: 3.969493e-02 [1.347674e-06] 
Layer 'conv2' weights[0]: 2.396914e-02 [1.476483e-05] 
Layer 'conv2' biases: 3.122824e-02 [4.793255e-07] 
Layer 'conv3' weights[0]: 2.129300e-02 [2.336889e-05] 
Layer 'conv3' biases: 5.629281e-02 [6.707363e-07] 
Layer 'fc128' weights[0]: 6.307129e-03 [2.239092e-05] 
Layer 'fc128' biases: 6.431488e-02 [2.057677e-06] 
Layer 'fc10' weights[0]: 4.307870e-02 [3.966151e-05] 
Layer 'fc10' biases: 7.330348e-01 [1.621211e-05] 
-------------------------------------------------------
Saved checkpoint to ./checkpoints
======================================================= (3.164 sec)
epoch_cost: 0
241.1... logprob:  0.120687, 0.035300 (2.304 sec)
241.2... logprob:  0.149917, 0.046000 (2.307 sec)
241.3... logprob:  0.132034, 0.041100 (2.303 sec)
241.4... logprob:  0.121969, 0.036500 (2.301 sec)
241.5... logprob:  0.121140, 0.036800 (2.300 sec)
epoch_cost: 0
242.1... logprob:  0.115305, 0.032200 (2.302 sec)
242.2... logprob:  0.127794, 0.037200 (2.301 sec)
242.3... logprob:  0.117546, 0.034400 (2.300 sec)
242.4... logprob:  0.122928, 0.036100 (2.301 sec)
242.5... logprob:  0.135272, 0.042500 (2.300 sec)
epoch_cost: 0
243.1... logprob:  0.114192, 0.031800 (2.300 sec)
243.2... logprob:  0.115510, 0.031000 (2.318 sec)
243.3... logprob:  0.123548, 0.035500 (2.302 sec)
243.4... logprob:  0.117718, 0.033800 (2.302 sec)
243.5... logprob:  0.127026, 0.038000 
======================Test output======================
logprob:  0.672185, 0.220600 
------------------------------------------------------- 
Layer 'conv1' weights[0]: 7.949850e-02 [5.276940e-05] 
Layer 'conv1' biases: 3.996602e-02 [1.787064e-06] 
Layer 'conv2' weights[0]: 2.396229e-02 [1.606756e-05] 
Layer 'conv2' biases: 3.134674e-02 [6.521505e-07] 
Layer 'conv3' weights[0]: 2.131732e-02 [2.258023e-05] 
Layer 'conv3' biases: 5.639622e-02 [6.053387e-07] 
Layer 'fc128' weights[0]: 6.332833e-03 [2.427848e-05] 
Layer 'fc128' biases: 6.466942e-02 [2.592579e-06] 
Layer 'fc10' weights[0]: 4.300361e-02 [4.035464e-05] 
Layer 'fc10' biases: 7.369512e-01 [2.011928e-05] 
-------------------------------------------------------
Saved checkpoint to ./checkpoints
======================================================= (3.161 sec)
epoch_cost: 0
244.1... logprob:  0.125589, 0.038700 (2.300 sec)
244.2... logprob:  0.128727, 0.039700 (2.302 sec)
244.3... logprob:  0.126855, 0.039300 (2.301 sec)
244.4... logprob:  0.123370, 0.036200 (2.300 sec)
244.5... logprob:  0.119192, 0.035700 (2.300 sec)
epoch_cost: 0
245.1... logprob:  0.121636, 0.036900 (2.300 sec)
245.2... logprob:  0.128324, 0.039000 (2.302 sec)
245.3... logprob:  0.127683, 0.038300 (2.302 sec)
245.4... logprob:  0.121572, 0.034800 (2.302 sec)
245.5... logprob:  0.117525, 0.034100 (2.300 sec)
epoch_cost: 0
246.1... logprob:  0.107392, 0.030800 (2.300 sec)
246.2... logprob:  0.113871, 0.030600 (2.302 sec)
246.3... logprob:  0.115526, 0.033600 (2.301 sec)
246.4... logprob:  0.122052, 0.036300 (2.292 sec)
246.5... logprob:  0.110603, 0.031950 
======================Test output======================
logprob:  0.698301, 0.228900 
------------------------------------------------------- 
Layer 'conv1' weights[0]: 7.950047e-02 [4.160672e-05] 
Layer 'conv1' biases: 4.027671e-02 [2.234425e-06] 
Layer 'conv2' weights[0]: 2.397724e-02 [2.297808e-05] 
Layer 'conv2' biases: 3.146766e-02 [1.010634e-06] 
Layer 'conv3' weights[0]: 2.133100e-02 [3.182053e-05] 
Layer 'conv3' biases: 5.648978e-02 [9.582246e-07] 
Layer 'fc128' weights[0]: 6.297238e-03 [2.941360e-05] 
Layer 'fc128' biases: 6.502707e-02 [3.465895e-06] 
Layer 'fc10' weights[0]: 4.299403e-02 [5.750926e-05] 
Layer 'fc10' biases: 7.409801e-01 [2.857578e-05] 
-------------------------------------------------------
Saved checkpoint to ./checkpoints
======================================================= (3.159 sec)
epoch_cost: 0
247.1... logprob:  0.118585, 0.033700 (2.304 sec)
247.2... logprob:  0.118477, 0.033600 (2.301 sec)
247.3... logprob:  0.123710, 0.036800 (2.303 sec)
247.4... logprob:  0.118548, 0.033900 (2.302 sec)
247.5... logprob:  0.115576, 0.032800 (2.302 sec)
epoch_cost: 0
248.1... logprob:  0.124760, 0.036200 (2.302 sec)
248.2... logprob:  0.114335, 0.031500 (2.303 sec)
248.3... logprob:  0.106685, 0.029000 (2.302 sec)
248.4... logprob:  0.123552, 0.035900 (2.301 sec)
248.5... logprob:  0.118479, 0.034800 (2.301 sec)
epoch_cost: 0
249.1... logprob:  0.125572, 0.036900 (2.301 sec)
249.2... logprob:  0.123116, 0.037800 (2.301 sec)
249.3... logprob:  0.112466, 0.031800 (2.301 sec)
249.4... logprob:  0.124337, 0.034400 (2.302 sec)
249.5... logprob:  0.120334, 0.034300 
======================Test output======================
logprob:  0.706030, 0.229700 
------------------------------------------------------- 
Layer 'conv1' weights[0]: 7.951191e-02 [6.287966e-05] 
Layer 'conv1' biases: 4.053586e-02 [2.444060e-06] 
Layer 'conv2' weights[0]: 2.396889e-02 [3.238868e-05] 
Layer 'conv2' biases: 3.157459e-02 [1.546213e-06] 
Layer 'conv3' weights[0]: 2.133055e-02 [3.734818e-05] 
Layer 'conv3' biases: 5.658701e-02 [1.211327e-06] 
Layer 'fc128' weights[0]: 6.286232e-03 [3.124726e-05] 
Layer 'fc128' biases: 6.539272e-02 [4.587377e-06] 
Layer 'fc10' weights[0]: 4.294265e-02 [6.237548e-05] 
Layer 'fc10' biases: 7.447641e-01 [4.181737e-05] 
-------------------------------------------------------
Saved checkpoint to ./checkpoints
======================================================= (3.161 sec)
epoch_cost: 0
250.1... logprob:  0.127107, 0.037100 (2.303 sec)
250.2... logprob:  0.124629, 0.037100 (2.301 sec)
250.3... logprob:  0.116305, 0.032000 (2.304 sec)
250.4... logprob:  0.115741, 0.034400 (2.302 sec)
250.5... logprob:  0.110824, 0.032200 (2.302 sec)
epoch_cost: 0
251.1... logprob:  0.117094, 0.038200 (2.300 sec)
251.2... logprob:  0.119772, 0.034200 (2.301 sec)
251.3... logprob:  0.122625, 0.034400 (2.309 sec)
251.4... logprob:  0.123638, 0.035200 (2.301 sec)
251.5... logprob:  0.109656, 0.030900 (2.302 sec)
epoch_cost: 0
252.1... logprob:  0.112001, 0.033100 (2.300 sec)
252.2... logprob:  0.125272, 0.035700 (2.301 sec)
252.3... logprob:  0.119246, 0.037200 (2.302 sec)
252.4... logprob:  0.131960, 0.039100 (2.300 sec)
252.5... logprob:  0.120303, 0.033700 
======================Test output======================
logprob:  0.689832, 0.223200 
------------------------------------------------------- 
Layer 'conv1' weights[0]: 7.952675e-02 [2.725521e-05] 
Layer 'conv1' biases: 4.081490e-02 [1.481197e-06] 
Layer 'conv2' weights[0]: 2.396146e-02 [1.586868e-05] 
Layer 'conv2' biases: 3.169369e-02 [5.556037e-07] 
Layer 'conv3' weights[0]: 2.133283e-02 [2.342503e-05] 
Layer 'conv3' biases: 5.668945e-02 [5.256134e-07] 
Layer 'fc128' weights[0]: 6.279898e-03 [2.411080e-05] 
Layer 'fc128' biases: 6.576850e-02 [2.392414e-06] 
Layer 'fc10' weights[0]: 4.280242e-02 [4.205052e-05] 
Layer 'fc10' biases: 7.487298e-01 [1.989192e-05] 
-------------------------------------------------------
Saved checkpoint to ./checkpoints
======================================================= (3.160 sec)
epoch_cost: 0
253.1... logprob:  0.116459, 0.034000 (2.303 sec)
253.2... logprob:  0.125333, 0.037800 (2.301 sec)
253.3... logprob:  0.119204, 0.034000 (2.301 sec)
253.4... logprob:  0.129442, 0.038200 (2.302 sec)
253.5... logprob:  0.113015, 0.030300 (2.301 sec)
epoch_cost: 0
254.1... logprob:  0.110813, 0.031400 (2.300 sec)
254.2... logprob:  0.121416, 0.035200 (2.297 sec)
254.3... logprob:  0.117420, 0.034000 (2.302 sec)
254.4... logprob:  0.117283, 0.036000 (2.301 sec)
254.5... logprob:  0.116901, 0.033900 (2.302 sec)
epoch_cost: 0
255.1... logprob:  0.104048, 0.027800 (2.301 sec)
255.2... logprob:  0.126839, 0.035300 (2.301 sec)
255.3... logprob:  0.127485, 0.039200 (2.303 sec)
255.4... logprob:  0.118626, 0.034400 (2.305 sec)
255.5... logprob:  0.107448, 0.028500 
======================Test output======================
logprob:  0.704330, 0.230100 
------------------------------------------------------- 
Layer 'conv1' weights[0]: 7.955056e-02 [3.650539e-05] 
Layer 'conv1' biases: 4.110412e-02 [1.183535e-06] 
Layer 'conv2' weights[0]: 2.396732e-02 [1.740509e-05] 
Layer 'conv2' biases: 3.181407e-02 [5.829100e-07] 
Layer 'conv3' weights[0]: 2.133340e-02 [2.507060e-05] 
Layer 'conv3' biases: 5.678942e-02 [6.597912e-07] 
Layer 'fc128' weights[0]: 6.254994e-03 [2.195096e-05] 
Layer 'fc128' biases: 6.610699e-02 [2.597419e-06] 
Layer 'fc10' weights[0]: 4.296638e-02 [3.902878e-05] 
Layer 'fc10' biases: 7.524375e-01 [1.912230e-05] 
-------------------------------------------------------
Saved checkpoint to ./checkpoints
======================================================= (3.164 sec)
epoch_cost: 0
256.1... logprob:  0.103392, 0.029700 (2.304 sec)
256.2... logprob:  0.128748, 0.037300 (2.301 sec)
256.3... logprob:  0.123318, 0.035700 (2.301 sec)
256.4... logprob:  0.122913, 0.037500 (2.300 sec)
256.5... logprob:  0.118418, 0.034700 (2.302 sec)
epoch_cost: 0
257.1... logprob:  0.131070, 0.041300 (2.318 sec)
257.2... logprob:  0.125668, 0.037500 (2.300 sec)
257.3... logprob:  0.108250, 0.031500 (2.299 sec)
257.4... logprob:  0.124555, 0.036100 (2.301 sec)
257.5... logprob:  0.129569, 0.040600 (2.312 sec)
epoch_cost: 0
258.1... logprob:  0.131150, 0.042100 (2.301 sec)
258.2... logprob:  0.113895, 0.031500 (2.304 sec)
258.3... logprob:  0.112404, 0.031400 (2.304 sec)
258.4... logprob:  0.124828, 0.038200 (2.303 sec)
258.5... logprob:  0.110615, 0.029100 
======================Test output======================
logprob:  0.715504, 0.237900 
------------------------------------------------------- 
Layer 'conv1' weights[0]: 7.950259e-02 [4.200283e-05] 
Layer 'conv1' biases: 4.138038e-02 [1.686562e-06] 
Layer 'conv2' weights[0]: 2.396090e-02 [2.089523e-05] 
Layer 'conv2' biases: 3.192291e-02 [8.491105e-07] 
Layer 'conv3' weights[0]: 2.133980e-02 [2.401250e-05] 
Layer 'conv3' biases: 5.689016e-02 [6.807124e-07] 
Layer 'fc128' weights[0]: 6.281043e-03 [2.296781e-05] 
Layer 'fc128' biases: 6.646997e-02 [2.778768e-06] 
Layer 'fc10' weights[0]: 4.294237e-02 [5.037501e-05] 
Layer 'fc10' biases: 7.559676e-01 [3.065395e-05] 
-------------------------------------------------------
Saved checkpoint to ./checkpoints
======================================================= (3.159 sec)
epoch_cost: 0
259.1... logprob:  0.113209, 0.033100 (2.312 sec)
259.2... logprob:  0.115731, 0.032300 (2.313 sec)
259.3... logprob:  0.117513, 0.034400 (2.302 sec)
259.4... logprob:  0.113974, 0.033500 (2.312 sec)
259.5... logprob:  0.124098, 0.038600 (2.318 sec)
epoch_cost: 0
260.1... logprob:  0.111876, 0.031700 (2.305 sec)
260.2... logprob:  0.112937, 0.032600 (2.300 sec)
260.3... logprob:  0.112207, 0.031800 (2.314 sec)
260.4... logprob:  0.120663, 0.032800 (2.302 sec)
260.5... logprob:  0.108121, 0.028800 (2.301 sec)
epoch_cost: 0
261.1... logprob:  0.118107, 0.036000 (2.302 sec)
261.2... logprob:  0.114316, 0.033100 (2.301 sec)
261.3... logprob:  0.114872, 0.035400 (2.300 sec)
261.4... logprob:  0.104569, 0.028400 (2.302 sec)
261.5... logprob:  0.111171, 0.029700 
======================Test output======================
logprob:  0.684806, 0.224400 
------------------------------------------------------- 
Layer 'conv1' weights[0]: 7.954004e-02 [2.999855e-05] 
Layer 'conv1' biases: 4.168694e-02 [2.204414e-06] 
Layer 'conv2' weights[0]: 2.395466e-02 [1.789639e-05] 
Layer 'conv2' biases: 3.203580e-02 [7.630459e-07] 
Layer 'conv3' weights[0]: 2.132350e-02 [2.142046e-05] 
Layer 'conv3' biases: 5.698390e-02 [5.533021e-07] 
Layer 'fc128' weights[0]: 6.226532e-03 [2.190762e-05] 
Layer 'fc128' biases: 6.682745e-02 [2.144389e-06] 
Layer 'fc10' weights[0]: 4.292116e-02 [3.628940e-05] 
Layer 'fc10' biases: 7.595033e-01 [1.304370e-05] 
-------------------------------------------------------
Saved checkpoint to ./checkpoints
======================================================= (3.163 sec)
epoch_cost: 0
262.1... logprob:  0.113265, 0.035800 (2.301 sec)
262.2... logprob:  0.113769, 0.033000 (2.300 sec)
262.3... logprob:  0.115591, 0.032600 (2.298 sec)
262.4... logprob:  0.136113, 0.042200 (2.300 sec)
262.5... logprob:  0.116886, 0.033600 (2.302 sec)
epoch_cost: 0
263.1... logprob:  0.110738, 0.032300 (2.300 sec)
263.2... logprob:  0.116028, 0.032800 (2.302 sec)
263.3... logprob:  0.124327, 0.036600 (2.302 sec)
263.4... logprob:  0.137427, 0.041800 (2.318 sec)
263.5... logprob:  0.124326, 0.037200 (2.301 sec)
epoch_cost: 0
264.1... logprob:  0.114764, 0.034600 (2.301 sec)
264.2... logprob:  0.118263, 0.034300 (2.302 sec)
264.3... logprob:  0.131170, 0.038000 (2.304 sec)
264.4... logprob:  0.117411, 0.032700 (2.304 sec)
264.5... logprob:  0.116968, 0.035300 
======================Test output======================
logprob:  0.715257, 0.230100 
------------------------------------------------------- 
Layer 'conv1' weights[0]: 7.955629e-02 [5.616588e-05] 
Layer 'conv1' biases: 4.197891e-02 [1.973508e-06] 
Layer 'conv2' weights[0]: 2.395108e-02 [2.446037e-05] 
Layer 'conv2' biases: 3.215943e-02 [8.753029e-07] 
Layer 'conv3' weights[0]: 2.133555e-02 [2.877886e-05] 
Layer 'conv3' biases: 5.708021e-02 [7.114465e-07] 
Layer 'fc128' weights[0]: 6.263753e-03 [2.851533e-05] 
Layer 'fc128' biases: 6.718598e-02 [3.169175e-06] 
Layer 'fc10' weights[0]: 4.291666e-02 [4.950073e-05] 
Layer 'fc10' biases: 7.633198e-01 [2.285664e-05] 
-------------------------------------------------------
Saved checkpoint to ./checkpoints
======================================================= (3.161 sec)
epoch_cost: 0
265.1... logprob:  0.128294, 0.038200 (2.300 sec)
265.2... logprob:  0.142552, 0.043500 (2.303 sec)
265.3... logprob:  0.119265, 0.035100 (2.301 sec)
265.4... logprob:  0.121295, 0.037000 (2.295 sec)
265.5... logprob:  0.121226, 0.036000 (2.303 sec)
epoch_cost: 0
266.1... logprob:  0.116715, 0.034800 (2.317 sec)
266.2... logprob:  0.113760, 0.032100 (2.312 sec)
266.3... logprob:  0.111454, 0.031700 (2.313 sec)
266.4... logprob:  0.112081, 0.031900 (2.305 sec)
266.5... logprob:  0.108669, 0.031600 (2.304 sec)
epoch_cost: 0
267.1... logprob:  0.110366, 0.033100 (2.302 sec)
267.2... logprob:  0.117563, 0.033600 (2.301 sec)
267.3... logprob:  0.113416, 0.031600 (2.302 sec)
267.4... logprob:  0.119627, 0.036500 (2.296 sec)
267.5... logprob:  0.126786, 0.040100 
======================Test output======================
logprob:  0.716266, 0.233900 
------------------------------------------------------- 
Layer 'conv1' weights[0]: 7.953458e-02 [3.580657e-05] 
Layer 'conv1' biases: 4.224457e-02 [1.911963e-06] 
Layer 'conv2' weights[0]: 2.395089e-02 [1.917901e-05] 
Layer 'conv2' biases: 3.227045e-02 [6.043814e-07] 
Layer 'conv3' weights[0]: 2.134458e-02 [2.552248e-05] 
Layer 'conv3' biases: 5.717936e-02 [5.624657e-07] 
Layer 'fc128' weights[0]: 6.245270e-03 [2.525181e-05] 
Layer 'fc128' biases: 6.754392e-02 [2.860270e-06] 
Layer 'fc10' weights[0]: 4.283825e-02 [4.361565e-05] 
Layer 'fc10' biases: 7.672040e-01 [1.816929e-05] 
-------------------------------------------------------
Saved checkpoint to ./checkpoints
======================================================= (3.163 sec)
epoch_cost: 0
268.1... logprob:  0.113076, 0.034800 (2.301 sec)
268.2... logprob:  0.118723, 0.033400 (2.301 sec)
268.3... logprob:  0.106641, 0.026900 (2.310 sec)
268.4... logprob:  0.123275, 0.037300 (2.301 sec)
268.5... logprob:  0.119749, 0.033500 (2.301 sec)
epoch_cost: 0
269.1... logprob:  0.120476, 0.037600 (2.301 sec)
269.2... logprob:  0.120917, 0.033500 (2.302 sec)
269.3... logprob:  0.121305, 0.035600 (2.301 sec)
269.4... logprob:  0.120772, 0.035500 (2.303 sec)
269.5... logprob:  0.111184, 0.028900 (2.301 sec)
epoch_cost: 0
270.1... logprob:  0.109095, 0.030500 (2.302 sec)
270.2... logprob:  0.119018, 0.034000 (2.301 sec)
270.3... logprob:  0.119298, 0.035500 (2.302 sec)
270.4... logprob:  0.122152, 0.034400 (2.309 sec)
270.5... logprob:  0.125514, 0.035900 
======================Test output======================
logprob:  0.765515, 0.254400 
------------------------------------------------------- 
Layer 'conv1' weights[0]: 7.955752e-02 [6.945626e-05] 
Layer 'conv1' biases: 4.249429e-02 [1.850886e-06] 
Layer 'conv2' weights[0]: 2.395662e-02 [2.632708e-05] 
Layer 'conv2' biases: 3.238075e-02 [1.053916e-06] 
Layer 'conv3' weights[0]: 2.135222e-02 [3.756757e-05] 
Layer 'conv3' biases: 5.727280e-02 [1.284750e-06] 
Layer 'fc128' weights[0]: 6.253160e-03 [3.284271e-05] 
Layer 'fc128' biases: 6.789779e-02 [4.790508e-06] 
Layer 'fc10' weights[0]: 4.291492e-02 [7.046369e-05] 
Layer 'fc10' biases: 7.711202e-01 [5.718127e-05] 
-------------------------------------------------------
Saved checkpoint to ./checkpoints
======================================================= (3.163 sec)
epoch_cost: 0
271.1... logprob:  0.129440, 0.041000 (2.304 sec)
271.2... logprob:  0.114623, 0.033100 (2.301 sec)
271.3... logprob:  0.117335, 0.034400 (2.302 sec)
271.4... logprob:  0.123469, 0.036700 (2.309 sec)
271.5... logprob:  0.116522, 0.033600 (2.302 sec)
epoch_cost: 0
272.1... logprob:  0.121635, 0.036100 (2.306 sec)
272.2... logprob:  0.112515, 0.032100 (2.314 sec)
272.3... logprob:  0.113774, 0.032400 (2.300 sec)
272.4... logprob:  0.120147, 0.035700 (2.318 sec)
272.5... logprob:  0.112897, 0.034000 (2.301 sec)
epoch_cost: 0
273.1... logprob:  0.139058, 0.045500 (2.300 sec)
273.2... logprob:  0.126679, 0.036700 (2.302 sec)
273.3... logprob:  0.124100, 0.035300 (2.302 sec)
273.4... logprob:  0.133054, 0.041800 (2.302 sec)
273.5... logprob:  0.116999, 0.033800 
======================Test output======================
logprob:  0.730316, 0.238000 
------------------------------------------------------- 
Layer 'conv1' weights[0]: 7.952686e-02 [5.391724e-05] 
Layer 'conv1' biases: 4.275735e-02 [2.290893e-06] 
Layer 'conv2' weights[0]: 2.396527e-02 [2.127176e-05] 
Layer 'conv2' biases: 3.248432e-02 [9.971494e-07] 
Layer 'conv3' weights[0]: 2.138904e-02 [2.254318e-05] 
Layer 'conv3' biases: 5.737032e-02 [6.982448e-07] 
Layer 'fc128' weights[0]: 6.305313e-03 [2.268039e-05] 
Layer 'fc128' biases: 6.823774e-02 [2.830488e-06] 
Layer 'fc10' weights[0]: 4.297118e-02 [4.195697e-05] 
Layer 'fc10' biases: 7.748367e-01 [1.870720e-05] 
-------------------------------------------------------
Saved checkpoint to ./checkpoints
======================================================= (3.161 sec)
epoch_cost: 0
274.1... logprob:  0.124110, 0.036200 (2.302 sec)
274.2... logprob:  0.111434, 0.032100 (2.302 sec)
274.3... logprob:  0.120953, 0.035000 (2.301 sec)
274.4... logprob:  0.121614, 0.036200 (2.301 sec)
274.5... logprob:  0.113268, 0.031400 (2.302 sec)
epoch_cost: 0
275.1... logprob:  0.130186, 0.040500 (2.301 sec)
275.2... logprob:  0.136808, 0.041200 (2.301 sec)
275.3... logprob:  0.114386, 0.033200 (2.304 sec)
275.4... logprob:  0.126858, 0.040500 (2.302 sec)
275.5... logprob:  0.123130, 0.037800 (2.303 sec)
epoch_cost: 0
276.1... logprob:  0.126086, 0.040700 (2.301 sec)
276.2... logprob:  0.121756, 0.032700 (2.300 sec)
276.3... logprob:  0.113343, 0.032000 (2.301 sec)
276.4... logprob:  0.116498, 0.033000 (2.300 sec)
276.5... logprob:  0.122658, 0.038300 
======================Test output======================
logprob:  0.680628, 0.225500 
------------------------------------------------------- 
Layer 'conv1' weights[0]: 7.954415e-02 [4.197817e-05] 
Layer 'conv1' biases: 4.304495e-02 [1.027619e-06] 
Layer 'conv2' weights[0]: 2.397362e-02 [1.501745e-05] 
Layer 'conv2' biases: 3.259500e-02 [4.625891e-07] 
Layer 'conv3' weights[0]: 2.139982e-02 [2.383615e-05] 
Layer 'conv3' biases: 5.746237e-02 [5.709381e-07] 
Layer 'fc128' weights[0]: 6.292134e-03 [2.489345e-05] 
Layer 'fc128' biases: 6.858894e-02 [3.072689e-06] 
Layer 'fc10' weights[0]: 4.290096e-02 [5.211190e-05] 
Layer 'fc10' biases: 7.788856e-01 [3.060140e-05] 
-------------------------------------------------------
Saved checkpoint to ./checkpoints
======================================================= (3.176 sec)
epoch_cost: 0
277.1... logprob:  0.120706, 0.035800 (2.303 sec)
277.2... logprob:  0.109123, 0.031100 (2.310 sec)
277.3... logprob:  0.109676, 0.028900 (2.319 sec)
277.4... logprob:  0.116078, 0.032900 (2.303 sec)
277.5... logprob:  0.115115, 0.032300 (2.301 sec)
epoch_cost: 0
278.1... logprob:  0.120495, 0.035500 (2.301 sec)
278.2... logprob:  0.109784, 0.030400 (2.311 sec)
278.3... logprob:  0.110736, 0.031400 (2.302 sec)
278.4... logprob:  0.123228, 0.035700 (2.300 sec)
278.5... logprob:  0.111855, 0.030800 (2.302 sec)
epoch_cost: 0
279.1... logprob:  0.121152, 0.039300 (2.300 sec)
279.2... logprob:  0.129545, 0.038800 (2.302 sec)
279.3... logprob:  0.117563, 0.033700 (2.302 sec)
279.4... logprob:  0.125741, 0.036600 (2.303 sec)
279.5... logprob:  0.115542, 0.034700 
======================Test output======================
logprob:  0.718073, 0.237700 
------------------------------------------------------- 
Layer 'conv1' weights[0]: 7.955430e-02 [4.675513e-05] 
Layer 'conv1' biases: 4.330098e-02 [2.030107e-06] 
Layer 'conv2' weights[0]: 2.398237e-02 [2.031074e-05] 
Layer 'conv2' biases: 3.270229e-02 [7.042125e-07] 
Layer 'conv3' weights[0]: 2.140375e-02 [2.504688e-05] 
Layer 'conv3' biases: 5.755424e-02 [6.740106e-07] 
Layer 'fc128' weights[0]: 6.268335e-03 [2.560432e-05] 
Layer 'fc128' biases: 6.894072e-02 [3.275074e-06] 
Layer 'fc10' weights[0]: 4.300118e-02 [5.568050e-05] 
Layer 'fc10' biases: 7.825128e-01 [3.544167e-05] 
-------------------------------------------------------
Saved checkpoint to ./checkpoints
======================================================= (3.164 sec)
epoch_cost: 0
280.1... logprob:  0.118890, 0.034600 (2.302 sec)
280.2... logprob:  0.119337, 0.033200 (2.293 sec)
280.3... logprob:  0.116511, 0.036100 (2.304 sec)
280.4... logprob:  0.128407, 0.039300 (2.301 sec)
280.5... logprob:  0.123127, 0.036700 (2.303 sec)
epoch_cost: 0
281.1... logprob:  0.118044, 0.035600 (2.301 sec)
281.2... logprob:  0.116446, 0.031400 (2.302 sec)
281.3... logprob:  0.106862, 0.029200 (2.300 sec)
281.4... logprob:  0.121020, 0.036300 (2.302 sec)
281.5... logprob:  0.110874, 0.030400 (2.302 sec)
epoch_cost: 0
282.1... logprob:  0.107749, 0.030300 (2.300 sec)
282.2... logprob:  0.122185, 0.036300 (2.301 sec)
282.3... logprob:  0.112725, 0.030400 (2.301 sec)
282.4... logprob:  0.122785, 0.036200 (2.301 sec)
282.5... logprob:  0.102891, 0.028500 
======================Test output======================
logprob:  0.715007, 0.233800 
------------------------------------------------------- 
Layer 'conv1' weights[0]: 7.954925e-02 [4.219978e-05] 
Layer 'conv1' biases: 4.360325e-02 [1.279334e-06] 
Layer 'conv2' weights[0]: 2.396889e-02 [1.729709e-05] 
Layer 'conv2' biases: 3.281948e-02 [5.594894e-07] 
Layer 'conv3' weights[0]: 2.140385e-02 [2.317552e-05] 
Layer 'conv3' biases: 5.765878e-02 [5.250037e-07] 
Layer 'fc128' weights[0]: 6.240758e-03 [2.314696e-05] 
Layer 'fc128' biases: 6.930097e-02 [2.329754e-06] 
Layer 'fc10' weights[0]: 4.293474e-02 [4.201863e-05] 
Layer 'fc10' biases: 7.859076e-01 [1.562420e-05] 
-------------------------------------------------------
Saved checkpoint to ./checkpoints
======================================================= (3.157 sec)
epoch_cost: 0
283.1... logprob:  0.108628, 0.030900 (2.304 sec)
283.2... logprob:  0.122231, 0.035600 (2.294 sec)
283.3... logprob:  0.113737, 0.031900 (2.301 sec)
283.4... logprob:  0.122159, 0.035800 (2.303 sec)
283.5... logprob:  0.106005, 0.030100 (2.301 sec)
epoch_cost: 0
284.1... logprob:  0.107799, 0.032400 (2.302 sec)
284.2... logprob:  0.122664, 0.037200 (2.302 sec)
284.3... logprob:  0.124474, 0.036000 (2.315 sec)
284.4... logprob:  0.118984, 0.037000 (2.301 sec)
284.5... logprob:  0.105491, 0.029900 (2.301 sec)
epoch_cost: 0
285.1... logprob:  0.120512, 0.034100 (2.301 sec)
285.2... logprob:  0.116407, 0.033500 (2.301 sec)
285.3... logprob:  0.109674, 0.029100 (2.300 sec)
285.4... logprob:  0.112136, 0.032400 (2.301 sec)
285.5... logprob:  0.112989, 0.031800 
======================Test output======================
logprob:  0.714443, 0.230500 
------------------------------------------------------- 
Layer 'conv1' weights[0]: 7.957528e-02 [3.545786e-05] 
Layer 'conv1' biases: 4.389803e-02 [1.280768e-06] 
Layer 'conv2' weights[0]: 2.396772e-02 [1.356332e-05] 
Layer 'conv2' biases: 3.293624e-02 [4.841193e-07] 
Layer 'conv3' weights[0]: 2.141275e-02 [1.927116e-05] 
Layer 'conv3' biases: 5.775650e-02 [4.965771e-07] 
Layer 'fc128' weights[0]: 6.217570e-03 [1.952545e-05] 
Layer 'fc128' biases: 6.964766e-02 [1.916199e-06] 
Layer 'fc10' weights[0]: 4.292898e-02 [3.574048e-05] 
Layer 'fc10' biases: 7.896501e-01 [1.085027e-05] 
-------------------------------------------------------
Saved checkpoint to ./checkpoints
======================================================= (3.162 sec)
epoch_cost: 0
286.1... logprob:  0.113550, 0.033000 (2.320 sec)
286.2... logprob:  0.117180, 0.034400 (2.318 sec)
286.3... logprob:  0.115342, 0.030600 (2.301 sec)
286.4... logprob:  0.117104, 0.032600 (2.303 sec)
286.5... logprob:  0.108942, 0.029900 (2.304 sec)
epoch_cost: 0
287.1... logprob:  0.119091, 0.033100 (2.318 sec)
287.2... logprob:  0.111811, 0.031000 (2.302 sec)
287.3... logprob:  0.104004, 0.029000 (2.301 sec)
287.4... logprob:  0.112430, 0.030100 (2.301 sec)
287.5... logprob:  0.112182, 0.031900 (2.301 sec)
epoch_cost: 0
288.1... logprob:  0.107026, 0.030700 (2.300 sec)
288.2... logprob:  0.118325, 0.033000 (2.300 sec)
288.3... logprob:  0.119513, 0.036500 (2.302 sec)
288.4... logprob:  0.115443, 0.030600 (2.300 sec)
288.5... logprob:  0.108226, 0.031400 
======================Test output======================
logprob:  0.690528, 0.229100 
------------------------------------------------------- 
Layer 'conv1' weights[0]: 7.962703e-02 [4.383313e-05] 
Layer 'conv1' biases: 4.419285e-02 [1.685481e-06] 
Layer 'conv2' weights[0]: 2.396769e-02 [1.991202e-05] 
Layer 'conv2' biases: 3.304650e-02 [7.804904e-07] 
Layer 'conv3' weights[0]: 2.140708e-02 [2.772423e-05] 
Layer 'conv3' biases: 5.784903e-02 [7.689056e-07] 
Layer 'fc128' weights[0]: 6.205090e-03 [2.624905e-05] 
Layer 'fc128' biases: 6.999375e-02 [3.288420e-06] 
Layer 'fc10' weights[0]: 4.293120e-02 [5.130694e-05] 
Layer 'fc10' biases: 7.929903e-01 [2.805787e-05] 
-------------------------------------------------------
Saved checkpoint to ./checkpoints
======================================================= (3.161 sec)
epoch_cost: 0
289.1... logprob:  0.108216, 0.031100 (2.304 sec)
289.2... logprob:  0.113389, 0.031600 (2.302 sec)
289.3... logprob:  0.110616, 0.031200 (2.317 sec)
289.4... logprob:  0.118678, 0.035400 (2.302 sec)
289.5... logprob:  0.116560, 0.034000 (2.305 sec)
epoch_cost: 0
290.1... logprob:  0.113490, 0.031100 (2.303 sec)
290.2... logprob:  0.122747, 0.035700 (2.301 sec)
290.3... logprob:  0.114971, 0.033600 (2.301 sec)
290.4... logprob:  0.112210, 0.031200 (2.303 sec)
290.5... logprob:  0.119795, 0.034500 (2.303 sec)
epoch_cost: 0
291.1... logprob:  0.115137, 0.034400 (2.305 sec)
291.2... logprob:  0.122859, 0.034300 (2.301 sec)
291.3... logprob:  0.110660, 0.032600 (2.302 sec)
291.4... logprob:  0.114835, 0.034500 (2.303 sec)
291.5... logprob:  0.119733, 0.035200 
======================Test output======================
logprob:  0.724622, 0.238000 
------------------------------------------------------- 
Layer 'conv1' weights[0]: 7.960079e-02 [4.156266e-05] 
Layer 'conv1' biases: 4.444422e-02 [1.442001e-06] 
Layer 'conv2' weights[0]: 2.397858e-02 [1.713855e-05] 
Layer 'conv2' biases: 3.315295e-02 [6.859640e-07] 
Layer 'conv3' weights[0]: 2.141356e-02 [2.299494e-05] 
Layer 'conv3' biases: 5.794245e-02 [6.893487e-07] 
Layer 'fc128' weights[0]: 6.219718e-03 [2.189464e-05] 
Layer 'fc128' biases: 7.032504e-02 [2.692557e-06] 
Layer 'fc10' weights[0]: 4.287081e-02 [4.574333e-05] 
Layer 'fc10' biases: 7.964614e-01 [2.774179e-05] 
-------------------------------------------------------
Saved checkpoint to ./checkpoints
======================================================= (3.161 sec)
epoch_cost: 0
292.1... logprob:  0.118394, 0.034500 (2.303 sec)
292.2... logprob:  0.121883, 0.034600 (2.310 sec)
292.3... logprob:  0.119696, 0.035400 (2.301 sec)
292.4... logprob:  0.122283, 0.035200 (2.301 sec)
292.5... logprob:  0.115951, 0.034000 (2.302 sec)
epoch_cost: 0
293.1... logprob:  0.114488, 0.034300 (2.302 sec)
293.2... logprob:  0.127892, 0.039300 (2.302 sec)
293.3... logprob:  0.124672, 0.038600 (2.301 sec)
293.4... logprob:  0.116799, 0.034600 (2.302 sec)
293.5... logprob:  0.114746, 0.033100 (2.302 sec)
epoch_cost: 0
294.1... logprob:  0.122826, 0.039200 (2.297 sec)
294.2... logprob:  0.123836, 0.035400 (2.301 sec)
294.3... logprob:  0.127524, 0.039100 (2.313 sec)
294.4... logprob:  0.131406, 0.041700 (2.301 sec)
294.5... logprob:  0.121284, 0.037700 
======================Test output======================
logprob:  0.707569, 0.231000 
------------------------------------------------------- 
Layer 'conv1' weights[0]: 7.955632e-02 [5.542981e-05] 
Layer 'conv1' biases: 4.469457e-02 [2.228393e-06] 
Layer 'conv2' weights[0]: 2.398192e-02 [2.816778e-05] 
Layer 'conv2' biases: 3.327690e-02 [1.259309e-06] 
Layer 'conv3' weights[0]: 2.144116e-02 [3.513870e-05] 
Layer 'conv3' biases: 5.804365e-02 [1.136207e-06] 
Layer 'fc128' weights[0]: 6.276240e-03 [3.079370e-05] 
Layer 'fc128' biases: 7.067580e-02 [4.170640e-06] 
Layer 'fc10' weights[0]: 4.292718e-02 [5.744335e-05] 
Layer 'fc10' biases: 7.997118e-01 [3.648991e-05] 
-------------------------------------------------------
Saved checkpoint to ./checkpoints
======================================================= (3.162 sec)
epoch_cost: 0
295.1... logprob:  0.110727, 0.032500 (2.303 sec)
295.2... logprob:  0.141830, 0.043200 (2.300 sec)
295.3... logprob:  0.126053, 0.038300 (2.303 sec)
295.4... logprob:  0.117379, 0.034500 (2.299 sec)
295.5... logprob:  0.113994, 0.034000 (2.294 sec)
epoch_cost: 0
296.1... logprob:  0.127012, 0.037500 (2.301 sec)
296.2... logprob:  0.135445, 0.040600 (2.302 sec)
296.3... logprob:  0.127046, 0.037700 (2.301 sec)
296.4... logprob:  0.116122, 0.031800 (2.302 sec)
296.5... logprob:  0.114520, 0.032700 (2.301 sec)
epoch_cost: 0
297.1... logprob:  0.123861, 0.036500 (2.302 sec)
297.2... logprob:  0.121409, 0.035900 (2.302 sec)
297.3... logprob:  0.119486, 0.033900 (2.302 sec)
297.4... logprob:  0.118946, 0.034000 (2.301 sec)
297.5... logprob:  0.110904, 0.032500 
======================Test output======================
logprob:  0.698689, 0.226400 
------------------------------------------------------- 
Layer 'conv1' weights[0]: 7.948745e-02 [2.801362e-05] 
Layer 'conv1' biases: 4.495595e-02 [1.637512e-06] 
Layer 'conv2' weights[0]: 2.398230e-02 [1.812029e-05] 
Layer 'conv2' biases: 3.338767e-02 [6.310518e-07] 
Layer 'conv3' weights[0]: 2.146658e-02 [2.364218e-05] 
Layer 'conv3' biases: 5.814182e-02 [6.509553e-07] 
Layer 'fc128' weights[0]: 6.289737e-03 [2.333232e-05] 
Layer 'fc128' biases: 7.100932e-02 [2.669459e-06] 
Layer 'fc10' weights[0]: 4.284963e-02 [5.213777e-05] 
Layer 'fc10' biases: 8.036574e-01 [3.159098e-05] 
-------------------------------------------------------
Saved checkpoint to ./checkpoints
======================================================= (3.164 sec)
epoch_cost: 0
298.1... logprob:  0.111955, 0.030500 (2.303 sec)
298.2... logprob:  0.121161, 0.036500 (2.301 sec)
298.3... logprob:  0.116996, 0.034700 (2.300 sec)
298.4... logprob:  0.110485, 0.031200 (2.302 sec)
298.5... logprob:  0.116982, 0.034900 (2.302 sec)
epoch_cost: 0
299.1... logprob:  0.116623, 0.034600 (2.302 sec)
299.2... logprob:  0.127304, 0.036600 (2.301 sec)
299.3... logprob:  0.118527, 0.035900 (2.310 sec)
299.4... logprob:  0.124119, 0.036000 (2.301 sec)
299.5... logprob:  0.122818, 0.037500 (2.302 sec)
epoch_cost: 0
300.1... logprob:  0.117315, 0.034400 (2.302 sec)
300.2... logprob:  0.113530, 0.031900 (2.303 sec)
300.3... logprob:  0.111688, 0.031700 (2.302 sec)
300.4... logprob:  0.122995, 0.038400 (2.301 sec)
300.5... logprob:  0.116825, 0.034900 
======================Test output======================
logprob:  0.710211, 0.235500 
------------------------------------------------------- 
Layer 'conv1' weights[0]: 7.955250e-02 [4.287504e-05] 
Layer 'conv1' biases: 4.524132e-02 [1.950455e-06] 
Layer 'conv2' weights[0]: 2.398931e-02 [2.050916e-05] 
Layer 'conv2' biases: 3.350144e-02 [7.756774e-07] 
Layer 'conv3' weights[0]: 2.148124e-02 [2.866611e-05] 
Layer 'conv3' biases: 5.823569e-02 [7.779236e-07] 
Layer 'fc128' weights[0]: 6.278655e-03 [2.652397e-05] 
Layer 'fc128' biases: 7.133505e-02 [3.540907e-06] 
Layer 'fc10' weights[0]: 4.297793e-02 [5.928355e-05] 
Layer 'fc10' biases: 8.066375e-01 [3.757873e-05] 
-------------------------------------------------------
Saved checkpoint to ./checkpoints
======================================================= (3.161 sec)
epoch_cost: 0
301.1... logprob:  0.121994, 0.035700 (2.303 sec)
