Initialized data layer 'data', producing 3072 outputs
Initialized data layer 'labels', producing 1 outputs
Initialized convolutional layer 'conv1', producing 32x32 32-channel output
Initialized max-pooling layer 'pool1', producing 16x16 32-channel output
Initialized convolutional layer 'conv2', producing 16x16 32-channel output
Initialized avg-pooling layer 'pool2', producing 8x8 32-channel output
Initialized convolutional layer 'conv3', producing 8x8 64-channel output
Initialized avg-pooling layer 'pool3', producing 4x4 64-channel output
Initialized fully-connected layer 'fc128', producing 128 outputs
Output Drop rate:  0.5
Initialized fully-connected layer 'fc10', producing 10 outputs
Initialized softmax layer 'probs', producing 10 outputs
Initialized logistic regression cost 'logprob'
Initialized neuron layer 'pool1_neuron', producing 8192 outputs
Initialized neuron layer 'conv2_neuron', producing 8192 outputs
Initialized neuron layer 'conv3_neuron', producing 4096 outputs
Initialized neuron layer 'fc128_neuron', producing 128 outputs
=========================
Importing _ConvNet C++ module
============================================
learning rate scale     :  1
Reset Momentum          :  False
Image Rotation & Scaling:  False
============================================
=========================
Training ConvNet
Adaptive Drop Training                              : False [DEFAULT]
Check gradients and quit?                           : 0     [DEFAULT]
Compress checkpoints?                               : 0     [DEFAULT]
Conserve GPU memory (slower)?                       : 1     [DEFAULT]
Convert given conv layers to unshared local         :       
Cropped DP: crop border size                        : 4     [DEFAULT]
Cropped DP: logreg layer name (for --multiview-test):       [DEFAULT]
Cropped DP: test on multiple patches?               : 0     [DEFAULT]
Data batch range: testing                           : 6-6   
Data batch range: training                          : 1-5   
Data path                                           : ../data/cifar-10/ 
Data provider                                       : cifar 
Enable image rotation and scaling transformation    : False [DEFAULT]
GPU override                                        : -1    [DEFAULT]
Image Size                                          : 0     [DEFAULT]
Layer definition file                               : ./layers-80sec.cfg 
Layer parameter file                                : ./layer-params-80sec.cfg 
Learning Rate Scale Factor                          : 1     [DEFAULT]
Load file                                           :       [DEFAULT]
Maximum save file size (MB)                         : 0     [DEFAULT]
Minibatch size                                      : 128   [DEFAULT]
Model File Name                                     :       [DEFAULT]
Number of GPUs                                      : 1     [DEFAULT]
Number of channels in image                         : 3     [DEFAULT]
Number of epochs                                    : 150   
Reset layer momentum                                : False [DEFAULT]
Save path                                           : ./    
Test and quit?                                      : 0     [DEFAULT]
Test on one batch at a time?                        : 1     [DEFAULT]
Testing frequency                                   : 15    
Unshare weight matrices in given layers             :       
Whether filp training image                         : True  [DEFAULT]
=========================
Running on CUDA device(s) -2
Current time: Sat Oct 11 11:14:14 2014
Saving checkpoints to ./ConvNet__2014-10-11_11.14.14
=========================
1.1... logprob:  2.065958, 0.755900 (2.550 sec)
1.2... logprob:  1.756120, 0.634800 (2.324 sec)
1.3... logprob:  1.565830, 0.568100 (2.325 sec)
1.4... logprob:  1.541085, 0.552900 (2.324 sec)
1.5... logprob:  1.460836, 0.522700 (2.310 sec)
epoch_cost: 0
2.1... logprob:  1.385286, 0.492500 (2.327 sec)
2.2... logprob:  1.343875, 0.474600 (2.320 sec)
2.3... logprob:  1.275700, 0.448600 (2.313 sec)
2.4... logprob:  1.249994, 0.437100 (2.305 sec)
2.5... logprob:  1.202698, 0.421700 (2.323 sec)
epoch_cost: 0
3.1... logprob:  1.157844, 0.404200 (2.325 sec)
3.2... logprob:  1.161440, 0.407100 (2.328 sec)
3.3... logprob:  1.079849, 0.379600 (2.323 sec)
3.4... logprob:  1.087680, 0.379600 (2.311 sec)
3.5... logprob:  1.059812, 0.370900 
======================Test output======================
logprob:  1.196182, 0.352600 
------------------------------------------------------- 
Layer 'conv1' weights[0]: 1.781703e-02 [1.341665e-04] 
Layer 'conv1' biases: 4.938900e-03 [6.029776e-06] 
Layer 'conv2' weights[0]: 1.005400e-02 [4.839573e-05] 
Layer 'conv2' biases: 8.309249e-03 [8.896935e-06] 
Layer 'conv3' weights[0]: 9.312307e-03 [4.129461e-05] 
Layer 'conv3' biases: 2.306481e-02 [2.851770e-05] 
Layer 'fc128' weights[0]: 5.610197e-02 [1.962921e-05] 
Layer 'fc128' biases: 8.802243e-03 [1.334780e-05] 
Layer 'fc10' weights[0]: 5.601772e-02 [7.781805e-05] 
Layer 'fc10' biases: 7.023516e-02 [1.059074e-04] 
-------------------------------------------------------
Saved checkpoint to ./ConvNet__2014-10-11_11.14.14
======================================================= (3.187 sec)
epoch_cost: 0
4.1... logprob:  1.017174, 0.357000 (2.328 sec)
4.2... logprob:  1.046963, 0.361100 (2.322 sec)
4.3... logprob:  0.975999, 0.341800 (2.326 sec)
4.4... logprob:  0.994019, 0.344000 (2.325 sec)
4.5... logprob:  0.964394, 0.339000 (2.291 sec)
epoch_cost: 0
5.1... logprob:  0.928695, 0.323400 (2.252 sec)
5.2... logprob:  0.967975, 0.335500 (2.231 sec)
5.3... logprob:  0.888117, 0.309500 (2.238 sec)
5.4... logprob:  0.916426, 0.315400 (2.247 sec)
5.5... logprob:  0.891608, 0.311000 (2.232 sec)
epoch_cost: 0
6.1... logprob:  0.883784, 0.306800 (2.248 sec)
6.2... logprob:  0.895781, 0.309700 (2.249 sec)
6.3... logprob:  0.835934, 0.293200 (2.245 sec)
6.4... logprob:  0.861383, 0.295600 (2.244 sec)
6.5... logprob:  0.845661, 0.294400 
======================Test output======================
logprob:  1.039610, 0.294100 
------------------------------------------------------- 
Layer 'conv1' weights[0]: 2.610968e-02 [1.771804e-04] 
Layer 'conv1' biases: 7.089709e-03 [4.841767e-06] 
Layer 'conv2' weights[0]: 1.182528e-02 [4.265923e-05] 
Layer 'conv2' biases: 1.145102e-02 [6.434586e-06] 
Layer 'conv3' weights[0]: 1.046746e-02 [3.712037e-05] 
Layer 'conv3' biases: 3.172809e-02 [1.563252e-05] 
Layer 'fc128' weights[0]: 3.932890e-02 [1.677388e-05] 
Layer 'fc128' biases: 1.345201e-02 [1.206244e-05] 
Layer 'fc10' weights[0]: 4.345812e-02 [8.664417e-05] 
Layer 'fc10' biases: 1.147603e-01 [1.213577e-04] 
-------------------------------------------------------
Saved checkpoint to ./ConvNet__2014-10-11_11.14.14
======================================================= (3.054 sec)
epoch_cost: 0
7.1... logprob:  0.828162, 0.290600 (2.244 sec)
7.2... logprob:  0.848778, 0.289700 (2.252 sec)
7.3... logprob:  0.793293, 0.275900 (2.241 sec)
7.4... logprob:  0.824031, 0.284600 (2.319 sec)
7.5... logprob:  0.802466, 0.276700 (2.313 sec)
epoch_cost: 0
8.1... logprob:  0.789526, 0.272900 (2.314 sec)
8.2... logprob:  0.804817, 0.272800 (2.319 sec)
8.3... logprob:  0.763061, 0.264500 (2.319 sec)
8.4... logprob:  0.787188, 0.271700 (2.307 sec)
8.5... logprob:  0.759306, 0.265300 (2.309 sec)
epoch_cost: 0
9.1... logprob:  0.754817, 0.260400 (2.307 sec)
9.2... logprob:  0.770566, 0.263900 (2.308 sec)
9.3... logprob:  0.726516, 0.252500 (2.305 sec)
9.4... logprob:  0.758907, 0.264300 (2.307 sec)
9.5... logprob:  0.739179, 0.256900 
======================Test output======================
logprob:  0.981470, 0.280200 
------------------------------------------------------- 
Layer 'conv1' weights[0]: 3.236752e-02 [1.169534e-04] 
Layer 'conv1' biases: 8.646952e-03 [4.396097e-06] 
Layer 'conv2' weights[0]: 1.325575e-02 [4.664915e-05] 
Layer 'conv2' biases: 1.346100e-02 [5.543724e-06] 
Layer 'conv3' weights[0]: 1.147181e-02 [3.991355e-05] 
Layer 'conv3' biases: 3.621784e-02 [1.089849e-05] 
Layer 'fc128' weights[0]: 2.764679e-02 [1.839837e-05] 
Layer 'fc128' biases: 1.661342e-02 [1.050455e-05] 
Layer 'fc10' weights[0]: 3.764736e-02 [9.709661e-05] 
Layer 'fc10' biases: 1.498166e-01 [1.003574e-04] 
-------------------------------------------------------
Saved checkpoint to ./ConvNet__2014-10-11_11.14.14
======================================================= (3.170 sec)
epoch_cost: 0
10.1... logprob:  0.730214, 0.253100 (2.307 sec)
10.2... logprob:  0.735783, 0.252100 (2.306 sec)
10.3... logprob:  0.698388, 0.239700 (2.316 sec)
10.4... logprob:  0.726660, 0.251200 (2.322 sec)
10.5... logprob:  0.711227, 0.247600 (2.306 sec)
epoch_cost: 0
11.1... logprob:  0.702403, 0.238400 (2.295 sec)
11.2... logprob:  0.716582, 0.247400 (2.307 sec)
11.3... logprob:  0.671541, 0.228500 (2.305 sec)
11.4... logprob:  0.704298, 0.243100 (2.309 sec)
11.5... logprob:  0.687185, 0.238800 (2.307 sec)
epoch_cost: 0
12.1... logprob:  0.673892, 0.231900 (2.308 sec)
12.2... logprob:  0.690179, 0.237900 (2.309 sec)
12.3... logprob:  0.655974, 0.227600 (2.319 sec)
12.4... logprob:  0.678752, 0.235000 (2.309 sec)
12.5... logprob:  0.659873, 0.227300 
======================Test output======================
logprob:  0.904699, 0.261400 
------------------------------------------------------- 
Layer 'conv1' weights[0]: 3.752530e-02 [1.040935e-04] 
Layer 'conv1' biases: 9.868668e-03 [3.189842e-06] 
Layer 'conv2' weights[0]: 1.448336e-02 [2.686866e-05] 
Layer 'conv2' biases: 1.497082e-02 [2.619155e-06] 
Layer 'conv3' weights[0]: 1.235238e-02 [2.706733e-05] 
Layer 'conv3' biases: 3.904678e-02 [4.819579e-06] 
Layer 'fc128' weights[0]: 1.957615e-02 [1.624878e-05] 
Layer 'fc128' biases: 1.924317e-02 [6.782189e-06] 
Layer 'fc10' weights[0]: 3.579510e-02 [6.877277e-05] 
Layer 'fc10' biases: 1.800863e-01 [5.908970e-05] 
-------------------------------------------------------
Saved checkpoint to ./ConvNet__2014-10-11_11.14.14
======================================================= (3.164 sec)
epoch_cost: 0
13.1... logprob:  0.651419, 0.223200 (2.324 sec)
13.2... logprob:  0.667351, 0.229500 (2.323 sec)
13.3... logprob:  0.630956, 0.218200 (2.325 sec)
13.4... logprob:  0.654324, 0.226700 (2.317 sec)
13.5... logprob:  0.631676, 0.220200 (2.306 sec)
epoch_cost: 0
14.1... logprob:  0.629327, 0.215900 (2.308 sec)
14.2... logprob:  0.647072, 0.220700 (2.307 sec)
14.3... logprob:  0.614644, 0.210700 (2.306 sec)
14.4... logprob:  0.639156, 0.222000 (2.307 sec)
14.5... logprob:  0.623269, 0.218900 (2.307 sec)
epoch_cost: 0
15.1... logprob:  0.604871, 0.211700 (2.306 sec)
15.2... logprob:  0.621899, 0.211500 (2.307 sec)
15.3... logprob:  0.592314, 0.204200 (2.307 sec)
15.4... logprob:  0.620073, 0.215700 (2.309 sec)
15.5... logprob:  0.597011, 0.208200 
======================Test output======================
logprob:  0.871494, 0.247500 
------------------------------------------------------- 
Layer 'conv1' weights[0]: 4.186733e-02 [9.682409e-05] 
Layer 'conv1' biases: 1.084415e-02 [2.343386e-06] 
Layer 'conv2' weights[0]: 1.553871e-02 [2.151110e-05] 
Layer 'conv2' biases: 1.610146e-02 [1.613903e-06] 
Layer 'conv3' weights[0]: 1.314196e-02 [2.433690e-05] 
Layer 'conv3' biases: 4.093748e-02 [3.187444e-06] 
Layer 'fc128' weights[0]: 1.409290e-02 [1.653282e-05] 
Layer 'fc128' biases: 2.152873e-02 [5.316441e-06] 
Layer 'fc10' weights[0]: 3.583212e-02 [5.903267e-05] 
Layer 'fc10' biases: 2.053656e-01 [4.298188e-05] 
-------------------------------------------------------
Saved checkpoint to ./ConvNet__2014-10-11_11.14.14
======================================================= (3.166 sec)
epoch_cost: 0
16.1... logprob:  0.580441, 0.199400 (2.323 sec)
16.2... logprob:  0.605194, 0.210200 (2.307 sec)
16.3... logprob:  0.579040, 0.199600 (2.307 sec)
16.4... logprob:  0.600859, 0.205200 (2.308 sec)
16.5... logprob:  0.581582, 0.201800 (2.308 sec)
epoch_cost: 0
17.1... logprob:  0.567674, 0.195400 (2.307 sec)
17.2... logprob:  0.583833, 0.200500 (2.304 sec)
17.3... logprob:  0.559500, 0.191700 (2.307 sec)
17.4... logprob:  0.579276, 0.196300 (2.314 sec)
17.5... logprob:  0.569455, 0.199000 (2.303 sec)
epoch_cost: 0
18.1... logprob:  0.544426, 0.187800 (2.304 sec)
18.2... logprob:  0.569295, 0.191200 (2.305 sec)
18.3... logprob:  0.547663, 0.189400 (2.304 sec)
18.4... logprob:  0.568797, 0.188500 (2.312 sec)
18.5... logprob:  0.549848, 0.191400 
======================Test output======================
logprob:  0.837536, 0.245300 
------------------------------------------------------- 
Layer 'conv1' weights[0]: 4.570015e-02 [8.045526e-05] 
Layer 'conv1' biases: 1.172912e-02 [1.990999e-06] 
Layer 'conv2' weights[0]: 1.646900e-02 [2.299063e-05] 
Layer 'conv2' biases: 1.700512e-02 [1.786755e-06] 
Layer 'conv3' weights[0]: 1.384321e-02 [2.436416e-05] 
Layer 'conv3' biases: 4.231945e-02 [2.763332e-06] 
Layer 'fc128' weights[0]: 1.048934e-02 [1.945737e-05] 
Layer 'fc128' biases: 2.354241e-02 [6.009549e-06] 
Layer 'fc10' weights[0]: 3.652431e-02 [5.955370e-05] 
Layer 'fc10' biases: 2.272697e-01 [4.718559e-05] 
-------------------------------------------------------
Saved checkpoint to ./ConvNet__2014-10-11_11.14.14
======================================================= (3.160 sec)
epoch_cost: 0
19.1... logprob:  0.532114, 0.184700 (2.299 sec)
19.2... logprob:  0.552374, 0.191100 (2.307 sec)
19.3... logprob:  0.528568, 0.185000 (2.308 sec)
19.4... logprob:  0.545062, 0.184500 (2.303 sec)
19.5... logprob:  0.534953, 0.185200 (2.304 sec)
epoch_cost: 0
20.1... logprob:  0.509934, 0.176500 (2.302 sec)
20.2... logprob:  0.532834, 0.180600 (2.306 sec)
20.3... logprob:  0.515018, 0.178600 (2.305 sec)
20.4... logprob:  0.534510, 0.182400 (2.304 sec)
20.5... logprob:  0.519839, 0.180100 (2.304 sec)
epoch_cost: 0
21.1... logprob:  0.499849, 0.174000 (2.306 sec)
21.2... logprob:  0.523523, 0.178400 (2.303 sec)
21.3... logprob:  0.507709, 0.176800 (2.306 sec)
21.4... logprob:  0.516427, 0.175600 (2.304 sec)
21.5... logprob:  0.508955, 0.177100 
======================Test output======================
logprob:  0.828693, 0.254300 
------------------------------------------------------- 
Layer 'conv1' weights[0]: 4.908552e-02 [5.582688e-05] 
Layer 'conv1' biases: 1.257274e-02 [1.567472e-06] 
Layer 'conv2' weights[0]: 1.728436e-02 [2.212110e-05] 
Layer 'conv2' biases: 1.780951e-02 [1.581726e-06] 
Layer 'conv3' weights[0]: 1.448906e-02 [2.201348e-05] 
Layer 'conv3' biases: 4.339610e-02 [1.981526e-06] 
Layer 'fc128' weights[0]: 8.261019e-03 [1.952318e-05] 
Layer 'fc128' biases: 2.527605e-02 [4.777642e-06] 
Layer 'fc10' weights[0]: 3.753109e-02 [5.448217e-05] 
Layer 'fc10' biases: 2.465338e-01 [3.826537e-05] 
-------------------------------------------------------
Saved checkpoint to ./ConvNet__2014-10-11_11.14.14
======================================================= (3.160 sec)
epoch_cost: 0
22.1... logprob:  0.484683, 0.167300 (2.310 sec)
22.2... logprob:  0.510065, 0.175800 (2.321 sec)
22.3... logprob:  0.491268, 0.168500 (2.303 sec)
22.4... logprob:  0.510778, 0.179200 (2.306 sec)
22.5... logprob:  0.489728, 0.170600 (2.306 sec)
epoch_cost: 0
23.1... logprob:  0.466534, 0.161200 (2.305 sec)
23.2... logprob:  0.510117, 0.173800 (2.306 sec)
23.3... logprob:  0.480575, 0.166100 (2.297 sec)
23.4... logprob:  0.487506, 0.164900 (2.305 sec)
23.5... logprob:  0.481001, 0.163700 (2.295 sec)
epoch_cost: 0
24.1... logprob:  0.451283, 0.156000 (2.305 sec)
24.2... logprob:  0.494569, 0.168500 (2.305 sec)
24.3... logprob:  0.482449, 0.168100 (2.303 sec)
24.4... logprob:  0.483818, 0.163600 (2.305 sec)
24.5... logprob:  0.463447, 0.163200 
======================Test output======================
logprob:  0.833798, 0.270300 
------------------------------------------------------- 
Layer 'conv1' weights[0]: 5.208943e-02 [4.242108e-05] 
Layer 'conv1' biases: 1.335050e-02 [2.154454e-06] 
Layer 'conv2' weights[0]: 1.802412e-02 [2.229054e-05] 
Layer 'conv2' biases: 1.848323e-02 [1.738139e-06] 
Layer 'conv3' weights[0]: 1.509155e-02 [2.011158e-05] 
Layer 'conv3' biases: 4.425767e-02 [2.020084e-06] 
Layer 'fc128' weights[0]: 7.010761e-03 [1.894335e-05] 
Layer 'fc128' biases: 2.683144e-02 [4.710901e-06] 
Layer 'fc10' weights[0]: 3.834562e-02 [4.846187e-05] 
Layer 'fc10' biases: 2.641081e-01 [3.177052e-05] 
-------------------------------------------------------
Saved checkpoint to ./ConvNet__2014-10-11_11.14.14
======================================================= (3.162 sec)
epoch_cost: 0
25.1... logprob:  0.445304, 0.154500 (2.306 sec)
25.2... logprob:  0.482865, 0.164900 (2.315 sec)
25.3... logprob:  0.472805, 0.161400 (2.311 sec)
25.4... logprob:  0.471301, 0.164300 (2.305 sec)
25.5... logprob:  0.454328, 0.154300 (2.304 sec)
epoch_cost: 0
26.1... logprob:  0.434297, 0.150300 (2.310 sec)
26.2... logprob:  0.456930, 0.154400 (2.305 sec)
26.3... logprob:  0.467315, 0.162500 (2.314 sec)
26.4... logprob:  0.467843, 0.161300 (2.303 sec)
26.5... logprob:  0.434633, 0.147400 (2.303 sec)
epoch_cost: 0
27.1... logprob:  0.415056, 0.143700 (2.305 sec)
27.2... logprob:  0.446636, 0.152700 (2.314 sec)
27.3... logprob:  0.455902, 0.158200 (2.302 sec)
27.4... logprob:  0.457034, 0.156100 (2.305 sec)
27.5... logprob:  0.439885, 0.151200 
======================Test output======================
logprob:  0.792704, 0.252500 
------------------------------------------------------- 
Layer 'conv1' weights[0]: 5.483865e-02 [5.001344e-05] 
Layer 'conv1' biases: 1.410906e-02 [2.333128e-06] 
Layer 'conv2' weights[0]: 1.870235e-02 [2.249528e-05] 
Layer 'conv2' biases: 1.905197e-02 [1.433274e-06] 
Layer 'conv3' weights[0]: 1.565997e-02 [2.328308e-05] 
Layer 'conv3' biases: 4.495789e-02 [1.955965e-06] 
Layer 'fc128' weights[0]: 6.413222e-03 [2.248047e-05] 
Layer 'fc128' biases: 2.826115e-02 [5.647933e-06] 
Layer 'fc10' weights[0]: 3.916681e-02 [6.286927e-05] 
Layer 'fc10' biases: 2.802155e-01 [6.229540e-05] 
-------------------------------------------------------
Saved checkpoint to ./ConvNet__2014-10-11_11.14.14
======================================================= (3.163 sec)
epoch_cost: 0
28.1... logprob:  0.405024, 0.141400 (2.318 sec)
28.2... logprob:  0.434650, 0.149000 (2.303 sec)
28.3... logprob:  0.437460, 0.151200 (2.312 sec)
28.4... logprob:  0.451667, 0.156200 (2.306 sec)
28.5... logprob:  0.435796, 0.149900 (2.304 sec)
epoch_cost: 0
29.1... logprob:  0.402582, 0.136600 (2.303 sec)
29.2... logprob:  0.421497, 0.146000 (2.306 sec)
29.3... logprob:  0.440975, 0.153700 (2.304 sec)
29.4... logprob:  0.445993, 0.151000 (2.303 sec)
29.5... logprob:  0.428276, 0.149200 (2.305 sec)
epoch_cost: 0
30.1... logprob:  0.398443, 0.139200 (2.305 sec)
30.2... logprob:  0.410227, 0.141000 (2.304 sec)
30.3... logprob:  0.428613, 0.149400 (2.304 sec)
30.4... logprob:  0.423888, 0.143200 (2.305 sec)
30.5... logprob:  0.408893, 0.141600 
======================Test output======================
logprob:  0.768864, 0.250000 
------------------------------------------------------- 
Layer 'conv1' weights[0]: 5.726882e-02 [6.536199e-05] 
Layer 'conv1' biases: 1.483758e-02 [3.124490e-06] 
Layer 'conv2' weights[0]: 1.932355e-02 [2.959791e-05] 
Layer 'conv2' biases: 1.953737e-02 [1.863507e-06] 
Layer 'conv3' weights[0]: 1.620406e-02 [2.780420e-05] 
Layer 'conv3' biases: 4.556151e-02 [1.872281e-06] 
Layer 'fc128' weights[0]: 6.207729e-03 [2.761009e-05] 
Layer 'fc128' biases: 2.959074e-02 [6.595384e-06] 
Layer 'fc10' weights[0]: 3.985963e-02 [8.147898e-05] 
Layer 'fc10' biases: 2.951906e-01 [9.247587e-05] 
-------------------------------------------------------
Saved checkpoint to ./ConvNet__2014-10-11_11.14.14
======================================================= (3.158 sec)
epoch_cost: 0
31.1... logprob:  0.391462, 0.136700 (2.305 sec)
31.2... logprob:  0.401312, 0.138900 (2.303 sec)
31.3... logprob:  0.419368, 0.144700 (2.304 sec)
31.4... logprob:  0.421888, 0.142100 (2.304 sec)
31.5... logprob:  0.398658, 0.139000 (2.305 sec)
epoch_cost: 0
32.1... logprob:  0.388098, 0.135200 (2.305 sec)
32.2... logprob:  0.397124, 0.138600 (2.307 sec)
32.3... logprob:  0.407683, 0.138800 (2.303 sec)
32.4... logprob:  0.409453, 0.141300 (2.303 sec)
32.5... logprob:  0.382893, 0.129700 (2.302 sec)
epoch_cost: 0
33.1... logprob:  0.381561, 0.133800 (2.304 sec)
33.2... logprob:  0.391503, 0.135300 (2.306 sec)
33.3... logprob:  0.394103, 0.136700 (2.305 sec)
33.4... logprob:  0.410901, 0.141600 (2.300 sec)
33.5... logprob:  0.383414, 0.132400 
======================Test output======================
logprob:  0.769104, 0.252200 
------------------------------------------------------- 
Layer 'conv1' weights[0]: 5.944975e-02 [8.256931e-05] 
Layer 'conv1' biases: 1.548559e-02 [3.103755e-06] 
Layer 'conv2' weights[0]: 1.991003e-02 [2.784012e-05] 
Layer 'conv2' biases: 1.995450e-02 [1.724325e-06] 
Layer 'conv3' weights[0]: 1.672733e-02 [3.022294e-05] 
Layer 'conv3' biases: 4.609854e-02 [2.025901e-06] 
Layer 'fc128' weights[0]: 6.200863e-03 [2.802384e-05] 
Layer 'fc128' biases: 3.088426e-02 [6.132090e-06] 
Layer 'fc10' weights[0]: 4.051684e-02 [6.517133e-05] 
Layer 'fc10' biases: 3.104432e-01 [5.441082e-05] 
-------------------------------------------------------
Saved checkpoint to ./ConvNet__2014-10-11_11.14.14
======================================================= (3.160 sec)
epoch_cost: 0
34.1... logprob:  0.368292, 0.133900 (2.305 sec)
34.2... logprob:  0.374731, 0.131500 (2.304 sec)
34.3... logprob:  0.377371, 0.129300 (2.305 sec)
34.4... logprob:  0.391471, 0.134900 (2.306 sec)
34.5... logprob:  0.381888, 0.136300 (2.304 sec)
epoch_cost: 0
35.1... logprob:  0.372295, 0.132300 (2.304 sec)
35.2... logprob:  0.373259, 0.128600 (2.305 sec)
35.3... logprob:  0.365802, 0.126700 (2.305 sec)
35.4... logprob:  0.379203, 0.133600 (2.304 sec)
35.5... logprob:  0.356543, 0.122200 (2.306 sec)
epoch_cost: 0
36.1... logprob:  0.344989, 0.121700 (2.307 sec)
36.2... logprob:  0.351788, 0.118900 (2.305 sec)
36.3... logprob:  0.351560, 0.122700 (2.304 sec)
36.4... logprob:  0.356137, 0.123900 (2.304 sec)
36.5... logprob:  0.342503, 0.119200 
======================Test output======================
logprob:  0.749696, 0.248500 
------------------------------------------------------- 
Layer 'conv1' weights[0]: 6.146410e-02 [6.942147e-05] 
Layer 'conv1' biases: 1.605333e-02 [3.487348e-06] 
Layer 'conv2' weights[0]: 2.042621e-02 [3.264065e-05] 
Layer 'conv2' biases: 2.029524e-02 [1.991059e-06] 
Layer 'conv3' weights[0]: 1.718831e-02 [3.011175e-05] 
Layer 'conv3' biases: 4.656731e-02 [2.016646e-06] 
Layer 'fc128' weights[0]: 6.262860e-03 [2.719101e-05] 
Layer 'fc128' biases: 3.203823e-02 [5.947142e-06] 
Layer 'fc10' weights[0]: 4.126582e-02 [6.484962e-05] 
Layer 'fc10' biases: 3.235077e-01 [6.276248e-05] 
-------------------------------------------------------
Saved checkpoint to ./ConvNet__2014-10-11_11.14.14
======================================================= (3.161 sec)
epoch_cost: 0
37.1... logprob:  0.342104, 0.118200 (2.306 sec)
37.2... logprob:  0.346841, 0.119400 (2.303 sec)
37.3... logprob:  0.344118, 0.120100 (2.303 sec)
37.4... logprob:  0.346996, 0.121000 (2.302 sec)
37.5... logprob:  0.328336, 0.116900 (2.305 sec)
epoch_cost: 0
38.1... logprob:  0.333767, 0.116100 (2.304 sec)
38.2... logprob:  0.327623, 0.111300 (2.303 sec)
38.3... logprob:  0.319959, 0.109200 (2.305 sec)
38.4... logprob:  0.344997, 0.121900 (2.304 sec)
38.5... logprob:  0.325761, 0.111200 (2.304 sec)
epoch_cost: 0
39.1... logprob:  0.322015, 0.112800 (2.303 sec)
39.2... logprob:  0.325879, 0.113700 (2.304 sec)
39.3... logprob:  0.318727, 0.109700 (2.304 sec)
39.4... logprob:  0.343695, 0.120700 (2.303 sec)
39.5... logprob:  0.315586, 0.109500 
======================Test output======================
logprob:  0.738592, 0.248600 
------------------------------------------------------- 
Layer 'conv1' weights[0]: 6.333482e-02 [7.313237e-05] 
Layer 'conv1' biases: 1.656454e-02 [2.443232e-06] 
Layer 'conv2' weights[0]: 2.088292e-02 [2.674233e-05] 
Layer 'conv2' biases: 2.061259e-02 [1.365272e-06] 
Layer 'conv3' weights[0]: 1.760904e-02 [2.838973e-05] 
Layer 'conv3' biases: 4.698367e-02 [1.744167e-06] 
Layer 'fc128' weights[0]: 6.363206e-03 [2.701759e-05] 
Layer 'fc128' biases: 3.305784e-02 [5.139634e-06] 
Layer 'fc10' weights[0]: 4.193813e-02 [6.266980e-05] 
Layer 'fc10' biases: 3.353166e-01 [5.487046e-05] 
-------------------------------------------------------
Saved checkpoint to ./ConvNet__2014-10-11_11.14.14
======================================================= (3.160 sec)
epoch_cost: 0
40.1... logprob:  0.320524, 0.109600 (2.305 sec)
40.2... logprob:  0.328829, 0.115900 (2.304 sec)
40.3... logprob:  0.322181, 0.113300 (2.311 sec)
40.4... logprob:  0.326613, 0.114700 (2.305 sec)
40.5... logprob:  0.302269, 0.101800 (2.306 sec)
epoch_cost: 0
41.1... logprob:  0.307845, 0.107800 (2.303 sec)
41.2... logprob:  0.306024, 0.103400 (2.302 sec)
41.3... logprob:  0.307469, 0.105400 (2.305 sec)
41.4... logprob:  0.318197, 0.110600 (2.304 sec)
41.5... logprob:  0.301005, 0.104900 (2.305 sec)
epoch_cost: 0
42.1... logprob:  0.306008, 0.105000 (2.302 sec)
42.2... logprob:  0.314212, 0.107100 (2.303 sec)
42.3... logprob:  0.304976, 0.103600 (2.304 sec)
42.4... logprob:  0.321440, 0.113800 (2.303 sec)
42.5... logprob:  0.310209, 0.110800 
======================Test output======================
logprob:  0.724652, 0.244800 
------------------------------------------------------- 
Layer 'conv1' weights[0]: 6.503233e-02 [5.398626e-05] 
Layer 'conv1' biases: 1.705720e-02 [2.157265e-06] 
Layer 'conv2' weights[0]: 2.130107e-02 [2.487948e-05] 
Layer 'conv2' biases: 2.091873e-02 [1.308754e-06] 
Layer 'conv3' weights[0]: 1.801760e-02 [2.608508e-05] 
Layer 'conv3' biases: 4.733961e-02 [1.510884e-06] 
Layer 'fc128' weights[0]: 6.503966e-03 [2.559241e-05] 
Layer 'fc128' biases: 3.401467e-02 [4.953567e-06] 
Layer 'fc10' weights[0]: 4.245685e-02 [6.121564e-05] 
Layer 'fc10' biases: 3.466198e-01 [4.684702e-05] 
-------------------------------------------------------
Saved checkpoint to ./ConvNet__2014-10-11_11.14.14
======================================================= (3.159 sec)
epoch_cost: 0
43.1... logprob:  0.308366, 0.108800 (2.305 sec)
43.2... logprob:  0.314881, 0.109200 (2.304 sec)
43.3... logprob:  0.302121, 0.100500 (2.304 sec)
43.4... logprob:  0.305083, 0.105600 (2.304 sec)
43.5... logprob:  0.305472, 0.107900 (2.303 sec)
epoch_cost: 0
44.1... logprob:  0.299530, 0.104300 (2.304 sec)
44.2... logprob:  0.308309, 0.111400 (2.303 sec)
44.3... logprob:  0.294467, 0.102700 (2.304 sec)
44.4... logprob:  0.303173, 0.103300 (2.303 sec)
44.5... logprob:  0.308156, 0.108600 (2.303 sec)
epoch_cost: 0
45.1... logprob:  0.298580, 0.104700 (2.305 sec)
45.2... logprob:  0.308108, 0.105200 (2.305 sec)
45.3... logprob:  0.321900, 0.115100 (2.305 sec)
45.4... logprob:  0.313949, 0.107400 (2.311 sec)
45.5... logprob:  0.297721, 0.105100 
======================Test output======================
logprob:  0.738941, 0.251500 
------------------------------------------------------- 
Layer 'conv1' weights[0]: 6.647595e-02 [5.202458e-05] 
Layer 'conv1' biases: 1.756790e-02 [2.263426e-06] 
Layer 'conv2' weights[0]: 2.169582e-02 [2.780290e-05] 
Layer 'conv2' biases: 2.120567e-02 [1.447103e-06] 
Layer 'conv3' weights[0]: 1.841048e-02 [2.610316e-05] 
Layer 'conv3' biases: 4.766728e-02 [1.323947e-06] 
Layer 'fc128' weights[0]: 6.642503e-03 [2.629570e-05] 
Layer 'fc128' biases: 3.491014e-02 [4.633619e-06] 
Layer 'fc10' weights[0]: 4.276687e-02 [5.637480e-05] 
Layer 'fc10' biases: 3.574628e-01 [3.664530e-05] 
-------------------------------------------------------
Saved checkpoint to ./ConvNet__2014-10-11_11.14.14
======================================================= (3.162 sec)
epoch_cost: 0
46.1... logprob:  0.303075, 0.103300 (2.305 sec)
46.2... logprob:  0.321556, 0.113900 (2.303 sec)
46.3... logprob:  0.308250, 0.104500 (2.313 sec)
46.4... logprob:  0.311959, 0.110300 (2.305 sec)
46.5... logprob:  0.286275, 0.099600 (2.304 sec)
epoch_cost: 0
47.1... logprob:  0.293841, 0.100600 (2.304 sec)
47.2... logprob:  0.311355, 0.107800 (2.304 sec)
47.3... logprob:  0.290506, 0.098900 (2.304 sec)
47.4... logprob:  0.298412, 0.104000 (2.303 sec)
47.5... logprob:  0.273452, 0.092000 (2.304 sec)
epoch_cost: 0
48.1... logprob:  0.274542, 0.096300 (2.304 sec)
48.2... logprob:  0.303574, 0.105400 (2.302 sec)
48.3... logprob:  0.289860, 0.101500 (2.318 sec)
48.4... logprob:  0.300123, 0.102700 (2.314 sec)
48.5... logprob:  0.267539, 0.089200 
======================Test output======================
logprob:  0.709058, 0.237400 
------------------------------------------------------- 
Layer 'conv1' weights[0]: 6.770083e-02 [6.155689e-05] 
Layer 'conv1' biases: 1.804372e-02 [2.179087e-06] 
Layer 'conv2' weights[0]: 2.205338e-02 [2.436876e-05] 
Layer 'conv2' biases: 2.148000e-02 [1.245717e-06] 
Layer 'conv3' weights[0]: 1.876599e-02 [2.581294e-05] 
Layer 'conv3' biases: 4.795542e-02 [1.283892e-06] 
Layer 'fc128' weights[0]: 6.726690e-03 [2.637314e-05] 
Layer 'fc128' biases: 3.577309e-02 [4.552757e-06] 
Layer 'fc10' weights[0]: 4.298697e-02 [6.161333e-05] 
Layer 'fc10' biases: 3.691949e-01 [4.913132e-05] 
-------------------------------------------------------
Saved checkpoint to ./ConvNet__2014-10-11_11.14.14
======================================================= (3.175 sec)
epoch_cost: 0
49.1... logprob:  0.254804, 0.090400 (2.306 sec)
49.2... logprob:  0.281457, 0.097300 (2.302 sec)
49.3... logprob:  0.271328, 0.093100 (2.323 sec)
49.4... logprob:  0.288236, 0.099800 (2.306 sec)
49.5... logprob:  0.273555, 0.093800 (2.303 sec)
epoch_cost: 0
50.1... logprob:  0.262804, 0.089000 (2.305 sec)
50.2... logprob:  0.287262, 0.098900 (2.302 sec)
50.3... logprob:  0.274933, 0.096900 (2.301 sec)
50.4... logprob:  0.275434, 0.093600 (2.305 sec)
50.5... logprob:  0.259292, 0.088900 (2.304 sec)
epoch_cost: 0
51.1... logprob:  0.249033, 0.085300 (2.306 sec)
51.2... logprob:  0.294424, 0.105600 (2.303 sec)
51.3... logprob:  0.262714, 0.090300 (2.304 sec)
51.4... logprob:  0.268165, 0.092200 (2.304 sec)
51.5... logprob:  0.259559, 0.088200 
======================Test output======================
logprob:  0.713434, 0.237100 
------------------------------------------------------- 
Layer 'conv1' weights[0]: 6.883306e-02 [9.234732e-05] 
Layer 'conv1' biases: 1.850006e-02 [3.588991e-06] 
Layer 'conv2' weights[0]: 2.236716e-02 [3.156552e-05] 
Layer 'conv2' biases: 2.175135e-02 [1.740004e-06] 
Layer 'conv3' weights[0]: 1.907023e-02 [3.155461e-05] 
Layer 'conv3' biases: 4.821712e-02 [1.643410e-06] 
Layer 'fc128' weights[0]: 6.769996e-03 [2.848785e-05] 
Layer 'fc128' biases: 3.658873e-02 [4.723784e-06] 
Layer 'fc10' weights[0]: 4.319559e-02 [6.662334e-05] 
Layer 'fc10' biases: 3.796417e-01 [5.181714e-05] 
-------------------------------------------------------
Saved checkpoint to ./ConvNet__2014-10-11_11.14.14
======================================================= (3.162 sec)
epoch_cost: 0
52.1... logprob:  0.240040, 0.082400 (2.321 sec)
52.2... logprob:  0.262727, 0.092300 (2.315 sec)
52.3... logprob:  0.242650, 0.082500 (2.307 sec)
52.4... logprob:  0.264419, 0.091300 (2.303 sec)
52.5... logprob:  0.255077, 0.091200 (2.313 sec)
epoch_cost: 0
53.1... logprob:  0.250730, 0.084100 (2.305 sec)
53.2... logprob:  0.258075, 0.086300 (2.302 sec)
53.3... logprob:  0.241149, 0.083400 (2.303 sec)
53.4... logprob:  0.265099, 0.087600 (2.304 sec)
53.5... logprob:  0.265780, 0.095300 (2.305 sec)
epoch_cost: 0
54.1... logprob:  0.248267, 0.083900 (2.306 sec)
54.2... logprob:  0.267372, 0.093600 (2.303 sec)
54.3... logprob:  0.231717, 0.076600 (2.305 sec)
54.4... logprob:  0.250982, 0.087100 (2.303 sec)
54.5... logprob:  0.245149, 0.085600 
======================Test output======================
logprob:  0.713506, 0.242600 
------------------------------------------------------- 
Layer 'conv1' weights[0]: 6.992264e-02 [5.467767e-05] 
Layer 'conv1' biases: 1.893841e-02 [2.680237e-06] 
Layer 'conv2' weights[0]: 2.264337e-02 [2.323684e-05] 
Layer 'conv2' biases: 2.199700e-02 [1.210794e-06] 
Layer 'conv3' weights[0]: 1.934003e-02 [2.253039e-05] 
Layer 'conv3' biases: 4.847105e-02 [1.016176e-06] 
Layer 'fc128' weights[0]: 6.797750e-03 [2.454514e-05] 
Layer 'fc128' biases: 3.735012e-02 [3.644390e-06] 
Layer 'fc10' weights[0]: 4.350603e-02 [5.077165e-05] 
Layer 'fc10' biases: 3.892732e-01 [3.144120e-05] 
-------------------------------------------------------
Saved checkpoint to ./ConvNet__2014-10-11_11.14.14
======================================================= (3.162 sec)
epoch_cost: 0
55.1... logprob:  0.232447, 0.080900 (2.306 sec)
55.2... logprob:  0.241363, 0.079500 (2.306 sec)
55.3... logprob:  0.227723, 0.077300 (2.304 sec)
55.4... logprob:  0.242896, 0.084000 (2.306 sec)
55.5... logprob:  0.246374, 0.085600 (2.306 sec)
epoch_cost: 0
56.1... logprob:  0.242472, 0.086300 (2.302 sec)
56.2... logprob:  0.257238, 0.086500 (2.303 sec)
56.3... logprob:  0.239106, 0.081900 (2.303 sec)
56.4... logprob:  0.249214, 0.083900 (2.305 sec)
56.5... logprob:  0.248820, 0.086400 (2.303 sec)
epoch_cost: 0
57.1... logprob:  0.256425, 0.087800 (2.304 sec)
57.2... logprob:  0.245050, 0.079400 (2.304 sec)
57.3... logprob:  0.227653, 0.075600 (2.304 sec)
57.4... logprob:  0.244165, 0.083300 (2.305 sec)
57.5... logprob:  0.231828, 0.078100 
======================Test output======================
logprob:  0.739719, 0.251300 
------------------------------------------------------- 
Layer 'conv1' weights[0]: 7.088104e-02 [6.273532e-05] 
Layer 'conv1' biases: 1.935976e-02 [2.545344e-06] 
Layer 'conv2' weights[0]: 2.287712e-02 [2.711923e-05] 
Layer 'conv2' biases: 2.222273e-02 [1.219097e-06] 
Layer 'conv3' weights[0]: 1.958222e-02 [2.902139e-05] 
Layer 'conv3' biases: 4.870228e-02 [1.290091e-06] 
Layer 'fc128' weights[0]: 6.841572e-03 [2.866204e-05] 
Layer 'fc128' biases: 3.811892e-02 [4.088432e-06] 
Layer 'fc10' weights[0]: 4.367511e-02 [6.128093e-05] 
Layer 'fc10' biases: 3.994641e-01 [4.138545e-05] 
-------------------------------------------------------
Saved checkpoint to ./ConvNet__2014-10-11_11.14.14
======================================================= (3.160 sec)
epoch_cost: 0
58.1... logprob:  0.242167, 0.083000 (2.306 sec)
58.2... logprob:  0.243127, 0.084300 (2.304 sec)
58.3... logprob:  0.232607, 0.077800 (2.323 sec)
58.4... logprob:  0.234228, 0.079400 (2.306 sec)
58.5... logprob:  0.228850, 0.078200 (2.304 sec)
epoch_cost: 0
59.1... logprob:  0.239951, 0.081100 (2.302 sec)
59.2... logprob:  0.234547, 0.079800 (2.304 sec)
59.3... logprob:  0.221331, 0.074800 (2.305 sec)
59.4... logprob:  0.228284, 0.077100 (2.305 sec)
59.5... logprob:  0.222509, 0.077300 (2.303 sec)
epoch_cost: 0
60.1... logprob:  0.229727, 0.078000 (2.310 sec)
60.2... logprob:  0.235550, 0.081400 (2.304 sec)
60.3... logprob:  0.221448, 0.071300 (2.303 sec)
60.4... logprob:  0.234723, 0.079200 (2.304 sec)
60.5... logprob:  0.226486, 0.079100 
======================Test output======================
logprob:  0.750653, 0.250700 
------------------------------------------------------- 
Layer 'conv1' weights[0]: 7.172891e-02 [6.287476e-05] 
Layer 'conv1' biases: 1.977715e-02 [2.641059e-06] 
Layer 'conv2' weights[0]: 2.309896e-02 [2.636384e-05] 
Layer 'conv2' biases: 2.243489e-02 [1.474804e-06] 
Layer 'conv3' weights[0]: 1.981109e-02 [2.684104e-05] 
Layer 'conv3' biases: 4.891066e-02 [1.309130e-06] 
Layer 'fc128' weights[0]: 6.878825e-03 [2.849340e-05] 
Layer 'fc128' biases: 3.880147e-02 [4.840873e-06] 
Layer 'fc10' weights[0]: 4.370322e-02 [6.057219e-05] 
Layer 'fc10' biases: 4.083118e-01 [4.712196e-05] 
-------------------------------------------------------
Saved checkpoint to ./ConvNet__2014-10-11_11.14.14
======================================================= (3.161 sec)
epoch_cost: 0
61.1... logprob:  0.214520, 0.070600 (2.306 sec)
61.2... logprob:  0.233423, 0.079200 (2.303 sec)
61.3... logprob:  0.217502, 0.072100 (2.304 sec)
61.4... logprob:  0.226661, 0.076300 (2.303 sec)
61.5... logprob:  0.225412, 0.078200 (2.305 sec)
epoch_cost: 0
62.1... logprob:  0.220801, 0.074400 (2.304 sec)
62.2... logprob:  0.234217, 0.079800 (2.303 sec)
62.3... logprob:  0.225337, 0.075600 (2.304 sec)
62.4... logprob:  0.236343, 0.080700 (2.304 sec)
62.5... logprob:  0.227409, 0.078200 (2.304 sec)
epoch_cost: 0
63.1... logprob:  0.221851, 0.074100 (2.323 sec)
63.2... logprob:  0.242089, 0.082200 (2.304 sec)
63.3... logprob:  0.224524, 0.078300 (2.303 sec)
63.4... logprob:  0.220462, 0.074700 (2.304 sec)
63.5... logprob:  0.227672, 0.077800 
======================Test output======================
logprob:  0.735010, 0.243400 
------------------------------------------------------- 
Layer 'conv1' weights[0]: 7.247655e-02 [6.687450e-05] 
Layer 'conv1' biases: 2.019740e-02 [2.686059e-06] 
Layer 'conv2' weights[0]: 2.329757e-02 [2.787509e-05] 
Layer 'conv2' biases: 2.264557e-02 [1.406774e-06] 
Layer 'conv3' weights[0]: 2.001803e-02 [3.190920e-05] 
Layer 'conv3' biases: 4.911250e-02 [1.347010e-06] 
Layer 'fc128' weights[0]: 6.927192e-03 [3.176426e-05] 
Layer 'fc128' biases: 3.943770e-02 [4.624560e-06] 
Layer 'fc10' weights[0]: 4.371469e-02 [6.845283e-05] 
Layer 'fc10' biases: 4.164264e-01 [4.473046e-05] 
-------------------------------------------------------
Saved checkpoint to ./ConvNet__2014-10-11_11.14.14
======================================================= (3.160 sec)
epoch_cost: 0
64.1... logprob:  0.218139, 0.071500 (2.311 sec)
64.2... logprob:  0.240768, 0.080100 (2.308 sec)
64.3... logprob:  0.214221, 0.071600 (2.306 sec)
64.4... logprob:  0.229212, 0.078700 (2.304 sec)
64.5... logprob:  0.235916, 0.083700 (2.302 sec)
epoch_cost: 0
65.1... logprob:  0.223040, 0.076800 (2.300 sec)
65.2... logprob:  0.234768, 0.080400 (2.303 sec)
65.3... logprob:  0.218819, 0.075100 (2.305 sec)
65.4... logprob:  0.220467, 0.074400 (2.303 sec)
65.5... logprob:  0.234607, 0.080100 (2.293 sec)
epoch_cost: 0
66.1... logprob:  0.214848, 0.075100 (2.303 sec)
66.2... logprob:  0.243343, 0.082900 (2.301 sec)
66.3... logprob:  0.220296, 0.074500 (2.302 sec)
66.4... logprob:  0.225603, 0.077400 (2.296 sec)
66.5... logprob:  0.224915, 0.076000 
======================Test output======================
logprob:  0.755535, 0.248500 
------------------------------------------------------- 
Layer 'conv1' weights[0]: 7.310309e-02 [5.770716e-05] 
Layer 'conv1' biases: 2.056527e-02 [3.230167e-06] 
Layer 'conv2' weights[0]: 2.347427e-02 [2.801071e-05] 
Layer 'conv2' biases: 2.284158e-02 [1.352417e-06] 
Layer 'conv3' weights[0]: 2.021383e-02 [3.109813e-05] 
Layer 'conv3' biases: 4.929086e-02 [1.385985e-06] 
Layer 'fc128' weights[0]: 6.984071e-03 [3.073656e-05] 
Layer 'fc128' biases: 4.004357e-02 [5.200401e-06] 
Layer 'fc10' weights[0]: 4.381531e-02 [6.615640e-05] 
Layer 'fc10' biases: 4.242457e-01 [6.047171e-05] 
-------------------------------------------------------
Saved checkpoint to ./ConvNet__2014-10-11_11.14.14
======================================================= (3.156 sec)
epoch_cost: 0
67.1... logprob:  0.207764, 0.071000 (2.305 sec)
67.2... logprob:  0.215357, 0.074600 (2.304 sec)
67.3... logprob:  0.204677, 0.070100 (2.297 sec)
67.4... logprob:  0.210169, 0.074100 (2.303 sec)
67.5... logprob:  0.202297, 0.065600 (2.303 sec)
epoch_cost: 0
68.1... logprob:  0.198269, 0.065500 (2.305 sec)
68.2... logprob:  0.218422, 0.076600 (2.304 sec)
68.3... logprob:  0.210935, 0.071400 (2.314 sec)
68.4... logprob:  0.215691, 0.072900 (2.304 sec)
68.5... logprob:  0.212228, 0.073400 (2.304 sec)
epoch_cost: 0
69.1... logprob:  0.197289, 0.068000 (2.304 sec)
69.2... logprob:  0.210116, 0.070300 (2.305 sec)
69.3... logprob:  0.201032, 0.067600 (2.306 sec)
69.4... logprob:  0.213320, 0.072700 (2.304 sec)
69.5... logprob:  0.212535, 0.073200 
======================Test output======================
logprob:  0.728114, 0.239600 
------------------------------------------------------- 
Layer 'conv1' weights[0]: 7.378072e-02 [7.202956e-05] 
Layer 'conv1' biases: 2.092094e-02 [3.085464e-06] 
Layer 'conv2' weights[0]: 2.361257e-02 [2.833313e-05] 
Layer 'conv2' biases: 2.303365e-02 [1.219719e-06] 
Layer 'conv3' weights[0]: 2.036795e-02 [2.894753e-05] 
Layer 'conv3' biases: 4.948458e-02 [1.242257e-06] 
Layer 'fc128' weights[0]: 6.948211e-03 [3.192261e-05] 
Layer 'fc128' biases: 4.067411e-02 [4.904830e-06] 
Layer 'fc10' weights[0]: 4.399054e-02 [7.062931e-05] 
Layer 'fc10' biases: 4.322233e-01 [5.596321e-05] 
-------------------------------------------------------
Saved checkpoint to ./ConvNet__2014-10-11_11.14.14
======================================================= (3.162 sec)
epoch_cost: 0
70.1... logprob:  0.198654, 0.068600 (2.305 sec)
70.2... logprob:  0.206325, 0.069600 (2.303 sec)
70.3... logprob:  0.214457, 0.074100 (2.321 sec)
70.4... logprob:  0.210753, 0.073800 (2.302 sec)
70.5... logprob:  0.202393, 0.066900 (2.305 sec)
epoch_cost: 0
71.1... logprob:  0.196051, 0.065500 (2.305 sec)
71.2... logprob:  0.210013, 0.071300 (2.304 sec)
71.3... logprob:  0.214450, 0.075300 (2.305 sec)
71.4... logprob:  0.207146, 0.068000 (2.305 sec)
71.5... logprob:  0.203340, 0.069500 (2.303 sec)
epoch_cost: 0
72.1... logprob:  0.194563, 0.067700 (2.303 sec)
72.2... logprob:  0.207641, 0.070500 (2.304 sec)
72.3... logprob:  0.210195, 0.069300 (2.303 sec)
72.4... logprob:  0.201268, 0.068400 (2.304 sec)
72.5... logprob:  0.195076, 0.064400 
======================Test output======================
logprob:  0.682864, 0.230500 
------------------------------------------------------- 
Layer 'conv1' weights[0]: 7.437373e-02 [6.355220e-05] 
Layer 'conv1' biases: 2.128473e-02 [3.331367e-06] 
Layer 'conv2' weights[0]: 2.375088e-02 [3.003120e-05] 
Layer 'conv2' biases: 2.322603e-02 [1.465258e-06] 
Layer 'conv3' weights[0]: 2.051647e-02 [3.503186e-05] 
Layer 'conv3' biases: 4.967304e-02 [1.371896e-06] 
Layer 'fc128' weights[0]: 6.955362e-03 [3.616472e-05] 
Layer 'fc128' biases: 4.127361e-02 [5.428773e-06] 
Layer 'fc10' weights[0]: 4.400638e-02 [7.900798e-05] 
Layer 'fc10' biases: 4.401926e-01 [5.402124e-05] 
-------------------------------------------------------
Saved checkpoint to ./ConvNet__2014-10-11_11.14.14
======================================================= (3.163 sec)
epoch_cost: 0
73.1... logprob:  0.197281, 0.067300 (2.306 sec)
73.2... logprob:  0.208297, 0.070900 (2.305 sec)
73.3... logprob:  0.209231, 0.072800 (2.303 sec)
73.4... logprob:  0.199372, 0.067200 (2.311 sec)
73.5... logprob:  0.185118, 0.061200 (2.304 sec)
epoch_cost: 0
74.1... logprob:  0.184685, 0.061700 (2.304 sec)
74.2... logprob:  0.194949, 0.067200 (2.305 sec)
74.3... logprob:  0.194256, 0.063300 (2.305 sec)
74.4... logprob:  0.196222, 0.062200 (2.304 sec)
74.5... logprob:  0.179139, 0.058300 (2.304 sec)
epoch_cost: 0
75.1... logprob:  0.206442, 0.071400 (2.305 sec)
75.2... logprob:  0.191902, 0.065100 (2.302 sec)
75.3... logprob:  0.207432, 0.070500 (2.304 sec)
75.4... logprob:  0.201905, 0.065400 (2.304 sec)
75.5... logprob:  0.189431, 0.061900 
======================Test output======================
logprob:  0.679933, 0.231700 
------------------------------------------------------- 
Layer 'conv1' weights[0]: 7.491103e-02 [3.831302e-05] 
Layer 'conv1' biases: 2.162807e-02 [2.160307e-06] 
Layer 'conv2' weights[0]: 2.384314e-02 [2.664808e-05] 
Layer 'conv2' biases: 2.340055e-02 [1.235931e-06] 
Layer 'conv3' weights[0]: 2.063649e-02 [2.799016e-05] 
Layer 'conv3' biases: 4.984288e-02 [1.087974e-06] 
Layer 'fc128' weights[0]: 6.937081e-03 [2.912790e-05] 
Layer 'fc128' biases: 4.183879e-02 [4.264723e-06] 
Layer 'fc10' weights[0]: 4.394261e-02 [6.245510e-05] 
Layer 'fc10' biases: 4.476857e-01 [4.936376e-05] 
-------------------------------------------------------
Saved checkpoint to ./ConvNet__2014-10-11_11.14.14
======================================================= (3.158 sec)
epoch_cost: 0
76.1... logprob:  0.203632, 0.069400 (2.304 sec)
76.2... logprob:  0.197215, 0.067900 (2.302 sec)
76.3... logprob:  0.199396, 0.068100 (2.304 sec)
76.4... logprob:  0.206722, 0.067400 (2.305 sec)
76.5... logprob:  0.191265, 0.064800 (2.303 sec)
epoch_cost: 0
77.1... logprob:  0.196854, 0.065200 (2.304 sec)
77.2... logprob:  0.200717, 0.067600 (2.304 sec)
77.3... logprob:  0.188271, 0.062400 (2.303 sec)
77.4... logprob:  0.187344, 0.062200 (2.303 sec)
77.5... logprob:  0.179891, 0.059100 (2.305 sec)
epoch_cost: 0
78.1... logprob:  0.173870, 0.059000 (2.304 sec)
78.2... logprob:  0.200852, 0.065300 (2.303 sec)
78.3... logprob:  0.196052, 0.064800 (2.304 sec)
78.4... logprob:  0.192276, 0.063300 (2.305 sec)
78.5... logprob:  0.176486, 0.057600 
======================Test output======================
logprob:  0.671259, 0.224900 
------------------------------------------------------- 
Layer 'conv1' weights[0]: 7.533592e-02 [3.356019e-05] 
Layer 'conv1' biases: 2.203755e-02 [2.084725e-06] 
Layer 'conv2' weights[0]: 2.392251e-02 [1.947101e-05] 
Layer 'conv2' biases: 2.357647e-02 [8.791960e-07] 
Layer 'conv3' weights[0]: 2.074271e-02 [2.232066e-05] 
Layer 'conv3' biases: 5.000858e-02 [8.336041e-07] 
Layer 'fc128' weights[0]: 6.922492e-03 [2.359182e-05] 
Layer 'fc128' biases: 4.238585e-02 [2.872391e-06] 
Layer 'fc10' weights[0]: 4.395536e-02 [4.558535e-05] 
Layer 'fc10' biases: 4.550310e-01 [2.501865e-05] 
-------------------------------------------------------
Saved checkpoint to ./ConvNet__2014-10-11_11.14.14
======================================================= (3.161 sec)
epoch_cost: 0
79.1... logprob:  0.171738, 0.056700 (2.304 sec)
79.2... logprob:  0.187288, 0.064000 (2.305 sec)
79.3... logprob:  0.193038, 0.065500 (2.303 sec)
79.4... logprob:  0.180538, 0.057700 (2.304 sec)
79.5... logprob:  0.178912, 0.057500 (2.303 sec)
epoch_cost: 0
80.1... logprob:  0.171729, 0.055300 (2.323 sec)
80.2... logprob:  0.190050, 0.061500 (2.320 sec)
80.3... logprob:  0.179202, 0.057800 (2.303 sec)
80.4... logprob:  0.187064, 0.059200 (2.303 sec)
80.5... logprob:  0.171190, 0.054700 (2.303 sec)
epoch_cost: 0
81.1... logprob:  0.180865, 0.059900 (2.304 sec)
81.2... logprob:  0.191025, 0.063200 (2.303 sec)
81.3... logprob:  0.179850, 0.058400 (2.304 sec)
81.4... logprob:  0.174267, 0.057000 (2.302 sec)
81.5... logprob:  0.171217, 0.058300 
======================Test output======================
logprob:  0.680982, 0.228800 
------------------------------------------------------- 
Layer 'conv1' weights[0]: 7.583442e-02 [5.040687e-05] 
Layer 'conv1' biases: 2.246025e-02 [2.666747e-06] 
Layer 'conv2' weights[0]: 2.398902e-02 [2.895349e-05] 
Layer 'conv2' biases: 2.375003e-02 [1.307939e-06] 
Layer 'conv3' weights[0]: 2.082884e-02 [3.116134e-05] 
Layer 'conv3' biases: 5.015979e-02 [1.322438e-06] 
Layer 'fc128' weights[0]: 6.881541e-03 [2.975434e-05] 
Layer 'fc128' biases: 4.288097e-02 [4.125890e-06] 
Layer 'fc10' weights[0]: 4.412793e-02 [5.921104e-05] 
Layer 'fc10' biases: 4.615430e-01 [3.921352e-05] 
-------------------------------------------------------
Saved checkpoint to ./ConvNet__2014-10-11_11.14.14
======================================================= (3.162 sec)
epoch_cost: 0
82.1... logprob:  0.165918, 0.054600 (2.304 sec)
82.2... logprob:  0.179405, 0.058600 (2.304 sec)
82.3... logprob:  0.180930, 0.059400 (2.302 sec)
82.4... logprob:  0.177103, 0.057500 (2.303 sec)
82.5... logprob:  0.182337, 0.060100 (2.307 sec)
epoch_cost: 0
83.1... logprob:  0.163593, 0.054600 (2.304 sec)
83.2... logprob:  0.185137, 0.061600 (2.312 sec)
83.3... logprob:  0.172466, 0.057000 (2.322 sec)
83.4... logprob:  0.168425, 0.053600 (2.304 sec)
83.5... logprob:  0.162306, 0.050600 (2.303 sec)
epoch_cost: 0
84.1... logprob:  0.168310, 0.053700 (2.315 sec)
84.2... logprob:  0.196228, 0.065700 (2.305 sec)
84.3... logprob:  0.175181, 0.058000 (2.305 sec)
84.4... logprob:  0.187145, 0.060600 (2.304 sec)
84.5... logprob:  0.170954, 0.058500 
======================Test output======================
logprob:  0.680667, 0.225200 
------------------------------------------------------- 
Layer 'conv1' weights[0]: 7.623007e-02 [5.165816e-05] 
Layer 'conv1' biases: 2.285085e-02 [1.963878e-06] 
Layer 'conv2' weights[0]: 2.404256e-02 [2.508020e-05] 
Layer 'conv2' biases: 2.391896e-02 [9.159246e-07] 
Layer 'conv3' weights[0]: 2.089025e-02 [3.025874e-05] 
Layer 'conv3' biases: 5.030910e-02 [1.014456e-06] 
Layer 'fc128' weights[0]: 6.853269e-03 [3.223680e-05] 
Layer 'fc128' biases: 4.338891e-02 [4.260831e-06] 
Layer 'fc10' weights[0]: 4.390081e-02 [7.038427e-05] 
Layer 'fc10' biases: 4.683246e-01 [4.937061e-05] 
-------------------------------------------------------
Saved checkpoint to ./ConvNet__2014-10-11_11.14.14
======================================================= (3.162 sec)
epoch_cost: 0
85.1... logprob:  0.176048, 0.058900 (2.313 sec)
85.2... logprob:  0.180290, 0.057900 (2.303 sec)
85.3... logprob:  0.165663, 0.053900 (2.303 sec)
85.4... logprob:  0.169005, 0.054100 (2.305 sec)
85.5... logprob:  0.160352, 0.052000 (2.304 sec)
epoch_cost: 0
86.1... logprob:  0.162594, 0.052500 (2.305 sec)
86.2... logprob:  0.166719, 0.051100 (2.305 sec)
86.3... logprob:  0.162701, 0.051500 (2.305 sec)
86.4... logprob:  0.166914, 0.055200 (2.303 sec)
86.5... logprob:  0.158245, 0.048400 (2.305 sec)
epoch_cost: 0
87.1... logprob:  0.169311, 0.055500 (2.303 sec)
87.2... logprob:  0.182803, 0.060100 (2.304 sec)
87.3... logprob:  0.160323, 0.051700 (2.304 sec)
87.4... logprob:  0.173222, 0.059600 (2.305 sec)
87.5... logprob:  0.155017, 0.048300 
======================Test output======================
logprob:  0.667417, 0.218900 
------------------------------------------------------- 
Layer 'conv1' weights[0]: 7.659326e-02 [4.700949e-05] 
Layer 'conv1' biases: 2.320247e-02 [1.862061e-06] 
Layer 'conv2' weights[0]: 2.407650e-02 [1.618509e-05] 
Layer 'conv2' biases: 2.407606e-02 [6.609755e-07] 
Layer 'conv3' weights[0]: 2.092602e-02 [1.938106e-05] 
Layer 'conv3' biases: 5.045649e-02 [5.556699e-07] 
Layer 'fc128' weights[0]: 6.784133e-03 [2.413291e-05] 
Layer 'fc128' biases: 4.389824e-02 [2.541570e-06] 
Layer 'fc10' weights[0]: 4.388501e-02 [4.492889e-05] 
Layer 'fc10' biases: 4.744575e-01 [1.817703e-05] 
-------------------------------------------------------
Saved checkpoint to ./ConvNet__2014-10-11_11.14.14
======================================================= (3.161 sec)
epoch_cost: 0
88.1... logprob:  0.162753, 0.049600 (2.304 sec)
88.2... logprob:  0.178762, 0.057100 (2.305 sec)
88.3... logprob:  0.171453, 0.055800 (2.305 sec)
88.4... logprob:  0.182105, 0.059500 (2.304 sec)
88.5... logprob:  0.155343, 0.049800 (2.305 sec)
epoch_cost: 0
89.1... logprob:  0.149610, 0.047100 (2.304 sec)
89.2... logprob:  0.175932, 0.056800 (2.305 sec)
89.3... logprob:  0.158220, 0.049000 (2.305 sec)
89.4... logprob:  0.175213, 0.058700 (2.305 sec)
89.5... logprob:  0.164452, 0.051000 (2.302 sec)
epoch_cost: 0
90.1... logprob:  0.161668, 0.052600 (2.304 sec)
90.2... logprob:  0.174507, 0.058500 (2.305 sec)
90.3... logprob:  0.157775, 0.048800 (2.304 sec)
90.4... logprob:  0.177949, 0.060400 (2.304 sec)
90.5... logprob:  0.149924, 0.044600 
======================Test output======================
logprob:  0.679304, 0.222300 
------------------------------------------------------- 
Layer 'conv1' weights[0]: 7.689301e-02 [7.652616e-05] 
Layer 'conv1' biases: 2.356183e-02 [1.669871e-06] 
Layer 'conv2' weights[0]: 2.409565e-02 [2.001554e-05] 
Layer 'conv2' biases: 2.423093e-02 [7.800189e-07] 
Layer 'conv3' weights[0]: 2.096234e-02 [2.929399e-05] 
Layer 'conv3' biases: 5.059643e-02 [8.395760e-07] 
Layer 'fc128' weights[0]: 6.750504e-03 [3.049530e-05] 
Layer 'fc128' biases: 4.440297e-02 [3.833135e-06] 
Layer 'fc10' weights[0]: 4.374120e-02 [6.145389e-05] 
Layer 'fc10' biases: 4.815635e-01 [2.915630e-05] 
-------------------------------------------------------
Saved checkpoint to ./ConvNet__2014-10-11_11.14.14
======================================================= (3.162 sec)
epoch_cost: 0
91.1... logprob:  0.155737, 0.052700 (2.305 sec)
91.2... logprob:  0.168392, 0.050500 (2.305 sec)
91.3... logprob:  0.148770, 0.047500 (2.304 sec)
91.4... logprob:  0.177357, 0.057900 (2.303 sec)
91.5... logprob:  0.169300, 0.055200 (2.305 sec)
epoch_cost: 0
92.1... logprob:  0.153670, 0.048200 (2.302 sec)
92.2... logprob:  0.169659, 0.056700 (2.304 sec)
92.3... logprob:  0.147576, 0.044700 (2.303 sec)
92.4... logprob:  0.166705, 0.054400 (2.303 sec)
92.5... logprob:  0.166062, 0.055300 (2.305 sec)
epoch_cost: 0
93.1... logprob:  0.161796, 0.054200 (2.304 sec)
93.2... logprob:  0.174790, 0.053800 (2.303 sec)
93.3... logprob:  0.150465, 0.047900 (2.303 sec)
93.4... logprob:  0.163087, 0.053800 (2.305 sec)
93.5... logprob:  0.169709, 0.058600 
======================Test output======================
logprob:  0.670407, 0.222200 
------------------------------------------------------- 
Layer 'conv1' weights[0]: 7.714985e-02 [5.013178e-05] 
Layer 'conv1' biases: 2.392665e-02 [3.019994e-06] 
Layer 'conv2' weights[0]: 2.411518e-02 [2.118944e-05] 
Layer 'conv2' biases: 2.438366e-02 [9.861659e-07] 
Layer 'conv3' weights[0]: 2.100388e-02 [2.409523e-05] 
Layer 'conv3' biases: 5.073195e-02 [8.443163e-07] 
Layer 'fc128' weights[0]: 6.758620e-03 [2.824616e-05] 
Layer 'fc128' biases: 4.486964e-02 [3.386155e-06] 
Layer 'fc10' weights[0]: 4.372166e-02 [5.347080e-05] 
Layer 'fc10' biases: 4.877318e-01 [2.848885e-05] 
-------------------------------------------------------
Saved checkpoint to ./ConvNet__2014-10-11_11.14.14
======================================================= (3.160 sec)
epoch_cost: 0
94.1... logprob:  0.155596, 0.050100 (2.306 sec)
94.2... logprob:  0.176374, 0.056900 (2.304 sec)
94.3... logprob:  0.156702, 0.051900 (2.305 sec)
94.4... logprob:  0.168060, 0.055300 (2.305 sec)
94.5... logprob:  0.161220, 0.052200 (2.325 sec)
epoch_cost: 0
95.1... logprob:  0.159300, 0.050700 (2.306 sec)
95.2... logprob:  0.173660, 0.055700 (2.305 sec)
95.3... logprob:  0.154114, 0.047200 (2.307 sec)
95.4... logprob:  0.164645, 0.053500 (2.308 sec)
95.5... logprob:  0.157864, 0.050200 (2.305 sec)
epoch_cost: 0
96.1... logprob:  0.163573, 0.053500 (2.305 sec)
96.2... logprob:  0.167219, 0.052300 (2.314 sec)
96.3... logprob:  0.150640, 0.046300 (2.306 sec)
96.4... logprob:  0.163148, 0.052600 (2.302 sec)
96.5... logprob:  0.167296, 0.056900 
======================Test output======================
logprob:  0.685303, 0.228500 
------------------------------------------------------- 
Layer 'conv1' weights[0]: 7.738435e-02 [3.834372e-05] 
Layer 'conv1' biases: 2.425856e-02 [1.746754e-06] 
Layer 'conv2' weights[0]: 2.412889e-02 [1.725120e-05] 
Layer 'conv2' biases: 2.453882e-02 [7.036009e-07] 
Layer 'conv3' weights[0]: 2.103479e-02 [2.277801e-05] 
Layer 'conv3' biases: 5.087952e-02 [7.440580e-07] 
Layer 'fc128' weights[0]: 6.740399e-03 [2.569621e-05] 
Layer 'fc128' biases: 4.535867e-02 [2.770116e-06] 
Layer 'fc10' weights[0]: 4.355726e-02 [5.531283e-05] 
Layer 'fc10' biases: 4.942595e-01 [2.480051e-05] 
-------------------------------------------------------
Saved checkpoint to ./ConvNet__2014-10-11_11.14.14
======================================================= (3.163 sec)
epoch_cost: 0
97.1... logprob:  0.147903, 0.048300 (2.304 sec)
97.2... logprob:  0.171155, 0.055500 (2.303 sec)
97.3... logprob:  0.150790, 0.047500 (2.304 sec)
97.4... logprob:  0.165654, 0.053900 (2.305 sec)
97.5... logprob:  0.149101, 0.045700 (2.305 sec)
epoch_cost: 0
98.1... logprob:  0.150500, 0.049000 (2.304 sec)
98.2... logprob:  0.172375, 0.056600 (2.302 sec)
98.3... logprob:  0.158518, 0.049600 (2.303 sec)
98.4... logprob:  0.156901, 0.051500 (2.304 sec)
98.5... logprob:  0.146313, 0.046600 (2.300 sec)
epoch_cost: 0
99.1... logprob:  0.143024, 0.044000 (2.304 sec)
99.2... logprob:  0.163823, 0.053000 (2.305 sec)
99.3... logprob:  0.168478, 0.054100 (2.303 sec)
99.4... logprob:  0.161308, 0.053800 (2.304 sec)
99.5... logprob:  0.164341, 0.054200 
======================Test output======================
logprob:  0.707849, 0.234100 
------------------------------------------------------- 
Layer 'conv1' weights[0]: 7.764349e-02 [4.305738e-05] 
Layer 'conv1' biases: 2.464103e-02 [2.735298e-06] 
Layer 'conv2' weights[0]: 2.415678e-02 [2.129556e-05] 
Layer 'conv2' biases: 2.468307e-02 [1.052566e-06] 
Layer 'conv3' weights[0]: 2.105844e-02 [2.752033e-05] 
Layer 'conv3' biases: 5.101447e-02 [9.946407e-07] 
Layer 'fc128' weights[0]: 6.731427e-03 [2.950630e-05] 
Layer 'fc128' biases: 4.581281e-02 [3.630051e-06] 
Layer 'fc10' weights[0]: 4.366028e-02 [5.657445e-05] 
Layer 'fc10' biases: 4.999157e-01 [3.393717e-05] 
-------------------------------------------------------
Saved checkpoint to ./ConvNet__2014-10-11_11.14.14
======================================================= (3.174 sec)
epoch_cost: 0
100.1... logprob:  0.160097, 0.051000 (2.306 sec)
100.2... logprob:  0.167676, 0.052000 (2.306 sec)
100.3... logprob:  0.179200, 0.059000 (2.302 sec)
100.4... logprob:  0.188888, 0.062400 (2.305 sec)
100.5... logprob:  0.161112, 0.052400 (2.306 sec)
epoch_cost: 0
101.1... logprob:  0.167526, 0.054100 (2.305 sec)
101.2... logprob:  0.195584, 0.067300 (2.305 sec)
101.3... logprob:  0.163209, 0.050400 (2.304 sec)
101.4... logprob:  0.165605, 0.055400 (2.306 sec)
101.5... logprob:  0.158767, 0.051200 (2.304 sec)
epoch_cost: 0
102.1... logprob:  0.163426, 0.053100 (2.304 sec)
102.2... logprob:  0.165481, 0.055300 (2.306 sec)
102.3... logprob:  0.149281, 0.048200 (2.304 sec)
102.4... logprob:  0.161119, 0.051700 (2.305 sec)
102.5... logprob:  0.166253, 0.053700 
======================Test output======================
logprob:  0.699850, 0.231900 
------------------------------------------------------- 
Layer 'conv1' weights[0]: 7.770257e-02 [6.758566e-05] 
Layer 'conv1' biases: 2.497731e-02 [3.182191e-06] 
Layer 'conv2' weights[0]: 2.416085e-02 [3.465498e-05] 
Layer 'conv2' biases: 2.483749e-02 [1.686241e-06] 
Layer 'conv3' weights[0]: 2.110053e-02 [3.596328e-05] 
Layer 'conv3' biases: 5.115381e-02 [1.286616e-06] 
Layer 'fc128' weights[0]: 6.777871e-03 [3.421724e-05] 
Layer 'fc128' biases: 4.626281e-02 [5.120579e-06] 
Layer 'fc10' weights[0]: 4.346868e-02 [7.303546e-05] 
Layer 'fc10' biases: 5.060320e-01 [4.809646e-05] 
-------------------------------------------------------
Saved checkpoint to ./ConvNet__2014-10-11_11.14.14
======================================================= (3.160 sec)
epoch_cost: 0
103.1... logprob:  0.166146, 0.056700 (2.325 sec)
103.2... logprob:  0.178365, 0.057900 (2.303 sec)
103.3... logprob:  0.170158, 0.054500 (2.305 sec)
103.4... logprob:  0.167431, 0.055400 (2.305 sec)
103.5... logprob:  0.171792, 0.055600 (2.306 sec)
epoch_cost: 0
104.1... logprob:  0.155579, 0.051800 (2.311 sec)
104.2... logprob:  0.161311, 0.052000 (2.323 sec)
104.3... logprob:  0.145019, 0.047300 (2.302 sec)
104.4... logprob:  0.160111, 0.051200 (2.303 sec)
104.5... logprob:  0.164286, 0.053300 (2.306 sec)
epoch_cost: 0
105.1... logprob:  0.142210, 0.044500 (2.299 sec)
105.2... logprob:  0.154486, 0.047600 (2.304 sec)
105.3... logprob:  0.140729, 0.044000 (2.320 sec)
105.4... logprob:  0.152099, 0.048500 (2.323 sec)
105.5... logprob:  0.153743, 0.050800 
======================Test output======================
logprob:  0.708183, 0.230100 
------------------------------------------------------- 
Layer 'conv1' weights[0]: 7.790510e-02 [7.784381e-05] 
Layer 'conv1' biases: 2.531501e-02 [2.978461e-06] 
Layer 'conv2' weights[0]: 2.417389e-02 [2.356052e-05] 
Layer 'conv2' biases: 2.498987e-02 [9.398353e-07] 
Layer 'conv3' weights[0]: 2.112983e-02 [2.649642e-05] 
Layer 'conv3' biases: 5.128112e-02 [8.622800e-07] 
Layer 'fc128' weights[0]: 6.739235e-03 [2.785390e-05] 
Layer 'fc128' biases: 4.670186e-02 [2.962405e-06] 
Layer 'fc10' weights[0]: 4.371042e-02 [6.094269e-05] 
Layer 'fc10' biases: 5.117415e-01 [3.220207e-05] 
-------------------------------------------------------
Saved checkpoint to ./ConvNet__2014-10-11_11.14.14
======================================================= (3.160 sec)
epoch_cost: 0
106.1... logprob:  0.145542, 0.045500 (2.303 sec)
106.2... logprob:  0.158302, 0.051400 (2.302 sec)
106.3... logprob:  0.149884, 0.047000 (2.294 sec)
106.4... logprob:  0.164873, 0.053600 (2.318 sec)
106.5... logprob:  0.149978, 0.047800 (2.306 sec)
epoch_cost: 0
107.1... logprob:  0.144264, 0.045300 (2.304 sec)
107.2... logprob:  0.150117, 0.045800 (2.303 sec)
107.3... logprob:  0.156487, 0.049100 (2.305 sec)
107.4... logprob:  0.155503, 0.048700 (2.321 sec)
107.5... logprob:  0.140141, 0.042900 (2.303 sec)
epoch_cost: 0
108.1... logprob:  0.138747, 0.043100 (2.312 sec)
108.2... logprob:  0.161876, 0.050500 (2.305 sec)
108.3... logprob:  0.161152, 0.049800 (2.301 sec)
108.4... logprob:  0.147400, 0.044800 (2.305 sec)
108.5... logprob:  0.156680, 0.049100 
======================Test output======================
logprob:  0.696936, 0.230600 
------------------------------------------------------- 
Layer 'conv1' weights[0]: 7.807226e-02 [6.637632e-05] 
Layer 'conv1' biases: 2.566364e-02 [2.220894e-06] 
Layer 'conv2' weights[0]: 2.419788e-02 [2.256492e-05] 
Layer 'conv2' biases: 2.514480e-02 [9.465999e-07] 
Layer 'conv3' weights[0]: 2.115118e-02 [2.782503e-05] 
Layer 'conv3' biases: 5.140624e-02 [8.926651e-07] 
Layer 'fc128' weights[0]: 6.703154e-03 [3.059817e-05] 
Layer 'fc128' biases: 4.713446e-02 [3.638609e-06] 
Layer 'fc10' weights[0]: 4.369543e-02 [7.337307e-05] 
Layer 'fc10' biases: 5.179526e-01 [3.897718e-05] 
-------------------------------------------------------
Saved checkpoint to ./ConvNet__2014-10-11_11.14.14
======================================================= (3.160 sec)
epoch_cost: 0
109.1... logprob:  0.146281, 0.045300 (2.305 sec)
109.2... logprob:  0.149965, 0.045000 (2.305 sec)
109.3... logprob:  0.155613, 0.048300 (2.304 sec)
109.4... logprob:  0.146929, 0.045500 (2.303 sec)
109.5... logprob:  0.143263, 0.046700 (2.305 sec)
epoch_cost: 0
110.1... logprob:  0.155513, 0.051200 (2.304 sec)
110.2... logprob:  0.152149, 0.047400 (2.305 sec)
110.3... logprob:  0.159542, 0.051500 (2.303 sec)
110.4... logprob:  0.159761, 0.052400 (2.303 sec)
110.5... logprob:  0.154380, 0.051100 (2.305 sec)
epoch_cost: 0
111.1... logprob:  0.149429, 0.046800 (2.307 sec)
111.2... logprob:  0.154419, 0.048000 (2.306 sec)
111.3... logprob:  0.157773, 0.047100 (2.302 sec)
111.4... logprob:  0.153269, 0.047800 (2.305 sec)
111.5... logprob:  0.150458, 0.047400 
======================Test output======================
logprob:  0.685122, 0.224600 
------------------------------------------------------- 
Layer 'conv1' weights[0]: 7.819035e-02 [3.897840e-05] 
Layer 'conv1' biases: 2.600818e-02 [1.067302e-06] 
Layer 'conv2' weights[0]: 2.419907e-02 [1.421302e-05] 
Layer 'conv2' biases: 2.529218e-02 [5.082865e-07] 
Layer 'conv3' weights[0]: 2.116497e-02 [1.959349e-05] 
Layer 'conv3' biases: 5.152361e-02 [6.160603e-07] 
Layer 'fc128' weights[0]: 6.690451e-03 [2.184640e-05] 
Layer 'fc128' biases: 4.755740e-02 [2.528476e-06] 
Layer 'fc10' weights[0]: 4.360415e-02 [4.256948e-05] 
Layer 'fc10' biases: 5.237604e-01 [2.012930e-05] 
-------------------------------------------------------
Saved checkpoint to ./ConvNet__2014-10-11_11.14.14
======================================================= (3.160 sec)
epoch_cost: 0
112.1... logprob:  0.141587, 0.045100 (2.304 sec)
112.2... logprob:  0.148027, 0.045100 (2.305 sec)
112.3... logprob:  0.165311, 0.055100 (2.304 sec)
112.4... logprob:  0.154859, 0.048300 (2.304 sec)
112.5... logprob:  0.146298, 0.047700 (2.304 sec)
epoch_cost: 0
113.1... logprob:  0.141943, 0.042300 (2.304 sec)
113.2... logprob:  0.222145, 0.072300 (2.304 sec)
113.3... logprob:  0.155494, 0.049800 (2.305 sec)
113.4... logprob:  0.150619, 0.047200 (2.303 sec)
113.5... logprob:  0.156889, 0.050700 (2.306 sec)
epoch_cost: 0
114.1... logprob:  0.141107, 0.042400 (2.306 sec)
114.2... logprob:  0.152344, 0.046800 (2.321 sec)
114.3... logprob:  0.150206, 0.047800 (2.303 sec)
114.4... logprob:  0.152189, 0.050200 (2.303 sec)
114.5... logprob:  0.148036, 0.047700 
======================Test output======================
logprob:  0.680407, 0.223900 
------------------------------------------------------- 
Layer 'conv1' weights[0]: 7.828767e-02 [3.108458e-05] 
Layer 'conv1' biases: 2.633318e-02 [2.044036e-06] 
Layer 'conv2' weights[0]: 2.418458e-02 [2.046201e-05] 
Layer 'conv2' biases: 2.543625e-02 [7.700166e-07] 
Layer 'conv3' weights[0]: 2.117994e-02 [2.354204e-05] 
Layer 'conv3' biases: 5.165150e-02 [7.095286e-07] 
Layer 'fc128' weights[0]: 6.705318e-03 [2.493628e-05] 
Layer 'fc128' biases: 4.798637e-02 [3.179755e-06] 
Layer 'fc10' weights[0]: 4.348564e-02 [5.257577e-05] 
Layer 'fc10' biases: 5.294126e-01 [2.824146e-05] 
-------------------------------------------------------
Saved checkpoint to ./ConvNet__2014-10-11_11.14.14
======================================================= (3.163 sec)
epoch_cost: 0
115.1... logprob:  0.138036, 0.043100 (2.306 sec)
115.2... logprob:  0.157582, 0.049600 (2.303 sec)
115.3... logprob:  0.152273, 0.048700 (2.302 sec)
115.4... logprob:  0.145413, 0.045200 (2.304 sec)
115.5... logprob:  0.150001, 0.047300 (2.306 sec)
epoch_cost: 0
116.1... logprob:  0.146721, 0.044500 (2.304 sec)
116.2... logprob:  0.181413, 0.059100 (2.306 sec)
116.3... logprob:  0.159027, 0.049800 (2.305 sec)
116.4... logprob:  0.167095, 0.055400 (2.304 sec)
116.5... logprob:  0.151406, 0.046200 (2.304 sec)
epoch_cost: 0
117.1... logprob:  0.145506, 0.045800 (2.306 sec)
117.2... logprob:  0.155269, 0.049400 (2.306 sec)
117.3... logprob:  0.166480, 0.054400 (2.302 sec)
117.4... logprob:  0.157036, 0.050400 (2.306 sec)
117.5... logprob:  0.136360, 0.041300 
======================Test output======================
logprob:  0.686119, 0.223500 
------------------------------------------------------- 
Layer 'conv1' weights[0]: 7.835571e-02 [5.085525e-05] 
Layer 'conv1' biases: 2.663152e-02 [2.489873e-06] 
Layer 'conv2' weights[0]: 2.418258e-02 [1.796671e-05] 
Layer 'conv2' biases: 2.557873e-02 [7.597353e-07] 
Layer 'conv3' weights[0]: 2.120257e-02 [2.199517e-05] 
Layer 'conv3' biases: 5.178059e-02 [6.160908e-07] 
Layer 'fc128' weights[0]: 6.695958e-03 [2.515231e-05] 
Layer 'fc128' biases: 4.844172e-02 [2.799267e-06] 
Layer 'fc10' weights[0]: 4.339976e-02 [4.772611e-05] 
Layer 'fc10' biases: 5.354632e-01 [2.163009e-05] 
-------------------------------------------------------
Saved checkpoint to ./ConvNet__2014-10-11_11.14.14
======================================================= (3.162 sec)
epoch_cost: 0
118.1... logprob:  0.141814, 0.043400 (2.306 sec)
118.2... logprob:  0.149975, 0.044300 (2.303 sec)
118.3... logprob:  0.157688, 0.051200 (2.305 sec)
118.4... logprob:  0.166024, 0.053600 (2.315 sec)
118.5... logprob:  0.138118, 0.043100 (2.306 sec)
epoch_cost: 0
119.1... logprob:  0.135626, 0.042200 (2.304 sec)
119.2... logprob:  0.151285, 0.047500 (2.304 sec)
119.3... logprob:  0.149281, 0.046000 (2.305 sec)
119.4... logprob:  0.152428, 0.049300 (2.301 sec)
119.5... logprob:  0.135789, 0.040400 (2.303 sec)
epoch_cost: 0
120.1... logprob:  0.141522, 0.045400 (2.302 sec)
120.2... logprob:  0.155087, 0.047900 (2.306 sec)
120.3... logprob:  0.142913, 0.043700 (2.303 sec)
120.4... logprob:  0.146318, 0.044300 (2.304 sec)
120.5... logprob:  0.138162, 0.043100 
======================Test output======================
logprob:  0.696469, 0.226900 
------------------------------------------------------- 
Layer 'conv1' weights[0]: 7.843730e-02 [4.053786e-05] 
Layer 'conv1' biases: 2.693877e-02 [2.438961e-06] 
Layer 'conv2' weights[0]: 2.416926e-02 [2.087278e-05] 
Layer 'conv2' biases: 2.571708e-02 [1.043682e-06] 
Layer 'conv3' weights[0]: 2.119725e-02 [2.722854e-05] 
Layer 'conv3' biases: 5.189955e-02 [9.879780e-07] 
Layer 'fc128' weights[0]: 6.636214e-03 [2.662338e-05] 
Layer 'fc128' biases: 4.885961e-02 [3.148960e-06] 
Layer 'fc10' weights[0]: 4.351067e-02 [5.343132e-05] 
Layer 'fc10' biases: 5.410349e-01 [2.918926e-05] 
-------------------------------------------------------
Saved checkpoint to ./ConvNet__2014-10-11_11.14.14
======================================================= (3.161 sec)
epoch_cost: 0
121.1... logprob:  0.138771, 0.043900 (2.307 sec)
121.2... logprob:  0.148580, 0.047200 (2.305 sec)
121.3... logprob:  0.142219, 0.046400 (2.303 sec)
121.4... logprob:  0.149252, 0.046200 (2.305 sec)
121.5... logprob:  0.127251, 0.038300 (2.322 sec)
epoch_cost: 0
122.1... logprob:  0.142047, 0.046600 (2.322 sec)
122.2... logprob:  0.158285, 0.048800 (2.305 sec)
122.3... logprob:  0.150641, 0.047100 (2.304 sec)
122.4... logprob:  0.167011, 0.053800 (2.302 sec)
122.5... logprob:  0.129741, 0.036700 (2.303 sec)
epoch_cost: 0
123.1... logprob:  0.134293, 0.041200 (2.302 sec)
123.2... logprob:  0.156577, 0.048000 (2.304 sec)
123.3... logprob:  0.149219, 0.047600 (2.304 sec)
123.4... logprob:  0.146532, 0.046700 (2.302 sec)
123.5... logprob:  0.135782, 0.041300 
======================Test output======================
logprob:  0.690499, 0.228000 
------------------------------------------------------- 
Layer 'conv1' weights[0]: 7.858221e-02 [4.177123e-05] 
Layer 'conv1' biases: 2.725169e-02 [2.126268e-06] 
Layer 'conv2' weights[0]: 2.418392e-02 [2.167534e-05] 
Layer 'conv2' biases: 2.586379e-02 [8.070276e-07] 
Layer 'conv3' weights[0]: 2.121148e-02 [2.173067e-05] 
Layer 'conv3' biases: 5.202173e-02 [5.929090e-07] 
Layer 'fc128' weights[0]: 6.623909e-03 [2.396377e-05] 
Layer 'fc128' biases: 4.928375e-02 [2.583276e-06] 
Layer 'fc10' weights[0]: 4.372949e-02 [5.070341e-05] 
Layer 'fc10' biases: 5.466340e-01 [2.887219e-05] 
-------------------------------------------------------
Saved checkpoint to ./ConvNet__2014-10-11_11.14.14
======================================================= (3.161 sec)
epoch_cost: 0
124.1... logprob:  0.127547, 0.038500 (2.304 sec)
124.2... logprob:  0.149534, 0.047900 (2.304 sec)
124.3... logprob:  0.143905, 0.045900 (2.304 sec)
124.4... logprob:  0.157917, 0.051400 (2.305 sec)
124.5... logprob:  0.133492, 0.039500 (2.321 sec)
epoch_cost: 0
125.1... logprob:  0.128848, 0.036500 (2.313 sec)
125.2... logprob:  0.150537, 0.047800 (2.303 sec)
125.3... logprob:  0.147135, 0.046600 (2.304 sec)
125.4... logprob:  0.152570, 0.050300 (2.306 sec)
125.5... logprob:  0.128182, 0.038200 (2.303 sec)
epoch_cost: 0
126.1... logprob:  0.132021, 0.041200 (2.305 sec)
126.2... logprob:  0.143179, 0.044900 (2.306 sec)
126.3... logprob:  0.150848, 0.046000 (2.303 sec)
126.4... logprob:  0.148672, 0.043600 (2.314 sec)
126.5... logprob:  0.140474, 0.041800 
======================Test output======================
logprob:  0.742920, 0.247100 
------------------------------------------------------- 
Layer 'conv1' weights[0]: 7.866276e-02 [2.822449e-05] 
Layer 'conv1' biases: 2.757019e-02 [1.939969e-06] 
Layer 'conv2' weights[0]: 2.418566e-02 [2.151989e-05] 
Layer 'conv2' biases: 2.600244e-02 [8.795222e-07] 
Layer 'conv3' weights[0]: 2.121662e-02 [2.619374e-05] 
Layer 'conv3' biases: 5.214379e-02 [9.498984e-07] 
Layer 'fc128' weights[0]: 6.608212e-03 [2.805013e-05] 
Layer 'fc128' biases: 4.969620e-02 [3.862741e-06] 
Layer 'fc10' weights[0]: 4.364512e-02 [5.626144e-05] 
Layer 'fc10' biases: 5.523049e-01 [4.002034e-05] 
-------------------------------------------------------
Saved checkpoint to ./ConvNet__2014-10-11_11.14.14
======================================================= (3.163 sec)
epoch_cost: 0
127.1... logprob:  0.138611, 0.042400 (2.304 sec)
127.2... logprob:  0.137681, 0.041800 (2.305 sec)
127.3... logprob:  0.153741, 0.049600 (2.305 sec)
127.4... logprob:  0.151319, 0.047200 (2.305 sec)
127.5... logprob:  0.126430, 0.037800 (2.304 sec)
epoch_cost: 0
128.1... logprob:  0.126418, 0.038000 (2.304 sec)
128.2... logprob:  0.132507, 0.040400 (2.306 sec)
128.3... logprob:  0.140029, 0.044000 (2.305 sec)
128.4... logprob:  0.149276, 0.045200 (2.304 sec)
128.5... logprob:  0.128551, 0.038700 (2.318 sec)
epoch_cost: 0
129.1... logprob:  0.134049, 0.042500 (2.304 sec)
129.2... logprob:  0.135416, 0.042100 (2.302 sec)
129.3... logprob:  0.153439, 0.048700 (2.305 sec)
129.4... logprob:  0.147993, 0.045600 (2.305 sec)
129.5... logprob:  0.145465, 0.045500 
======================Test output======================
logprob:  0.714796, 0.237700 
------------------------------------------------------- 
Layer 'conv1' weights[0]: 7.879429e-02 [3.048458e-05] 
Layer 'conv1' biases: 2.790284e-02 [1.492480e-06] 
Layer 'conv2' weights[0]: 2.418940e-02 [1.561341e-05] 
Layer 'conv2' biases: 2.616192e-02 [7.383396e-07] 
Layer 'conv3' weights[0]: 2.122632e-02 [2.137411e-05] 
Layer 'conv3' biases: 5.227078e-02 [7.926803e-07] 
Layer 'fc128' weights[0]: 6.601591e-03 [2.239182e-05] 
Layer 'fc128' biases: 5.009694e-02 [2.788259e-06] 
Layer 'fc10' weights[0]: 4.378335e-02 [4.409708e-05] 
Layer 'fc10' biases: 5.578769e-01 [2.309835e-05] 
-------------------------------------------------------
Saved checkpoint to ./ConvNet__2014-10-11_11.14.14
======================================================= (3.162 sec)
epoch_cost: 0
130.1... logprob:  0.145906, 0.047700 (2.306 sec)
130.2... logprob:  0.145701, 0.044400 (2.301 sec)
130.3... logprob:  0.157984, 0.050600 (2.303 sec)
130.4... logprob:  0.148816, 0.046700 (2.315 sec)
130.5... logprob:  0.136448, 0.041700 (2.304 sec)
epoch_cost: 0
131.1... logprob:  0.143190, 0.047100 (2.303 sec)
131.2... logprob:  0.139309, 0.042000 (2.306 sec)
131.3... logprob:  0.140035, 0.043000 (2.304 sec)
131.4... logprob:  0.146158, 0.045500 (2.303 sec)
131.5... logprob:  0.144514, 0.046900 (2.303 sec)
epoch_cost: 0
132.1... logprob:  0.157524, 0.051500 (2.303 sec)
132.2... logprob:  0.149111, 0.048000 (2.305 sec)
132.3... logprob:  0.145334, 0.047400 (2.305 sec)
132.4... logprob:  0.151301, 0.047500 (2.303 sec)
132.5... logprob:  0.150045, 0.048400 
======================Test output======================
logprob:  0.727160, 0.240300 
------------------------------------------------------- 
Layer 'conv1' weights[0]: 7.879548e-02 [9.713235e-05] 
Layer 'conv1' biases: 2.822895e-02 [7.615253e-06] 
Layer 'conv2' weights[0]: 2.418742e-02 [4.839172e-05] 
Layer 'conv2' biases: 2.631400e-02 [2.456493e-06] 
Layer 'conv3' weights[0]: 2.124529e-02 [6.506899e-05] 
Layer 'conv3' biases: 5.240180e-02 [2.623041e-06] 
Layer 'fc128' weights[0]: 6.647597e-03 [5.587359e-05] 
Layer 'fc128' biases: 5.055993e-02 [7.146618e-06] 
Layer 'fc10' weights[0]: 4.366719e-02 [1.075282e-04] 
Layer 'fc10' biases: 5.634998e-01 [6.858438e-05] 
-------------------------------------------------------
Saved checkpoint to ./ConvNet__2014-10-11_11.14.14
======================================================= (3.164 sec)
epoch_cost: 0
133.1... logprob:  0.191061, 0.062900 (2.307 sec)
133.2... logprob:  0.157591, 0.050100 (2.303 sec)
133.3... logprob:  0.159591, 0.050700 (2.304 sec)
133.4... logprob:  0.154129, 0.048300 (2.306 sec)
133.5... logprob:  0.149356, 0.047500 (2.302 sec)
epoch_cost: 0
134.1... logprob:  0.149966, 0.048200 (2.304 sec)
134.2... logprob:  0.135412, 0.039500 (2.305 sec)
134.3... logprob:  0.135028, 0.040400 (2.305 sec)
134.4... logprob:  0.148171, 0.047700 (2.324 sec)
134.5... logprob:  0.134099, 0.042100 (2.306 sec)
epoch_cost: 0
135.1... logprob:  0.147220, 0.046900 (2.310 sec)
135.2... logprob:  0.142933, 0.044400 (2.305 sec)
135.3... logprob:  0.144553, 0.046100 (2.303 sec)
135.4... logprob:  0.146393, 0.044000 (2.303 sec)
135.5... logprob:  0.145284, 0.045700 
======================Test output======================
logprob:  0.676290, 0.223000 
------------------------------------------------------- 
Layer 'conv1' weights[0]: 7.880226e-02 [4.392820e-05] 
Layer 'conv1' biases: 2.858038e-02 [1.479164e-06] 
Layer 'conv2' weights[0]: 2.419060e-02 [1.934642e-05] 
Layer 'conv2' biases: 2.646307e-02 [7.084008e-07] 
Layer 'conv3' weights[0]: 2.126930e-02 [2.480563e-05] 
Layer 'conv3' biases: 5.252106e-02 [7.318453e-07] 
Layer 'fc128' weights[0]: 6.648049e-03 [2.487782e-05] 
Layer 'fc128' biases: 5.098634e-02 [2.679430e-06] 
Layer 'fc10' weights[0]: 4.359131e-02 [5.007814e-05] 
Layer 'fc10' biases: 5.691236e-01 [2.361851e-05] 
-------------------------------------------------------
Saved checkpoint to ./ConvNet__2014-10-11_11.14.14
======================================================= (3.153 sec)
epoch_cost: 0
136.1... logprob:  0.136088, 0.043200 (2.306 sec)
136.2... logprob:  0.142255, 0.043000 (2.305 sec)
136.3... logprob:  0.138530, 0.043300 (2.304 sec)
136.4... logprob:  0.151524, 0.048300 (2.305 sec)
136.5... logprob:  0.141200, 0.043300 (2.305 sec)
epoch_cost: 0
137.1... logprob:  0.135628, 0.041800 (2.304 sec)
137.2... logprob:  0.146546, 0.045000 (2.304 sec)
137.3... logprob:  0.145234, 0.046700 (2.305 sec)
137.4... logprob:  0.133558, 0.040600 (2.304 sec)
137.5... logprob:  0.135166, 0.042700 (2.305 sec)
epoch_cost: 0
138.1... logprob:  0.143925, 0.046200 (2.304 sec)
138.2... logprob:  0.169045, 0.057300 (2.303 sec)
138.3... logprob:  0.172458, 0.055900 (2.304 sec)
138.4... logprob:  0.132410, 0.040100 (2.306 sec)
138.5... logprob:  0.130572, 0.039100 
======================Test output======================
logprob:  0.671904, 0.220600 
------------------------------------------------------- 
Layer 'conv1' weights[0]: 7.885451e-02 [3.899940e-05] 
Layer 'conv1' biases: 2.886929e-02 [1.406415e-06] 
Layer 'conv2' weights[0]: 2.420873e-02 [1.647645e-05] 
Layer 'conv2' biases: 2.659906e-02 [6.530944e-07] 
Layer 'conv3' weights[0]: 2.129526e-02 [2.118300e-05] 
Layer 'conv3' biases: 5.262773e-02 [6.692721e-07] 
Layer 'fc128' weights[0]: 6.643349e-03 [2.443815e-05] 
Layer 'fc128' biases: 5.140810e-02 [2.769556e-06] 
Layer 'fc10' weights[0]: 4.363167e-02 [4.371819e-05] 
Layer 'fc10' biases: 5.743846e-01 [1.835990e-05] 
-------------------------------------------------------
Saved checkpoint to ./ConvNet__2014-10-11_11.14.14
======================================================= (3.175 sec)
epoch_cost: 0
139.1... logprob:  0.141576, 0.047300 (2.305 sec)
139.2... logprob:  0.166133, 0.052500 (2.303 sec)
139.3... logprob:  0.144965, 0.045800 (2.303 sec)
139.4... logprob:  0.152272, 0.046000 (2.305 sec)
139.5... logprob:  0.136949, 0.042700 (2.303 sec)
epoch_cost: 0
140.1... logprob:  0.129297, 0.038700 (2.304 sec)
140.2... logprob:  0.156847, 0.049200 (2.304 sec)
140.3... logprob:  0.153800, 0.047400 (2.304 sec)
140.4... logprob:  0.148713, 0.048700 (2.303 sec)
140.5... logprob:  0.139699, 0.043600 (2.305 sec)
epoch_cost: 0
141.1... logprob:  0.127522, 0.039200 (2.303 sec)
141.2... logprob:  0.145878, 0.045600 (2.320 sec)
141.3... logprob:  0.146982, 0.045200 (2.305 sec)
141.4... logprob:  0.147749, 0.045300 (2.304 sec)
141.5... logprob:  0.135904, 0.040800 
======================Test output======================
logprob:  0.679728, 0.225300 
------------------------------------------------------- 
Layer 'conv1' weights[0]: 7.887114e-02 [6.764215e-05] 
Layer 'conv1' biases: 2.920803e-02 [1.818434e-06] 
Layer 'conv2' weights[0]: 2.419448e-02 [1.825500e-05] 
Layer 'conv2' biases: 2.674017e-02 [7.161560e-07] 
Layer 'conv3' weights[0]: 2.129788e-02 [2.708612e-05] 
Layer 'conv3' biases: 5.273978e-02 [8.297497e-07] 
Layer 'fc128' weights[0]: 6.622850e-03 [2.735653e-05] 
Layer 'fc128' biases: 5.181500e-02 [3.033139e-06] 
Layer 'fc10' weights[0]: 4.348160e-02 [5.354486e-05] 
Layer 'fc10' biases: 5.797342e-01 [2.731601e-05] 
-------------------------------------------------------
Saved checkpoint to ./ConvNet__2014-10-11_11.14.14
======================================================= (3.177 sec)
epoch_cost: 0
142.1... logprob:  0.128739, 0.040600 (2.305 sec)
142.2... logprob:  0.134113, 0.040700 (2.304 sec)
142.3... logprob:  0.134328, 0.042400 (2.304 sec)
142.4... logprob:  0.144600, 0.046200 (2.304 sec)
142.5... logprob:  0.126547, 0.036900 (2.304 sec)
epoch_cost: 0
143.1... logprob:  0.120631, 0.035900 (2.304 sec)
143.2... logprob:  0.126467, 0.035800 (2.304 sec)
143.3... logprob:  0.139436, 0.043700 (2.304 sec)
143.4... logprob:  0.137907, 0.038800 (2.305 sec)
143.5... logprob:  0.132867, 0.039100 (2.304 sec)
epoch_cost: 0
144.1... logprob:  0.126793, 0.039100 (2.303 sec)
144.2... logprob:  0.142358, 0.044300 (2.305 sec)
144.3... logprob:  0.134432, 0.042100 (2.303 sec)
144.4... logprob:  0.147125, 0.046500 (2.303 sec)
144.5... logprob:  0.132918, 0.038900 
======================Test output======================
logprob:  0.706397, 0.234100 
------------------------------------------------------- 
Layer 'conv1' weights[0]: 7.895103e-02 [3.139755e-05] 
Layer 'conv1' biases: 2.949983e-02 [1.525144e-06] 
Layer 'conv2' weights[0]: 2.418668e-02 [1.836647e-05] 
Layer 'conv2' biases: 2.686983e-02 [6.845805e-07] 
Layer 'conv3' weights[0]: 2.128020e-02 [2.645444e-05] 
Layer 'conv3' biases: 5.284657e-02 [7.314730e-07] 
Layer 'fc128' weights[0]: 6.556917e-03 [2.795147e-05] 
Layer 'fc128' biases: 5.221720e-02 [3.102687e-06] 
Layer 'fc10' weights[0]: 4.356923e-02 [5.252654e-05] 
Layer 'fc10' biases: 5.853299e-01 [2.434200e-05] 
-------------------------------------------------------
Saved checkpoint to ./ConvNet__2014-10-11_11.14.14
======================================================= (3.165 sec)
epoch_cost: 0
145.1... logprob:  0.135180, 0.041700 (2.306 sec)
145.2... logprob:  0.151451, 0.044900 (2.298 sec)
145.3... logprob:  0.129798, 0.039100 (2.304 sec)
145.4... logprob:  0.155652, 0.050900 (2.305 sec)
145.5... logprob:  0.127717, 0.037700 (2.306 sec)
epoch_cost: 0
146.1... logprob:  0.127180, 0.039500 (2.303 sec)
146.2... logprob:  0.145389, 0.044000 (2.304 sec)
146.3... logprob:  0.127362, 0.039800 (2.305 sec)
146.4... logprob:  0.139248, 0.041400 (2.319 sec)
146.5... logprob:  0.129869, 0.038600 (2.307 sec)
epoch_cost: 0
147.1... logprob:  0.114667, 0.031500 (2.307 sec)
147.2... logprob:  0.135231, 0.040900 (2.303 sec)
147.3... logprob:  0.129759, 0.037300 (2.304 sec)
147.4... logprob:  0.133530, 0.040000 (2.302 sec)
147.5... logprob:  0.125416, 0.038200 
======================Test output======================
logprob:  0.703956, 0.229100 
------------------------------------------------------- 
Layer 'conv1' weights[0]: 7.898785e-02 [3.517235e-05] 
Layer 'conv1' biases: 2.980241e-02 [3.211786e-06] 
Layer 'conv2' weights[0]: 2.417781e-02 [2.689450e-05] 
Layer 'conv2' biases: 2.700728e-02 [1.070109e-06] 
Layer 'conv3' weights[0]: 2.126794e-02 [2.766095e-05] 
Layer 'conv3' biases: 5.295607e-02 [8.327977e-07] 
Layer 'fc128' weights[0]: 6.511711e-03 [2.759410e-05] 
Layer 'fc128' biases: 5.260343e-02 [3.251812e-06] 
Layer 'fc10' weights[0]: 4.353843e-02 [5.526581e-05] 
Layer 'fc10' biases: 5.901839e-01 [2.573161e-05] 
-------------------------------------------------------
Saved checkpoint to ./ConvNet__2014-10-11_11.14.14
======================================================= (3.157 sec)
epoch_cost: 0
148.1... logprob:  0.123356, 0.036600 (2.306 sec)
148.2... logprob:  0.128720, 0.038800 (2.305 sec)
148.3... logprob:  0.132511, 0.041200 (2.304 sec)
148.4... logprob:  0.134160, 0.039100 (2.304 sec)
148.5... logprob:  0.139988, 0.041900 (2.303 sec)
epoch_cost: 0
149.1... logprob:  0.130646, 0.040400 (2.305 sec)
149.2... logprob:  0.125765, 0.035100 (2.305 sec)
149.3... logprob:  0.115936, 0.033100 (2.303 sec)
149.4... logprob:  0.135482, 0.041600 (2.303 sec)
149.5... logprob:  0.123346, 0.036500 (2.305 sec)
epoch_cost: 0
150.1... logprob:  0.125597, 0.037600 (2.313 sec)
150.2... logprob:  0.139558, 0.040300 (2.322 sec)
150.3... logprob:  0.129340, 0.039000 (2.321 sec)
150.4... logprob:  0.138039, 0.040500 (2.324 sec)
150.5... logprob:  0.127546, 0.037600 
======================Test output======================
logprob:  0.683516, 0.226300 
------------------------------------------------------- 
Layer 'conv1' weights[0]: 7.906424e-02 [4.661340e-05] 
Layer 'conv1' biases: 3.010267e-02 [1.687250e-06] 
Layer 'conv2' weights[0]: 2.416517e-02 [1.709484e-05] 
Layer 'conv2' biases: 2.713902e-02 [6.290177e-07] 
Layer 'conv3' weights[0]: 2.125432e-02 [2.298274e-05] 
Layer 'conv3' biases: 5.305668e-02 [6.590239e-07] 
Layer 'fc128' weights[0]: 6.486109e-03 [2.451670e-05] 
Layer 'fc128' biases: 5.300681e-02 [2.964545e-06] 
Layer 'fc10' weights[0]: 4.357854e-02 [4.789241e-05] 
Layer 'fc10' biases: 5.954841e-01 [2.743667e-05] 
-------------------------------------------------------
Saved checkpoint to ./ConvNet__2014-10-11_11.14.14
======================================================= (3.157 sec)
epoch_cost: 0
151.1... logprob:  0.129737, 0.040900 (2.302 sec)
