Option --layer-def (Layer definition file) cannot be changed
pdir: .
self.save_path:  ./
=========================
Importing _ConvNet C++ module
============================================
learning rate scale     :  1
Reset Momentum          :  False
Image Rotation & Scaling:  False
============================================
=========================
Training ConvNet
Adaptive Drop Training                              : False [DEFAULT]
Check gradients and quit?                           : 0     [DEFAULT]
Compress checkpoints?                               : 0     [DEFAULT]
Conserve GPU memory (slower)?                       : 1     [DEFAULT]
Convert given conv layers to unshared local         :       
Cropped DP: crop border size                        : 4     [DEFAULT]
Cropped DP: logreg layer name (for --multiview-test):       [DEFAULT]
Cropped DP: test on multiple patches?               : 0     [DEFAULT]
Data batch range: testing                           : 6-6   
Data batch range: training                          : 1-5   
Data path                                           : ../data/cifar-10/ 
Data provider                                       : cifar 
Enable image rotation and scaling transformation    : False [DEFAULT]
GPU override                                        : -1    [DEFAULT]
Image Size                                          : 0     [DEFAULT]
Layer definition file                               : ./layers-80sec.cfg 
Layer parameter file                                : ./layer-params-80sec.cfg 
Learning Rate Scale Factor                          : 1     [DEFAULT]
Load file                                           : ./checkpoints/ 
Maximum save file size (MB)                         : 0     [DEFAULT]
Minibatch size                                      : 128   [DEFAULT]
Model File Name                                     :       [DEFAULT]
Number of GPUs                                      : 1     [DEFAULT]
Number of channels in image                         : 3     [DEFAULT]
Number of epochs                                    : 300   
Reset layer momentum                                : False [DEFAULT]
Save path                                           : ./    
Test and quit?                                      : 0     [DEFAULT]
Test on one batch at a time?                        : 1     [DEFAULT]
Testing frequency                                   : 15    
Unshare weight matrices in given layers             :       
Whether filp training image                         : True  [DEFAULT]
=========================
Running on CUDA device(s) -2
Current time: Fri Oct 10 16:50:23 2014
Saving checkpoints to ./checkpoints
=========================
151.1... logprob:  0.299863, 0.100900 (2.471 sec)
151.2... logprob:  0.314150, 0.103900 (2.224 sec)
151.3... logprob:  0.312639, 0.103800 (2.226 sec)
151.4... logprob:  0.311428, 0.105800 (2.221 sec)
151.5... logprob:  0.303228, 0.103100 (2.221 sec)
epoch_cost: 0
152.1... logprob:  0.297423, 0.100400 (2.219 sec)
152.2... logprob:  0.311277, 0.103800 (2.220 sec)
152.3... logprob:  0.306902, 0.103700 (2.221 sec)
152.4... logprob:  0.319437, 0.108200 (2.219 sec)
152.5... logprob:  0.296956, 0.101100 (2.221 sec)
epoch_cost: 0
153.1... logprob:  0.305982, 0.102200 (2.220 sec)
153.2... logprob:  0.317101, 0.110000 (2.228 sec)
153.3... logprob:  0.300191, 0.102800 (2.222 sec)
153.4... logprob:  0.311509, 0.102700 (2.220 sec)
153.5... logprob:  0.293086, 0.097000 
======================Test output======================
logprob:  0.661769, 0.205400 
------------------------------------------------------- 
Layer 'conv1' weights[0]: 8.028115e-02 [6.291755e-05] 
Layer 'conv1' biases: 4.703044e-02 [3.358816e-06] 
Layer 'conv2' weights[0]: 2.579302e-02 [2.908581e-05] 
Layer 'conv2' biases: 3.257507e-02 [1.419504e-06] 
Layer 'conv3' weights[0]: 2.249919e-02 [3.229998e-05] 
Layer 'conv3' biases: 5.082374e-02 [1.493879e-06] 
Layer 'fc128' weights[0]: 5.574567e-03 [2.120566e-05] 
Layer 'fc128' biases: 5.397119e-02 [4.283077e-06] 
Layer 'fc10' weights[0]: 4.608499e-02 [4.322585e-05] 
Layer 'fc10' biases: 6.560650e-01 [3.215145e-05] 
-------------------------------------------------------
Saved checkpoint to ./checkpoints
======================================================= (3.031 sec)
epoch_cost: 0
154.1... logprob:  0.295977, 0.095200 (2.221 sec)
154.2... logprob:  0.315444, 0.106400 (2.235 sec)
154.3... logprob:  0.306342, 0.103300 (2.219 sec)
154.4... logprob:  0.304348, 0.103100 (2.239 sec)
154.5... logprob:  0.287306, 0.095600 (2.222 sec)
epoch_cost: 0
155.1... logprob:  0.288716, 0.094200 (2.220 sec)
155.2... logprob:  0.306589, 0.102800 (2.221 sec)
155.3... logprob:  0.298046, 0.099000 (2.219 sec)
155.4... logprob:  0.303151, 0.103100 (2.220 sec)
155.5... logprob:  0.296091, 0.098800 (2.245 sec)
epoch_cost: 0
156.1... logprob:  0.303326, 0.100400 (2.219 sec)
156.2... logprob:  0.310696, 0.105600 (2.230 sec)
156.3... logprob:  0.306073, 0.101200 (2.219 sec)
156.4... logprob:  0.311950, 0.106800 (2.223 sec)
156.5... logprob:  0.290829, 0.098400 
======================Test output======================
logprob:  0.668304, 0.209500 
------------------------------------------------------- 
Layer 'conv1' weights[0]: 8.051614e-02 [6.365046e-05] 
Layer 'conv1' biases: 4.757086e-02 [3.656986e-06] 
Layer 'conv2' weights[0]: 2.583751e-02 [3.347797e-05] 
Layer 'conv2' biases: 3.281789e-02 [1.221616e-06] 
Layer 'conv3' weights[0]: 2.257086e-02 [4.229377e-05] 
Layer 'conv3' biases: 5.106669e-02 [1.438559e-06] 
Layer 'fc128' weights[0]: 5.574135e-03 [2.723142e-05] 
Layer 'fc128' biases: 5.460019e-02 [5.333747e-06] 
Layer 'fc10' weights[0]: 4.604515e-02 [5.393255e-05] 
Layer 'fc10' biases: 6.595172e-01 [5.222643e-05] 
-------------------------------------------------------
Saved checkpoint to ./checkpoints
======================================================= (3.031 sec)
epoch_cost: 0
157.1... logprob:  0.308512, 0.099800 (2.221 sec)
157.2... logprob:  0.320325, 0.107400 (2.219 sec)
157.3... logprob:  0.307363, 0.102100 (2.219 sec)
157.4... logprob:  0.324939, 0.114700 (2.223 sec)
157.5... logprob:  0.300318, 0.100000 (2.234 sec)
epoch_cost: 0
158.1... logprob:  0.303217, 0.099400 (2.219 sec)
158.2... logprob:  0.310565, 0.103000 (2.219 sec)
158.3... logprob:  0.302522, 0.097700 (2.231 sec)
158.4... logprob:  0.303945, 0.102200 (2.223 sec)
158.5... logprob:  0.291531, 0.097400 (2.220 sec)
epoch_cost: 0
159.1... logprob:  0.292542, 0.092600 (2.219 sec)
159.2... logprob:  0.320063, 0.107500 (2.219 sec)
159.3... logprob:  0.301052, 0.100600 (2.220 sec)
159.4... logprob:  0.307228, 0.104200 (2.220 sec)
159.5... logprob:  0.297124, 0.098100 
======================Test output======================
logprob:  0.662039, 0.204800 
------------------------------------------------------- 
Layer 'conv1' weights[0]: 8.071151e-02 [3.608072e-05] 
Layer 'conv1' biases: 4.808617e-02 [2.479190e-06] 
Layer 'conv2' weights[0]: 2.589109e-02 [2.244769e-05] 
Layer 'conv2' biases: 3.305752e-02 [1.044487e-06] 
Layer 'conv3' weights[0]: 2.266879e-02 [2.793221e-05] 
Layer 'conv3' biases: 5.129728e-02 [1.313568e-06] 
Layer 'fc128' weights[0]: 5.579412e-03 [1.871633e-05] 
Layer 'fc128' biases: 5.523695e-02 [3.760947e-06] 
Layer 'fc10' weights[0]: 4.606615e-02 [4.260428e-05] 
Layer 'fc10' biases: 6.649518e-01 [4.547012e-05] 
-------------------------------------------------------
Saved checkpoint to ./checkpoints
======================================================= (3.038 sec)
epoch_cost: 0
160.1... logprob:  0.287908, 0.091000 (2.238 sec)
160.2... logprob:  0.299415, 0.102600 (2.220 sec)
160.3... logprob:  0.303066, 0.103700 (2.224 sec)
160.4... logprob:  0.295629, 0.097100 (2.220 sec)
160.5... logprob:  0.290350, 0.095500 (2.221 sec)
epoch_cost: 0
161.1... logprob:  0.282693, 0.092000 (2.219 sec)
161.2... logprob:  0.304221, 0.100000 (2.220 sec)
161.3... logprob:  0.293378, 0.095900 (2.223 sec)
161.4... logprob:  0.302152, 0.104800 (2.225 sec)
161.5... logprob:  0.281097, 0.091400 (2.235 sec)
epoch_cost: 0
162.1... logprob:  0.295851, 0.098400 (2.238 sec)
162.2... logprob:  0.302310, 0.102400 (2.219 sec)
162.3... logprob:  0.301819, 0.104400 (2.224 sec)
162.4... logprob:  0.305168, 0.101000 (2.219 sec)
162.5... logprob:  0.287858, 0.098000 
======================Test output======================
logprob:  0.654005, 0.204000 
------------------------------------------------------- 
Layer 'conv1' weights[0]: 8.094959e-02 [5.048459e-05] 
Layer 'conv1' biases: 4.862120e-02 [1.841034e-06] 
Layer 'conv2' weights[0]: 2.593607e-02 [2.134612e-05] 
Layer 'conv2' biases: 3.329940e-02 [9.888138e-07] 
Layer 'conv3' weights[0]: 2.272578e-02 [2.789757e-05] 
Layer 'conv3' biases: 5.153554e-02 [1.273704e-06] 
Layer 'fc128' weights[0]: 5.570584e-03 [1.823312e-05] 
Layer 'fc128' biases: 5.585769e-02 [3.559591e-06] 
Layer 'fc10' weights[0]: 4.621815e-02 [4.075975e-05] 
Layer 'fc10' biases: 6.692342e-01 [3.354417e-05] 
-------------------------------------------------------
Saved checkpoint to ./checkpoints
======================================================= (3.031 sec)
epoch_cost: 0
163.1... logprob:  0.297961, 0.095700 (2.220 sec)
163.2... logprob:  0.302312, 0.104000 (2.219 sec)
163.3... logprob:  0.288155, 0.094400 (2.220 sec)
163.4... logprob:  0.299320, 0.104600 (2.220 sec)
163.5... logprob:  0.286281, 0.096700 (2.220 sec)
epoch_cost: 0
164.1... logprob:  0.294258, 0.096400 (2.237 sec)
164.2... logprob:  0.297352, 0.100100 (2.219 sec)
164.3... logprob:  0.293455, 0.096000 (2.226 sec)
164.4... logprob:  0.307189, 0.103000 (2.221 sec)
164.5... logprob:  0.286097, 0.099600 (2.219 sec)
epoch_cost: 0
165.1... logprob:  0.282972, 0.093700 (2.219 sec)
165.2... logprob:  0.300852, 0.102800 (2.219 sec)
165.3... logprob:  0.291888, 0.096200 (2.219 sec)
165.4... logprob:  0.294054, 0.102000 (2.220 sec)
165.5... logprob:  0.287904, 0.096300 
======================Test output======================
logprob:  0.659181, 0.203400 
------------------------------------------------------- 
Layer 'conv1' weights[0]: 8.113185e-02 [5.803446e-05] 
Layer 'conv1' biases: 4.911741e-02 [3.346206e-06] 
Layer 'conv2' weights[0]: 2.597842e-02 [3.349683e-05] 
Layer 'conv2' biases: 3.352925e-02 [1.355846e-06] 
Layer 'conv3' weights[0]: 2.278810e-02 [3.889193e-05] 
Layer 'conv3' biases: 5.176975e-02 [1.625467e-06] 
Layer 'fc128' weights[0]: 5.567069e-03 [2.403851e-05] 
Layer 'fc128' biases: 5.650741e-02 [4.530653e-06] 
Layer 'fc10' weights[0]: 4.631435e-02 [5.365274e-05] 
Layer 'fc10' biases: 6.735322e-01 [5.172609e-05] 
-------------------------------------------------------
Saved checkpoint to ./checkpoints
======================================================= (3.030 sec)
epoch_cost: 0
166.1... logprob:  0.290083, 0.096600 (2.221 sec)
166.2... logprob:  0.305246, 0.104600 (2.209 sec)
166.3... logprob:  0.294293, 0.097900 (2.219 sec)
166.4... logprob:  0.307079, 0.103500 (2.219 sec)
166.5... logprob:  0.284452, 0.097700 (2.219 sec)
epoch_cost: 0
167.1... logprob:  0.283099, 0.091700 (2.220 sec)
167.2... logprob:  0.317034, 0.104400 (2.219 sec)
167.3... logprob:  0.297341, 0.100800 (2.219 sec)
167.4... logprob:  0.308585, 0.106000 (2.219 sec)
167.5... logprob:  0.286128, 0.095400 (2.219 sec)
epoch_cost: 0
168.1... logprob:  0.280812, 0.089400 (2.219 sec)
168.2... logprob:  0.316810, 0.104700 (2.208 sec)
168.3... logprob:  0.296731, 0.099100 (2.219 sec)
168.4... logprob:  0.306097, 0.100800 (2.219 sec)
168.5... logprob:  0.282884, 0.096400 
======================Test output======================
logprob:  0.675062, 0.205400 
------------------------------------------------------- 
Layer 'conv1' weights[0]: 8.134143e-02 [4.111004e-05] 
Layer 'conv1' biases: 4.964476e-02 [2.440346e-06] 
Layer 'conv2' weights[0]: 2.602890e-02 [2.377627e-05] 
Layer 'conv2' biases: 3.376909e-02 [1.105912e-06] 
Layer 'conv3' weights[0]: 2.286654e-02 [3.359311e-05] 
Layer 'conv3' biases: 5.200766e-02 [1.488771e-06] 
Layer 'fc128' weights[0]: 5.574730e-03 [2.094689e-05] 
Layer 'fc128' biases: 5.714455e-02 [4.165373e-06] 
Layer 'fc10' weights[0]: 4.629557e-02 [4.459323e-05] 
Layer 'fc10' biases: 6.784021e-01 [5.329553e-05] 
-------------------------------------------------------
Saved checkpoint to ./checkpoints
======================================================= (3.049 sec)
epoch_cost: 0
169.1... logprob:  0.282886, 0.093500 (2.220 sec)
169.2... logprob:  0.306206, 0.104100 (2.210 sec)
169.3... logprob:  0.289302, 0.094900 (2.220 sec)
169.4... logprob:  0.300521, 0.102100 (2.237 sec)
169.5... logprob:  0.280251, 0.093600 (2.219 sec)
epoch_cost: 0
170.1... logprob:  0.293517, 0.097100 (2.219 sec)
170.2... logprob:  0.301179, 0.102600 (2.234 sec)
170.3... logprob:  0.284683, 0.094300 (2.235 sec)
170.4... logprob:  0.298198, 0.099100 (2.221 sec)
170.5... logprob:  0.281147, 0.089700 (2.219 sec)
epoch_cost: 0
171.1... logprob:  0.282770, 0.091700 (2.219 sec)
171.2... logprob:  0.303988, 0.102300 (2.220 sec)
171.3... logprob:  0.291399, 0.099900 (2.228 sec)
171.4... logprob:  0.295293, 0.096300 (2.219 sec)
171.5... logprob:  0.285482, 0.095400 
======================Test output======================
logprob:  0.698827, 0.209400 
------------------------------------------------------- 
Layer 'conv1' weights[0]: 8.151066e-02 [5.122746e-05] 
Layer 'conv1' biases: 5.016703e-02 [1.946314e-06] 
Layer 'conv2' weights[0]: 2.608217e-02 [2.658910e-05] 
Layer 'conv2' biases: 3.400471e-02 [1.150126e-06] 
Layer 'conv3' weights[0]: 2.293462e-02 [3.344015e-05] 
Layer 'conv3' biases: 5.223893e-02 [1.366363e-06] 
Layer 'fc128' weights[0]: 5.579206e-03 [2.095653e-05] 
Layer 'fc128' biases: 5.778052e-02 [3.839701e-06] 
Layer 'fc10' weights[0]: 4.635254e-02 [4.532836e-05] 
Layer 'fc10' biases: 6.823385e-01 [4.193666e-05] 
-------------------------------------------------------
Saved checkpoint to ./checkpoints
======================================================= (3.031 sec)
epoch_cost: 0
172.1... logprob:  0.280392, 0.092100 (2.220 sec)
172.2... logprob:  0.296451, 0.101200 (2.219 sec)
172.3... logprob:  0.295561, 0.097200 (2.221 sec)
172.4... logprob:  0.298068, 0.101100 (2.221 sec)
172.5... logprob:  0.282765, 0.094400 (2.219 sec)
epoch_cost: 0
173.1... logprob:  0.276072, 0.090600 (2.224 sec)
173.2... logprob:  0.298755, 0.101000 (2.221 sec)
173.3... logprob:  0.294029, 0.102000 (2.219 sec)
173.4... logprob:  0.290821, 0.095100 (2.219 sec)
173.5... logprob:  0.282331, 0.093600 (2.226 sec)
epoch_cost: 0
174.1... logprob:  0.284318, 0.097900 (2.219 sec)
174.2... logprob:  0.296405, 0.098200 (2.221 sec)
174.3... logprob:  0.292562, 0.099400 (2.221 sec)
174.4... logprob:  0.291122, 0.096700 (2.238 sec)
174.5... logprob:  0.270987, 0.090100 
======================Test output======================
logprob:  0.688059, 0.209800 
------------------------------------------------------- 
Layer 'conv1' weights[0]: 8.165970e-02 [4.787774e-05] 
Layer 'conv1' biases: 5.067294e-02 [1.832596e-06] 
Layer 'conv2' weights[0]: 2.612848e-02 [2.359213e-05] 
Layer 'conv2' biases: 3.422882e-02 [9.571937e-07] 
Layer 'conv3' weights[0]: 2.298245e-02 [2.799120e-05] 
Layer 'conv3' biases: 5.246386e-02 [1.147678e-06] 
Layer 'fc128' weights[0]: 5.575094e-03 [1.906295e-05] 
Layer 'fc128' biases: 5.838780e-02 [3.558007e-06] 
Layer 'fc10' weights[0]: 4.642638e-02 [4.231164e-05] 
Layer 'fc10' biases: 6.865129e-01 [4.042339e-05] 
-------------------------------------------------------
Saved checkpoint to ./checkpoints
======================================================= (3.035 sec)
epoch_cost: 0
175.1... logprob:  0.278499, 0.088900 (2.220 sec)
175.2... logprob:  0.299670, 0.100900 (2.220 sec)
175.3... logprob:  0.281561, 0.094400 (2.219 sec)
175.4... logprob:  0.288916, 0.095600 (2.219 sec)
175.5... logprob:  0.284931, 0.096100 (2.223 sec)
epoch_cost: 0
176.1... logprob:  0.274228, 0.089300 (2.220 sec)
176.2... logprob:  0.301925, 0.101500 (2.219 sec)
176.3... logprob:  0.297863, 0.101200 (2.219 sec)
176.4... logprob:  0.297617, 0.099700 (2.231 sec)
176.5... logprob:  0.277655, 0.092900 (2.223 sec)
epoch_cost: 0
177.1... logprob:  0.272341, 0.089300 (2.226 sec)
177.2... logprob:  0.293059, 0.094600 (2.220 sec)
177.3... logprob:  0.291628, 0.099700 (2.237 sec)
177.4... logprob:  0.294432, 0.097300 (2.219 sec)
177.5... logprob:  0.285831, 0.097400 
======================Test output======================
logprob:  0.681798, 0.208100 
------------------------------------------------------- 
Layer 'conv1' weights[0]: 8.186623e-02 [5.595874e-05] 
Layer 'conv1' biases: 5.116697e-02 [2.621329e-06] 
Layer 'conv2' weights[0]: 2.616701e-02 [2.577651e-05] 
Layer 'conv2' biases: 3.445701e-02 [1.052761e-06] 
Layer 'conv3' weights[0]: 2.305359e-02 [3.202791e-05] 
Layer 'conv3' biases: 5.269445e-02 [1.086665e-06] 
Layer 'fc128' weights[0]: 5.599242e-03 [2.138112e-05] 
Layer 'fc128' biases: 5.898792e-02 [3.735454e-06] 
Layer 'fc10' weights[0]: 4.658747e-02 [4.376721e-05] 
Layer 'fc10' biases: 6.912028e-01 [4.212047e-05] 
-------------------------------------------------------
Saved checkpoint to ./checkpoints
======================================================= (3.030 sec)
epoch_cost: 0
178.1... logprob:  0.292727, 0.094800 (2.220 sec)
178.2... logprob:  0.292157, 0.100100 (2.219 sec)
178.3... logprob:  0.292057, 0.097400 (2.219 sec)
178.4... logprob:  0.285099, 0.094300 (2.232 sec)
178.5... logprob:  0.280917, 0.092400 (2.224 sec)
epoch_cost: 0
179.1... logprob:  0.272641, 0.092100 (2.229 sec)
179.2... logprob:  0.289488, 0.096900 (2.235 sec)
179.3... logprob:  0.288194, 0.097900 (2.234 sec)
179.4... logprob:  0.282416, 0.094000 (2.244 sec)
179.5... logprob:  0.283148, 0.096800 (2.274 sec)
epoch_cost: 0
180.1... logprob:  0.270806, 0.087500 (2.276 sec)
180.2... logprob:  0.293426, 0.098100 (2.272 sec)
180.3... logprob:  0.286065, 0.094100 (2.282 sec)
180.4... logprob:  0.281496, 0.094900 (2.367 sec)
180.5... logprob:  0.281502, 0.092300 
======================Test output======================
logprob:  0.661761, 0.206700 
------------------------------------------------------- 
Layer 'conv1' weights[0]: 8.194157e-02 [6.310665e-05] 
Layer 'conv1' biases: 5.172679e-02 [3.162000e-06] 
Layer 'conv2' weights[0]: 2.619518e-02 [3.216233e-05] 
Layer 'conv2' biases: 3.469648e-02 [1.649651e-06] 
Layer 'conv3' weights[0]: 2.309461e-02 [3.665098e-05] 
Layer 'conv3' biases: 5.293723e-02 [1.603437e-06] 
Layer 'fc128' weights[0]: 5.572425e-03 [2.376416e-05] 
Layer 'fc128' biases: 5.963086e-02 [4.686470e-06] 
Layer 'fc10' weights[0]: 4.648486e-02 [4.504350e-05] 
Layer 'fc10' biases: 6.960773e-01 [3.623202e-05] 
-------------------------------------------------------
Saved checkpoint to ./checkpoints
======================================================= (3.150 sec)
epoch_cost: 0
181.1... logprob:  0.267211, 0.085900 (2.327 sec)
181.2... logprob:  0.298671, 0.099300 (2.319 sec)
181.3... logprob:  0.280841, 0.093200 (2.265 sec)
181.4... logprob:  0.287033, 0.095100 (2.352 sec)
181.5... logprob:  0.280283, 0.093300 (2.303 sec)
epoch_cost: 0
182.1... logprob:  0.276426, 0.089400 (2.257 sec)
182.2... logprob:  0.292056, 0.097600 (2.256 sec)
182.3... logprob:  0.282112, 0.096400 (2.252 sec)
182.4... logprob:  0.293076, 0.096700 (2.246 sec)
182.5... logprob:  0.273744, 0.092500 (2.242 sec)
epoch_cost: 0
183.1... logprob:  0.271934, 0.091000 (2.247 sec)
183.2... logprob:  0.292636, 0.096600 (2.295 sec)
183.3... logprob:  0.287112, 0.097700 (2.229 sec)
183.4... logprob:  0.293604, 0.101200 (2.233 sec)
183.5... logprob:  0.282449, 0.094500 
======================Test output======================
logprob:  0.658774, 0.201200 
------------------------------------------------------- 
Layer 'conv1' weights[0]: 8.215308e-02 [5.758877e-05] 
Layer 'conv1' biases: 5.223807e-02 [3.305486e-06] 
Layer 'conv2' weights[0]: 2.623287e-02 [2.902690e-05] 
Layer 'conv2' biases: 3.492237e-02 [1.354667e-06] 
Layer 'conv3' weights[0]: 2.315230e-02 [3.695133e-05] 
Layer 'conv3' biases: 5.316461e-02 [1.627303e-06] 
Layer 'fc128' weights[0]: 5.583974e-03 [2.243236e-05] 
Layer 'fc128' biases: 6.024247e-02 [4.635965e-06] 
Layer 'fc10' weights[0]: 4.664438e-02 [4.464971e-05] 
Layer 'fc10' biases: 6.999778e-01 [3.991248e-05] 
-------------------------------------------------------
Saved checkpoint to ./checkpoints
======================================================= (3.049 sec)
epoch_cost: 0
184.1... logprob:  0.280847, 0.091600 (2.231 sec)
184.2... logprob:  0.289899, 0.095900 (2.242 sec)
184.3... logprob:  0.289494, 0.097200 (2.254 sec)
184.4... logprob:  0.287417, 0.095200 (2.301 sec)
184.5... logprob:  0.271003, 0.090600 (2.288 sec)
epoch_cost: 0
185.1... logprob:  0.276252, 0.088700 (2.238 sec)
185.2... logprob:  0.284897, 0.097400 (2.225 sec)
185.3... logprob:  0.289896, 0.098400 (2.227 sec)
185.4... logprob:  0.294709, 0.097000 (2.304 sec)
185.5... logprob:  0.276258, 0.090500 (2.256 sec)
epoch_cost: 0
186.1... logprob:  0.270590, 0.087100 (2.260 sec)
186.2... logprob:  0.281780, 0.094200 (2.270 sec)
186.3... logprob:  0.278764, 0.095000 (2.272 sec)
186.4... logprob:  0.283673, 0.095500 (2.275 sec)
186.5... logprob:  0.280117, 0.094200 
======================Test output======================
logprob:  0.689253, 0.208400 
------------------------------------------------------- 
Layer 'conv1' weights[0]: 8.226330e-02 [3.724048e-05] 
Layer 'conv1' biases: 5.275458e-02 [1.608228e-06] 
Layer 'conv2' weights[0]: 2.626706e-02 [2.267602e-05] 
Layer 'conv2' biases: 3.515849e-02 [1.019626e-06] 
Layer 'conv3' weights[0]: 2.320287e-02 [2.743775e-05] 
Layer 'conv3' biases: 5.339057e-02 [1.148861e-06] 
Layer 'fc128' weights[0]: 5.578018e-03 [1.848994e-05] 
Layer 'fc128' biases: 6.084543e-02 [3.397575e-06] 
Layer 'fc10' weights[0]: 4.660250e-02 [3.965577e-05] 
Layer 'fc10' biases: 7.041484e-01 [4.107762e-05] 
-------------------------------------------------------
Saved checkpoint to ./checkpoints
======================================================= (3.031 sec)
epoch_cost: 0
187.1... logprob:  0.276988, 0.091800 (2.237 sec)
187.2... logprob:  0.292092, 0.097500 (2.229 sec)
187.3... logprob:  0.286272, 0.095800 (2.267 sec)
187.4... logprob:  0.288433, 0.096100 (2.291 sec)
187.5... logprob:  0.276754, 0.092200 (2.287 sec)
epoch_cost: 0
188.1... logprob:  0.268285, 0.089800 (2.257 sec)
188.2... logprob:  0.279862, 0.094900 (2.293 sec)
188.3... logprob:  0.290997, 0.100100 (2.322 sec)
188.4... logprob:  0.291580, 0.094400 (2.288 sec)
188.5... logprob:  0.278550, 0.096100 (2.290 sec)
epoch_cost: 0
189.1... logprob:  0.269738, 0.085200 (2.340 sec)
189.2... logprob:  0.276640, 0.092000 (2.288 sec)
189.3... logprob:  0.276333, 0.092700 (2.307 sec)
189.4... logprob:  0.283962, 0.094100 (2.337 sec)
189.5... logprob:  0.279568, 0.096100 
======================Test output======================
logprob:  0.668162, 0.203600 
------------------------------------------------------- 
Layer 'conv1' weights[0]: 8.241575e-02 [4.703294e-05] 
Layer 'conv1' biases: 5.326365e-02 [2.770361e-06] 
Layer 'conv2' weights[0]: 2.630665e-02 [2.979087e-05] 
Layer 'conv2' biases: 3.538211e-02 [1.375099e-06] 
Layer 'conv3' weights[0]: 2.325074e-02 [3.081222e-05] 
Layer 'conv3' biases: 5.360803e-02 [1.264654e-06] 
Layer 'fc128' weights[0]: 5.580320e-03 [1.932352e-05] 
Layer 'fc128' biases: 6.143905e-02 [3.680208e-06] 
Layer 'fc10' weights[0]: 4.676931e-02 [4.036204e-05] 
Layer 'fc10' biases: 7.081637e-01 [3.787502e-05] 
-------------------------------------------------------
Saved checkpoint to ./checkpoints
======================================================= (3.135 sec)
epoch_cost: 0
190.1... logprob:  0.268887, 0.089800 (2.297 sec)
190.2... logprob:  0.293814, 0.098800 (2.294 sec)
190.3... logprob:  0.285765, 0.094900 (2.299 sec)
190.4... logprob:  0.285874, 0.099700 (2.295 sec)
190.5... logprob:  0.278641, 0.093300 (2.295 sec)
epoch_cost: 0
191.1... logprob:  0.276136, 0.089700 (2.330 sec)
191.2... logprob:  0.285218, 0.095300 (2.300 sec)
191.3... logprob:  0.275766, 0.092200 (2.337 sec)
191.4... logprob:  0.275422, 0.094000 (2.292 sec)
191.5... logprob:  0.264675, 0.089000 (2.251 sec)
epoch_cost: 0
192.1... logprob:  0.272929, 0.089200 (2.274 sec)
192.2... logprob:  0.293954, 0.097400 (2.304 sec)
192.3... logprob:  0.289075, 0.097000 (2.320 sec)
192.4... logprob:  0.285853, 0.095200 (2.313 sec)
192.5... logprob:  0.272724, 0.090200 
======================Test output======================
logprob:  0.690083, 0.209200 
------------------------------------------------------- 
Layer 'conv1' weights[0]: 8.257954e-02 [4.854671e-05] 
Layer 'conv1' biases: 5.375879e-02 [1.982288e-06] 
Layer 'conv2' weights[0]: 2.635262e-02 [2.136910e-05] 
Layer 'conv2' biases: 3.558790e-02 [9.235465e-07] 
Layer 'conv3' weights[0]: 2.330866e-02 [2.742318e-05] 
Layer 'conv3' biases: 5.382374e-02 [1.022652e-06] 
Layer 'fc128' weights[0]: 5.592973e-03 [1.970016e-05] 
Layer 'fc128' biases: 6.203067e-02 [3.502780e-06] 
Layer 'fc10' weights[0]: 4.684114e-02 [4.077439e-05] 
Layer 'fc10' biases: 7.100962e-01 [2.695570e-05] 
-------------------------------------------------------
Saved checkpoint to ./checkpoints
======================================================= (3.110 sec)
epoch_cost: 0
193.1... logprob:  0.276366, 0.089400 (2.259 sec)
193.2... logprob:  0.279264, 0.093800 (2.251 sec)
193.3... logprob:  0.286903, 0.097100 (2.255 sec)
193.4... logprob:  0.275932, 0.090900 (2.245 sec)
193.5... logprob:  0.270578, 0.092000 (2.233 sec)
epoch_cost: 0
194.1... logprob:  0.274541, 0.088700 (2.233 sec)
194.2... logprob:  0.285074, 0.096100 (2.243 sec)
194.3... logprob:  0.277919, 0.092900 (2.239 sec)
194.4... logprob:  0.278623, 0.093700 (2.248 sec)
194.5... logprob:  0.269763, 0.089700 (2.239 sec)
epoch_cost: 0
195.1... logprob:  0.266213, 0.084400 (2.243 sec)
195.2... logprob:  0.280127, 0.095200 (2.246 sec)
195.3... logprob:  0.275732, 0.091800 (2.232 sec)
195.4... logprob:  0.278801, 0.092900 (2.226 sec)
195.5... logprob:  0.265033, 0.090000 
======================Test output======================
logprob:  0.667767, 0.203400 
------------------------------------------------------- 
Layer 'conv1' weights[0]: 8.269432e-02 [3.366470e-05] 
Layer 'conv1' biases: 5.423087e-02 [1.511020e-06] 
Layer 'conv2' weights[0]: 2.638611e-02 [1.949639e-05] 
Layer 'conv2' biases: 3.580646e-02 [6.973841e-07] 
Layer 'conv3' weights[0]: 2.335605e-02 [2.822293e-05] 
Layer 'conv3' biases: 5.404184e-02 [9.511068e-07] 
Layer 'fc128' weights[0]: 5.579031e-03 [1.923418e-05] 
Layer 'fc128' biases: 6.261353e-02 [3.421494e-06] 
Layer 'fc10' weights[0]: 4.689452e-02 [3.990427e-05] 
Layer 'fc10' biases: 7.137776e-01 [3.103572e-05] 
-------------------------------------------------------
Saved checkpoint to ./checkpoints
======================================================= (3.057 sec)
epoch_cost: 0
196.1... logprob:  0.267833, 0.087500 (2.234 sec)
196.2... logprob:  0.284353, 0.095500 (2.245 sec)
196.3... logprob:  0.294026, 0.097600 (2.251 sec)
196.4... logprob:  0.278271, 0.093900 (2.227 sec)
196.5... logprob:  0.271765, 0.093300 (2.250 sec)
epoch_cost: 0
197.1... logprob:  0.274346, 0.089400 (2.310 sec)
197.2... logprob:  0.275192, 0.093100 (2.302 sec)
197.3... logprob:  0.279503, 0.092800 (2.233 sec)
197.4... logprob:  0.267902, 0.085900 (2.245 sec)
197.5... logprob:  0.267535, 0.089000 (2.235 sec)
epoch_cost: 0
198.1... logprob:  0.264094, 0.086800 (2.221 sec)
198.2... logprob:  0.278591, 0.091200 (2.219 sec)
198.3... logprob:  0.277404, 0.093100 (2.240 sec)
198.4... logprob:  0.281649, 0.094900 (2.246 sec)
198.5... logprob:  0.273293, 0.092600 
======================Test output======================
logprob:  0.669568, 0.205000 
------------------------------------------------------- 
Layer 'conv1' weights[0]: 8.284322e-02 [4.450440e-05] 
Layer 'conv1' biases: 5.476842e-02 [2.320226e-06] 
Layer 'conv2' weights[0]: 2.641913e-02 [2.374936e-05] 
Layer 'conv2' biases: 3.603221e-02 [9.623596e-07] 
Layer 'conv3' weights[0]: 2.340578e-02 [2.834843e-05] 
Layer 'conv3' biases: 5.426925e-02 [1.110479e-06] 
Layer 'fc128' weights[0]: 5.583779e-03 [1.946787e-05] 
Layer 'fc128' biases: 6.322017e-02 [3.484656e-06] 
Layer 'fc10' weights[0]: 4.692744e-02 [4.244561e-05] 
Layer 'fc10' biases: 7.168406e-01 [3.753779e-05] 
-------------------------------------------------------
Saved checkpoint to ./checkpoints
======================================================= (3.069 sec)
epoch_cost: 0
199.1... logprob:  0.277304, 0.090100 (2.282 sec)
199.2... logprob:  0.284387, 0.095000 (2.262 sec)
199.3... logprob:  0.280224, 0.093500 (2.326 sec)
199.4... logprob:  0.282642, 0.095000 (2.262 sec)
199.5... logprob:  0.259222, 0.088300 (2.379 sec)
epoch_cost: 0
200.1... logprob:  0.264552, 0.086400 (2.253 sec)
200.2... logprob:  0.277780, 0.092000 (2.271 sec)
200.3... logprob:  0.270074, 0.091600 (2.292 sec)
200.4... logprob:  0.267499, 0.088100 (2.271 sec)
200.5... logprob:  0.267890, 0.090000 (2.252 sec)
epoch_cost: 0
201.1... logprob:  0.273033, 0.091400 (2.240 sec)
201.2... logprob:  0.285499, 0.096800 (2.221 sec)
201.3... logprob:  0.272821, 0.088100 (2.293 sec)
201.4... logprob:  0.279320, 0.093000 (2.243 sec)
201.5... logprob:  0.270506, 0.090300 
======================Test output======================
logprob:  0.663057, 0.202300 
------------------------------------------------------- 
Layer 'conv1' weights[0]: 8.295723e-02 [3.884803e-05] 
Layer 'conv1' biases: 5.527010e-02 [1.995475e-06] 
Layer 'conv2' weights[0]: 2.645526e-02 [2.010317e-05] 
Layer 'conv2' biases: 3.625575e-02 [8.826838e-07] 
Layer 'conv3' weights[0]: 2.344201e-02 [2.671702e-05] 
Layer 'conv3' biases: 5.448684e-02 [1.015490e-06] 
Layer 'fc128' weights[0]: 5.579215e-03 [1.831681e-05] 
Layer 'fc128' biases: 6.384631e-02 [3.404183e-06] 
Layer 'fc10' weights[0]: 4.692423e-02 [3.943772e-05] 
Layer 'fc10' biases: 7.216072e-01 [3.790206e-05] 
-------------------------------------------------------
Saved checkpoint to ./checkpoints
======================================================= (3.043 sec)
epoch_cost: 0
202.1... logprob:  0.272889, 0.090800 (2.222 sec)
202.2... logprob:  0.291968, 0.097800 (2.233 sec)
202.3... logprob:  0.270626, 0.090300 (2.292 sec)
202.4... logprob:  0.280861, 0.094500 (2.244 sec)
202.5... logprob:  0.261151, 0.084800 (2.263 sec)
epoch_cost: 0
203.1... logprob:  0.261753, 0.086200 (2.266 sec)
203.2... logprob:  0.281795, 0.093800 (2.284 sec)
203.3... logprob:  0.275740, 0.092300 (2.262 sec)
203.4... logprob:  0.277587, 0.095000 (2.289 sec)
203.5... logprob:  0.260573, 0.086000 (2.278 sec)
epoch_cost: 0
204.1... logprob:  0.274535, 0.091400 (2.261 sec)
204.2... logprob:  0.276206, 0.092400 (2.234 sec)
204.3... logprob:  0.273885, 0.095700 (2.241 sec)
204.4... logprob:  0.275526, 0.094000 (2.224 sec)
204.5... logprob:  0.252190, 0.083200 
======================Test output======================
logprob:  0.653478, 0.199200 
------------------------------------------------------- 
Layer 'conv1' weights[0]: 8.310842e-02 [3.811231e-05] 
Layer 'conv1' biases: 5.579818e-02 [2.504917e-06] 
Layer 'conv2' weights[0]: 2.648685e-02 [2.564572e-05] 
Layer 'conv2' biases: 3.647622e-02 [1.220993e-06] 
Layer 'conv3' weights[0]: 2.349471e-02 [2.867077e-05] 
Layer 'conv3' biases: 5.470718e-02 [1.232256e-06] 
Layer 'fc128' weights[0]: 5.584042e-03 [1.876520e-05] 
Layer 'fc128' biases: 6.442808e-02 [3.342601e-06] 
Layer 'fc10' weights[0]: 4.688961e-02 [3.942084e-05] 
Layer 'fc10' biases: 7.249519e-01 [3.424228e-05] 
-------------------------------------------------------
Saved checkpoint to ./checkpoints
======================================================= (3.034 sec)
epoch_cost: 0
205.1... logprob:  0.262340, 0.087000 (2.247 sec)
205.2... logprob:  0.280616, 0.095300 (2.262 sec)
205.3... logprob:  0.276302, 0.090000 (2.275 sec)
205.4... logprob:  0.272504, 0.090800 (2.235 sec)
205.5... logprob:  0.262320, 0.088700 (2.220 sec)
epoch_cost: 0
206.1... logprob:  0.258529, 0.084700 (2.233 sec)
206.2... logprob:  0.276456, 0.093400 (2.233 sec)
206.3... logprob:  0.266983, 0.088400 (2.220 sec)
206.4... logprob:  0.273054, 0.089700 (2.220 sec)
206.5... logprob:  0.258561, 0.087200 (2.226 sec)
epoch_cost: 0
207.1... logprob:  0.261044, 0.084200 (2.229 sec)
207.2... logprob:  0.278523, 0.093200 (2.318 sec)
207.3... logprob:  0.260180, 0.089500 (2.263 sec)
207.4... logprob:  0.273488, 0.089700 (2.243 sec)
207.5... logprob:  0.273996, 0.092600 
======================Test output======================
logprob:  0.679561, 0.206800 
------------------------------------------------------- 
Layer 'conv1' weights[0]: 8.319651e-02 [4.559415e-05] 
Layer 'conv1' biases: 5.630616e-02 [2.153904e-06] 
Layer 'conv2' weights[0]: 2.652884e-02 [2.752168e-05] 
Layer 'conv2' biases: 3.668735e-02 [9.885360e-07] 
Layer 'conv3' weights[0]: 2.353247e-02 [3.076889e-05] 
Layer 'conv3' biases: 5.492301e-02 [1.172585e-06] 
Layer 'fc128' weights[0]: 5.585092e-03 [2.039780e-05] 
Layer 'fc128' biases: 6.500957e-02 [3.568458e-06] 
Layer 'fc10' weights[0]: 4.711909e-02 [3.962768e-05] 
Layer 'fc10' biases: 7.291265e-01 [2.479870e-05] 
-------------------------------------------------------
Saved checkpoint to ./checkpoints
======================================================= (3.033 sec)
epoch_cost: 0
208.1... logprob:  0.256466, 0.084900 (2.224 sec)
208.2... logprob:  0.272273, 0.091300 (2.227 sec)
208.3... logprob:  0.274203, 0.092800 (2.220 sec)
208.4... logprob:  0.289834, 0.099500 (2.238 sec)
208.5... logprob:  0.258625, 0.086400 (2.221 sec)
epoch_cost: 0
209.1... logprob:  0.261281, 0.085500 (2.210 sec)
209.2... logprob:  0.278239, 0.094500 (2.221 sec)
209.3... logprob:  0.266865, 0.090400 (2.236 sec)
209.4... logprob:  0.267284, 0.089700 (2.220 sec)
209.5... logprob:  0.273173, 0.090900 (2.250 sec)
epoch_cost: 0
210.1... logprob:  0.265763, 0.089000 (2.261 sec)
210.2... logprob:  0.279990, 0.095200 (2.238 sec)
210.3... logprob:  0.284969, 0.097500 (2.244 sec)
210.4... logprob:  0.273661, 0.090600 (2.239 sec)
210.5... logprob:  0.264278, 0.088900 
======================Test output======================
logprob:  0.671165, 0.205900 
------------------------------------------------------- 
Layer 'conv1' weights[0]: 8.335333e-02 [4.558719e-05] 
Layer 'conv1' biases: 5.682031e-02 [2.127137e-06] 
Layer 'conv2' weights[0]: 2.655800e-02 [2.840854e-05] 
Layer 'conv2' biases: 3.690402e-02 [1.296153e-06] 
Layer 'conv3' weights[0]: 2.357240e-02 [3.606224e-05] 
Layer 'conv3' biases: 5.514626e-02 [1.521379e-06] 
Layer 'fc128' weights[0]: 5.592112e-03 [2.156626e-05] 
Layer 'fc128' biases: 6.564239e-02 [4.425116e-06] 
Layer 'fc10' weights[0]: 4.710151e-02 [4.909740e-05] 
Layer 'fc10' biases: 7.328321e-01 [5.817633e-05] 
-------------------------------------------------------
Saved checkpoint to ./checkpoints
======================================================= (3.052 sec)
epoch_cost: 0
211.1... logprob:  0.263565, 0.085300 (2.240 sec)
211.2... logprob:  0.265982, 0.089400 (2.239 sec)
211.3... logprob:  0.266526, 0.087400 (2.322 sec)
211.4... logprob:  0.274560, 0.090400 (2.276 sec)
211.5... logprob:  0.251674, 0.085000 (2.250 sec)
epoch_cost: 0
212.1... logprob:  0.254544, 0.082900 (2.254 sec)
212.2... logprob:  0.275017, 0.090500 (2.251 sec)
212.3... logprob:  0.260755, 0.086000 (2.241 sec)
212.4... logprob:  0.283702, 0.095000 (2.240 sec)
212.5... logprob:  0.263237, 0.086500 (2.241 sec)
epoch_cost: 0
213.1... logprob:  0.262391, 0.082400 (2.311 sec)
213.2... logprob:  0.276798, 0.093600 (2.246 sec)
213.3... logprob:  0.268316, 0.087800 (2.246 sec)
213.4... logprob:  0.272666, 0.091500 (2.263 sec)
213.5... logprob:  0.256824, 0.087300 
======================Test output======================
logprob:  0.667493, 0.204300 
------------------------------------------------------- 
Layer 'conv1' weights[0]: 8.347588e-02 [3.873284e-05] 
Layer 'conv1' biases: 5.731445e-02 [2.397869e-06] 
Layer 'conv2' weights[0]: 2.659354e-02 [2.490291e-05] 
Layer 'conv2' biases: 3.710666e-02 [1.238405e-06] 
Layer 'conv3' weights[0]: 2.359929e-02 [3.251617e-05] 
Layer 'conv3' biases: 5.535195e-02 [1.373589e-06] 
Layer 'fc128' weights[0]: 5.585447e-03 [2.022645e-05] 
Layer 'fc128' biases: 6.621928e-02 [3.421670e-06] 
Layer 'fc10' weights[0]: 4.711943e-02 [4.151956e-05] 
Layer 'fc10' biases: 7.371665e-01 [2.998858e-05] 
-------------------------------------------------------
Saved checkpoint to ./checkpoints
======================================================= (3.155 sec)
epoch_cost: 0
214.1... logprob:  0.250149, 0.082000 (2.294 sec)
214.2... logprob:  0.273848, 0.092500 (2.292 sec)
214.3... logprob:  0.267269, 0.089500 (2.297 sec)
214.4... logprob:  0.265475, 0.086300 (2.247 sec)
214.5... logprob:  0.267083, 0.089100 (2.283 sec)
epoch_cost: 0
215.1... logprob:  0.263178, 0.084100 (2.277 sec)
215.2... logprob:  0.271100, 0.090100 (2.293 sec)
215.3... logprob:  0.264298, 0.088700 (2.256 sec)
215.4... logprob:  0.269419, 0.089600 (2.240 sec)
215.5... logprob:  0.259349, 0.085600 (2.240 sec)
epoch_cost: 0
216.1... logprob:  0.256597, 0.083700 (2.251 sec)
216.2... logprob:  0.280684, 0.093900 (2.248 sec)
216.3... logprob:  0.276715, 0.091200 (2.253 sec)
216.4... logprob:  0.269742, 0.089400 (2.255 sec)
216.5... logprob:  0.263193, 0.085200 
======================Test output======================
logprob:  0.676283, 0.203700 
------------------------------------------------------- 
Layer 'conv1' weights[0]: 8.357271e-02 [6.445558e-05] 
Layer 'conv1' biases: 5.782297e-02 [2.038750e-06] 
Layer 'conv2' weights[0]: 2.662217e-02 [2.860369e-05] 
Layer 'conv2' biases: 3.733380e-02 [1.307792e-06] 
Layer 'conv3' weights[0]: 2.364400e-02 [3.375459e-05] 
Layer 'conv3' biases: 5.557496e-02 [1.262942e-06] 
Layer 'fc128' weights[0]: 5.598734e-03 [2.175504e-05] 
Layer 'fc128' biases: 6.682822e-02 [4.119219e-06] 
Layer 'fc10' weights[0]: 4.711086e-02 [4.394341e-05] 
Layer 'fc10' biases: 7.404749e-01 [4.405554e-05] 
-------------------------------------------------------
Saved checkpoint to ./checkpoints
======================================================= (3.079 sec)
epoch_cost: 0
217.1... logprob:  0.255357, 0.083700 (2.248 sec)
217.2... logprob:  0.277368, 0.092900 (2.301 sec)
217.3... logprob:  0.267289, 0.090900 (2.292 sec)
217.4... logprob:  0.270625, 0.091700 (2.287 sec)
217.5... logprob:  0.258653, 0.085300 (2.246 sec)
epoch_cost: 0
218.1... logprob:  0.251449, 0.084600 (2.239 sec)
218.2... logprob:  0.269830, 0.089900 (2.249 sec)
218.3... logprob:  0.278685, 0.091900 (2.246 sec)
218.4... logprob:  0.269858, 0.091200 (2.254 sec)
218.5... logprob:  0.254208, 0.084300 (2.255 sec)
epoch_cost: 0
219.1... logprob:  0.255017, 0.083900 (2.257 sec)
219.2... logprob:  0.274989, 0.089400 (2.238 sec)
219.3... logprob:  0.256915, 0.085000 (2.250 sec)
219.4... logprob:  0.260916, 0.082700 (2.249 sec)
219.5... logprob:  0.254350, 0.087700 
======================Test output======================
logprob:  0.682972, 0.207700 
------------------------------------------------------- 
Layer 'conv1' weights[0]: 8.366606e-02 [6.688333e-05] 
Layer 'conv1' biases: 5.831212e-02 [3.174470e-06] 
Layer 'conv2' weights[0]: 2.664677e-02 [3.538239e-05] 
Layer 'conv2' biases: 3.754657e-02 [1.560333e-06] 
Layer 'conv3' weights[0]: 2.367858e-02 [4.536726e-05] 
Layer 'conv3' biases: 5.580353e-02 [1.878397e-06] 
Layer 'fc128' weights[0]: 5.594262e-03 [2.641090e-05] 
Layer 'fc128' biases: 6.742512e-02 [5.818425e-06] 
Layer 'fc10' weights[0]: 4.715258e-02 [5.682923e-05] 
Layer 'fc10' biases: 7.437381e-01 [4.968584e-05] 
-------------------------------------------------------
Saved checkpoint to ./checkpoints
======================================================= (3.065 sec)
epoch_cost: 0
220.1... logprob:  0.257419, 0.086300 (2.270 sec)
220.2... logprob:  0.276159, 0.093900 (2.256 sec)
220.3... logprob:  0.265010, 0.090100 (2.247 sec)
220.4... logprob:  0.265498, 0.090000 (2.248 sec)
220.5... logprob:  0.258020, 0.086000 (2.256 sec)
epoch_cost: 0
221.1... logprob:  0.256964, 0.083600 (2.255 sec)
221.2... logprob:  0.277546, 0.095800 (2.226 sec)
221.3... logprob:  0.262612, 0.088000 (2.227 sec)
221.4... logprob:  0.271908, 0.091400 (2.228 sec)
221.5... logprob:  0.252294, 0.083800 (2.239 sec)
epoch_cost: 0
222.1... logprob:  0.257222, 0.083600 (2.239 sec)
222.2... logprob:  0.268192, 0.091000 (2.238 sec)
222.3... logprob:  0.267439, 0.090500 (2.238 sec)
222.4... logprob:  0.266557, 0.088300 (2.238 sec)
222.5... logprob:  0.250408, 0.082900 
======================Test output======================
logprob:  0.668023, 0.203300 
------------------------------------------------------- 
Layer 'conv1' weights[0]: 8.376971e-02 [3.932348e-05] 
Layer 'conv1' biases: 5.882902e-02 [2.124183e-06] 
Layer 'conv2' weights[0]: 2.667155e-02 [2.045960e-05] 
Layer 'conv2' biases: 3.776380e-02 [7.707936e-07] 
Layer 'conv3' weights[0]: 2.371147e-02 [2.679016e-05] 
Layer 'conv3' biases: 5.602103e-02 [1.048850e-06] 
Layer 'fc128' weights[0]: 5.590160e-03 [1.875135e-05] 
Layer 'fc128' biases: 6.802811e-02 [3.278778e-06] 
Layer 'fc10' weights[0]: 4.720987e-02 [3.651448e-05] 
Layer 'fc10' biases: 7.470747e-01 [2.193217e-05] 
-------------------------------------------------------
Saved checkpoint to ./checkpoints
======================================================= (3.052 sec)
epoch_cost: 0
223.1... logprob:  0.261162, 0.085200 (2.240 sec)
223.2... logprob:  0.265088, 0.087600 (2.238 sec)
223.3... logprob:  0.254912, 0.083700 (2.241 sec)
223.4... logprob:  0.267567, 0.091800 (2.242 sec)
223.5... logprob:  0.262513, 0.087800 (2.243 sec)
epoch_cost: 0
224.1... logprob:  0.249563, 0.081800 (2.239 sec)
224.2... logprob:  0.263236, 0.089200 (2.238 sec)
224.3... logprob:  0.265843, 0.087700 (2.266 sec)
224.4... logprob:  0.262463, 0.090700 (2.237 sec)
224.5... logprob:  0.262365, 0.087500 (2.241 sec)
epoch_cost: 0
225.1... logprob:  0.258061, 0.082300 (2.244 sec)
225.2... logprob:  0.269342, 0.088000 (2.261 sec)
225.3... logprob:  0.262503, 0.086700 (2.247 sec)
225.4... logprob:  0.261132, 0.086600 (2.250 sec)
225.5... logprob:  0.251545, 0.084400 
======================Test output======================
logprob:  0.667037, 0.203400 
------------------------------------------------------- 
Layer 'conv1' weights[0]: 8.384071e-02 [3.949193e-05] 
Layer 'conv1' biases: 5.932269e-02 [2.335709e-06] 
Layer 'conv2' weights[0]: 2.669240e-02 [2.268905e-05] 
Layer 'conv2' biases: 3.797098e-02 [1.121125e-06] 
Layer 'conv3' weights[0]: 2.373836e-02 [2.855431e-05] 
Layer 'conv3' biases: 5.623592e-02 [1.186241e-06] 
Layer 'fc128' weights[0]: 5.585115e-03 [1.814747e-05] 
Layer 'fc128' biases: 6.862217e-02 [3.405554e-06] 
Layer 'fc10' weights[0]: 4.723629e-02 [3.759689e-05] 
Layer 'fc10' biases: 7.505746e-01 [4.093696e-05] 
-------------------------------------------------------
Saved checkpoint to ./checkpoints
======================================================= (3.172 sec)
epoch_cost: 0
226.1... logprob:  0.250270, 0.083300 (2.247 sec)
226.2... logprob:  0.268617, 0.088000 (2.238 sec)
226.3... logprob:  0.267123, 0.089800 (2.263 sec)
226.4... logprob:  0.264397, 0.089900 (2.251 sec)
226.5... logprob:  0.250172, 0.083300 (2.244 sec)
epoch_cost: 0
227.1... logprob:  0.258017, 0.085900 (2.244 sec)
227.2... logprob:  0.276548, 0.092600 (2.260 sec)
227.3... logprob:  0.260792, 0.089000 (2.262 sec)
227.4... logprob:  0.258822, 0.084300 (2.242 sec)
227.5... logprob:  0.242163, 0.080700 (2.244 sec)
epoch_cost: 0
228.1... logprob:  0.264654, 0.088400 (2.253 sec)
228.2... logprob:  0.263479, 0.089600 (2.250 sec)
228.3... logprob:  0.256864, 0.084900 (2.251 sec)
228.4... logprob:  0.261985, 0.087000 (2.240 sec)
228.5... logprob:  0.251494, 0.084100 
======================Test output======================
logprob:  0.689849, 0.207700 
------------------------------------------------------- 
Layer 'conv1' weights[0]: 8.391714e-02 [5.093338e-05] 
Layer 'conv1' biases: 5.979706e-02 [2.524072e-06] 
Layer 'conv2' weights[0]: 2.671869e-02 [2.217813e-05] 
Layer 'conv2' biases: 3.817828e-02 [9.261769e-07] 
Layer 'conv3' weights[0]: 2.377761e-02 [3.083370e-05] 
Layer 'conv3' biases: 5.646002e-02 [1.255599e-06] 
Layer 'fc128' weights[0]: 5.575232e-03 [1.990607e-05] 
Layer 'fc128' biases: 6.922048e-02 [3.845456e-06] 
Layer 'fc10' weights[0]: 4.719921e-02 [4.316134e-05] 
Layer 'fc10' biases: 7.536111e-01 [4.731470e-05] 
-------------------------------------------------------
Saved checkpoint to ./checkpoints
======================================================= (3.070 sec)
epoch_cost: 0
229.1... logprob:  0.255663, 0.082300 (2.257 sec)
229.2... logprob:  0.277584, 0.092800 (2.262 sec)
229.3... logprob:  0.263037, 0.086900 (2.247 sec)
229.4... logprob:  0.260137, 0.087000 (2.239 sec)
229.5... logprob:  0.251091, 0.082700 (2.294 sec)
epoch_cost: 0
230.1... logprob:  0.252471, 0.080000 (2.250 sec)
230.2... logprob:  0.271631, 0.093400 (2.233 sec)
230.3... logprob:  0.268904, 0.091000 (2.247 sec)
230.4... logprob:  0.260335, 0.085600 (2.230 sec)
230.5... logprob:  0.251448, 0.084700 (2.241 sec)
epoch_cost: 0
231.1... logprob:  0.245449, 0.079800 (2.232 sec)
231.2... logprob:  0.270718, 0.090300 (2.242 sec)
231.3... logprob:  0.262310, 0.086100 (2.242 sec)
231.4... logprob:  0.256399, 0.088300 (2.241 sec)
231.5... logprob:  0.260724, 0.087100 
======================Test output======================
logprob:  0.677450, 0.201700 
------------------------------------------------------- 
Layer 'conv1' weights[0]: 8.397774e-02 [5.873612e-05] 
Layer 'conv1' biases: 6.029927e-02 [2.188705e-06] 
Layer 'conv2' weights[0]: 2.675014e-02 [2.794467e-05] 
Layer 'conv2' biases: 3.839840e-02 [1.124860e-06] 
Layer 'conv3' weights[0]: 2.380473e-02 [3.985842e-05] 
Layer 'conv3' biases: 5.667594e-02 [1.466060e-06] 
Layer 'fc128' weights[0]: 5.580954e-03 [2.439122e-05] 
Layer 'fc128' biases: 6.981491e-02 [4.949572e-06] 
Layer 'fc10' weights[0]: 4.724258e-02 [4.884638e-05] 
Layer 'fc10' biases: 7.567806e-01 [4.044661e-05] 
-------------------------------------------------------
Saved checkpoint to ./checkpoints
======================================================= (3.058 sec)
epoch_cost: 0
232.1... logprob:  0.248136, 0.081900 (2.242 sec)
232.2... logprob:  0.267151, 0.086000 (2.243 sec)
232.3... logprob:  0.247951, 0.084300 (2.242 sec)
232.4... logprob:  0.262391, 0.087700 (2.242 sec)
232.5... logprob:  0.254053, 0.082700 (2.240 sec)
epoch_cost: 0
233.1... logprob:  0.246514, 0.080500 (2.253 sec)
233.2... logprob:  0.278388, 0.095500 (2.240 sec)
233.3... logprob:  0.268309, 0.090500 (2.246 sec)
233.4... logprob:  0.264073, 0.088200 (2.242 sec)
233.5... logprob:  0.255202, 0.085400 (2.235 sec)
epoch_cost: 0
234.1... logprob:  0.252293, 0.082000 (2.250 sec)
234.2... logprob:  0.265072, 0.085100 (2.262 sec)
234.3... logprob:  0.245387, 0.080200 (2.249 sec)
234.4... logprob:  0.260259, 0.085000 (2.231 sec)
234.5... logprob:  0.249978, 0.083000 
======================Test output======================
logprob:  0.678816, 0.206900 
------------------------------------------------------- 
Layer 'conv1' weights[0]: 8.405766e-02 [3.793162e-05] 
Layer 'conv1' biases: 6.079160e-02 [2.347705e-06] 
Layer 'conv2' weights[0]: 2.676616e-02 [2.264502e-05] 
Layer 'conv2' biases: 3.861578e-02 [9.498472e-07] 
Layer 'conv3' weights[0]: 2.382674e-02 [3.063995e-05] 
Layer 'conv3' biases: 5.689602e-02 [1.281230e-06] 
Layer 'fc128' weights[0]: 5.568306e-03 [1.927253e-05] 
Layer 'fc128' biases: 7.039562e-02 [3.701546e-06] 
Layer 'fc10' weights[0]: 4.718783e-02 [3.859347e-05] 
Layer 'fc10' biases: 7.608504e-01 [3.555500e-05] 
-------------------------------------------------------
Saved checkpoint to ./checkpoints
======================================================= (3.049 sec)
epoch_cost: 0
235.1... logprob:  0.242670, 0.079700 (2.249 sec)
235.2... logprob:  0.267665, 0.088800 (2.267 sec)
235.3... logprob:  0.254765, 0.085000 (2.260 sec)
235.4... logprob:  0.258637, 0.084500 (2.252 sec)
235.5... logprob:  0.243273, 0.081000 (2.251 sec)
epoch_cost: 0
236.1... logprob:  0.251330, 0.084700 (2.252 sec)
236.2... logprob:  0.266636, 0.088300 (2.242 sec)
236.3... logprob:  0.259538, 0.088600 (2.236 sec)
236.4... logprob:  0.266148, 0.086600 (2.231 sec)
236.5... logprob:  0.255495, 0.085400 (2.235 sec)
epoch_cost: 0
237.1... logprob:  0.246690, 0.084700 (2.229 sec)
237.2... logprob:  0.268045, 0.089600 (2.229 sec)
237.3... logprob:  0.252916, 0.083600 (2.231 sec)
237.4... logprob:  0.265623, 0.088700 (2.241 sec)
237.5... logprob:  0.253132, 0.083500 
======================Test output======================
logprob:  0.693559, 0.205400 
------------------------------------------------------- 
Layer 'conv1' weights[0]: 8.413634e-02 [5.936905e-05] 
Layer 'conv1' biases: 6.126912e-02 [3.160552e-06] 
Layer 'conv2' weights[0]: 2.679206e-02 [3.185139e-05] 
Layer 'conv2' biases: 3.883191e-02 [1.476628e-06] 
Layer 'conv3' weights[0]: 2.385283e-02 [4.089449e-05] 
Layer 'conv3' biases: 5.711309e-02 [1.699695e-06] 
Layer 'fc128' weights[0]: 5.572237e-03 [2.495995e-05] 
Layer 'fc128' biases: 7.101308e-02 [4.886701e-06] 
Layer 'fc10' weights[0]: 4.722181e-02 [5.566921e-05] 
Layer 'fc10' biases: 7.642161e-01 [4.904950e-05] 
-------------------------------------------------------
Saved checkpoint to ./checkpoints
======================================================= (3.070 sec)
epoch_cost: 0
238.1... logprob:  0.253756, 0.081400 (2.254 sec)
238.2... logprob:  0.261231, 0.085600 (2.262 sec)
238.3... logprob:  0.259319, 0.087300 (2.251 sec)
238.4... logprob:  0.258595, 0.086700 (2.251 sec)
238.5... logprob:  0.250119, 0.082400 (2.248 sec)
epoch_cost: 0
239.1... logprob:  0.246633, 0.080100 (2.246 sec)
239.2... logprob:  0.272279, 0.093100 (2.232 sec)
239.3... logprob:  0.255461, 0.087500 (2.246 sec)
239.4... logprob:  0.264786, 0.087600 (2.242 sec)
239.5... logprob:  0.248275, 0.079600 (2.242 sec)
epoch_cost: 0
240.1... logprob:  0.242837, 0.075300 (2.229 sec)
240.2... logprob:  0.263116, 0.088400 (2.241 sec)
240.3... logprob:  0.249369, 0.081200 (2.240 sec)
240.4... logprob:  0.251908, 0.083900 (2.233 sec)
240.5... logprob:  0.247152, 0.078400 
======================Test output======================
logprob:  0.665757, 0.202600 
------------------------------------------------------- 
Layer 'conv1' weights[0]: 8.425333e-02 [4.053370e-05] 
Layer 'conv1' biases: 6.176937e-02 [2.411484e-06] 
Layer 'conv2' weights[0]: 2.681365e-02 [2.420383e-05] 
Layer 'conv2' biases: 3.903569e-02 [1.078740e-06] 
Layer 'conv3' weights[0]: 2.387694e-02 [3.158375e-05] 
Layer 'conv3' biases: 5.732602e-02 [1.101507e-06] 
Layer 'fc128' weights[0]: 5.578103e-03 [2.002365e-05] 
Layer 'fc128' biases: 7.161477e-02 [3.855471e-06] 
Layer 'fc10' weights[0]: 4.745299e-02 [4.456296e-05] 
Layer 'fc10' biases: 7.673039e-01 [4.806193e-05] 
-------------------------------------------------------
Saved checkpoint to ./checkpoints
======================================================= (3.068 sec)
epoch_cost: 0
241.1... logprob:  0.244179, 0.080700 (2.245 sec)
241.2... logprob:  0.264059, 0.087800 (2.232 sec)
241.3... logprob:  0.265267, 0.087800 (2.244 sec)
241.4... logprob:  0.258185, 0.090200 (2.260 sec)
241.5... logprob:  0.265744, 0.090400 (2.269 sec)
epoch_cost: 0
242.1... logprob:  0.244438, 0.079000 (2.263 sec)
242.2... logprob:  0.257575, 0.084500 (2.238 sec)
242.3... logprob:  0.252164, 0.084600 (2.239 sec)
242.4... logprob:  0.263375, 0.088800 (2.246 sec)
242.5... logprob:  0.248095, 0.079700 (2.267 sec)
epoch_cost: 0
243.1... logprob:  0.246504, 0.080100 (2.282 sec)
243.2... logprob:  0.262402, 0.086300 (2.275 sec)
243.3... logprob:  0.260466, 0.088400 (2.261 sec)
243.4... logprob:  0.263486, 0.089000 (2.260 sec)
243.5... logprob:  0.246524, 0.083200 
======================Test output======================
logprob:  0.677733, 0.203200 
------------------------------------------------------- 
Layer 'conv1' weights[0]: 8.429945e-02 [5.207111e-05] 
Layer 'conv1' biases: 6.223509e-02 [2.493972e-06] 
Layer 'conv2' weights[0]: 2.683685e-02 [2.811812e-05] 
Layer 'conv2' biases: 3.923328e-02 [1.283977e-06] 
Layer 'conv3' weights[0]: 2.390702e-02 [4.168828e-05] 
Layer 'conv3' biases: 5.753243e-02 [1.700785e-06] 
Layer 'fc128' weights[0]: 5.572858e-03 [2.349676e-05] 
Layer 'fc128' biases: 7.220385e-02 [4.974373e-06] 
Layer 'fc10' weights[0]: 4.743487e-02 [4.398551e-05] 
Layer 'fc10' biases: 7.701432e-01 [3.962291e-05] 
-------------------------------------------------------
Saved checkpoint to ./checkpoints
======================================================= (3.060 sec)
epoch_cost: 0
244.1... logprob:  0.245276, 0.079600 (2.277 sec)
244.2... logprob:  0.256615, 0.082900 (2.271 sec)
244.3... logprob:  0.253147, 0.086000 (2.252 sec)
244.4... logprob:  0.263352, 0.088500 (2.295 sec)
244.5... logprob:  0.248744, 0.082200 (2.263 sec)
epoch_cost: 0
245.1... logprob:  0.245799, 0.082800 (2.268 sec)
245.2... logprob:  0.268090, 0.091400 (2.280 sec)
245.3... logprob:  0.259657, 0.086000 (2.231 sec)
245.4... logprob:  0.255457, 0.085300 (2.239 sec)
245.5... logprob:  0.253777, 0.086900 (2.240 sec)
epoch_cost: 0
246.1... logprob:  0.248313, 0.080900 (2.258 sec)
246.2... logprob:  0.266151, 0.089300 (2.291 sec)
246.3... logprob:  0.258834, 0.086100 (2.259 sec)
246.4... logprob:  0.283739, 0.092200 (2.248 sec)
246.5... logprob:  0.240637, 0.079200 
======================Test output======================
logprob:  0.669940, 0.199500 
------------------------------------------------------- 
Layer 'conv1' weights[0]: 8.439757e-02 [3.851311e-05] 
Layer 'conv1' biases: 6.273489e-02 [1.819292e-06] 
Layer 'conv2' weights[0]: 2.686875e-02 [1.881616e-05] 
Layer 'conv2' biases: 3.944692e-02 [6.909037e-07] 
Layer 'conv3' weights[0]: 2.394089e-02 [2.597036e-05] 
Layer 'conv3' biases: 5.775183e-02 [9.629225e-07] 
Layer 'fc128' weights[0]: 5.582777e-03 [1.870694e-05] 
Layer 'fc128' biases: 7.278653e-02 [3.479763e-06] 
Layer 'fc10' weights[0]: 4.746069e-02 [3.788435e-05] 
Layer 'fc10' biases: 7.733939e-01 [2.625905e-05] 
-------------------------------------------------------
Saved checkpoint to ./checkpoints
======================================================= (3.081 sec)
epoch_cost: 0
247.1... logprob:  0.243390, 0.079900 (2.253 sec)
247.2... logprob:  0.268076, 0.090300 (2.249 sec)
247.3... logprob:  0.250333, 0.082200 (2.252 sec)
247.4... logprob:  0.256360, 0.083900 (2.252 sec)
247.5... logprob:  0.247405, 0.081500 (2.255 sec)
epoch_cost: 0
248.1... logprob:  0.244235, 0.079000 (2.254 sec)
248.2... logprob:  0.259986, 0.086800 (2.256 sec)
248.3... logprob:  0.257040, 0.084200 (2.240 sec)
248.4... logprob:  0.255522, 0.087300 (2.242 sec)
248.5... logprob:  0.251754, 0.083500 (2.241 sec)
epoch_cost: 0
249.1... logprob:  0.240625, 0.077900 (2.243 sec)
249.2... logprob:  0.253989, 0.085500 (2.243 sec)
249.3... logprob:  0.241227, 0.080000 (2.242 sec)
249.4... logprob:  0.261354, 0.090200 (2.242 sec)
249.5... logprob:  0.244613, 0.080300 
======================Test output======================
logprob:  0.695823, 0.200500 
------------------------------------------------------- 
Layer 'conv1' weights[0]: 8.446582e-02 [4.342503e-05] 
Layer 'conv1' biases: 6.318922e-02 [1.907115e-06] 
Layer 'conv2' weights[0]: 2.688637e-02 [2.478747e-05] 
Layer 'conv2' biases: 3.965493e-02 [1.140804e-06] 
Layer 'conv3' weights[0]: 2.395311e-02 [3.049898e-05] 
Layer 'conv3' biases: 5.796459e-02 [1.236709e-06] 
Layer 'fc128' weights[0]: 5.564121e-03 [1.932124e-05] 
Layer 'fc128' biases: 7.336142e-02 [3.665722e-06] 
Layer 'fc10' weights[0]: 4.742827e-02 [4.040227e-05] 
Layer 'fc10' biases: 7.763153e-01 [3.566701e-05] 
-------------------------------------------------------
Saved checkpoint to ./checkpoints
======================================================= (3.059 sec)
epoch_cost: 0
250.1... logprob:  0.242034, 0.078200 (2.244 sec)
250.2... logprob:  0.260626, 0.087100 (2.244 sec)
250.3... logprob:  0.249454, 0.082300 (2.249 sec)
250.4... logprob:  0.255470, 0.083500 (2.238 sec)
250.5... logprob:  0.244073, 0.080200 (2.260 sec)
epoch_cost: 0
251.1... logprob:  0.237365, 0.076300 (2.263 sec)
251.2... logprob:  0.262277, 0.087500 (2.253 sec)
251.3... logprob:  0.252272, 0.085900 (2.240 sec)
251.4... logprob:  0.259523, 0.086800 (2.240 sec)
251.5... logprob:  0.242839, 0.080000 (2.287 sec)
epoch_cost: 0
252.1... logprob:  0.243246, 0.078100 (2.294 sec)
252.2... logprob:  0.257787, 0.084600 (2.264 sec)
252.3... logprob:  0.253448, 0.083200 (2.251 sec)
252.4... logprob:  0.256848, 0.087300 (2.242 sec)
252.5... logprob:  0.240925, 0.078100 
======================Test output======================
logprob:  0.689078, 0.204000 
------------------------------------------------------- 
Layer 'conv1' weights[0]: 8.454877e-02 [4.143702e-05] 
Layer 'conv1' biases: 6.361135e-02 [2.409078e-06] 
Layer 'conv2' weights[0]: 2.689216e-02 [2.733769e-05] 
Layer 'conv2' biases: 3.984954e-02 [1.287447e-06] 
Layer 'conv3' weights[0]: 2.397255e-02 [2.918813e-05] 
Layer 'conv3' biases: 5.817080e-02 [1.278169e-06] 
Layer 'fc128' weights[0]: 5.571486e-03 [1.800426e-05] 
Layer 'fc128' biases: 7.390343e-02 [3.410633e-06] 
Layer 'fc10' weights[0]: 4.738338e-02 [4.027343e-05] 
Layer 'fc10' biases: 7.793100e-01 [4.351324e-05] 
-------------------------------------------------------
Saved checkpoint to ./checkpoints
======================================================= (3.065 sec)
epoch_cost: 0
253.1... logprob:  0.237936, 0.076800 (2.239 sec)
253.2... logprob:  0.256217, 0.086500 (2.237 sec)
253.3... logprob:  0.252114, 0.084000 (2.238 sec)
253.4... logprob:  0.244565, 0.081100 (2.238 sec)
253.5... logprob:  0.254310, 0.085600 (2.238 sec)
epoch_cost: 0
254.1... logprob:  0.241670, 0.078600 (2.238 sec)
254.2... logprob:  0.264929, 0.085600 (2.238 sec)
254.3... logprob:  0.252468, 0.082700 (2.237 sec)
254.4... logprob:  0.259179, 0.087200 (2.238 sec)
254.5... logprob:  0.254497, 0.084600 (2.238 sec)
epoch_cost: 0
255.1... logprob:  0.243663, 0.080100 (2.238 sec)
255.2... logprob:  0.262944, 0.087100 (2.238 sec)
255.3... logprob:  0.254906, 0.083900 (2.238 sec)
255.4... logprob:  0.256236, 0.087200 (2.238 sec)
255.5... logprob:  0.249497, 0.083800 
======================Test output======================
logprob:  0.696655, 0.209200 
------------------------------------------------------- 
Layer 'conv1' weights[0]: 8.461741e-02 [4.351607e-05] 
Layer 'conv1' biases: 6.415022e-02 [1.857729e-06] 
Layer 'conv2' weights[0]: 2.691499e-02 [2.316297e-05] 
Layer 'conv2' biases: 4.005225e-02 [9.302212e-07] 
Layer 'conv3' weights[0]: 2.400771e-02 [3.014720e-05] 
Layer 'conv3' biases: 5.837389e-02 [1.153110e-06] 
Layer 'fc128' weights[0]: 5.574571e-03 [1.897796e-05] 
Layer 'fc128' biases: 7.446713e-02 [3.166048e-06] 
Layer 'fc10' weights[0]: 4.745413e-02 [3.762947e-05] 
Layer 'fc10' biases: 7.824265e-01 [2.293005e-05] 
-------------------------------------------------------
Saved checkpoint to ./checkpoints
======================================================= (3.052 sec)
epoch_cost: 0
256.1... logprob:  0.249171, 0.082900 (2.239 sec)
256.2... logprob:  0.263521, 0.086600 (2.238 sec)
256.3... logprob:  0.257635, 0.083000 (2.238 sec)
256.4... logprob:  0.255344, 0.082000 (2.237 sec)
256.5... logprob:  0.239882, 0.076000 (2.238 sec)
epoch_cost: 0
257.1... logprob:  0.240598, 0.076600 (2.247 sec)
257.2... logprob:  0.258396, 0.083500 (2.244 sec)
257.3... logprob:  0.250083, 0.082500 (2.288 sec)
257.4... logprob:  0.248982, 0.083100 (2.248 sec)
257.5... logprob:  0.242296, 0.080000 (2.264 sec)
epoch_cost: 0
258.1... logprob:  0.251211, 0.079700 (2.261 sec)
258.2... logprob:  0.257106, 0.083700 (2.267 sec)
258.3... logprob:  0.248833, 0.083100 (2.256 sec)
258.4... logprob:  0.256582, 0.085900 (2.303 sec)
258.5... logprob:  0.234590, 0.079200 
======================Test output======================
logprob:  0.684627, 0.202500 
------------------------------------------------------- 
Layer 'conv1' weights[0]: 8.473012e-02 [6.519715e-05] 
Layer 'conv1' biases: 6.466099e-02 [2.129513e-06] 
Layer 'conv2' weights[0]: 2.693882e-02 [2.843846e-05] 
Layer 'conv2' biases: 4.025570e-02 [1.169492e-06] 
Layer 'conv3' weights[0]: 2.404499e-02 [3.873882e-05] 
Layer 'conv3' biases: 5.858934e-02 [1.589356e-06] 
Layer 'fc128' weights[0]: 5.583392e-03 [2.210054e-05] 
Layer 'fc128' biases: 7.504851e-02 [4.569911e-06] 
Layer 'fc10' weights[0]: 4.762232e-02 [5.181442e-05] 
Layer 'fc10' biases: 7.862281e-01 [4.273102e-05] 
-------------------------------------------------------
Saved checkpoint to ./checkpoints
======================================================= (3.074 sec)
epoch_cost: 0
259.1... logprob:  0.242575, 0.077800 (2.240 sec)
259.2... logprob:  0.248655, 0.082800 (2.238 sec)
259.3... logprob:  0.245405, 0.079300 (2.238 sec)
259.4... logprob:  0.255762, 0.086800 (2.262 sec)
259.5... logprob:  0.235119, 0.078400 (2.263 sec)
epoch_cost: 0
260.1... logprob:  0.239094, 0.077200 (2.257 sec)
260.2... logprob:  0.255479, 0.083600 (2.238 sec)
260.3... logprob:  0.245420, 0.082800 (2.237 sec)
260.4... logprob:  0.250846, 0.086200 (2.238 sec)
260.5... logprob:  0.247669, 0.082500 (2.239 sec)
epoch_cost: 0
261.1... logprob:  0.244082, 0.078700 (2.238 sec)
261.2... logprob:  0.258222, 0.084600 (2.239 sec)
261.3... logprob:  0.256467, 0.083000 (2.258 sec)
261.4... logprob:  0.256764, 0.085600 (2.238 sec)
261.5... logprob:  0.243444, 0.080100 
======================Test output======================
logprob:  0.679750, 0.204500 
------------------------------------------------------- 
Layer 'conv1' weights[0]: 8.475826e-02 [3.509937e-05] 
Layer 'conv1' biases: 6.512317e-02 [1.726623e-06] 
Layer 'conv2' weights[0]: 2.694815e-02 [2.093179e-05] 
Layer 'conv2' biases: 4.044686e-02 [8.768496e-07] 
Layer 'conv3' weights[0]: 2.405847e-02 [2.878610e-05] 
Layer 'conv3' biases: 5.878760e-02 [1.203997e-06] 
Layer 'fc128' weights[0]: 5.578211e-03 [1.771545e-05] 
Layer 'fc128' biases: 7.560809e-02 [3.297657e-06] 
Layer 'fc10' weights[0]: 4.751313e-02 [3.837546e-05] 
Layer 'fc10' biases: 7.896288e-01 [3.622356e-05] 
-------------------------------------------------------
Saved checkpoint to ./checkpoints
======================================================= (3.052 sec)
epoch_cost: 0
262.1... logprob:  0.241547, 0.077500 (2.239 sec)
262.2... logprob:  0.257575, 0.083700 (2.237 sec)
262.3... logprob:  0.247101, 0.081000 (2.238 sec)
262.4... logprob:  0.257128, 0.087800 (2.238 sec)
262.5... logprob:  0.243828, 0.082200 (2.237 sec)
epoch_cost: 0
263.1... logprob:  0.237672, 0.076100 (2.238 sec)
263.2... logprob:  0.252314, 0.082300 (2.238 sec)
263.3... logprob:  0.238614, 0.078800 (2.238 sec)
263.4... logprob:  0.261221, 0.087400 (2.239 sec)
263.5... logprob:  0.249218, 0.083300 (2.237 sec)
epoch_cost: 0
264.1... logprob:  0.233806, 0.076400 (2.236 sec)
264.2... logprob:  0.250022, 0.084400 (2.236 sec)
264.3... logprob:  0.241882, 0.081700 (2.235 sec)
264.4... logprob:  0.254353, 0.083200 (2.235 sec)
264.5... logprob:  0.243579, 0.079300 
======================Test output======================
logprob:  0.698007, 0.204000 
------------------------------------------------------- 
Layer 'conv1' weights[0]: 8.486544e-02 [8.455954e-05] 
Layer 'conv1' biases: 6.563429e-02 [3.392287e-06] 
Layer 'conv2' weights[0]: 2.696227e-02 [3.478133e-05] 
Layer 'conv2' biases: 4.064187e-02 [1.677148e-06] 
Layer 'conv3' weights[0]: 2.407301e-02 [4.598300e-05] 
Layer 'conv3' biases: 5.900609e-02 [2.064393e-06] 
Layer 'fc128' weights[0]: 5.573123e-03 [2.372905e-05] 
Layer 'fc128' biases: 7.619019e-02 [5.236503e-06] 
Layer 'fc10' weights[0]: 4.757230e-02 [4.806841e-05] 
Layer 'fc10' biases: 7.934267e-01 [5.637411e-05] 
-------------------------------------------------------
Saved checkpoint to ./checkpoints
======================================================= (3.049 sec)
epoch_cost: 0
265.1... logprob:  0.240953, 0.081000 (2.239 sec)
265.2... logprob:  0.252776, 0.082700 (2.234 sec)
265.3... logprob:  0.241056, 0.080200 (2.251 sec)
265.4... logprob:  0.247069, 0.080200 (2.256 sec)
265.5... logprob:  0.243019, 0.077900 (2.274 sec)
epoch_cost: 0
266.1... logprob:  0.241552, 0.077700 (2.287 sec)
266.2... logprob:  0.262767, 0.088800 (2.299 sec)
266.3... logprob:  0.252715, 0.085800 (2.287 sec)
266.4... logprob:  0.252249, 0.084900 (2.296 sec)
266.5... logprob:  0.241435, 0.081200 (2.313 sec)
epoch_cost: 0
267.1... logprob:  0.236040, 0.075200 (2.273 sec)
267.2... logprob:  0.253126, 0.082900 (2.254 sec)
267.3... logprob:  0.248945, 0.081100 (2.291 sec)
267.4... logprob:  0.254990, 0.085100 (2.292 sec)
267.5... logprob:  0.239793, 0.079400 
======================Test output======================
logprob:  0.689426, 0.201600 
------------------------------------------------------- 
Layer 'conv1' weights[0]: 8.494531e-02 [4.593075e-05] 
Layer 'conv1' biases: 6.610789e-02 [3.093398e-06] 
Layer 'conv2' weights[0]: 2.698904e-02 [3.001057e-05] 
Layer 'conv2' biases: 4.083863e-02 [1.389400e-06] 
Layer 'conv3' weights[0]: 2.410274e-02 [3.279681e-05] 
Layer 'conv3' biases: 5.922175e-02 [1.407882e-06] 
Layer 'fc128' weights[0]: 5.573824e-03 [1.946848e-05] 
Layer 'fc128' biases: 7.675670e-02 [3.579132e-06] 
Layer 'fc10' weights[0]: 4.754834e-02 [4.476307e-05] 
Layer 'fc10' biases: 7.972598e-01 [4.070851e-05] 
-------------------------------------------------------
Saved checkpoint to ./checkpoints
======================================================= (3.177 sec)
epoch_cost: 0
268.1... logprob:  0.235541, 0.076800 (2.257 sec)
268.2... logprob:  0.250572, 0.086100 (2.250 sec)
268.3... logprob:  0.243599, 0.079600 (2.290 sec)
268.4... logprob:  0.248848, 0.082600 (2.230 sec)
268.5... logprob:  0.237892, 0.077500 (2.241 sec)
epoch_cost: 0
269.1... logprob:  0.225792, 0.071300 (2.260 sec)
269.2... logprob:  0.251679, 0.083700 (2.259 sec)
269.3... logprob:  0.247994, 0.084300 (2.236 sec)
269.4... logprob:  0.247440, 0.081100 (2.244 sec)
269.5... logprob:  0.240435, 0.079600 (2.300 sec)
epoch_cost: 0
270.1... logprob:  0.247026, 0.080100 (2.292 sec)
270.2... logprob:  0.270018, 0.091300 (2.246 sec)
270.3... logprob:  0.241814, 0.078300 (2.253 sec)
270.4... logprob:  0.248411, 0.080000 (2.240 sec)
270.5... logprob:  0.247832, 0.081300 
======================Test output======================
logprob:  0.702878, 0.209300 
------------------------------------------------------- 
Layer 'conv1' weights[0]: 8.500043e-02 [4.025264e-05] 
Layer 'conv1' biases: 6.658578e-02 [2.692996e-06] 
Layer 'conv2' weights[0]: 2.699318e-02 [2.825638e-05] 
Layer 'conv2' biases: 4.102647e-02 [1.308486e-06] 
Layer 'conv3' weights[0]: 2.411385e-02 [3.504100e-05] 
Layer 'conv3' biases: 5.942436e-02 [1.672413e-06] 
Layer 'fc128' weights[0]: 5.576758e-03 [2.086944e-05] 
Layer 'fc128' biases: 7.728456e-02 [4.478122e-06] 
Layer 'fc10' weights[0]: 4.755764e-02 [4.575976e-05] 
Layer 'fc10' biases: 8.003284e-01 [4.648689e-05] 
-------------------------------------------------------
Saved checkpoint to ./checkpoints
======================================================= (3.070 sec)
epoch_cost: 0
271.1... logprob:  0.246881, 0.077800 (2.249 sec)
271.2... logprob:  0.252820, 0.084200 (2.254 sec)
271.3... logprob:  0.241456, 0.075700 (2.248 sec)
271.4... logprob:  0.250633, 0.081300 (2.276 sec)
271.5... logprob:  0.231461, 0.076500 (2.297 sec)
epoch_cost: 0
272.1... logprob:  0.231824, 0.076500 (2.267 sec)
272.2... logprob:  0.250461, 0.084900 (2.271 sec)
272.3... logprob:  0.251236, 0.084800 (2.325 sec)
272.4... logprob:  0.242250, 0.081000 (2.238 sec)
272.5... logprob:  0.245680, 0.084100 (2.235 sec)
epoch_cost: 0
273.1... logprob:  0.234605, 0.075700 (2.235 sec)
273.2... logprob:  0.245085, 0.077400 (2.239 sec)
273.3... logprob:  0.244365, 0.079600 (2.250 sec)
273.4... logprob:  0.248137, 0.084900 (2.234 sec)
273.5... logprob:  0.242725, 0.078800 
======================Test output======================
logprob:  0.715675, 0.210000 
------------------------------------------------------- 
Layer 'conv1' weights[0]: 8.509537e-02 [4.837122e-05] 
Layer 'conv1' biases: 6.707253e-02 [1.978661e-06] 
Layer 'conv2' weights[0]: 2.701053e-02 [2.578775e-05] 
Layer 'conv2' biases: 4.123132e-02 [1.105243e-06] 
Layer 'conv3' weights[0]: 2.412795e-02 [3.389946e-05] 
Layer 'conv3' biases: 5.964058e-02 [1.478626e-06] 
Layer 'fc128' weights[0]: 5.573185e-03 [2.065758e-05] 
Layer 'fc128' biases: 7.785475e-02 [3.602040e-06] 
Layer 'fc10' weights[0]: 4.768087e-02 [4.057135e-05] 
Layer 'fc10' biases: 8.028356e-01 [3.735155e-05] 
-------------------------------------------------------
Saved checkpoint to ./checkpoints
======================================================= (3.048 sec)
epoch_cost: 0
274.1... logprob:  0.231304, 0.074400 (2.236 sec)
274.2... logprob:  0.251987, 0.084900 (2.234 sec)
274.3... logprob:  0.239329, 0.078500 (2.234 sec)
274.4... logprob:  0.248841, 0.083000 (2.234 sec)
274.5... logprob:  0.239747, 0.080000 (2.233 sec)
epoch_cost: 0
275.1... logprob:  0.236395, 0.078300 (2.234 sec)
275.2... logprob:  0.255342, 0.082800 (2.234 sec)
275.3... logprob:  0.242299, 0.081000 (2.234 sec)
275.4... logprob:  0.243782, 0.079500 (2.234 sec)
275.5... logprob:  0.233781, 0.076800 (2.234 sec)
epoch_cost: 0
276.1... logprob:  0.238063, 0.076400 (2.233 sec)
276.2... logprob:  0.257106, 0.084100 (2.234 sec)
276.3... logprob:  0.247434, 0.081600 (2.234 sec)
276.4... logprob:  0.256813, 0.087900 (2.234 sec)
276.5... logprob:  0.236298, 0.075800 
======================Test output======================
logprob:  0.705390, 0.207700 
------------------------------------------------------- 
Layer 'conv1' weights[0]: 8.514630e-02 [4.916730e-05] 
Layer 'conv1' biases: 6.758913e-02 [2.326024e-06] 
Layer 'conv2' weights[0]: 2.702214e-02 [2.878972e-05] 
Layer 'conv2' biases: 4.142775e-02 [1.133772e-06] 
Layer 'conv3' weights[0]: 2.413758e-02 [3.826201e-05] 
Layer 'conv3' biases: 5.985153e-02 [1.590429e-06] 
Layer 'fc128' weights[0]: 5.567496e-03 [2.163529e-05] 
Layer 'fc128' biases: 7.841693e-02 [4.740989e-06] 
Layer 'fc10' weights[0]: 4.770758e-02 [4.159338e-05] 
Layer 'fc10' biases: 8.056618e-01 [4.507185e-05] 
-------------------------------------------------------
Saved checkpoint to ./checkpoints
======================================================= (3.048 sec)
epoch_cost: 0
277.1... logprob:  0.239859, 0.079400 (2.236 sec)
277.2... logprob:  0.255236, 0.083200 (2.234 sec)
277.3... logprob:  0.247991, 0.084600 (2.234 sec)
277.4... logprob:  0.243784, 0.079100 (2.235 sec)
277.5... logprob:  0.235428, 0.074900 (2.234 sec)
epoch_cost: 0
278.1... logprob:  0.234154, 0.077400 (2.235 sec)
278.2... logprob:  0.249239, 0.080700 (2.235 sec)
278.3... logprob:  0.248037, 0.083800 (2.235 sec)
278.4... logprob:  0.240996, 0.077900 (2.235 sec)
278.5... logprob:  0.228514, 0.073300 (2.236 sec)
epoch_cost: 0
279.1... logprob:  0.239877, 0.074600 (2.235 sec)
279.2... logprob:  0.257273, 0.084400 (2.245 sec)
279.3... logprob:  0.247505, 0.080500 (2.234 sec)
279.4... logprob:  0.254320, 0.083500 (2.235 sec)
279.5... logprob:  0.236486, 0.076900 
======================Test output======================
logprob:  0.684009, 0.201600 
------------------------------------------------------- 
Layer 'conv1' weights[0]: 8.519240e-02 [4.937299e-05] 
Layer 'conv1' biases: 6.808803e-02 [1.261418e-06] 
Layer 'conv2' weights[0]: 2.705043e-02 [1.961965e-05] 
Layer 'conv2' biases: 4.162396e-02 [7.363631e-07] 
Layer 'conv3' weights[0]: 2.416395e-02 [2.858053e-05] 
Layer 'conv3' biases: 6.006188e-02 [1.118697e-06] 
Layer 'fc128' weights[0]: 5.574242e-03 [1.751777e-05] 
Layer 'fc128' biases: 7.899399e-02 [3.380983e-06] 
Layer 'fc10' weights[0]: 4.779897e-02 [3.440548e-05] 
Layer 'fc10' biases: 8.083684e-01 [3.171949e-05] 
-------------------------------------------------------
Saved checkpoint to ./checkpoints
======================================================= (3.054 sec)
epoch_cost: 0
280.1... logprob:  0.237640, 0.077700 (2.237 sec)
280.2... logprob:  0.254767, 0.084100 (2.238 sec)
280.3... logprob:  0.240625, 0.079000 (2.235 sec)
280.4... logprob:  0.236756, 0.076700 (2.234 sec)
280.5... logprob:  0.245733, 0.082700 (2.233 sec)
epoch_cost: 0
281.1... logprob:  0.234838, 0.075900 (2.234 sec)
281.2... logprob:  0.254585, 0.086500 (2.234 sec)
281.3... logprob:  0.248612, 0.080900 (2.234 sec)
281.4... logprob:  0.244483, 0.080400 (2.234 sec)
281.5... logprob:  0.239769, 0.080600 (2.234 sec)
epoch_cost: 0
282.1... logprob:  0.226991, 0.070700 (2.236 sec)
282.2... logprob:  0.247839, 0.080300 (2.233 sec)
282.3... logprob:  0.247341, 0.082600 (2.234 sec)
282.4... logprob:  0.239715, 0.078300 (2.234 sec)
282.5... logprob:  0.251010, 0.084600 
======================Test output======================
logprob:  0.683958, 0.202400 
------------------------------------------------------- 
Layer 'conv1' weights[0]: 8.520343e-02 [3.239912e-05] 
Layer 'conv1' biases: 6.858001e-02 [1.751003e-06] 
Layer 'conv2' weights[0]: 2.706394e-02 [2.282588e-05] 
Layer 'conv2' biases: 4.181233e-02 [9.436321e-07] 
Layer 'conv3' weights[0]: 2.418800e-02 [3.188452e-05] 
Layer 'conv3' biases: 6.026729e-02 [1.293975e-06] 
Layer 'fc128' weights[0]: 5.584455e-03 [1.982932e-05] 
Layer 'fc128' biases: 7.955063e-02 [3.768086e-06] 
Layer 'fc10' weights[0]: 4.774453e-02 [4.262069e-05] 
Layer 'fc10' biases: 8.114480e-01 [3.866968e-05] 
-------------------------------------------------------
Saved checkpoint to ./checkpoints
======================================================= (3.048 sec)
epoch_cost: 0
283.1... logprob:  0.239346, 0.075100 (2.255 sec)
283.2... logprob:  0.250974, 0.084500 (2.278 sec)
283.3... logprob:  0.243959, 0.080900 (2.272 sec)
283.4... logprob:  0.249016, 0.085600 (2.223 sec)
283.5... logprob:  0.233074, 0.077300 (2.225 sec)
epoch_cost: 0
284.1... logprob:  0.233943, 0.075600 (2.280 sec)
284.2... logprob:  0.248729, 0.080300 (2.259 sec)
284.3... logprob:  0.247227, 0.078100 (2.269 sec)
284.4... logprob:  0.245677, 0.078700 (2.293 sec)
284.5... logprob:  0.238282, 0.077800 (2.260 sec)
epoch_cost: 0
285.1... logprob:  0.225759, 0.069600 (2.252 sec)
285.2... logprob:  0.252169, 0.085100 (2.248 sec)
285.3... logprob:  0.241127, 0.079000 (2.223 sec)
285.4... logprob:  0.241056, 0.080200 (2.225 sec)
285.5... logprob:  0.232565, 0.078200 
======================Test output======================
logprob:  0.712512, 0.207800 
------------------------------------------------------- 
Layer 'conv1' weights[0]: 8.525222e-02 [4.737002e-05] 
Layer 'conv1' biases: 6.906115e-02 [3.061603e-06] 
Layer 'conv2' weights[0]: 2.706011e-02 [3.042252e-05] 
Layer 'conv2' biases: 4.201981e-02 [1.486146e-06] 
Layer 'conv3' weights[0]: 2.419955e-02 [3.928344e-05] 
Layer 'conv3' biases: 6.048274e-02 [1.659443e-06] 
Layer 'fc128' weights[0]: 5.568008e-03 [2.308875e-05] 
Layer 'fc128' biases: 8.011627e-02 [4.632683e-06] 
Layer 'fc10' weights[0]: 4.770802e-02 [4.536784e-05] 
Layer 'fc10' biases: 8.143160e-01 [3.953285e-05] 
-------------------------------------------------------
Saved checkpoint to ./checkpoints
======================================================= (3.058 sec)
epoch_cost: 0
286.1... logprob:  0.236925, 0.075500 (2.242 sec)
286.2... logprob:  0.250978, 0.083300 (2.236 sec)
286.3... logprob:  0.241220, 0.077900 (2.234 sec)
286.4... logprob:  0.243247, 0.082900 (2.235 sec)
286.5... logprob:  0.236162, 0.079500 (2.234 sec)
epoch_cost: 0
287.1... logprob:  0.235965, 0.077800 (2.235 sec)
287.2... logprob:  0.256831, 0.085200 (2.235 sec)
287.3... logprob:  0.238903, 0.079100 (2.235 sec)
287.4... logprob:  0.249426, 0.083700 (2.239 sec)
287.5... logprob:  0.245410, 0.080500 (2.231 sec)
epoch_cost: 0
288.1... logprob:  0.245977, 0.080500 (2.234 sec)
288.2... logprob:  0.249303, 0.081900 (2.235 sec)
288.3... logprob:  0.237740, 0.076700 (2.234 sec)
288.4... logprob:  0.252528, 0.083600 (2.235 sec)
288.5... logprob:  0.232939, 0.077600 
======================Test output======================
logprob:  0.690344, 0.204500 
------------------------------------------------------- 
Layer 'conv1' weights[0]: 8.529255e-02 [4.364036e-05] 
Layer 'conv1' biases: 6.955851e-02 [1.725812e-06] 
Layer 'conv2' weights[0]: 2.707920e-02 [2.390029e-05] 
Layer 'conv2' biases: 4.221055e-02 [8.609987e-07] 
Layer 'conv3' weights[0]: 2.423268e-02 [3.431394e-05] 
Layer 'conv3' biases: 6.068906e-02 [1.317120e-06] 
Layer 'fc128' weights[0]: 5.571415e-03 [2.008312e-05] 
Layer 'fc128' biases: 8.067940e-02 [3.556411e-06] 
Layer 'fc10' weights[0]: 4.772860e-02 [4.440104e-05] 
Layer 'fc10' biases: 8.184153e-01 [4.344263e-05] 
-------------------------------------------------------
Saved checkpoint to ./checkpoints
======================================================= (3.049 sec)
epoch_cost: 0
289.1... logprob:  0.233690, 0.078800 (2.236 sec)
289.2... logprob:  0.240333, 0.077100 (2.234 sec)
289.3... logprob:  0.242906, 0.082500 (2.234 sec)
289.4... logprob:  0.245781, 0.082200 (2.236 sec)
289.5... logprob:  0.230109, 0.076300 (2.236 sec)
epoch_cost: 0
290.1... logprob:  0.230929, 0.071900 (2.234 sec)
290.2... logprob:  0.252878, 0.082200 (2.235 sec)
290.3... logprob:  0.236265, 0.078900 (2.235 sec)
290.4... logprob:  0.246132, 0.079000 (2.236 sec)
290.5... logprob:  0.230981, 0.077100 (2.235 sec)
epoch_cost: 0
291.1... logprob:  0.228528, 0.074800 (2.235 sec)
291.2... logprob:  0.256188, 0.086600 (2.236 sec)
291.3... logprob:  0.244049, 0.077700 (2.234 sec)
291.4... logprob:  0.249164, 0.083100 (2.234 sec)
291.5... logprob:  0.248454, 0.081800 
======================Test output======================
logprob:  0.714463, 0.207900 
------------------------------------------------------- 
Layer 'conv1' weights[0]: 8.532642e-02 [5.081629e-05] 
Layer 'conv1' biases: 7.002876e-02 [2.985318e-06] 
Layer 'conv2' weights[0]: 2.709144e-02 [2.723409e-05] 
Layer 'conv2' biases: 4.239408e-02 [1.183527e-06] 
Layer 'conv3' weights[0]: 2.425219e-02 [3.540534e-05] 
Layer 'conv3' biases: 6.088996e-02 [1.350295e-06] 
Layer 'fc128' weights[0]: 5.562005e-03 [2.265852e-05] 
Layer 'fc128' biases: 8.122579e-02 [4.518836e-06] 
Layer 'fc10' weights[0]: 4.774966e-02 [5.087352e-05] 
Layer 'fc10' biases: 8.210416e-01 [4.820889e-05] 
-------------------------------------------------------
Saved checkpoint to ./checkpoints
======================================================= (3.049 sec)
epoch_cost: 0
292.1... logprob:  0.233597, 0.073500 (2.237 sec)
292.2... logprob:  0.248802, 0.080600 (2.235 sec)
292.3... logprob:  0.244129, 0.077900 (2.234 sec)
292.4... logprob:  0.246916, 0.082300 (2.234 sec)
292.5... logprob:  0.232348, 0.075000 (2.233 sec)
epoch_cost: 0
293.1... logprob:  0.233365, 0.075500 (2.235 sec)
293.2... logprob:  0.250597, 0.082300 (2.233 sec)
293.3... logprob:  0.237492, 0.081800 (2.234 sec)
293.4... logprob:  0.255001, 0.084000 (2.233 sec)
293.5... logprob:  0.239427, 0.078500 (2.234 sec)
epoch_cost: 0
294.1... logprob:  0.231400, 0.073600 (2.234 sec)
294.2... logprob:  0.244758, 0.080200 (2.234 sec)
294.3... logprob:  0.240958, 0.078700 (2.233 sec)
294.4... logprob:  0.247645, 0.083200 (2.234 sec)
294.5... logprob:  0.233598, 0.077400 
======================Test output======================
logprob:  0.683936, 0.206600 
------------------------------------------------------- 
Layer 'conv1' weights[0]: 8.543622e-02 [5.840408e-05] 
Layer 'conv1' biases: 7.052981e-02 [3.066107e-06] 
Layer 'conv2' weights[0]: 2.710989e-02 [3.450231e-05] 
Layer 'conv2' biases: 4.258242e-02 [1.652003e-06] 
Layer 'conv3' weights[0]: 2.427472e-02 [4.101606e-05] 
Layer 'conv3' biases: 6.109589e-02 [1.676323e-06] 
Layer 'fc128' weights[0]: 5.568626e-03 [2.316295e-05] 
Layer 'fc128' biases: 8.177844e-02 [5.028048e-06] 
Layer 'fc10' weights[0]: 4.774845e-02 [5.374781e-05] 
Layer 'fc10' biases: 8.244287e-01 [6.688169e-05] 
-------------------------------------------------------
Saved checkpoint to ./checkpoints
======================================================= (3.049 sec)
epoch_cost: 0
295.1... logprob:  0.233115, 0.076900 (2.236 sec)
295.2... logprob:  0.250519, 0.080700 (2.216 sec)
295.3... logprob:  0.246558, 0.082200 (2.205 sec)
295.4... logprob:  0.249794, 0.083100 (2.207 sec)
295.5... logprob:  0.232985, 0.076600 (2.215 sec)
epoch_cost: 0
296.1... logprob:  0.233115, 0.074400 (2.233 sec)
296.2... logprob:  0.248202, 0.082000 (2.215 sec)
296.3... logprob:  0.229155, 0.075600 (2.219 sec)
296.4... logprob:  0.239081, 0.078000 (2.230 sec)
296.5... logprob:  0.239213, 0.078400 (2.216 sec)
epoch_cost: 0
297.1... logprob:  0.229906, 0.070300 (2.216 sec)
297.2... logprob:  0.255476, 0.087100 (2.216 sec)
297.3... logprob:  0.247387, 0.077900 (2.230 sec)
297.4... logprob:  0.245747, 0.080000 (2.215 sec)
297.5... logprob:  0.236940, 0.079100 
======================Test output======================
logprob:  0.687348, 0.202500 
------------------------------------------------------- 
Layer 'conv1' weights[0]: 8.545104e-02 [4.523393e-05] 
Layer 'conv1' biases: 7.100096e-02 [2.325719e-06] 
Layer 'conv2' weights[0]: 2.711973e-02 [2.841469e-05] 
Layer 'conv2' biases: 4.276987e-02 [1.020588e-06] 
Layer 'conv3' weights[0]: 2.429407e-02 [2.995584e-05] 
Layer 'conv3' biases: 6.131363e-02 [1.132681e-06] 
Layer 'fc128' weights[0]: 5.563508e-03 [1.851304e-05] 
Layer 'fc128' biases: 8.234396e-02 [3.264118e-06] 
Layer 'fc10' weights[0]: 4.773549e-02 [3.680058e-05] 
Layer 'fc10' biases: 8.274763e-01 [2.714333e-05] 
-------------------------------------------------------
Saved checkpoint to ./checkpoints
======================================================= (3.028 sec)
epoch_cost: 0
298.1... logprob:  0.227552, 0.075100 (2.218 sec)
298.2... logprob:  0.246506, 0.082000 (2.216 sec)
298.3... logprob:  0.242432, 0.080400 (2.215 sec)
298.4... logprob:  0.240108, 0.077500 (2.215 sec)
298.5... logprob:  0.230794, 0.077300 (2.215 sec)
epoch_cost: 0
299.1... logprob:  0.231568, 0.072300 (2.215 sec)
299.2... logprob:  0.247926, 0.083100 (2.216 sec)
299.3... logprob:  0.242731, 0.079700 (2.215 sec)
299.4... logprob:  0.238934, 0.079300 (2.216 sec)
299.5... logprob:  0.239905, 0.081500 (2.215 sec)
epoch_cost: 0
300.1... logprob:  0.227129, 0.074100 (2.226 sec)
300.2... logprob:  0.253744, 0.082400 (2.216 sec)
300.3... logprob:  0.239579, 0.079300 (2.215 sec)
300.4... logprob:  0.244633, 0.081000 (2.215 sec)
300.5... logprob:  0.225302, 0.073500 
======================Test output======================
logprob:  0.735164, 0.209100 
------------------------------------------------------- 
Layer 'conv1' weights[0]: 8.556769e-02 [4.307650e-05] 
Layer 'conv1' biases: 7.148042e-02 [1.920469e-06] 
Layer 'conv2' weights[0]: 2.713046e-02 [1.961580e-05] 
Layer 'conv2' biases: 4.296199e-02 [7.471180e-07] 
Layer 'conv3' weights[0]: 2.431350e-02 [2.882284e-05] 
Layer 'conv3' biases: 6.152688e-02 [1.190881e-06] 
Layer 'fc128' weights[0]: 5.573281e-03 [1.809783e-05] 
Layer 'fc128' biases: 8.291424e-02 [3.413018e-06] 
Layer 'fc10' weights[0]: 4.781622e-02 [3.434171e-05] 
Layer 'fc10' biases: 8.308175e-01 [2.157120e-05] 
-------------------------------------------------------
Saved checkpoint to ./checkpoints
======================================================= (3.029 sec)
epoch_cost: 0
301.1... logprob:  0.231368, 0.075900 (2.234 sec)
